-0.015	0.001345	0.015
-0.012	0.001345	0.015
-0.012	0.001345	0.012
-0.015	0.001345	0.012
-0.015	0.001345	0.015

-0.015	0.001345	0.012
-0.012	0.001345	0.012
-0.012	0.001345	0.009
-0.015	0.001345	0.009
-0.015	0.001345	0.012

-0.015	0.001345	0.009
-0.012	0.001345	0.009
-0.012	0.001345	0.006
-0.015	0.001345	0.006
-0.015	0.001345	0.009

-0.015	0.001345	0.006
-0.012	0.001345	0.006
-0.012	0.001345	0.003
-0.015	0.001345	0.003
-0.015	0.001345	0.006

-0.015	0.001345	0.003
-0.012	0.001345	0.003
-0.012	0.001345	-4.33681e-19
-0.015	0.001345	-4.33681e-19
-0.015	0.001345	0.003

-0.015	0.001345	-1.30104e-18
-0.012	0.001345	-1.30104e-18
-0.012	0.001345	-0.003
-0.015	0.001345	-0.003
-0.015	0.001345	-1.30104e-18

-0.015	0.001345	-0.003
-0.012	0.001345	-0.003
-0.012	0.001345	-0.006
-0.015	0.001345	-0.006
-0.015	0.001345	-0.003

-0.015	0.001345	-0.006
-0.012	0.001345	-0.006
-0.012	0.001345	-0.009
-0.015	0.001345	-0.009
-0.015	0.001345	-0.006

-0.015	0.001345	-0.009
-0.012	0.001345	-0.009
-0.012	0.001345	-0.012
-0.015	0.001345	-0.012
-0.015	0.001345	-0.009

-0.015	0.001345	-0.012
-0.012	0.001345	-0.012
-0.012	0.001345	-0.015
-0.015	0.001345	-0.015
-0.015	0.001345	-0.012

-0.012	0.001345	0.015
-0.009	0.001345	0.015
-0.009	0.001345	0.012
-0.012	0.001345	0.012
-0.012	0.001345	0.015

-0.012	0.001345	0.012
-0.009	0.001345	0.012
-0.009	0.001345	0.009
-0.012	0.001345	0.009
-0.012	0.001345	0.012

-0.012	0.001345	0.009
-0.009	0.001345	0.009
-0.009	0.001345	0.006
-0.012	0.001345	0.006
-0.012	0.001345	0.009

-0.012	0.001345	0.006
-0.009	0.001345	0.006
-0.009	0.001345	0.003
-0.012	0.001345	0.003
-0.012	0.001345	0.006

-0.012	0.001345	0.003
-0.009	0.001345	0.003
-0.009	0.001345	-4.33681e-19
-0.012	0.001345	-4.33681e-19
-0.012	0.001345	0.003

-0.012	0.001345	-1.30104e-18
-0.009	0.001345	-1.30104e-18
-0.009	0.001345	-0.003
-0.012	0.001345	-0.003
-0.012	0.001345	-1.30104e-18

-0.012	0.001345	-0.003
-0.009	0.001345	-0.003
-0.009	0.001345	-0.006
-0.012	0.001345	-0.006
-0.012	0.001345	-0.003

-0.012	0.001345	-0.006
-0.009	0.001345	-0.006
-0.009	0.001345	-0.009
-0.012	0.001345	-0.009
-0.012	0.001345	-0.006

-0.012	0.001345	-0.009
-0.009	0.001345	-0.009
-0.009	0.001345	-0.012
-0.012	0.001345	-0.012
-0.012	0.001345	-0.009

-0.012	0.001345	-0.012
-0.009	0.001345	-0.012
-0.009	0.001345	-0.015
-0.012	0.001345	-0.015
-0.012	0.001345	-0.012

-0.009	0.001345	0.015
-0.006	0.001345	0.015
-0.006	0.001345	0.012
-0.009	0.001345	0.012
-0.009	0.001345	0.015

-0.009	0.001345	0.012
-0.006	0.001345	0.012
-0.006	0.001345	0.009
-0.009	0.001345	0.009
-0.009	0.001345	0.012

-0.009	0.001345	0.009
-0.006	0.001345	0.009
-0.006	0.001345	0.006
-0.009	0.001345	0.006
-0.009	0.001345	0.009

-0.009	0.001345	0.006
-0.006	0.001345	0.006
-0.006	0.001345	0.003
-0.009	0.001345	0.003
-0.009	0.001345	0.006

-0.009	0.001345	0.003
-0.006	0.001345	0.003
-0.006	0.001345	-4.33681e-19
-0.009	0.001345	-4.33681e-19
-0.009	0.001345	0.003

-0.009	0.001345	-1.30104e-18
-0.006	0.001345	-1.30104e-18
-0.006	0.001345	-0.003
-0.009	0.001345	-0.003
-0.009	0.001345	-1.30104e-18

-0.009	0.001345	-0.003
-0.006	0.001345	-0.003
-0.006	0.001345	-0.006
-0.009	0.001345	-0.006
-0.009	0.001345	-0.003

-0.009	0.001345	-0.006
-0.006	0.001345	-0.006
-0.006	0.001345	-0.009
-0.009	0.001345	-0.009
-0.009	0.001345	-0.006

-0.009	0.001345	-0.009
-0.006	0.001345	-0.009
-0.006	0.001345	-0.012
-0.009	0.001345	-0.012
-0.009	0.001345	-0.009

-0.009	0.001345	-0.012
-0.006	0.001345	-0.012
-0.006	0.001345	-0.015
-0.009	0.001345	-0.015
-0.009	0.001345	-0.012

-0.006	0.001345	0.015
-0.003	0.001345	0.015
-0.003	0.001345	0.012
-0.006	0.001345	0.012
-0.006	0.001345	0.015

-0.006	0.001345	0.012
-0.003	0.001345	0.012
-0.003	0.001345	0.009
-0.006	0.001345	0.009
-0.006	0.001345	0.012

-0.006	0.001345	0.009
-0.003	0.001345	0.009
-0.003	0.001345	0.006
-0.006	0.001345	0.006
-0.006	0.001345	0.009

-0.006	0.001345	0.006
-0.003	0.001345	0.006
-0.003	0.001345	0.003
-0.006	0.001345	0.003
-0.006	0.001345	0.006

-0.006	0.001345	0.003
-0.003	0.001345	0.003
-0.003	0.001345	-4.33681e-19
-0.006	0.001345	-4.33681e-19
-0.006	0.001345	0.003

-0.006	0.001345	-1.30104e-18
-0.003	0.001345	-1.30104e-18
-0.003	0.001345	-0.003
-0.006	0.001345	-0.003
-0.006	0.001345	-1.30104e-18

-0.006	0.001345	-0.003
-0.003	0.001345	-0.003
-0.003	0.001345	-0.006
-0.006	0.001345	-0.006
-0.006	0.001345	-0.003

-0.006	0.001345	-0.006
-0.003	0.001345	-0.006
-0.003	0.001345	-0.009
-0.006	0.001345	-0.009
-0.006	0.001345	-0.006

-0.006	0.001345	-0.009
-0.003	0.001345	-0.009
-0.003	0.001345	-0.012
-0.006	0.001345	-0.012
-0.006	0.001345	-0.009

-0.006	0.001345	-0.012
-0.003	0.001345	-0.012
-0.003	0.001345	-0.015
-0.006	0.001345	-0.015
-0.006	0.001345	-0.012

-0.003	0.001345	0.015
4.33681e-19	0.001345	0.015
4.33681e-19	0.001345	0.012
-0.003	0.001345	0.012
-0.003	0.001345	0.015

-0.003	0.001345	0.012
4.33681e-19	0.001345	0.012
4.33681e-19	0.001345	0.009
-0.003	0.001345	0.009
-0.003	0.001345	0.012

-0.003	0.001345	0.009
4.33681e-19	0.001345	0.009
4.33681e-19	0.001345	0.006
-0.003	0.001345	0.006
-0.003	0.001345	0.009

-0.003	0.001345	0.006
4.33681e-19	0.001345	0.006
4.33681e-19	0.001345	0.003
-0.003	0.001345	0.003
-0.003	0.001345	0.006

-0.003	0.001345	0.003
4.33681e-19	0.001345	0.003
4.33681e-19	0.001345	-4.33681e-19
-0.003	0.001345	-4.33681e-19
-0.003	0.001345	0.003

-0.003	0.001345	-1.30104e-18
4.33681e-19	0.001345	-1.30104e-18
4.33681e-19	0.001345	-0.003
-0.003	0.001345	-0.003
-0.003	0.001345	-1.30104e-18

-0.003	0.001345	-0.003
4.33681e-19	0.001345	-0.003
4.33681e-19	0.001345	-0.006
-0.003	0.001345	-0.006
-0.003	0.001345	-0.003

-0.003	0.001345	-0.006
4.33681e-19	0.001345	-0.006
4.33681e-19	0.001345	-0.009
-0.003	0.001345	-0.009
-0.003	0.001345	-0.006

-0.003	0.001345	-0.009
4.33681e-19	0.001345	-0.009
4.33681e-19	0.001345	-0.012
-0.003	0.001345	-0.012
-0.003	0.001345	-0.009

-0.003	0.001345	-0.012
4.33681e-19	0.001345	-0.012
4.33681e-19	0.001345	-0.015
-0.003	0.001345	-0.015
-0.003	0.001345	-0.012

1.30104e-18	0.001345	0.015
0.003	0.001345	0.015
0.003	0.001345	0.012
1.30104e-18	0.001345	0.012
1.30104e-18	0.001345	0.015

1.30104e-18	0.001345	0.012
0.003	0.001345	0.012
0.003	0.001345	0.009
1.30104e-18	0.001345	0.009
1.30104e-18	0.001345	0.012

1.30104e-18	0.001345	0.009
0.003	0.001345	0.009
0.003	0.001345	0.006
1.30104e-18	0.001345	0.006
1.30104e-18	0.001345	0.009

1.30104e-18	0.001345	0.006
0.003	0.001345	0.006
0.003	0.001345	0.003
1.30104e-18	0.001345	0.003
1.30104e-18	0.001345	0.006

1.30104e-18	0.001345	0.003
0.003	0.001345	0.003
0.003	0.001345	-4.33681e-19
1.30104e-18	0.001345	-4.33681e-19
1.30104e-18	0.001345	0.003

1.30104e-18	0.001345	-1.30104e-18
0.003	0.001345	-1.30104e-18
0.003	0.001345	-0.003
1.30104e-18	0.001345	-0.003
1.30104e-18	0.001345	-1.30104e-18

1.30104e-18	0.001345	-0.003
0.003	0.001345	-0.003
0.003	0.001345	-0.006
1.30104e-18	0.001345	-0.006
1.30104e-18	0.001345	-0.003

1.30104e-18	0.001345	-0.006
0.003	0.001345	-0.006
0.003	0.001345	-0.009
1.30104e-18	0.001345	-0.009
1.30104e-18	0.001345	-0.006

1.30104e-18	0.001345	-0.009
0.003	0.001345	-0.009
0.003	0.001345	-0.012
1.30104e-18	0.001345	-0.012
1.30104e-18	0.001345	-0.009

1.30104e-18	0.001345	-0.012
0.003	0.001345	-0.012
0.003	0.001345	-0.015
1.30104e-18	0.001345	-0.015
1.30104e-18	0.001345	-0.012

0.003	0.001345	0.015
0.006	0.001345	0.015
0.006	0.001345	0.012
0.003	0.001345	0.012
0.003	0.001345	0.015

0.003	0.001345	0.012
0.006	0.001345	0.012
0.006	0.001345	0.009
0.003	0.001345	0.009
0.003	0.001345	0.012

0.003	0.001345	0.009
0.006	0.001345	0.009
0.006	0.001345	0.006
0.003	0.001345	0.006
0.003	0.001345	0.009

0.003	0.001345	0.006
0.006	0.001345	0.006
0.006	0.001345	0.003
0.003	0.001345	0.003
0.003	0.001345	0.006

0.003	0.001345	0.003
0.006	0.001345	0.003
0.006	0.001345	-4.33681e-19
0.003	0.001345	-4.33681e-19
0.003	0.001345	0.003

0.003	0.001345	-1.30104e-18
0.006	0.001345	-1.30104e-18
0.006	0.001345	-0.003
0.003	0.001345	-0.003
0.003	0.001345	-1.30104e-18

0.003	0.001345	-0.003
0.006	0.001345	-0.003
0.006	0.001345	-0.006
0.003	0.001345	-0.006
0.003	0.001345	-0.003

0.003	0.001345	-0.006
0.006	0.001345	-0.006
0.006	0.001345	-0.009
0.003	0.001345	-0.009
0.003	0.001345	-0.006

0.003	0.001345	-0.009
0.006	0.001345	-0.009
0.006	0.001345	-0.012