#EleNb	X	Y	Z	Solution	Assigned	Total
1	-0.15	0.00152	-0.135	6.508740970128954e-06	0	6.508740970128954e-06
2	-0.15	0.00152	-0.105	6.402035823591059e-06	0	6.402035823591059e-06
3	-0.15	0.00152	-0.075	6.38586335957105e-06	0	6.38586335957105e-06
4	-0.15	0.00152	-0.045	6.380019313738498e-06	0	6.380019313738498e-06
5	-0.15	0.00152	-0.015	6.377847022031088e-06	0	6.377847022031088e-06
6	-0.15	0.00152	0.015	6.377847022059832e-06	0	6.377847022059832e-06
7	-0.15	0.00152	0.045	6.38001931364178e-06	0	6.38001931364178e-06
8	-0.15	0.00152	0.075	6.385863359343931e-06	0	6.385863359343931e-06
9	-0.15	0.00152	0.105	6.402035823409961e-06	0	6.402035823409961e-06
10	-0.15	0.00152	0.135	6.508740969723589e-06	0	6.508740969723589e-06
11	-0.15	-0.00152	-0.135	-6.508740969720687e-06	0	-6.508740969720687e-06
12	-0.15	-0.00152	-0.105	-6.402035823410535e-06	0	-6.402035823410535e-06
13	-0.15	-0.00152	-0.075	-6.38586335934576e-06	0	-6.38586335934576e-06
14	-0.15	-0.00152	-0.045	-6.380019313669234e-06	0	-6.380019313669234e-06
15	-0.15	-0.00152	-0.015	-6.377847022068742e-06	0	-6.377847022068742e-06
16	-0.15	-0.00152	0.015	-6.377847022029607e-06	0	-6.377847022029607e-06
17	-0.15	-0.00152	0.045	-6.380019313711146e-06	0	-6.380019313711146e-06
18	-0.15	-0.00152	0.075	-6.385863359567365e-06	0	-6.385863359567365e-06
19	-0.15	-0.00152	0.105	-6.402035823766118e-06	0	-6.402035823766118e-06
20	-0.15	-0.00152	0.135	-6.508740970127064e-06	0	-6.508740970127064e-06
21	-0.15	0.001335	-0.135	0.0003261561958336301	0	0.0003261561958336301
22	-0.15	0.001335	-0.105	0.0003252972021407193	0	0.0003252972021407193
23	-0.15	0.001335	-0.075	0.00032488587935766	0	0.00032488587935766
24	-0.15	0.001335	-0.045	0.0003247060711752484	0	0.0003247060711752484
25	-0.15	0.001335	-0.015	0.0003246339990719158	0	0.0003246339990719158
26	-0.15	0.001335	0.015	0.0003246339997113093	0	0.0003246339997113093
27	-0.15	0.001335	0.045	0.0003247060733206394	0	0.0003247060733206394
28	-0.15	0.001335	0.075	0.0003248858795577082	0	0.0003248858795577082
29	-0.15	0.001335	0.105	0.0003252972038993397	0	0.0003252972038993397
30	-0.15	0.001335	0.135	0.0003261561949757658	0	0.0003261561949757658
31	-0.15	-0.001335	-0.135	-0.0003261561958440683	0	-0.0003261561958440683
32	-0.15	-0.001335	-0.105	-0.0003252972021334526	0	-0.0003252972021334526
33	-0.15	-0.001335	-0.075	-0.0003248858793630547	0	-0.0003248858793630547
34	-0.15	-0.001335	-0.045	-0.0003247060711769112	0	-0.0003247060711769112
35	-0.15	-0.001335	-0.015	-0.0003246339990718073	0	-0.0003246339990718073
36	-0.15	-0.001335	0.015	-0.0003246339997113655	0	-0.0003246339997113655
37	-0.15	-0.001335	0.045	-0.0003247060733185503	0	-0.0003247060733185503
38	-0.15	-0.001335	0.075	-0.0003248858795508796	0	-0.0003248858795508796
39	-0.15	-0.001335	0.105	-0.0003252972038982246	0	-0.0003252972038982246
40	-0.15	-0.001335	0.135	-0.0003261561949668439	0	-0.0003261561949668439
41	-0.15	0.000725	-0.135	1.047489894773412e-05	0	1.047489894773412e-05
42	-0.15	0.000725	-0.105	1.041725449312709e-05	0	1.041725449312709e-05
43	-0.15	0.000725	-0.075	1.040833118325177e-05	0	1.040833118325177e-05
44	-0.15	0.000725	-0.045	1.04050946790337e-05	0	1.04050946790337e-05
45	-0.15	0.000725	-0.015	1.04038895909418e-05	0	1.04038895909418e-05
46	-0.15	0.000725	0.015	1.040388959092789e-05	0	1.040388959092789e-05
47	-0.15	0.000725	0.045	1.040509467896024e-05	0	1.040509467896024e-05
48	-0.15	0.000725	0.075	1.040833118314006e-05	0	1.040833118314006e-05
49	-0.15	0.000725	0.105	1.041725449321186e-05	0	1.041725449321186e-05
50	-0.15	0.000725	0.135	1.047489894755903e-05	0	1.047489894755903e-05
51	-0.15	-0.000725	-0.135	-1.04748989475591e-05	0	-1.04748989475591e-05
52	-0.15	-0.000725	-0.105	-1.041725449338936e-05	0	-1.041725449338936e-05
53	-0.15	-0.000725	-0.075	-1.040833118315693e-05	0	-1.040833118315693e-05
54	-0.15	-0.000725	-0.045	-1.040509467898579e-05	0	-1.040509467898579e-05
55	-0.15	-0.000725	-0.015	-1.040388959093372e-05	0	-1.040388959093372e-05
56	-0.15	-0.000725	0.015	-1.040388959092885e-05	0	-1.040388959092885e-05
57	-0.15	-0.000725	0.045	-1.040509467901522e-05	0	-1.040509467901522e-05
58	-0.15	-0.000725	0.075	-1.0408331183241e-05	0	-1.0408331183241e-05
59	-0.15	-0.000725	0.105	-1.041725449311491e-05	0	-1.041725449311491e-05
60	-0.15	-0.000725	0.135	-1.047489894773421e-05	0	-1.047489894773421e-05
61	0.15	0.00152	0.135	6.508740969731946e-06	0	6.508740969731946e-06
62	0.15	0.00152	0.105	6.402035823424691e-06	0	6.402035823424691e-06
63	0.15	0.00152	0.075	6.385863359354276e-06	0	6.385863359354276e-06
64	0.15	0.00152	0.045	6.380019313671789e-06	0	6.380019313671789e-06
65	0.15	0.00152	0.015	6.377847022068339e-06	0	6.377847022068339e-06
66	0.15	0.00152	-0.015	6.37784702202215e-06	0	6.37784702202215e-06
67	0.15	0.00152	-0.045	6.380019313713005e-06	0	6.380019313713005e-06
68	0.15	0.00152	-0.075	6.38586335957533e-06	0	6.38586335957533e-06
69	0.15	0.00152	-0.105	6.402035823772056e-06	0	6.402035823772056e-06
70	0.15	0.00152	-0.135	6.508740970138835e-06	0	6.508740970138835e-06
71	0.15	-0.00152	0.135	-6.508740970133652e-06	0	-6.508740970133652e-06
72	0.15	-0.00152	0.105	-6.402035823598057e-06	0	-6.402035823598057e-06
73	0.15	-0.00152	0.075	-6.385863359578049e-06	0	-6.385863359578049e-06
74	0.15	-0.00152	0.045	-6.380019313742954e-06	0	-6.380019313742954e-06
75	0.15	-0.00152	0.015	-6.377847022036055e-06	0	-6.377847022036055e-06
76	0.15	-0.00152	-0.015	-6.377847022063626e-06	0	-6.377847022063626e-06
77	0.15	-0.00152	-0.045	-6.380019313642703e-06	0	-6.380019313642703e-06
78	0.15	-0.00152	-0.075	-6.385863359350029e-06	0	-6.385863359350029e-06
79	0.15	-0.00152	-0.105	-6.402035823409698e-06	0	-6.402035823409698e-06
80	0.15	-0.00152	-0.135	-6.508740969731055e-06	0	-6.508740969731055e-06
81	0.15	0.001335	0.135	0.0003261561958435023	0	0.0003261561958435023
82	0.15	0.001335	0.105	0.0003252972021332024	0	0.0003252972021332024
83	0.15	0.001335	0.075	0.0003248858793622077	0	0.0003248858793622077
84	0.15	0.001335	0.045	0.0003247060711775595	0	0.0003247060711775595
85	0.15	0.001335	0.015	0.0003246339990711433	0	0.0003246339990711433
86	0.15	0.001335	-0.015	0.0003246339997111838	0	0.0003246339997111838
87	0.15	0.001335	-0.045	0.0003247060733176838	0	0.0003247060733176838
88	0.15	0.001335	-0.075	0.0003248858795512295	0	0.0003248858795512295
89	0.15	0.001335	-0.105	0.0003252972038979529	0	0.0003252972038979529
90	0.15	0.001335	-0.135	0.0003261561949665416	0	0.0003261561949665416
91	0.15	-0.001335	0.135	-0.0003261561958341245	0	-0.0003261561958341245
92	0.15	-0.001335	0.105	-0.0003252972021403654	0	-0.0003252972021403654
93	0.15	-0.001335	0.075	-0.0003248858793578585	0	-0.0003248858793578585
94	0.15	-0.001335	0.045	-0.0003247060711756727	0	-0.0003247060711756727
95	0.15	-0.001335	0.015	-0.0003246339990710288	0	-0.0003246339990710288
96	0.15	-0.001335	-0.015	-0.0003246339997106535	0	-0.0003246339997106535
97	0.15	-0.001335	-0.045	-0.0003247060733200113	0	-0.0003247060733200113
98	0.15	-0.001335	-0.075	-0.0003248858795557754	0	-0.0003248858795557754
99	0.15	-0.001335	-0.105	-0.0003252972038986844	0	-0.0003252972038986844
100	0.15	-0.001335	-0.135	-0.0003261561949763375	0	-0.0003261561949763375
101	0.15	0.000725	0.135	1.047489894754773e-05	0	1.047489894754773e-05
102	0.15	0.000725	0.105	1.04172544933858e-05	0	1.04172544933858e-05
103	0.15	0.000725	0.075	1.040833118315458e-05	0	1.040833118315458e-05
104	0.15	0.000725	0.045	1.040509467898298e-05	0	1.040509467898298e-05
105	0.15	0.000725	0.015	1.040388959093434e-05	0	1.040388959093434e-05
106	0.15	0.000725	-0.015	1.040388959093065e-05	0	1.040388959093065e-05
107	0.15	0.000725	-0.045	1.040509467901132e-05	0	1.040509467901132e-05
108	0.15	0.000725	-0.075	1.040833118323608e-05	0	1.040833118323608e-05
109	0.15	0.000725	-0.105	1.041725449311013e-05	0	1.041725449311013e-05
110	0.15	0.000725	-0.135	1.047489894772649e-05	0	1.047489894772649e-05
111	0.15	-0.000725	0.135	-1.047489894772884e-05	0	-1.047489894772884e-05
112	0.15	-0.000725	0.105	-1.041725449311707e-05	0	-1.041725449311707e-05
113	0.15	-0.000725	0.075	-1.040833118324988e-05	0	-1.040833118324988e-05
114	0.15	-0.000725	0.045	-1.040509467903116e-05	0	-1.040509467903116e-05
115	0.15	-0.000725	0.015	-1.040388959093887e-05	0	-1.040388959093887e-05
116	0.15	-0.000725	-0.015	-1.0403889590924e-05	0	-1.0403889590924e-05
117	0.15	-0.000725	-0.045	-1.040509467896163e-05	0	-1.040509467896163e-05
118	0.15	-0.000725	-0.075	-1.040833118314758e-05	0	-1.040833118314758e-05
119	0.15	-0.000725	-0.105	-1.04172544932149e-05	0	-1.04172544932149e-05
120	0.15	-0.000725	-0.135	-1.047489894754934e-05	0	-1.047489894754934e-05
121	-0.135	0.001695	0.135	5.542100680722926e-07	0	5.542100680722926e-07
122	-0.135	0.001695	0.105	3.876372870718039e-07	0	3.876372870718039e-07
123	-0.135	0.001695	0.075	3.632810111244024e-07	0	3.632810111244024e-07
124	-0.135	0.001695	0.045	3.545617073158343e-07	0	3.545617073158343e-07
125	-0.135	0.001695	0.015	3.513345231895644e-07	0	3.513345231895644e-07
126	-0.135	0.001695	-0.015	3.51334523205499e-07	0	3.51334523205499e-07
127	-0.135	0.001695	-0.045	3.545617073550813e-07	0	3.545617073550813e-07
128	-0.135	0.001695	-0.075	3.632810111385108e-07	0	3.632810111385108e-07
129	-0.135	0.001695	-0.105	3.876372871046395e-07	0	3.876372871046395e-07
130	-0.135	0.001695	-0.135	5.542100680680692e-07	0	5.542100680680692e-07
131	-0.105	0.001695	0.135	3.876372871040842e-07	0	3.876372871040842e-07
132	-0.105	0.001695	0.105	1.893190155360606e-07	0	1.893190155360606e-07
133	-0.105	0.001695	0.075	1.58499112850112e-07	0	1.58499112850112e-07
134	-0.105	0.001695	0.045	1.477373536115928e-07	0	1.477373536115928e-07
135	-0.105	0.001695	0.015	1.438280162959185e-07	0	1.438280162959185e-07
136	-0.105	0.001695	-0.015	1.438280162970514e-07	0	1.438280162970514e-07
137	-0.105	0.001695	-0.045	1.477373536110897e-07	0	1.477373536110897e-07
138	-0.105	0.001695	-0.075	1.584991128510055e-07	0	1.584991128510055e-07
139	-0.105	0.001695	-0.105	1.89319015536049e-07	0	1.89319015536049e-07
140	-0.105	0.001695	-0.135	3.876372870711698e-07	0	3.876372870711698e-07
141	-0.075	0.001695	0.135	3.632810111396663e-07	0	3.632810111396663e-07
142	-0.075	0.001695	0.105	1.584991128503792e-07	0	1.584991128503792e-07
143	-0.075	0.001695	0.075	1.245522980055308e-07	0	1.245522980055308e-07
144	-0.075	0.001695	0.045	1.124374852993093e-07	0	1.124374852993093e-07
145	-0.075	0.001695	0.015	1.080149115485552e-07	0	1.080149115485552e-07
146	-0.075	0.001695	-0.015	1.08014911545706e-07	0	1.08014911545706e-07
147	-0.075	0.001695	-0.045	1.124374853000802e-07	0	1.124374853000802e-07
148	-0.075	0.001695	-0.075	1.245522980045311e-07	0	1.245522980045311e-07
149	-0.075	0.001695	-0.105	1.584991128488755e-07	0	1.584991128488755e-07
150	-0.075	0.001695	-0.135	3.632810111232524e-07	0	3.632810111232524e-07
151	-0.045	0.001695	0.135	3.545617073581688e-07	0	3.545617073581688e-07
152	-0.045	0.001695	0.105	1.477373536139228e-07	0	1.477373536139228e-07
153	-0.045	0.001695	0.075	1.124374852990681e-07	0	1.124374852990681e-07
154	-0.045	0.001695	0.045	9.959844628280295e-08	0	9.959844628280295e-08
155	-0.045	0.001695	0.015	9.486974733497486e-08	0	9.486974733497486e-08
156	-0.045	0.001695	-0.015	9.486974733332064e-08	0	9.486974733332064e-08
157	-0.045	0.001695	-0.045	9.959844628339586e-08	0	9.959844628339586e-08
158	-0.045	0.001695	-0.075	1.124374852999243e-07	0	1.124374852999243e-07
159	-0.045	0.001695	-0.105	1.477373536098191e-07	0	1.477373536098191e-07
160	-0.045	0.001695	-0.135	3.545617073175419e-07	0	3.545617073175419e-07
161	-0.015	0.001695	0.135	3.513345232048523e-07	0	3.513345232048523e-07
162	-0.015	0.001695	0.105	1.438280162968868e-07	0	1.438280162968868e-07
163	-0.015	0.001695	0.075	1.080149115474773e-07	0	1.080149115474773e-07
164	-0.015	0.001695	0.045	9.486974733402225e-08	0	9.486974733402225e-08
165	-0.015	0.001695	0.015	9.000293805638245e-08	0	9.000293805638245e-08
166	-0.015	0.001695	-0.015	9.000293805715494e-08	0	9.000293805715494e-08
167	-0.015	0.001695	-0.045	9.486974733315882e-08	0	9.486974733315882e-08
168	-0.015	0.001695	-0.075	1.080149115475833e-07	0	1.080149115475833e-07
169	-0.015	0.001695	-0.105	1.438280162954635e-07	0	1.438280162954635e-07
170	-0.015	0.001695	-0.135	3.513345231902281e-07	0	3.513345231902281e-07
171	0.015	0.001695	0.135	3.513345231873736e-07	0	3.513345231873736e-07
172	0.015	0.001695	0.105	1.438280162962178e-07	0	1.438280162962178e-07
173	0.015	0.001695	0.075	1.080149115482926e-07	0	1.080149115482926e-07
174	0.015	0.001695	0.045	9.48697473343784e-08	0	9.48697473343784e-08
175	0.015	0.001695	0.015	9.000293805645279e-08	0	9.000293805645279e-08
176	0.015	0.001695	-0.015	9.000293805597784e-08	0	9.000293805597784e-08
177	0.015	0.001695	-0.045	9.486974733214177e-08	0	9.486974733214177e-08
178	0.015	0.001695	-0.075	1.080149115477291e-07	0	1.080149115477291e-07
179	0.015	0.001695	-0.105	1.438280162963399e-07	0	1.438280162963399e-07
180	0.015	0.001695	-0.135	3.513345232052708e-07	0	3.513345232052708e-07
181	0.045	0.001695	0.135	3.54561707316092e-07	0	3.54561707316092e-07
182	0.045	0.001695	0.105	1.477373536086853e-07	0	1.477373536086853e-07
183	0.045	0.001695	0.075	1.124374852984145e-07	0	1.124374852984145e-07
184	0.045	0.001695	0.045	9.959844628303932e-08	0	9.959844628303932e-08
185	0.045	0.001695	0.015	9.48697473340039e-08	0	9.48697473340039e-08
186	0.045	0.001695	-0.015	9.486974733536921e-08	0	9.486974733536921e-08
187	0.045	0.001695	-0.045	9.959844628391951e-08	0	9.959844628391951e-08
188	0.045	0.001695	-0.075	1.124374853010152e-07	0	1.124374853010152e-07
189	0.045	0.001695	-0.105	1.47737353610572e-07	0	1.47737353610572e-07
190	0.045	0.001695	-0.135	3.545617073579308e-07	0	3.545617073579308e-07
191	0.075	0.001695	0.135	3.632810111245609e-07	0	3.632810111245609e-07
192	0.075	0.001695	0.105	1.584991128493815e-07	0	1.584991128493815e-07
193	0.075	0.001695	0.075	1.245522980043947e-07	0	1.245522980043947e-07
194	0.075	0.001695	0.045	1.124374852988751e-07	0	1.124374852988751e-07
195	0.075	0.001695	0.015	1.080149115493278e-07	0	1.080149115493278e-07
196	0.075	0.001695	-0.015	1.0801491154788e-07	0	1.0801491154788e-07
197	0.075	0.001695	-0.045	1.12437485298544e-07	0	1.12437485298544e-07
198	0.075	0.001695	-0.075	1.245522980055209e-07	0	1.245522980055209e-07
199	0.075	0.001695	-0.105	1.584991128494973e-07	0	1.584991128494973e-07
200	0.075	0.001695	-0.135	3.632810111372217e-07	0	3.632810111372217e-07
201	0.105	0.001695	0.135	3.876372870733929e-07	0	3.876372870733929e-07
202	0.105	0.001695	0.105	1.893190155351176e-07	0	1.893190155351176e-07
203	0.105	0.001695	0.075	1.584991128495919e-07	0	1.584991128495919e-07
204	0.105	0.001695	0.045	1.477373536115082e-07	0	1.477373536115082e-07
205	0.105	0.001695	0.015	1.438280162936765e-07	0	1.438280162936765e-07
206	0.105	0.001695	-0.015	1.438280162949862e-07	0	1.438280162949862e-07
207	0.105	0.001695	-0.045	1.477373536133424e-07	0	1.477373536133424e-07
208	0.105	0.001695	-0.075	1.584991128485067e-07	0	1.584991128485067e-07
209	0.105	0.001695	-0.105	1.893190155351007e-07	0	1.893190155351007e-07
210	0.105	0.001695	-0.135	3.876372871058971e-07	0	3.876372871058971e-07
211	0.135	0.001695	0.135	5.542100680713161e-07	0	5.542100680713161e-07
212	0.135	0.001695	0.105	3.87637287106004e-07	0	3.87637287106004e-07
213	0.135	0.001695	0.075	3.632810111402608e-07	0	3.632810111402608e-07
214	0.135	0.001695	0.045	3.545617073585997e-07	0	3.545617073585997e-07
215	0.135	0.001695	0.015	3.513345232051483e-07	0	3.513345232051483e-07
216	0.135	0.001695	-0.015	3.51334523187504e-07	0	3.51334523187504e-07
217	0.135	0.001695	-0.045	3.545617073131736e-07	0	3.545617073131736e-07
218	0.135	0.001695	-0.075	3.632810111227106e-07	0	3.632810111227106e-07
219	0.135	0.001695	-0.105	3.876372870742839e-07	0	3.876372870742839e-07
220	0.135	0.001695	-0.135	5.542100680694465e-07	0	5.542100680694465e-07
221	0.135	0.00152	-0.15	6.508740970160709e-06	0	6.508740970160709e-06
222	0.105	0.00152	-0.15	6.402035823586146e-06	0	6.402035823586146e-06
223	0.075	0.00152	-0.15	6.38586335956985e-06	0	6.38586335956985e-06
224	0.045	0.00152	-0.15	6.380019313739993e-06	0	6.380019313739993e-06
225	0.015	0.00152	-0.15	6.377847022033748e-06	0	6.377847022033748e-06
226	-0.015	0.00152	-0.15	6.377847022058321e-06	0	6.377847022058321e-06
227	-0.045	0.00152	-0.15	6.380019313638738e-06	0	6.380019313638738e-06
228	-0.075	0.00152	-0.15	6.385863359358845e-06	0	6.385863359358845e-06
229	-0.105	0.00152	-0.15	6.402035823419131e-06	0	6.402035823419131e-06
230	-0.135	0.00152	-0.15	6.50874096969966e-06	0	6.50874096969966e-06
231	0.135	-0.00152	-0.15	-6.508740970157412e-06	0	-6.508740970157412e-06
232	0.105	-0.00152	-0.15	-6.402035823582399e-06	0	-6.402035823582399e-06
233	0.075	-0.00152	-0.15	-6.38586335956984e-06	0	-6.38586335956984e-06
234	0.045	-0.00152	-0.15	-6.380019313742091e-06	0	-6.380019313742091e-06
235	0.015	-0.00152	-0.15	-6.37784702204106e-06	0	-6.37784702204106e-06
236	-0.015	-0.00152	-0.15	-6.377847022064983e-06	0	-6.377847022064983e-06
237	-0.045	-0.00152	-0.15	-6.380019313639019e-06	0	-6.380019313639019e-06
238	-0.075	-0.00152	-0.15	-6.385863359360096e-06	0	-6.385863359360096e-06
239	-0.105	-0.00152	-0.15	-6.402035823408081e-06	0	-6.402035823408081e-06
240	-0.135	-0.00152	-0.15	-6.508740969698238e-06	0	-6.508740969698238e-06
241	0.135	0.001335	-0.15	0.0003261561958404377	0	0.0003261561958404377
242	0.105	0.001335	-0.15	0.0003252972021378988	0	0.0003252972021378988
243	0.075	0.001335	-0.15	0.0003248858793603587	0	0.0003248858793603587
244	0.045	0.001335	-0.15	0.0003247060711752565	0	0.0003247060711752565
245	0.015	0.001335	-0.15	0.0003246339990707906	0	0.0003246339990707906
246	-0.015	0.001335	-0.15	0.0003246339997122628	0	0.0003246339997122628
247	-0.045	0.001335	-0.15	0.0003247060733176903	0	0.0003247060733176903
248	-0.075	0.001335	-0.15	0.0003248858795545975	0	0.0003248858795545975
249	-0.105	0.001335	-0.15	0.0003252972038965394	0	0.0003252972038965394
250	-0.135	0.001335	-0.15	0.0003261561949712909	0	0.0003261561949712909
251	0.135	-0.001335	-0.15	-0.0003261561958400508	0	-0.0003261561958400508
252	0.105	-0.001335	-0.15	-0.0003252972021391659	0	-0.0003252972021391659
253	0.075	-0.001335	-0.15	-0.0003248858793606199	0	-0.0003248858793606199
254	0.045	-0.001335	-0.15	-0.0003247060711774355	0	-0.0003247060711774355
255	0.015	-0.001335	-0.15	-0.000324633999071231	0	-0.000324633999071231
256	-0.015	-0.001335	-0.15	-0.0003246339997127814	0	-0.0003246339997127814
257	-0.045	-0.001335	-0.15	-0.0003247060733184888	0	-0.0003247060733184888
258	-0.075	-0.001335	-0.15	-0.0003248858795542848	0	-0.0003248858795542848
259	-0.105	-0.001335	-0.15	-0.0003252972038964139	0	-0.0003252972038964139
260	-0.135	-0.001335	-0.15	-0.0003261561949693262	0	-0.0003261561949693262
261	0.135	0.000725	-0.15	1.047489894740525e-05	0	1.047489894740525e-05
262	0.105	0.000725	-0.15	1.041725449307986e-05	0	1.041725449307986e-05
263	0.075	0.000725	-0.15	1.040833118314544e-05	0	1.040833118314544e-05
264	0.045	0.000725	-0.15	1.040509467895985e-05	0	1.040509467895985e-05
265	0.015	0.000725	-0.15	1.040388959102202e-05	0	1.040388959102202e-05
266	-0.015	0.000725	-0.15	1.040388959084755e-05	0	1.040388959084755e-05
267	-0.045	0.000725	-0.15	1.040509467907079e-05	0	1.040509467907079e-05
268	-0.075	0.000725	-0.15	1.040833118325248e-05	0	1.040833118325248e-05
269	-0.105	0.000725	-0.15	1.041725449341413e-05	0	1.041725449341413e-05
270	-0.135	0.000725	-0.15	1.047489894787345e-05	0	1.047489894787345e-05
271	0.135	-0.000725	-0.15	-1.047489894740974e-05	0	-1.047489894740974e-05
272	0.105	-0.000725	-0.15	-1.041725449307036e-05	0	-1.041725449307036e-05
273	0.075	-0.000725	-0.15	-1.040833118314728e-05	0	-1.040833118314728e-05
274	0.045	-0.000725	-0.15	-1.040509467895029e-05	0	-1.040509467895029e-05
275	0.015	-0.000725	-0.15	-1.04038895910139e-05	0	-1.04038895910139e-05
276	-0.015	-0.000725	-0.15	-1.040388959084707e-05	0	-1.040388959084707e-05
277	-0.045	-0.000725	-0.15	-1.040509467906823e-05	0	-1.040509467906823e-05
278	-0.075	-0.000725	-0.15	-1.040833118325075e-05	0	-1.040833118325075e-05
279	-0.105	-0.000725	-0.15	-1.041725449342348e-05	0	-1.041725449342348e-05
280	-0.135	-0.000725	-0.15	-1.047489894787928e-05	0	-1.047489894787928e-05
281	-0.135	0.00152	0.15	6.508740969698428e-06	0	6.508740969698428e-06
282	-0.105	0.00152	0.15	6.402035823429364e-06	0	6.402035823429364e-06
283	-0.075	0.00152	0.15	6.385863359371987e-06	0	6.385863359371987e-06
284	-0.045	0.00152	0.15	6.380019313671506e-06	0	6.380019313671506e-06
285	-0.015	0.00152	0.15	6.377847022069207e-06	0	6.377847022069207e-06
286	0.015	0.00152	0.15	6.377847022027484e-06	0	6.377847022027484e-06
287	0.045	0.00152	0.15	6.380019313714416e-06	0	6.380019313714416e-06
288	0.075	0.00152	0.15	6.385863359563953e-06	0	6.385863359563953e-06
289	0.105	0.00152	0.15	6.402035823764484e-06	0	6.402035823764484e-06
290	0.135	0.00152	0.15	6.508740970161951e-06	0	6.508740970161951e-06
291	-0.135	-0.00152	0.15	-6.508740969694031e-06	0	-6.508740969694031e-06
292	-0.105	-0.00152	0.15	-6.402035823425983e-06	0	-6.402035823425983e-06
293	-0.075	-0.00152	0.15	-6.385863359362882e-06	0	-6.385863359362882e-06
294	-0.045	-0.00152	0.15	-6.380019313660706e-06	0	-6.380019313660706e-06
295	-0.015	-0.00152	0.15	-6.377847022070773e-06	0	-6.377847022070773e-06
296	0.015	-0.00152	0.15	-6.377847022030679e-06	0	-6.377847022030679e-06
297	0.045	-0.00152	0.15	-6.380019313711373e-06	0	-6.380019313711373e-06
298	0.075	-0.00152	0.15	-6.385863359562971e-06	0	-6.385863359562971e-06
299	0.105	-0.00152	0.15	-6.402035823761615e-06	0	-6.402035823761615e-06
300	0.135	-0.00152	0.15	-6.508740970158013e-06	0	-6.508740970158013e-06
301	-0.135	0.001335	0.15	0.0003261561958366214	0	0.0003261561958366214
302	-0.105	0.001335	0.15	0.0003252972021351372	0	0.0003252972021351372
303	-0.075	0.001335	0.15	0.0003248858793596117	0	0.0003248858793596117
304	-0.045	0.001335	0.15	0.0003247060711755138	0	0.0003247060711755138
305	-0.015	0.001335	0.15	0.0003246339990723597	0	0.0003246339990723597
306	0.015	0.001335	0.15	0.0003246339997108809	0	0.0003246339997108809
307	0.045	0.001335	0.15	0.0003247060733198595	0	0.0003247060733198595
308	0.075	0.001335	0.15	0.0003248858795549621	0	0.0003248858795549621
309	0.105	0.001335	0.15	0.0003252972038997589	0	0.0003252972038997589
310	0.135	0.001335	0.15	0.0003261561949731667	0	0.0003261561949731667
311	-0.135	-0.001335	0.15	-0.0003261561958377304	0	-0.0003261561958377304
312	-0.105	-0.001335	0.15	-0.0003252972021350937	0	-0.0003252972021350937
313	-0.075	-0.001335	0.15	-0.000324885879360625	0	-0.000324885879360625
314	-0.045	-0.001335	0.15	-0.0003247060711762872	0	-0.0003247060711762872
315	-0.015	-0.001335	0.15	-0.0003246339990728648	0	-0.0003246339990728648
316	0.015	-0.001335	0.15	-0.0003246339997098057	0	-0.0003246339997098057
317	0.045	-0.001335	0.15	-0.0003247060733199605	0	-0.0003247060733199605
318	0.075	-0.001335	0.15	-0.0003248858795541933	0	-0.0003248858795541933
319	0.105	-0.001335	0.15	-0.0003252972039006522	0	-0.0003252972039006522
320	0.135	-0.001335	0.15	-0.0003261561949736749	0	-0.0003261561949736749
321	-0.135	0.000725	0.15	1.047489894787417e-05	0	1.047489894787417e-05
322	-0.105	0.000725	0.15	1.041725449343513e-05	0	1.041725449343513e-05
323	-0.075	0.000725	0.15	1.040833118326324e-05	0	1.040833118326324e-05
324	-0.045	0.000725	0.15	1.040509467909209e-05	0	1.040509467909209e-05
325	-0.015	0.000725	0.15	1.040388959085734e-05	0	1.040388959085734e-05
326	0.015	0.000725	0.15	1.040388959100793e-05	0	1.040388959100793e-05
327	0.045	0.000725	0.15	1.040509467893265e-05	0	1.040509467893265e-05
328	0.075	0.000725	0.15	1.04083311831332e-05	0	1.04083311831332e-05
329	0.105	0.000725	0.15	1.041725449290853e-05	0	1.041725449290853e-05
330	0.135	0.000725	0.15	1.047489894741039e-05	0	1.047489894741039e-05
331	-0.135	-0.000725	0.15	-1.047489894787121e-05	0	-1.047489894787121e-05
332	-0.105	-0.000725	0.15	-1.041725449344013e-05	0	-1.041725449344013e-05
333	-0.075	-0.000725	0.15	-1.040833118326448e-05	0	-1.040833118326448e-05
334	-0.045	-0.000725	0.15	-1.040509467909e-05	0	-1.040509467909e-05
335	-0.015	-0.000725	0.15	-1.040388959085208e-05	0	-1.040388959085208e-05
336	0.015	-0.000725	0.15	-1.040388959101163e-05	0	-1.040388959101163e-05
337	0.045	-0.000725	0.15	-1.040509467893774e-05	0	-1.040509467893774e-05
338	0.075	-0.000725	0.15	-1.040833118313529e-05	0	-1.040833118313529e-05
339	0.105	-0.000725	0.15	-1.041725449291088e-05	0	-1.041725449291088e-05
340	0.135	-0.000725	0.15	-1.047489894740645e-05	0	-1.047489894740645e-05
341	-0.135	-0.001695	-0.135	-5.542100680736433e-07	0	-5.542100680736433e-07
342	-0.135	-0.001695	-0.105	-3.876372871066403e-07	0	-3.876372871066403e-07
343	-0.135	-0.001695	-0.075	-3.632810111398267e-07	0	-3.632810111398267e-07
344	-0.135	-0.001695	-0.045	-3.545617073561938e-07	0	-3.545617073561938e-07
345	-0.135	-0.001695	-0.015	-3.513345232039979e-07	0	-3.513345232039979e-07
346	-0.135	-0.001695	0.015	-3.513345231890368e-07	0	-3.513345231890368e-07
347	-0.135	-0.001695	0.045	-3.545617073113364e-07	0	-3.545617073113364e-07
348	-0.135	-0.001695	0.075	-3.63281011122434e-07	0	-3.63281011122434e-07
349	-0.135	-0.001695	0.105	-3.876372870769469e-07	0	-3.876372870769469e-07
350	-0.135	-0.001695	0.135	-5.54210068063059e-07	0	-5.54210068063059e-07
351	-0.105	-0.001695	-0.135	-3.876372870750022e-07	0	-3.876372870750022e-07
352	-0.105	-0.001695	-0.105	-1.893190155311118e-07	0	-1.893190155311118e-07
353	-0.105	-0.001695	-0.075	-1.584991128512685e-07	0	-1.584991128512685e-07
354	-0.105	-0.001695	-0.045	-1.477373536103751e-07	0	-1.477373536103751e-07
355	-0.105	-0.001695	-0.015	-1.438280162911646e-07	0	-1.438280162911646e-07
356	-0.105	-0.001695	0.015	-1.4382801629248e-07	0	-1.4382801629248e-07
357	-0.105	-0.001695	0.045	-1.477373536064037e-07	0	-1.477373536064037e-07
358	-0.105	-0.001695	0.075	-1.584991128477186e-07	0	-1.584991128477186e-07
359	-0.105	-0.001695	0.105	-1.893190155337358e-07	0	-1.893190155337358e-07
360	-0.105	-0.001695	0.135	-3.876372871075139e-07	0	-3.876372871075139e-07
361	-0.075	-0.001695	-0.135	-3.632810111213136e-07	0	-3.632810111213136e-07
362	-0.075	-0.001695	-0.105	-1.584991128507841e-07	0	-1.584991128507841e-07
363	-0.075	-0.001695	-0.075	-1.245522980038575e-07	0	-1.245522980038575e-07
364	-0.075	-0.001695	-0.045	-1.124374852958405e-07	0	-1.124374852958405e-07
365	-0.075	-0.001695	-0.015	-1.080149115512759e-07	0	-1.080149115512759e-07
366	-0.075	-0.001695	0.015	-1.080149115486854e-07	0	-1.080149115486854e-07
367	-0.075	-0.001695	0.045	-1.124374852965767e-07	0	-1.124374852965767e-07
368	-0.075	-0.001695	0.075	-1.245522980025441e-07	0	-1.245522980025441e-07
369	-0.075	-0.001695	0.105	-1.584991128500152e-07	0	-1.584991128500152e-07
370	-0.075	-0.001695	0.135	-3.632810111379559e-07	0	-3.632810111379559e-07
371	-0.045	-0.001695	-0.135	-3.545617073142212e-07	0	-3.545617073142212e-07
372	-0.045	-0.001695	-0.105	-1.477373536071607e-07	0	-1.477373536071607e-07
373	-0.045	-0.001695	-0.075	-1.124374852966396e-07	0	-1.124374852966396e-07
374	-0.045	-0.001695	-0.045	-9.959844628622683e-08	0	-9.959844628622683e-08
375	-0.045	-0.001695	-0.015	-9.486974733501407e-08	0	-9.486974733501407e-08
376	-0.045	-0.001695	0.015	-9.486974733362165e-08	0	-9.486974733362165e-08
377	-0.045	-0.001695	0.045	-9.959844628601369e-08	0	-9.959844628601369e-08
378	-0.045	-0.001695	0.075	-1.124374853013589e-07	0	-1.124374853013589e-07
379	-0.045	-0.001695	0.105	-1.477373536124506e-07	0	-1.477373536124506e-07
380	-0.045	-0.001695	0.135	-3.545617073552648e-07	0	-3.545617073552648e-07
381	-0.015	-0.001695	-0.135	-3.513345231893749e-07	0	-3.513345231893749e-07
382	-0.015	-0.001695	-0.105	-1.438280162910454e-07	0	-1.438280162910454e-07
383	-0.015	-0.001695	-0.075	-1.08014911551395e-07	0	-1.08014911551395e-07
384	-0.015	-0.001695	-0.045	-9.486974733421482e-08	0	-9.486974733421482e-08
385	-0.015	-0.001695	-0.015	-9.000293805928479e-08	0	-9.000293805928479e-08
386	-0.015	-0.001695	0.015	-9.000293806096382e-08	0	-9.000293806096382e-08
387	-0.015	-0.001695	0.045	-9.486974733375946e-08	0	-9.486974733375946e-08
388	-0.015	-0.001695	0.075	-1.080149115494298e-07	0	-1.080149115494298e-07
389	-0.015	-0.001695	0.105	-1.438280162931325e-07	0	-1.438280162931325e-07
390	-0.015	-0.001695	0.135	-3.513345232082195e-07	0	-3.513345232082195e-07
391	0.015	-0.001695	-0.135	-3.513345232030552e-07	0	-3.513345232030552e-07
392	0.015	-0.001695	-0.105	-1.438280162919815e-07	0	-1.438280162919815e-07
393	0.015	-0.001695	-0.075	-1.080149115494568e-07	0	-1.080149115494568e-07
394	0.015	-0.001695	-0.045	-9.486974733550312e-08	0	-9.486974733550312e-08
395	0.015	-0.001695	-0.015	-9.000293805737219e-08	0	-9.000293805737219e-08
396	0.015	-0.001695	0.015	-9.000293805766628e-08	0	-9.000293805766628e-08
397	0.015	-0.001695	0.045	-9.486974733396563e-08	0	-9.486974733396563e-08
398	0.015	-0.001695	0.075	-1.080149115482972e-07	0	-1.080149115482972e-07
399	0.015	-0.001695	0.105	-1.438280162944628e-07	0	-1.438280162944628e-07
400	0.015	-0.001695	0.135	-3.513345231903159e-07	0	-3.513345231903159e-07
401	0.045	-0.001695	-0.135	-3.545617073559702e-07	0	-3.545617073559702e-07
402	0.045	-0.001695	-0.105	-1.477373536120709e-07	0	-1.477373536120709e-07
403	0.045	-0.001695	-0.075	-1.124374852961953e-07	0	-1.124374852961953e-07
404	0.045	-0.001695	-0.045	-9.959844628611601e-08	0	-9.959844628611601e-08
405	0.045	-0.001695	-0.015	-9.48697473346208e-08	0	-9.48697473346208e-08
406	0.045	-0.001695	0.015	-9.486974733546705e-08	0	-9.486974733546705e-08
407	0.045	-0.001695	0.045	-9.959844628860255e-08	0	-9.959844628860255e-08
408	0.045	-0.001695	0.075	-1.124374852954979e-07	0	-1.124374852954979e-07
409	0.045	-0.001695	0.105	-1.477373536115429e-07	0	-1.477373536115429e-07
410	0.045	-0.001695	0.135	-3.545617073171006e-07	0	-3.545617073171006e-07
411	0.075	-0.001695	-0.135	-3.632810111383902e-07	0	-3.632810111383902e-07
412	0.075	-0.001695	-0.105	-1.584991128487445e-07	0	-1.584991128487445e-07
413	0.075	-0.001695	-0.075	-1.245522980005932e-07	0	-1.245522980005932e-07
414	0.075	-0.001695	-0.045	-1.124374852948297e-07	0	-1.124374852948297e-07
415	0.075	-0.001695	-0.015	-1.080149115504902e-07	0	-1.080149115504902e-07
416	0.075	-0.001695	0.015	-1.080149115463251e-07	0	-1.080149115463251e-07
417	0.075	-0.001695	0.045	-1.124374852985032e-07	0	-1.124374852985032e-07
418	0.075	-0.001695	0.075	-1.245522980048344e-07	0	-1.245522980048344e-07
419	0.075	-0.001695	0.105	-1.584991128481584e-07	0	-1.584991128481584e-07
420	0.075	-0.001695	0.135	-3.632810111228514e-07	0	-3.632810111228514e-07
421	0.105	-0.001695	-0.135	-3.876372871037241e-07	0	-3.876372871037241e-07
422	0.105	-0.001695	-0.105	-1.893190155334107e-07	0	-1.893190155334107e-07
423	0.105	-0.001695	-0.075	-1.58499112849326e-07	0	-1.58499112849326e-07
424	0.105	-0.001695	-0.045	-1.477373536049563e-07	0	-1.477373536049563e-07
425	0.105	-0.001695	-0.015	-1.438280162880533e-07	0	-1.438280162880533e-07
426	0.105	-0.001695	0.015	-1.438280162940167e-07	0	-1.438280162940167e-07
427	0.105	-0.001695	0.045	-1.477373536089236e-07	0	-1.477373536089236e-07
428	0.105	-0.001695	0.075	-1.584991128476577e-07	0	-1.584991128476577e-07
429	0.105	-0.001695	0.105	-1.893190155346279e-07	0	-1.893190155346279e-07
430	0.105	-0.001695	0.135	-3.876372870764911e-07	0	-3.876372870764911e-07
431	0.135	-0.001695	-0.135	-5.542100680689709e-07	0	-5.542100680689709e-07
432	0.135	-0.001695	-0.105	-3.876372870749499e-07	0	-3.876372870749499e-07
433	0.135	-0.001695	-0.075	-3.632810111266169e-07	0	-3.632810111266169e-07
434	0.135	-0.001695	-0.045	-3.545617073158166e-07	0	-3.545617073158166e-07
435	0.135	-0.001695	-0.015	-3.513345231914155e-07	0	-3.513345231914155e-07
436	0.135	-0.001695	0.015	-3.513345232081579e-07	0	-3.513345232081579e-07
437	0.135	-0.001695	0.045	-3.545617073573089e-07	0	-3.545617073573089e-07
438	0.135	-0.001695	0.075	-3.632810111390234e-07	0	-3.632810111390234e-07
439	0.135	-0.001695	0.105	-3.876372871063826e-07	0	-3.876372871063826e-07
440	0.135	-0.001695	0.135	-5.542100680639973e-07	0	-5.542100680639973e-07
441	-0.135	0.001345	0.135	2.676068860280966e-07	0	2.676068860280966e-07
442	-0.135	0.001345	0.105	1.865533053985163e-07	0	1.865533053985163e-07
443	-0.135	0.001345	0.075	1.749318811181963e-07	0	1.749318811181963e-07
444	-0.135	0.001345	0.045	1.707742186983572e-07	0	1.707742186983572e-07
445	-0.135	0.001345	0.015	1.692358752011991e-07	0	1.692358752011991e-07
446	-0.135	0.001345	-0.015	1.692358755130457e-07	0	1.692358755130457e-07
447	-0.135	0.001345	-0.045	1.70774218242277e-07	0	1.70774218242277e-07
448	-0.135	0.001345	-0.075	1.749318799404655e-07	0	1.749318799404655e-07
449	-0.135	0.001345	-0.105	1.865533041789611e-07	0	1.865533041789611e-07
450	-0.135	0.001345	-0.135	2.676068862391492e-07	0	2.676068862391492e-07
451	-0.105	0.001345	0.135	1.865533050121886e-07	0	1.865533050121886e-07
452	-0.105	0.001345	0.105	9.023047781690382e-08	0	9.023047781690382e-08
453	-0.105	0.001345	0.075	7.552701615910294e-08	0	7.552701615910294e-08
454	-0.105	0.001345	0.045	7.039678044231358e-08	0	7.039678044231358e-08
455	-0.105	0.001345	0.015	6.853380704129734e-08	0	6.853380704129734e-08
456	-0.105	0.001345	-0.015	6.853380702677824e-08	0	6.853380702677824e-08
457	-0.105	0.001345	-0.045	7.039678043610009e-08	0	7.039678043610009e-08
458	-0.105	0.001345	-0.075	7.552701645664474e-08	0	7.552701645664474e-08
459	-0.105	0.001345	-0.105	9.023047800882849e-08	0	9.023047800882849e-08
460	-0.105	0.001345	-0.135	1.865533058461119e-07	0	1.865533058461119e-07
461	-0.075	0.001345	0.135	1.749318810218778e-07	0	1.749318810218778e-07
462	-0.075	0.001345	0.105	7.552701625240224e-08	0	7.552701625240224e-08
463	-0.075	0.001345	0.075	5.933227189550075e-08	0	5.933227189550075e-08
464	-0.075	0.001345	0.045	5.35570858726915e-08	0	5.35570858726915e-08
465	-0.075	0.001345	0.015	5.144953611169832e-08	0	5.144953611169832e-08
466	-0.075	0.001345	-0.015	5.144953610689442e-08	0	5.144953610689442e-08
467	-0.075	0.001345	-0.045	5.355708601004005e-08	0	5.355708601004005e-08
468	-0.075	0.001345	-0.075	5.933227208148923e-08	0	5.933227208148923e-08
469	-0.075	0.001345	-0.105	7.552701645214235e-08	0	7.552701645214235e-08
470	-0.075	0.001345	-0.135	1.749318811964096e-07	0	1.749318811964096e-07
471	-0.045	0.001345	0.135	1.707742188254347e-07	0	1.707742188254347e-07
472	-0.045	0.001345	0.105	7.039678083594444e-08	0	7.039678083594444e-08
473	-0.045	0.001345	0.075	5.355708598696252e-08	0	5.355708598696252e-08
474	-0.045	0.001345	0.045	4.743675977571706e-08	0	4.743675977571706e-08
475	-0.045	0.001345	0.015	4.518334148455514e-08	0	4.518334148455514e-08
476	-0.045	0.001345	-0.015	4.518334147428932e-08	0	4.518334147428932e-08
477	-0.045	0.001345	-0.045	4.743675971066511e-08	0	4.743675971066511e-08
478	-0.045	0.001345	-0.075	5.355708553156092e-08	0	5.355708553156092e-08
479	-0.045	0.001345	-0.105	7.03967805082097e-08	0	7.03967805082097e-08
480	-0.045	0.001345	-0.135	1.707742187934559e-07	0	1.707742187934559e-07
481	-0.015	0.001345	0.135	1.692358754781965e-07	0	1.692358754781965e-07
482	-0.015	0.001345	0.105	6.853380691928963e-08	0	6.853380691928963e-08
483	-0.015	0.001345	0.075	5.144953604611227e-08	0	5.144953604611227e-08
484	-0.015	0.001345	0.045	4.518334170334753e-08	0	4.518334170334753e-08
485	-0.015	0.001345	0.015	4.286411798565944e-08	0	4.286411798565944e-08
486	-0.015	0.001345	-0.015	4.286411808506303e-08	0	4.286411808506303e-08
487	-0.015	0.001345	-0.045	4.518334136265351e-08	0	4.518334136265351e-08
488	-0.015	0.001345	-0.075	5.144953575997007e-08	0	5.144953575997007e-08
489	-0.015	0.001345	-0.105	6.853380691302065e-08	0	6.853380691302065e-08
490	-0.015	0.001345	-0.135	1.692358755682328e-07	0	1.692358755682328e-07
491	0.015	0.001345	0.135	1.692358757348484e-07	0	1.692358757348484e-07
492	0.015	0.001345	0.105	6.853380728755721e-08	0	6.853380728755721e-08
493	0.015	0.001345	0.075	5.144953623066823e-08	0	5.144953623066823e-08
494	0.015	0.001345	0.045	4.518334156883228e-08	0	4.518334156883228e-08
495	0.015	0.001345	0.015	4.286411790043852e-08	0	4.286411790043852e-08
496	0.015	0.001345	-0.015	4.286411814580345e-08	0	4.286411814580345e-08
497	0.015	0.001345	-0.045	4.518334104690466e-08	0	4.518334104690466e-08
498	0.015	0.001345	-0.075	5.144953584600271e-08	0	5.144953584600271e-08
499	0.015	0.001345	-0.105	6.853380680615542e-08	0	6.853380680615542e-08
500	0.015	0.001345	-0.135	1.69235875275134e-07	0	1.69235875275134e-07
501	0.045	0.001345	0.135	1.707742186483402e-07	0	1.707742186483402e-07
502	0.045	0.001345	0.105	7.039678029780859e-08	0	7.039678029780859e-08
503	0.045	0.001345	0.075	5.355708601893049e-08	0	5.355708601893049e-08
504	0.045	0.001345	0.045	4.743675976369169e-08	0	4.743675976369169e-08
505	0.045	0.001345	0.015	4.518334139006673e-08	0	4.518334139006673e-08
506	0.045	0.001345	-0.015	4.518334165959503e-08	0	4.518334165959503e-08
507	0.045	0.001345	-0.045	4.743675996029857e-08	0	4.743675996029857e-08
508	0.045	0.001345	-0.075	5.355708616336401e-08	0	5.355708616336401e-08
509	0.045	0.001345	-0.105	7.039678036101538e-08	0	7.039678036101538e-08
510	0.045	0.001345	-0.135	1.707742181645873e-07	0	1.707742181645873e-07
511	0.075	0.001345	0.135	1.749318805448033e-07	0	1.749318805448033e-07
512	0.075	0.001345	0.105	7.552701623672675e-08	0	7.552701623672675e-08
513	0.075	0.001345	0.075	5.933227187248205e-08	0	5.933227187248205e-08
514	0.075	0.001345	0.045	5.355708587389692e-08	0	5.355708587389692e-08
515	0.075	0.001345	0.015	5.144953565857478e-08	0	5.144953565857478e-08
516	0.075	0.001345	-0.015	5.144953618461047e-08	0	5.144953618461047e-08
517	0.075	0.001345	-0.045	5.355708619051674e-08	0	5.355708619051674e-08
518	0.075	0.001345	-0.075	5.933227209743348e-08	0	5.933227209743348e-08
519	0.075	0.001345	-0.105	7.552701601007878e-08	0	7.552701601007878e-08
520	0.075	0.001345	-0.135	1.749318802044583e-07	0	1.749318802044583e-07
521	0.105	0.001345	0.135	1.865533039575206e-07	0	1.865533039575206e-07
522	0.105	0.001345	0.105	9.02304777652029e-08	0	9.02304777652029e-08
523	0.105	0.001345	0.075	7.552701594047802e-08	0	7.552701594047802e-08
524	0.105	0.001345	0.045	7.039678063705893e-08	0	7.039678063705893e-08
525	0.105	0.001345	0.015	6.853380678640297e-08	0	6.853380678640297e-08
526	0.105	0.001345	-0.015	6.853380682205652e-08	0	6.853380682205652e-08
527	0.105	0.001345	-0.045	7.039678059559183e-08	0	7.039678059559183e-08
528	0.105	0.001345	-0.075	7.552701593656547e-08	0	7.552701593656547e-08
529	0.105	0.001345	-0.105	9.023047674318491e-08	0	9.023047674318491e-08
530	0.105	0.001345	-0.135	1.865533038180043e-07	0	1.865533038180043e-07
531	0.135	0.001345	0.135	2.676068867185767e-07	0	2.676068867185767e-07
532	0.135	0.001345	0.105	1.865533049336541e-07	0	1.865533049336541e-07
533	0.135	0.001345	0.075	1.749318808408359e-07	0	1.749318808408359e-07
534	0.135	0.001345	0.045	1.707742186097424e-07	0	1.707742186097424e-07
535	0.135	0.001345	0.015	1.692358749863618e-07	0	1.692358749863618e-07
536	0.135	0.001345	-0.015	1.692358756075086e-07	0	1.692358756075086e-07
537	0.135	0.001345	-0.045	1.707742187003869e-07	0	1.707742187003869e-07
538	0.135	0.001345	-0.075	1.749318807996749e-07	0	1.749318807996749e-07
539	0.135	0.001345	-0.105	1.865533043077528e-07	0	1.865533043077528e-07
540	0.135	0.001345	-0.135	2.676068867764936e-07	0	2.676068867764936e-07
541	-0.135	-0.001345	-0.135	-2.676068859607884e-07	0	-2.676068859607884e-07
542	-0.135	-0.001345	-0.105	-1.865533041115182e-07	0	-1.865533041115182e-07
543	-0.135	-0.001345	-0.075	-1.749318805261162e-07	0	-1.749318805261162e-07
544	-0.135	-0.001345	-0.045	-1.70774218468767e-07	0	-1.70774218468767e-07
545	-0.135	-0.001345	-0.015	-1.692358751758037e-07	0	-1.692358751758037e-07
546	-0.135	-0.001345	0.015	-1.692358760280977e-07	0	-1.692358760280977e-07
547	-0.135	-0.001345	0.045	-1.707742184453428e-07	0	-1.707742184453428e-07
548	-0.135	-0.001345	0.075	-1.749318803406285e-07	0	-1.749318803406285e-07
549	-0.135	-0.001345	0.105	-1.865533040007021e-07	0	-1.865533040007021e-07
550	-0.135	-0.001345	0.135	-2.676068861227562e-07	0	-2.676068861227562e-07
551	-0.105	-0.001345	-0.135	-1.865533051151841e-07	0	-1.865533051151841e-07
552	-0.105	-0.001345	-0.105	-9.023047746626304e-08	0	-9.023047746626304e-08
553	-0.105	-0.001345	-0.075	-7.552701611454444e-08	0	-7.552701611454444e-08
554	-0.105	-0.001345	-0.045	-7.039678045138827e-08	0	-7.039678045138827e-08
555	-0.105	-0.001345	-0.015	-6.853380694061076e-08	0	-6.853380694061076e-08
556	-0.105	-0.001345	0.015	-6.853380704763174e-08	0	-6.853380704763174e-08
557	-0.105	-0.001345	0.045	-7.039678036458111e-08	0	-7.039678036458111e-08
558	-0.105	-0.001345	0.075	-7.55270163765944e-08	0	-7.55270163765944e-08
559	-0.105	-0.001345	0.105	-9.023047773887322e-08	0	-9.023047773887322e-08
560	-0.105	-0.001345	0.135	-1.865533047356585e-07	0	-1.865533047356585e-07
561	-0.075	-0.001345	-0.135	-1.749318812098376e-07	0	-1.749318812098376e-07
562	-0.075	-0.001345	-0.105	-7.552701621165654e-08	0	-7.552701621165654e-08
563	-0.075	-0.001345	-0.075	-5.933227183506646e-08	0	-5.933227183506646e-08
564	-0.075	-0.001345	-0.045	-5.355708612613927e-08	0	-5.355708612613927e-08
565	-0.075	-0.001345	-0.015	-5.144953625802251e-08	0	-5.144953625802251e-08
566	-0.075	-0.001345	0.015	-5.144953634754723e-08	0	-5.144953634754723e-08
567	-0.075	-0.001345	0.045	-5.355708611568358e-08	0	-5.355708611568358e-08
568	-0.075	-0.001345	0.075	-5.933227203502097e-08	0	-5.933227203502097e-08
569	-0.075	-0.001345	0.105	-7.552701616058967e-08	0	-7.552701616058967e-08
570	-0.075	-0.001345	0.135	-1.749318806512627e-07	0	-1.749318806512627e-07
571	-0.045	-0.001345	-0.135	-1.707742188706851e-07	0	-1.707742188706851e-07
572	-0.045	-0.001345	-0.105	-7.039678058432898e-08	0	-7.039678058432898e-08
573	-0.045	-0.001345	-0.075	-5.3557086029984e-08	0	-5.3557086029984e-08
574	-0.045	-0.001345	-0.045	-4.743675995539818e-08	0	-4.743675995539818e-08
575	-0.045	-0.001345	-0.015	-4.518334177100446e-08	0	-4.518334177100446e-08
576	-0.045	-0.001345	0.015	-4.518334149367241e-08	0	-4.518334149367241e-08
577	-0.045	-0.001345	0.045	-4.743675967977091e-08	0	-4.743675967977091e-08
578	-0.045	-0.001345	0.075	-5.355708586938716e-08	0	-5.355708586938716e-08
579	-0.045	-0.001345	0.105	-7.039678010490082e-08	0	-7.039678010490082e-08
580	-0.045	-0.001345	0.135	-1.707742183888632e-07	0	-1.707742183888632e-07
581	-0.015	-0.001345	-0.135	-1.692358758406083e-07	0	-1.692358758406083e-07
582	-0.015	-0.001345	-0.105	-6.853380686312112e-08	0	-6.853380686312112e-08
583	-0.015	-0.001345	-0.075	-5.144953636693376e-08	0	-5.144953636693376e-08
584	-0.015	-0.001345	-0.045	-4.518334167102846e-08	0	-4.518334167102846e-08
585	-0.015	-0.001345	-0.015	-4.286411807727038e-08	0	-4.286411807727038e-08
586	-0.015	-0.001345	0.015	-4.286411812918797e-08	0	-4.286411812918797e-08
587	-0.015	-0.001345	0.045	-4.518334163373553e-08	0	-4.518334163373553e-08
588	-0.015	-0.001345	0.075	-5.144953593090813e-08	0	-5.144953593090813e-08
589	-0.015	-0.001345	0.105	-6.853380720648134e-08	0	-6.853380720648134e-08
590	-0.015	-0.001345	0.135	-1.692358755068067e-07	0	-1.692358755068067e-07
591	0.015	-0.001345	-0.135	-1.692358757979863e-07	0	-1.692358757979863e-07
592	0.015	-0.001345	-0.105	-6.853380720332426e-08	0	-6.853380720332426e-08
593	0.015	-0.001345	-0.075	-5.144953629017283e-08	0	-5.144953629017283e-08
594	0.015	-0.001345	-0.045	-4.518334175421442e-08	0	-4.518334175421442e-08
595	0.015	-0.001345	-0.015	-4.286411806949658e-08	0	-4.286411806949658e-08
596	0.015	-0.001345	0.015	-4.286411828115421e-08	0	-4.286411828115421e-08
597	0.015	-0.001345	0.045	-4.518334136303336e-08	0	-4.518334136303336e-08
598	0.015	-0.001345	0.075	-5.14495360189411e-08	0	-5.14495360189411e-08
599	0.015	-0.001345	0.105	-6.853380683535907e-08	0	-6.853380683535907e-08
600	0.015	-0.001345	0.135	-1.692358756304776e-07	0	-1.692358756304776e-07
601	0.045	-0.001345	-0.135	-1.707742185913936e-07	0	-1.707742185913936e-07
602	0.045	-0.001345	-0.105	-7.039678037851667e-08	0	-7.039678037851667e-08
603	0.045	-0.001345	-0.075	-5.355708616443126e-08	0	-5.355708616443126e-08
604	0.045	-0.001345	-0.045	-4.743675972249246e-08	0	-4.743675972249246e-08
605	0.045	-0.001345	-0.015	-4.518334141946107e-08	0	-4.518334141946107e-08
606	0.045	-0.001345	0.015	-4.518334167185954e-08	0	-4.518334167185954e-08
607	0.045	-0.001345	0.045	-4.743676000969855e-08	0	-4.743676000969855e-08
608	0.045	-0.001345	0.075	-5.3557086170619e-08	0	-5.3557086170619e-08
609	0.045	-0.001345	0.105	-7.03967800811271e-08	0	-7.03967800811271e-08
610	0.045	-0.001345	0.135	-1.707742183319465e-07	0	-1.707742183319465e-07
611	0.075	-0.001345	-0.135	-1.749318801987756e-07	0	-1.749318801987756e-07
612	0.075	-0.001345	-0.105	-7.552701627746575e-08	0	-7.552701627746575e-08
613	0.075	-0.001345	-0.075	-5.933227187017065e-08	0	-5.933227187017065e-08
614	0.075	-0.001345	-0.045	-5.355708592898528e-08	0	-5.355708592898528e-08
615	0.075	-0.001345	-0.015	-5.144953587799165e-08	0	-5.144953587799165e-08
616	0.075	-0.001345	0.015	-5.144953619863951e-08	0	-5.144953619863951e-08
617	0.075	-0.001345	0.045	-5.355708641137646e-08	0	-5.355708641137646e-08
618	0.075	-0.001345	0.075	-5.933227206594003e-08	0	-5.933227206594003e-08
619	0.075	-0.001345	0.105	-7.5527015970809e-08	0	-7.5527015970809e-08
620	0.075	-0.001345	0.135	-1.749318805627202e-07	0	-1.749318805627202e-07
621	0.105	-0.001345	-0.135	-1.865533040446818e-07	0	-1.865533040446818e-07
622	0.105	-0.001345	-0.105	-9.023047757254e-08	0	-9.023047757254e-08
623	0.105	-0.001345	-0.075	-7.552701597969343e-08	0	-7.552701597969343e-08
624	0.105	-0.001345	-0.045	-7.039678023277818e-08	0	-7.039678023277818e-08
625	0.105	-0.001345	-0.015	-6.853380696300386e-08	0	-6.853380696300386e-08
626	0.105	-0.001345	0.015	-6.853380701833543e-08	0	-6.853380701833543e-08
627	0.105	-0.001345	0.045	-7.039678024017793e-08	0	-7.039678024017793e-08
628	0.105	-0.001345	0.075	-7.552701582650828e-08	0	-7.552701582650828e-08
629	0.105	-0.001345	0.105	-9.023047732493758e-08	0	-9.023047732493758e-08
630	0.105	-0.001345	0.135	-1.865533036913185e-07	0	-1.865533036913185e-07
631	0.135	-0.001345	-0.135	-2.676068866517724e-07	0	-2.676068866517724e-07
632	0.135	-0.001345	-0.105	-1.865533051996733e-07	0	-1.865533051996733e-07
633	0.135	-0.001345	-0.075	-1.749318811499669e-07	0	-1.749318811499669e-07
634	0.135	-0.001345	-0.045	-1.707742187223086e-07	0	-1.707742187223086e-07
635	0.135	-0.001345	-0.015	-1.692358753216968e-07	0	-1.692358753216968e-07
636	0.135	-0.001345	0.015	-1.69235875745434e-07	0	-1.69235875745434e-07
637	0.135	-0.001345	0.045	-1.707742185841167e-07	0	-1.707742185841167e-07
638	0.135	-0.001345	0.075	-1.749318802460981e-07	0	-1.749318802460981e-07
639	0.135	-0.001345	0.105	-1.865533045841058e-07	0	-1.865533045841058e-07
640	0.135	-0.001345	0.135	-2.676068866539708e-07	0	-2.676068866539708e-07
641	-0.135	0.001325	0.135	9.039881906268158e-06	0	9.039881906268158e-06
642	-0.135	0.001325	0.105	9.037537965810445e-06	0	9.037537965810445e-06
643	-0.135	0.001325	0.075	9.037507237874538e-06	0	9.037507237874538e-06
644	-0.135	0.001325	0.045	9.037499744762797e-06	0	9.037499744762797e-06
645	-0.135	0.001325	0.015	9.037497621441176e-06	0	9.037497621441176e-06
646	-0.135	0.001325	-0.015	9.037497621135319e-06	0	9.037497621135319e-06
647	-0.135	0.001325	-0.045	9.03749974524647e-06	0	9.03749974524647e-06
648	-0.135	0.001325	-0.075	9.03750723906217e-06	0	9.03750723906217e-06
649	-0.135	0.001325	-0.105	9.037537967048499e-06	0	9.037537967048499e-06
650	-0.135	0.001325	-0.135	9.039881906057221e-06	0	9.039881906057221e-06
651	-0.105	0.001325	0.135	9.03753796621295e-06	0	9.03753796621295e-06
652	-0.105	0.001325	0.105	9.034989615315579e-06	0	9.034989615315579e-06
653	-0.105	0.001325	0.075	9.034953478806724e-06	0	9.034953478806724e-06
654	-0.105	0.001325	0.045	9.034946043279397e-06	0	9.034946043279397e-06
655	-0.105	0.001325	0.015	9.034944201513178e-06	0	9.034944201513178e-06
656	-0.105	0.001325	-0.015	9.03494420152681e-06	0	9.03494420152681e-06
657	-0.105	0.001325	-0.045	9.0349460432864e-06	0	9.0349460432864e-06
658	-0.105	0.001325	-0.075	9.034953478510845e-06	0	9.034953478510845e-06
659	-0.105	0.001325	-0.105	9.034989615124934e-06	0	9.034989615124934e-06
660	-0.105	0.001325	-0.135	9.037537965362283e-06	0	9.037537965362283e-06
661	-0.075	0.001325	0.135	9.037507237979324e-06	0	9.037507237979324e-06
662	-0.075	0.001325	0.105	9.034953478712021e-06	0	9.034953478712021e-06
663	-0.075	0.001325	0.075	9.034914306640761e-06	0	9.034914306640761e-06
664	-0.075	0.001325	0.045	9.034906021541232e-06	0	9.034906021541232e-06
665	-0.075	0.001325	0.015	9.03490394206156e-06	0	9.03490394206156e-06
666	-0.075	0.001325	-0.015	9.034903942067625e-06	0	9.034903942067625e-06
667	-0.075	0.001325	-0.045	9.034906021406031e-06	0	9.034906021406031e-06
668	-0.075	0.001325	-0.075	9.034914306451547e-06	0	9.034914306451547e-06
669	-0.075	0.001325	-0.105	9.034953478513107e-06	0	9.034953478513107e-06
670	-0.075	0.001325	-0.135	9.037507237794517e-06	0	9.037507237794517e-06
671	-0.045	0.001325	0.135	9.037499744661304e-06	0	9.037499744661304e-06
672	-0.045	0.001325	0.105	9.034946042886279e-06	0	9.034946042886279e-06
673	-0.045	0.001325	0.075	9.034906021432265e-06	0	9.034906021432265e-06
674	-0.045	0.001325	0.045	9.034897375749657e-06	0	9.034897375749657e-06
675	-0.045	0.001325	0.015	9.034895170096329e-06	0	9.034895170096329e-06
676	-0.045	0.001325	-0.015	9.0348951701051e-06	0	9.0348951701051e-06
677	-0.045	0.001325	-0.045	9.034897375814249e-06	0	9.034897375814249e-06
678	-0.045	0.001325	-0.075	9.034906021883727e-06	0	9.034906021883727e-06
679	-0.045	0.001325	-0.105	9.03494604321206e-06	0	9.03494604321206e-06
680	-0.045	0.001325	-0.135	9.037499744668638e-06	0	9.037499744668638e-06
681	-0.015	0.001325	0.135	9.037497621174513e-06	0	9.037497621174513e-06
682	-0.015	0.001325	0.105	9.034944201635837e-06	0	9.034944201635837e-06
683	-0.015	0.001325	0.075	9.034903942125683e-06	0	9.034903942125683e-06
684	-0.015	0.001325	0.045	9.034895169878553e-06	0	9.034895169878553e-06
685	-0.015	0.001325	0.015	9.03489291393523e-06	0	9.03489291393523e-06
686	-0.015	0.001325	-0.015	9.034892913834623e-06	0	9.034892913834623e-06
687	-0.015	0.001325	-0.045	9.034895170216841e-06	0	9.034895170216841e-06
688	-0.015	0.001325	-0.075	9.034903942417353e-06	0	9.034903942417353e-06
689	-0.015	0.001325	-0.105	9.03494420164316e-06	0	9.03494420164316e-06
690	-0.015	0.001325	-0.135	9.037497621072778e-06	0	9.037497621072778e-06
691	0.015	0.001325	0.135	9.037497620905306e-06	0	9.037497620905306e-06
692	0.015	0.001325	0.105	9.034944201269866e-06	0	9.034944201269866e-06
693	0.015	0.001325	0.075	9.034903941943133e-06	0	9.034903941943133e-06
694	0.015	0.001325	0.045	9.034895170012132e-06	0	9.034895170012132e-06
695	0.015	0.001325	0.015	9.034892914018241e-06	0	9.034892914018241e-06
696	0.015	0.001325	-0.015	9.034892913774416e-06	0	9.034892913774416e-06
697	0.015	0.001325	-0.045	9.034895170533464e-06	0	9.034895170533464e-06
698	0.015	0.001325	-0.075	9.034903942329446e-06	0	9.034903942329446e-06
699	0.015	0.001325	-0.105	9.034944201749432e-06	0	9.034944201749432e-06
700	0.015	0.001325	-0.135	9.037497621375731e-06	0	9.037497621375731e-06
701	0.045	0.001325	0.135	9.037499744815112e-06	0	9.037499744815112e-06
702	0.045	0.001325	0.105	9.034946043424191e-06	0	9.034946043424191e-06
703	0.045	0.001325	0.075	9.034906021394823e-06	0	9.034906021394823e-06
704	0.045	0.001325	0.045	9.034897375761602e-06	0	9.034897375761602e-06
705	0.045	0.001325	0.015	9.034895170192741e-06	0	9.034895170192741e-06
706	0.045	0.001325	-0.015	9.034895169919832e-06	0	9.034895169919832e-06
707	0.045	0.001325	-0.045	9.034897375563225e-06	0	9.034897375563225e-06
708	0.045	0.001325	-0.075	9.034906021253514e-06	0	9.034906021253514e-06
709	0.045	0.001325	-0.105	9.034946043365368e-06	0	9.034946043365368e-06
710	0.045	0.001325	-0.135	9.03749974532146e-06	0	9.03749974532146e-06
711	0.075	0.001325	0.135	9.037507238447154e-06	0	9.037507238447154e-06
712	0.075	0.001325	0.105	9.034953478729729e-06	0	9.034953478729729e-06
713	0.075	0.001325	0.075	9.03491430666185e-06	0	9.03491430666185e-06
714	0.075	0.001325	0.045	9.034906021541688e-06	0	9.034906021541688e-06
715	0.075	0.001325	0.015	9.034903942516802e-06	0	9.034903942516802e-06
716	0.075	0.001325	-0.015	9.034903941991673e-06	0	9.034903941991673e-06
717	0.075	0.001325	-0.045	9.034906021224804e-06	0	9.034906021224804e-06
718	0.075	0.001325	-0.075	9.0349143064373e-06	0	9.0349143064373e-06
719	0.075	0.001325	-0.105	9.034953478958677e-06	0	9.034953478958677e-06
720	0.075	0.001325	-0.135	9.037507238794689e-06	0	9.037507238794689e-06
721	0.105	0.001325	0.135	9.037537967253908e-06	0	9.037537967253908e-06
722	0.105	0.001325	0.105	9.034989615371509e-06	0	9.034989615371509e-06
723	0.105	0.001325	0.075	9.03495347902513e-06	0	9.03495347902513e-06
724	0.105	0.001325	0.045	9.034946043088149e-06	0	9.034946043088149e-06
725	0.105	0.001325	0.015	9.03494420176917e-06	0	9.03494420176917e-06
726	0.105	0.001325	-0.015	9.034944201732095e-06	0	9.034944201732095e-06
727	0.105	0.001325	-0.045	9.034946043126447e-06	0	9.034946043126447e-06
728	0.105	0.001325	-0.075	9.034953479030703e-06	0	9.034953479030703e-06
729	0.105	0.001325	-0.105	9.03498961639447e-06	0	9.03498961639447e-06
730	0.105	0.001325	-0.135	9.037537967411107e-06	0	9.037537967411107e-06
731	0.135	0.001325	0.135	9.039881905574063e-06	0	9.039881905574063e-06
732	0.135	0.001325	0.105	9.037537966292231e-06	0	9.037537966292231e-06
733	0.135	0.001325	0.075	9.037507238161633e-06	0	9.037507238161633e-06
734	0.135	0.001325	0.045	9.037499744880428e-06	0	9.037499744880428e-06
735	0.135	0.001325	0.015	9.037497621665047e-06	0	9.037497621665047e-06
736	0.135	0.001325	-0.015	9.037497621035107e-06	0	9.037497621035107e-06
737	0.135	0.001325	-0.045	9.03749974476151e-06	0	9.03749974476151e-06
738	0.135	0.001325	-0.075	9.037507238192924e-06	0	9.037507238192924e-06
739	0.135	0.001325	-0.105	9.037537966901144e-06	0	9.037537966901144e-06
740	0.135	0.001325	-0.135	9.03988190551768e-06	0	9.03988190551768e-06
741	-0.135	-0.001325	-0.135	-9.03988190633608e-06	0	-9.03988190633608e-06
742	-0.135	-0.001325	-0.105	-9.037537967111957e-06	0	-9.037537967111957e-06
743	-0.135	-0.001325	-0.075	-9.037507238476545e-06	0	-9.037507238476545e-06
744	-0.135	-0.001325	-0.045	-9.037499745019013e-06	0	-9.037499745019013e-06
745	-0.135	-0.001325	-0.015	-9.03749762147539e-06	0	-9.03749762147539e-06
746	-0.135	-0.001325	0.015	-9.037497620614318e-06	0	-9.037497620614318e-06
747	-0.135	-0.001325	0.045	-9.037499745019982e-06	0	-9.037499745019982e-06
748	-0.135	-0.001325	0.075	-9.037507238653713e-06	0	-9.037507238653713e-06
749	-0.135	-0.001325	0.105	-9.037537967206896e-06	0	-9.037537967206896e-06
750	-0.135	-0.001325	0.135	-9.039881906175906e-06	0	-9.039881906175906e-06
751	-0.105	-0.001325	-0.135	-9.037537966089763e-06	0	-9.037537966089763e-06
752	-0.105	-0.001325	-0.105	-9.034989615669525e-06	0	-9.034989615669525e-06
753	-0.105	-0.001325	-0.075	-9.034953478852681e-06	0	-9.034953478852681e-06
754	-0.105	-0.001325	-0.045	-9.034946043275201e-06	0	-9.034946043275201e-06
755	-0.105	-0.001325	-0.015	-9.034944201616062e-06	0	-9.034944201616062e-06
756	-0.105	-0.001325	0.015	-9.034944201508595e-06	0	-9.034944201508595e-06
757	-0.105	-0.001325	0.045	-9.034946043361993e-06	0	-9.034946043361993e-06
758	-0.105	-0.001325	0.075	-9.034953478589511e-06	0	-9.034953478589511e-06
759	-0.105	-0.001325	0.105	-9.034989615397011e-06	0	-9.034989615397011e-06
760	-0.105	-0.001325	0.135	-9.037537966489227e-06	0	-9.037537966489227e-06
761	-0.075	-0.001325	-0.135	-9.037507237785434e-06	0	-9.037507237785434e-06
762	-0.075	-0.001325	-0.105	-9.034953478754788e-06	0	-9.034953478754788e-06
763	-0.075	-0.001325	-0.075	-9.034914306703585e-06	0	-9.034914306703585e-06
764	-0.075	-0.001325	-0.045	-9.034906021289791e-06	0	-9.034906021289791e-06
765	-0.075	-0.001325	-0.015	-9.034903941913943e-06	0	-9.034903941913943e-06
766	-0.075	-0.001325	0.015	-9.034903941822423e-06	0	-9.034903941822423e-06
767	-0.075	-0.001325	0.045	-9.034906021299792e-06	0	-9.034906021299792e-06
768	-0.075	-0.001325	0.075	-9.034914306500963e-06	0	-9.034914306500963e-06
769	-0.075	-0.001325	0.105	-9.034953478805608e-06	0	-9.034953478805608e-06
770	-0.075	-0.001325	0.135	-9.037507238352476e-06	0	-9.037507238352476e-06
771	-0.045	-0.001325	-0.135	-9.037499744589744e-06	0	-9.037499744589744e-06
772	-0.045	-0.001325	-0.105	-9.034946043140374e-06	0	-9.034946043140374e-06
773	-0.045	-0.001325	-0.075	-9.034906021385388e-06	0	-9.034906021385388e-06
774	-0.045	-0.001325	-0.045	-9.034897375569419e-06	0	-9.034897375569419e-06
775	-0.045	-0.001325	-0.015	-9.034895169809967e-06	0	-9.034895169809967e-06
776	-0.045	-0.001325	0.015	-9.034895170085126e-06	0	-9.034895170085126e-06
777	-0.045	-0.001325	0.045	-9.0348973758465e-06	0	-9.0348973758465e-06
778	-0.045	-0.001325	0.075	-9.034906021546042e-06	0	-9.034906021546042e-06
779	-0.045	-0.001325	0.105	-9.034946043618962e-06	0	-9.034946043618962e-06
780	-0.045	-0.001325	0.135	-9.037499745098267e-06	0	-9.037499745098267e-06
781	-0.015	-0.001325	-0.135	-9.037497620797982e-06	0	-9.037497620797982e-06
782	-0.015	-0.001325	-0.105	-9.03494420169543e-06	0	-9.03494420169543e-06
783	-0.015	-0.001325	-0.075	-9.034903941807032e-06	0	-9.034903941807032e-06
784	-0.015	-0.001325	-0.045	-9.034895169909734e-06	0	-9.034895169909734e-06
785	-0.015	-0.001325	-0.015	-9.034892913838775e-06	0	-9.034892913838775e-06
786	-0.015	-0.001325	0.015	-9.034892913791414e-06	0	-9.034892913791414e-06
787	-0.015	-0.001325	0.045	-9.034895169944554e-06	0	-9.034895169944554e-06
788	-0.015	-0.001325	0.075	-9.034903942240452e-06	0	-9.034903942240452e-06
789	-0.015	-0.001325	0.105	-9.034944201349704e-06	0	-9.034944201349704e-06
790	-0.015	-0.001325	0.135	-9.03749762114255e-06	0	-9.03749762114255e-06
791	0.015	-0.001325	-0.135	-9.037497620856359e-06	0	-9.037497620856359e-06
792	0.015	-0.001325	-0.105	-9.034944201355851e-06	0	-9.034944201355851e-06
793	0.015	-0.001325	-0.075	-9.034903941882232e-06	0	-9.034903941882232e-06
794	0.015	-0.001325	-0.045	-9.034895169823831e-06	0	-9.034895169823831e-06
795	0.015	-0.001325	-0.015	-9.034892913850754e-06	0	-9.034892913850754e-06
796	0.015	-0.001325	0.015	-9.034892913640803e-06	0	-9.034892913640803e-06
797	0.015	-0.001325	0.045	-9.034895170214441e-06	0	-9.034895170214441e-06
798	0.015	-0.001325	0.075	-9.034903942155705e-06	0	-9.034903942155705e-06
799	0.015	-0.001325	0.105	-9.034944201719954e-06	0	-9.034944201719954e-06
800	0.015	-0.001325	0.135	-9.037497621009921e-06	0	-9.037497621009921e-06
801	0.045	-0.001325	-0.135	-9.037499744896449e-06	0	-9.037499744896449e-06
802	0.045	-0.001325	-0.105	-9.03494604334751e-06	0	-9.03494604334751e-06
803	0.045	-0.001325	-0.075	-9.034906021252936e-06	0	-9.034906021252936e-06
804	0.045	-0.001325	-0.045	-9.034897375799946e-06	0	-9.034897375799946e-06
805	0.045	-0.001325	-0.015	-9.034895170160042e-06	0	-9.034895170160042e-06
806	0.045	-0.001325	0.015	-9.03489516990588e-06	0	-9.03489516990588e-06
807	0.045	-0.001325	0.045	-9.034897375514407e-06	0	-9.034897375514407e-06
808	0.045	-0.001325	0.075	-9.034906021244225e-06	0	-9.034906021244225e-06
809	0.045	-0.001325	0.105	-9.03494604364012e-06	0	-9.03494604364012e-06
810	0.045	-0.001325	0.135	-9.037499745132604e-06	0	-9.037499745132604e-06
811	0.075	-0.001325	-0.135	-9.037507238805605e-06	0	-9.037507238805605e-06
812	0.075	-0.001325	-0.105	-9.034953478694596e-06	0	-9.034953478694596e-06
813	0.075	-0.001325	-0.075	-9.034914306669453e-06	0	-9.034914306669453e-06
814	0.075	-0.001325	-0.045	-9.034906021487569e-06	0	-9.034906021487569e-06
815	0.075	-0.001325	-0.015	-9.034903942293852e-06	0	-9.034903942293852e-06
816	0.075	-0.001325	0.015	-9.034903941976429e-06	0	-9.034903941976429e-06
817	0.075	-0.001325	0.045	-9.034906021006409e-06	0	-9.034906021006409e-06
818	0.075	-0.001325	0.075	-9.034914306469072e-06	0	-9.034914306469072e-06
819	0.075	-0.001325	0.105	-9.034953478997032e-06	0	-9.034953478997032e-06
820	0.075	-0.001325	0.135	-9.037507238430319e-06	0	-9.037507238430319e-06
821	0.105	-0.001325	-0.135	-9.037537967182745e-06	0	-9.037537967182745e-06
822	0.105	-0.001325	-0.105	-9.034989615565137e-06	0	-9.034989615565137e-06
823	0.105	-0.001325	-0.075	-9.034953478987654e-06	0	-9.034953478987654e-06
824	0.105	-0.001325	-0.045	-9.034946043491291e-06	0	-9.034946043491291e-06
825	0.105	-0.001325	-0.015	-9.03494420159722e-06	0	-9.03494420159722e-06
826	0.105	-0.001325	0.015	-9.034944201539205e-06	0	-9.034944201539205e-06
827	0.105	-0.001325	0.045	-9.034946043486622e-06	0	-9.034946043486622e-06
828	0.105	-0.001325	0.075	-9.034953479144067e-06	0	-9.034953479144067e-06
829	0.105	-0.001325	0.105	-9.03498961581266e-06	0	-9.03498961581266e-06
830	0.105	-0.001325	0.135	-9.037537967517503e-06	0	-9.037537967517503e-06
831	0.135	-0.001325	-0.135	-9.039881905644335e-06	0	-9.039881905644335e-06
832	0.135	-0.001325	-0.105	-9.037537966006399e-06	0	-9.037537966006399e-06
833	0.135	-0.001325	-0.075	-9.037507237840945e-06	0	-9.037507237840945e-06
834	0.135	-0.001325	-0.045	-9.037499744742794e-06	0	-9.037499744742794e-06
835	0.135	-0.001325	-0.015	-9.037497621319281e-06	0	-9.037497621319281e-06
836	0.135	-0.001325	0.015	-9.037497620901896e-06	0	-9.037497620901896e-06
837	0.135	-0.001325	0.045	-9.037499744901455e-06	0	-9.037499744901455e-06
838	0.135	-0.001325	0.075	-9.037507238756259e-06	0	-9.037507238756259e-06
839	0.135	-0.001325	0.105	-9.037537966642892e-06	0	-9.037537966642892e-06
840	0.135	-0.001325	0.135	-9.039881905641796e-06	0	-9.039881905641796e-06
841	-0.135	0.000125	0.135	8.130444109006838e-05	0	8.130444109006838e-05
842	-0.135	0.000125	0.105	8.130891236977767e-05	0	8.130891236977767e-05
843	-0.135	0.000125	0.075	8.130897059673015e-05	0	8.130897059673015e-05
844	-0.135	0.000125	0.045	8.130898483193557e-05	0	8.130898483193557e-05
845	-0.135	0.000125	0.015	8.130898886885582e-05	0	8.130898886885582e-05
846	-0.135	0.000125	-0.015	8.130898886888359e-05	0	8.130898886888359e-05
847	-0.135	0.000125	-0.045	8.130898483195805e-05	0	8.130898483195805e-05
848	-0.135	0.000125	-0.075	8.130897059676414e-05	0	8.130897059676414e-05
849	-0.135	0.000125	-0.105	8.130891236979761e-05	0	8.130891236979761e-05
850	-0.135	0.000125	-0.135	8.130444109006616e-05	0	8.130444109006616e-05
851	-0.105	0.000125	0.135	8.130891236978412e-05	0	8.130891236978412e-05
852	-0.105	0.000125	0.105	8.131377259868835e-05	0	8.131377259868835e-05
853	-0.105	0.000125	0.075	8.131384104260772e-05	0	8.131384104260772e-05
854	-0.105	0.000125	0.045	8.131385515105827e-05	0	8.131385515105827e-05
855	-0.105	0.000125	0.015	8.131385864632807e-05	0	8.131385864632807e-05
856	-0.105	0.000125	-0.015	8.131385864633673e-05	0	8.131385864633673e-05
857	-0.105	0.000125	-0.045	8.131385515106408e-05	0	8.131385515106408e-05
858	-0.105	0.000125	-0.075	8.131384104260619e-05	0	8.131384104260619e-05
859	-0.105	0.000125	-0.105	8.131377259868784e-05	0	8.131377259868784e-05
860	-0.105	0.000125	-0.135	8.130891236976687e-05	0	8.130891236976687e-05
861	-0.075	0.000125	0.135	8.130897059675209e-05	0	8.130897059675209e-05
862	-0.075	0.000125	0.105	8.131384104261099e-05	0	8.131384104261099e-05
863	-0.075	0.000125	0.075	8.131391524797932e-05	0	8.131391524797932e-05
864	-0.075	0.000125	0.045	8.131393097055851e-05	0	8.131393097055851e-05
865	-0.075	0.000125	0.015	8.13139349165478e-05	0	8.13139349165478e-05
866	-0.075	0.000125	-0.015	8.131393491655318e-05	0	8.131393491655318e-05
867	-0.075	0.000125	-0.045	8.131393097056756e-05	0	8.131393097056756e-05
868	-0.075	0.000125	-0.075	8.13139152479818e-05	0	8.13139152479818e-05
869	-0.075	0.000125	-0.105	8.131384104260179e-05	0	8.131384104260179e-05
870	-0.075	0.000125	-0.135	8.130897059672196e-05	0	8.130897059672196e-05
871	-0.045	0.000125	0.135	8.130898483194705e-05	0	8.130898483194705e-05
872	-0.045	0.000125	0.105	8.131385515106712e-05	0	8.131385515106712e-05
873	-0.045	0.000125	0.075	8.131393097057518e-05	0	8.131393097057518e-05
874	-0.045	0.000125	0.045	8.131394737737853e-05	0	8.131394737737853e-05
875	-0.045	0.000125	0.015	8.131395156272181e-05	0	8.131395156272181e-05
876	-0.045	0.000125	-0.015	8.131395156272008e-05	0	8.131395156272008e-05
877	-0.045	0.000125	-0.045	8.131394737736845e-05	0	8.131394737736845e-05
878	-0.045	0.000125	-0.075	8.131393097056972e-05	0	8.131393097056972e-05
879	-0.045	0.000125	-0.105	8.131385515105468e-05	0	8.131385515105468e-05
880	-0.045	0.000125	-0.135	8.130898483192699e-05	0	8.130898483192699e-05
881	-0.015	0.000125	0.135	8.130898886887462e-05	0	8.130898886887462e-05
882	-0.015	0.000125	0.105	8.131385864634158e-05	0	8.131385864634158e-05
883	-0.015	0.000125	0.075	8.131393491656562e-05	0	8.131393491656562e-05
884	-0.015	0.000125	0.045	8.131395156271573e-05	0	8.131395156271573e-05
885	-0.015	0.000125	0.015	8.131395584445387e-05	0	8.131395584445387e-05
886	-0.015	0.000125	-0.015	8.131395584445305e-05	0	8.131395584445305e-05
887	-0.015	0.000125	-0.045	8.131395156271943e-05	0	8.131395156271943e-05
888	-0.015	0.000125	-0.075	8.131393491655983e-05	0	8.131393491655983e-05
889	-0.015	0.000125	-0.105	8.131385864634723e-05	0	8.131385864634723e-05
890	-0.015	0.000125	-0.135	8.130898886885343e-05	0	8.130898886885343e-05
891	0.015	0.000125	0.135	8.13089888688495e-05	0	8.13089888688495e-05
892	0.015	0.000125	0.105	8.131385864633495e-05	0	8.131385864633495e-05
893	0.015	0.000125	0.075	8.13139349165548e-05	0	8.13139349165548e-05
894	0.015	0.000125	0.045	8.131395156272467e-05	0	8.131395156272467e-05
895	0.015	0.000125	0.015	8.131395584445555e-05	0	8.131395584445555e-05
896	0.015	0.000125	-0.015	8.131395584445351e-05	0	8.131395584445351e-05
897	0.015	0.000125	-0.045	8.131395156273711e-05	0	8.131395156273711e-05
898	0.015	0.000125	-0.075	8.131393491656434e-05	0	8.131393491656434e-05
899	0.015	0.000125	-0.105	8.131385864633685e-05	0	8.131385864633685e-05
900	0.015	0.000125	-0.135	8.130898886887305e-05	0	8.130898886887305e-05
901	0.045	0.000125	0.135	8.13089848319341e-05	0	8.13089848319341e-05
902	0.045	0.000125	0.105	8.131385515106876e-05	0	8.131385515106876e-05
903	0.045	0.000125	0.075	8.131393097055669e-05	0	8.131393097055669e-05
904	0.045	0.000125	0.045	8.131394737737116e-05	0	8.131394737737116e-05
905	0.045	0.000125	0.015	8.131395156272912e-05	0	8.131395156272912e-05
906	0.045	0.000125	-0.015	8.131395156272132e-05	0	8.131395156272132e-05
907	0.045	0.000125	-0.045	8.131394737736823e-05	0	8.131394737736823e-05
908	0.045	0.000125	-0.075	8.131393097057016e-05	0	8.131393097057016e-05
909	0.045	0.000125	-0.105	8.131385515107067e-05	0	8.131385515107067e-05
910	0.045	0.000125	-0.135	8.130898483194678e-05	0	8.130898483194678e-05
911	0.075	0.000125	0.135	8.130897059674134e-05	0	8.130897059674134e-05
912	0.075	0.000125	0.105	8.131384104260791e-05	0	8.131384104260791e-05
913	0.075	0.000125	0.075	8.131391524798005e-05	0	8.131391524798005e-05
914	0.075	0.000125	0.045	8.13139309705653e-05	0	8.13139309705653e-05
915	0.075	0.000125	0.015	8.131393491656676e-05	0	8.131393491656676e-05
916	0.075	0.000125	-0.015	8.131393491656017e-05	0	8.131393491656017e-05
917	0.075	0.000125	-0.045	8.131393097055542e-05	0	8.131393097055542e-05
918	0.075	0.000125	-0.075	8.131391524798092e-05	0	8.131391524798092e-05
919	0.075	0.000125	-0.105	8.131384104260616e-05	0	8.131384104260616e-05
920	0.075	0.000125	-0.135	8.130897059677088e-05	0	8.130897059677088e-05
921	0.105	0.000125	0.135	8.130891236981059e-05	0	8.130891236981059e-05
922	0.105	0.000125	0.105	8.131377259870261e-05	0	8.131377259870261e-05
923	0.105	0.000125	0.075	8.131384104261871e-05	0	8.131384104261871e-05
924	0.105	0.000125	0.045	8.131385515107678e-05	0	8.131385515107678e-05
925	0.105	0.000125	0.015	8.131385864635091e-05	0	8.131385864635091e-05
926	0.105	0.000125	-0.015	8.131385864634963e-05	0	8.131385864634963e-05
927	0.105	0.000125	-0.045	8.131385515106826e-05	0	8.131385515106826e-05
928	0.105	0.000125	-0.075	8.13138410426192e-05	0	8.13138410426192e-05
929	0.105	0.000125	-0.105	8.131377259870905e-05	0	8.131377259870905e-05
930	0.105	0.000125	-0.135	8.130891236981995e-05	0	8.130891236981995e-05
931	0.135	0.000125	0.135	8.130444109002363e-05	0	8.130444109002363e-05
932	0.135	0.000125	0.105	8.130891236977957e-05	0	8.130891236977957e-05
933	0.135	0.000125	0.075	8.130897059677116e-05	0	8.130897059677116e-05
934	0.135	0.000125	0.045	8.130898483194238e-05	0	8.130898483194238e-05
935	0.135	0.000125	0.015	8.130898886887958e-05	0	8.130898886887958e-05
936	0.135	0.000125	-0.015	8.130898886885715e-05	0	8.130898886885715e-05
937	0.135	0.000125	-0.045	8.130898483192435e-05	0	8.130898483192435e-05
938	0.135	0.000125	-0.075	8.13089705967405e-05	0	8.13089705967405e-05
939	0.135	0.000125	-0.105	8.130891236977374e-05	0	8.130891236977374e-05
940	0.135	0.000125	-0.135	8.130444109001996e-05	0	8.130444109001996e-05
941	-0.135	-0.000125	-0.135	-8.130444109006613e-05	0	-8.130444109006613e-05
942	-0.135	-0.000125	-0.105	-8.130891236979773e-05	0	-8.130891236979773e-05
943	-0.135	-0.000125	-0.075	-8.130897059676407e-05	0	-8.130897059676407e-05
944	-0.135	-0.000125	-0.045	-8.130898483195793e-05	0	-8.130898483195793e-05
945	-0.135	-0.000125	-0.015	-8.130898886888364e-05	0	-8.130898886888364e-05
946	-0.135	-0.000125	0.015	-8.130898886885578e-05	0	-8.130898886885578e-05
947	-0.135	-0.000125	0.045	-8.130898483193551e-05	0	-8.130898483193551e-05
948	-0.135	-0.000125	0.075	-8.130897059673013e-05	0	-8.130897059673013e-05
949	-0.135	-0.000125	0.105	-8.130891236977504e-05	0	-8.130891236977504e-05
950	-0.135	-0.000125	0.135	-8.130444109006826e-05	0	-8.130444109006826e-05
951	-0.105	-0.000125	-0.135	-8.130891236976694e-05	0	-8.130891236976694e-05
952	-0.105	-0.000125	-0.105	-8.131377259868788e-05	0	-8.131377259868788e-05
953	-0.105	-0.000125	-0.075	-8.131384104260618e-05	0	-8.131384104260618e-05
954	-0.105	-0.000125	-0.045	-8.131385515106416e-05	0	-8.131385515106416e-05
955	-0.105	-0.000125	-0.015	-8.131385864633672e-05	0	-8.131385864633672e-05
956	-0.105	-0.000125	0.015	-8.131385864632812e-05	0	-8.131385864632812e-05
957	-0.105	-0.000125	0.045	-8.131385515105816e-05	0	-8.131385515105816e-05
958	-0.105	-0.000125	0.075	-8.131384104260763e-05	0	-8.131384104260763e-05
959	-0.105	-0.000125	0.105	-8.131377259868842e-05	0	-8.131377259868842e-05
960	-0.105	-0.000125	0.135	-8.130891236978404e-05	0	-8.130891236978404e-05
961	-0.075	-0.000125	-0.135	-8.130897059672187e-05	0	-8.130897059672187e-05
962	-0.075	-0.000125	-0.105	-8.131384104260185e-05	0	-8.131384104260185e-05
963	-0.075	-0.000125	-0.075	-8.131391524798165e-05	0	-8.131391524798165e-05
964	-0.075	-0.000125	-0.045	-8.131393097056759e-05	0	-8.131393097056759e-05
965	-0.075	-0.000125	-0.015	-8.131393491655304e-05	0	-8.131393491655304e-05
966	-0.075	-0.000125	0.015	-8.131393491654777e-05	0	-8.131393491654777e-05
967	-0.075	-0.000125	0.045	-8.131393097055851e-05	0	-8.131393097055851e-05
968	-0.075	-0.000125	0.075	-8.131391524797917e-05	0	-8.131391524797917e-05
969	-0.075	-0.000125	0.105	-8.131384104261066e-05	0	-8.131384104261066e-05
970	-0.075	-0.000125	0.135	-8.130897059675206e-05	0	-8.130897059675206e-05
971	-0.045	-0.000125	-0.135	-8.130898483192704e-05	0	-8.130898483192704e-05
972	-0.045	-0.000125	-0.105	-8.131385515105474e-05	0	-8.131385515105474e-05
973	-0.045	-0.000125	-0.075	-8.131393097056968e-05	0	-8.131393097056968e-05
974	-0.045	-0.000125	-0.045	-8.131394737736842e-05	0	-8.131394737736842e-05
975	-0.045	-0.000125	-0.015	-8.13139515627201e-05	0	-8.13139515627201e-05
976	-0.045	-0.000125	0.015	-8.131395156272185e-05	0	-8.131395156272185e-05
977	-0.045	-0.000125	0.045	-8.131394737737856e-05	0	-8.131394737737856e-05
978	-0.045	-0.000125	0.075	-8.1313930970575e-05	0	-8.1313930970575e-05
979	-0.045	-0.000125	0.105	-8.131385515106738e-05	0	-8.131385515106738e-05
980	-0.045	-0.000125	0.135	-8.130898483194699e-05	0	-8.130898483194699e-05
981	-0.015	-0.000125	-0.135	-8.130898886885341e-05	0	-8.130898886885341e-05
982	-0.015	-0.000125	-0.105	-8.131385864634707e-05	0	-8.131385864634707e-05
983	-0.015	-0.000125	-0.075	-8.131393491655971e-05	0	-8.131393491655971e-05
984	-0.015	-0.000125	-0.045	-8.131395156271954e-05	0	-8.131395156271954e-05
985	-0.015	-0.000125	-0.015	-8.131395584445297e-05	0	-8.131395584445297e-05
986	-0.015	-0.000125	0.015	-8.131395584445378e-05	0	-8.131395584445378e-05
987	-0.015	-0.000125	0.045	-8.131395156271568e-05	0	-8.131395156271568e-05
988	-0.015	-0.000125	0.075	-8.131393491656563e-05	0	-8.131393491656563e-05
989	-0.015	-0.000125	0.105	-8.131385864634166e-05	0	-8.131385864634166e-05
990	-0.015	-0.000125	0.135	-8.130898886887454e-05	0	-8.130898886887454e-05
991	0.015	-0.000125	-0.135	-8.130898886887292e-05	0	-8.130898886887292e-05
992	0.015	-0.000125	-0.105	-8.131385864633682e-05	0	-8.131385864633682e-05
993	0.015	-0.000125	-0.075	-8.131393491656434e-05	0	-8.131393491656434e-05
994	0.015	-0.000125	-0.045	-8.131395156273717e-05	0	-8.131395156273717e-05
995	0.015	-0.000125	-0.015	-8.131395584445338e-05	0	-8.131395584445338e-05
996	0.015	-0.000125	0.015	-8.131395584445553e-05	0	-8.131395584445553e-05
997	0.015	-0.000125	0.045	-8.131395156272472e-05	0	-8.131395156272472e-05
998	0.015	-0.000125	0.075	-8.131393491655484e-05	0	-8.131393491655484e-05
999	0.015	-0.000125	0.105	-8.131385864633498e-05	0	-8.131385864633498e-05
1000	0.015	-0.000125	0.135	-8.130898886884953e-05	0	-8.130898886884953e-05
1001	0.045	-0.000125	-0.135	-8.130898483194675e-05	0	-8.130898483194675e-05
1002	0.045	-0.000125	-0.105	-8.131385515107056e-05	0	-8.131385515107056e-05
1003	0.045	-0.000125	-0.075	-8.131393097057011e-05	0	-8.131393097057011e-05
1004	0.045	-0.000125	-0.045	-8.13139473773683e-05	0	-8.13139473773683e-05
1005	0.045	-0.000125	-0.015	-8.131395156272134e-05	0	-8.131395156272134e-05
1006	0.045	-0.000125	0.015	-8.131395156272926e-05	0	-8.131395156272926e-05
1007	0.045	-0.000125	0.045	-8.131394737737108e-05	0	-8.131394737737108e-05
1008	0.045	-0.000125	0.075	-8.131393097055668e-05	0	-8.131393097055668e-05
1009	0.045	-0.000125	0.105	-8.13138551510688e-05	0	-8.13138551510688e-05
1010	0.045	-0.000125	0.135	-8.130898483193413e-05	0	-8.130898483193413e-05
1011	0.075	-0.000125	-0.135	-8.130897059677098e-05	0	-8.130897059677098e-05
1012	0.075	-0.000125	-0.105	-8.131384104260641e-05	0	-8.131384104260641e-05
1013	0.075	-0.000125	-0.075	-8.131391524798096e-05	0	-8.131391524798096e-05
1014	0.075	-0.000125	-0.045	-8.131393097055551e-05	0	-8.131393097055551e-05
1015	0.075	-0.000125	-0.015	-8.131393491656014e-05	0	-8.131393491656014e-05
1016	0.075	-0.000125	0.015	-8.13139349165667e-05	0	-8.13139349165667e-05
1017	0.075	-0.000125	0.045	-8.131393097056537e-05	0	-8.131393097056537e-05
1018	0.075	-0.000125	0.075	-8.13139152479799e-05	0	-8.13139152479799e-05
1019	0.075	-0.000125	0.105	-8.131384104260802e-05	0	-8.131384104260802e-05
1020	0.075	-0.000125	0.135	-8.130897059674141e-05	0	-8.130897059674141e-05
1021	0.105	-0.000125	-0.135	-8.13089123698199e-05	0	-8.13089123698199e-05
1022	0.105	-0.000125	-0.105	-8.131377259870905e-05	0	-8.131377259870905e-05
1023	0.105	-0.000125	-0.075	-8.131384104261909e-05	0	-8.131384104261909e-05
1024	0.105	-0.000125	-0.045	-8.131385515106831e-05	0	-8.131385515106831e-05
1025	0.105	-0.000125	-0.015	-8.131385864634958e-05	0	-8.131385864634958e-05
1026	0.105	-0.000125	0.015	-8.131385864635093e-05	0	-8.131385864635093e-05
1027	0.105	-0.000125	0.045	-8.131385515107671e-05	0	-8.131385515107671e-05
1028	0.105	-0.000125	0.075	-8.131384104261871e-05	0	-8.131384104261871e-05
1029	0.105	-0.000125	0.105	-8.131377259870268e-05	0	-8.131377259870268e-05
1030	0.105	-0.000125	0.135	-8.130891236981045e-05	0	-8.130891236981045e-05
1031	0.135	-0.000125	-0.135	-8.130444109001994e-05	0	-8.130444109001994e-05
1032	0.135	-0.000125	-0.105	-8.130891236977632e-05	0	-8.130891236977632e-05
1033	0.135	-0.000125	-0.075	-8.130897059674058e-05	0	-8.130897059674058e-05
1034	0.135	-0.000125	-0.045	-8.130898483192435e-05	0	-8.130898483192435e-05
1035	0.135	-0.000125	-0.015	-8.130898886885724e-05	0	-8.130898886885724e-05
1036	0.135	-0.000125	0.015	-8.130898886887948e-05	0	-8.130898886887948e-05
1037	0.135	-0.000125	0.045	-8.130898483194245e-05	0	-8.130898483194245e-05
1038	0.135	-0.000125	0.075	-8.130897059677106e-05	0	-8.130897059677106e-05
1039	0.135	-0.000125	0.105	-8.130891236977947e-05	0	-8.130891236977947e-05
1040	0.135	-0.000125	0.135	-8.130444109002341e-05	0	-8.130444109002341e-05
#NbSystemChargeZero	VSystemChargeZero
1041	4.02545e-11
