#BCondn Vector
#elefld	Assigned	BC	KnCh	ChUp	RHValue
1	-0.15	0.00152	-0.135	0	0	0	0	0
2	-0.15	0.00152	-0.105	0	0	0	0	0
3	-0.15	0.00152	-0.075	0	0	0	0	0
4	-0.15	0.00152	-0.045	0	0	0	0	0
5	-0.15	0.00152	-0.015	0	0	0	0	0
6	-0.15	0.00152	0.015	0	0	0	0	0
7	-0.15	0.00152	0.045	0	0	0	0	0
8	-0.15	0.00152	0.075	0	0	0	0	0
9	-0.15	0.00152	0.105	0	0	0	0	0
10	-0.15	0.00152	0.135	0	0	0	0	0
11	-0.15	-0.00152	-0.135	0	0	0	0	0
12	-0.15	-0.00152	-0.105	0	0	0	0	0
13	-0.15	-0.00152	-0.075	0	0	0	0	0
14	-0.15	-0.00152	-0.045	0	0	0	0	0
15	-0.15	-0.00152	-0.015	0	0	0	0	0
16	-0.15	-0.00152	0.015	0	0	0	0	0
17	-0.15	-0.00152	0.045	0	0	0	0	0
18	-0.15	-0.00152	0.075	0	0	0	0	0
19	-0.15	-0.00152	0.105	0	0	0	0	0
20	-0.15	-0.00152	0.135	0	0	0	0	0
21	-0.15	0.001335	-0.135	0	5000	0	0	5000
22	-0.15	0.001335	-0.105	0	5000	0	0	5000
23	-0.15	0.001335	-0.075	0	5000	0	0	5000
24	-0.15	0.001335	-0.045	0	5000	0	0	5000
25	-0.15	0.001335	-0.015	0	5000	0	0	5000
26	-0.15	0.001335	0.015	0	5000	0	0	5000
27	-0.15	0.001335	0.045	0	5000	0	0	5000
28	-0.15	0.001335	0.075	0	5000	0	0	5000
29	-0.15	0.001335	0.105	0	5000	0	0	5000
30	-0.15	0.001335	0.135	0	5000	0	0	5000
31	-0.15	-0.001335	-0.135	0	-5000	0	0	-5000
32	-0.15	-0.001335	-0.105	0	-5000	0	0	-5000
33	-0.15	-0.001335	-0.075	0	-5000	0	0	-5000
34	-0.15	-0.001335	-0.045	0	-5000	0	0	-5000
35	-0.15	-0.001335	-0.015	0	-5000	0	0	-5000
36	-0.15	-0.001335	0.015	0	-5000	0	0	-5000
37	-0.15	-0.001335	0.045	0	-5000	0	0	-5000
38	-0.15	-0.001335	0.075	0	-5000	0	0	-5000
39	-0.15	-0.001335	0.105	0	-5000	0	0	-5000
40	-0.15	-0.001335	0.135	0	-5000	0	0	-5000
41	-0.15	0.000725	-0.135	0	0	0	0	0
42	-0.15	0.000725	-0.105	0	0	0	0	0
43	-0.15	0.000725	-0.075	0	0	0	0	0
44	-0.15	0.000725	-0.045	0	0	0	0	0
45	-0.15	0.000725	-0.015	0	0	0	0	0
46	-0.15	0.000725	0.015	0	0	0	0	0
47	-0.15	0.000725	0.045	0	0	0	0	0
48	-0.15	0.000725	0.075	0	0	0	0	0
49	-0.15	0.000725	0.105	0	0	0	0	0
50	-0.15	0.000725	0.135	0	0	0	0	0
51	-0.15	-0.000725	-0.135	0	0	0	0	0
52	-0.15	-0.000725	-0.105	0	0	0	0	0
53	-0.15	-0.000725	-0.075	0	0	0	0	0
54	-0.15	-0.000725	-0.045	0	0	0	0	0
55	-0.15	-0.000725	-0.015	0	0	0	0	0
56	-0.15	-0.000725	0.015	0	0	0	0	0
57	-0.15	-0.000725	0.045	0	0	0	0	0
58	-0.15	-0.000725	0.075	0	0	0	0	0
59	-0.15	-0.000725	0.105	0	0	0	0	0
60	-0.15	-0.000725	0.135	0	0	0	0	0
61	0.15	0.00152	0.135	0	0	0	0	0
62	0.15	0.00152	0.105	0	0	0	0	0
63	0.15	0.00152	0.075	0	0	0	0	0
64	0.15	0.00152	0.045	0	0	0	0	0
65	0.15	0.00152	0.015	0	0	0	0	0
66	0.15	0.00152	-0.015	0	0	0	0	0
67	0.15	0.00152	-0.045	0	0	0	0	0
68	0.15	0.00152	-0.075	0	0	0	0	0
69	0.15	0.00152	-0.105	0	0	0	0	0
70	0.15	0.00152	-0.135	0	0	0	0	0
71	0.15	-0.00152	0.135	0	0	0	0	0
72	0.15	-0.00152	0.105	0	0	0	0	0
73	0.15	-0.00152	0.075	0	0	0	0	0
74	0.15	-0.00152	0.045	0	0	0	0	0
75	0.15	-0.00152	0.015	0	0	0	0	0
76	0.15	-0.00152	-0.015	0	0	0	0	0
77	0.15	-0.00152	-0.045	0	0	0	0	0
78	0.15	-0.00152	-0.075	0	0	0	0	0
79	0.15	-0.00152	-0.105	0	0	0	0	0
80	0.15	-0.00152	-0.135	0	0	0	0	0
81	0.15	0.001335	0.135	0	5000	0	0	5000
82	0.15	0.001335	0.105	0	5000	0	0	5000
83	0.15	0.001335	0.075	0	5000	0	0	5000
84	0.15	0.001335	0.045	0	5000	0	0	5000
85	0.15	0.001335	0.015	0	5000	0	0	5000
86	0.15	0.001335	-0.015	0	5000	0	0	5000
87	0.15	0.001335	-0.045	0	5000	0	0	5000
88	0.15	0.001335	-0.075	0	5000	0	0	5000
89	0.15	0.001335	-0.105	0	5000	0	0	5000
90	0.15	0.001335	-0.135	0	5000	0	0	5000
91	0.15	-0.001335	0.135	0	-5000	0	0	-5000
92	0.15	-0.001335	0.105	0	-5000	0	0	-5000
93	0.15	-0.001335	0.075	0	-5000	0	0	-5000
94	0.15	-0.001335	0.045	0	-5000	0	0	-5000
95	0.15	-0.001335	0.015	0	-5000	0	0	-5000
96	0.15	-0.001335	-0.015	0	-5000	0	0	-5000
97	0.15	-0.001335	-0.045	0	-5000	0	0	-5000
98	0.15	-0.001335	-0.075	0	-5000	0	0	-5000
99	0.15	-0.001335	-0.105	0	-5000	0	0	-5000
100	0.15	-0.001335	-0.135	0	-5000	0	0	-5000
101	0.15	0.000725	0.135	0	0	0	0	0
102	0.15	0.000725	0.105	0	0	0	0	0
103	0.15	0.000725	0.075	0	0	0	0	0
104	0.15	0.000725	0.045	0	0	0	0	0
105	0.15	0.000725	0.015	0	0	0	0	0
106	0.15	0.000725	-0.015	0	0	0	0	0
107	0.15	0.000725	-0.045	0	0	0	0	0
108	0.15	0.000725	-0.075	0	0	0	0	0
109	0.15	0.000725	-0.105	0	0	0	0	0
110	0.15	0.000725	-0.135	0	0	0	0	0
111	0.15	-0.000725	0.135	0	0	0	0	0
112	0.15	-0.000725	0.105	0	0	0	0	0
113	0.15	-0.000725	0.075	0	0	0	0	0
114	0.15	-0.000725	0.045	0	0	0	0	0
115	0.15	-0.000725	0.015	0	0	0	0	0
116	0.15	-0.000725	-0.015	0	0	0	0	0
117	0.15	-0.000725	-0.045	0	0	0	0	0
118	0.15	-0.000725	-0.075	0	0	0	0	0
119	0.15	-0.000725	-0.105	0	0	0	0	0
120	0.15	-0.000725	-0.135	0	0	0	0	0
121	-0.135	0.001695	0.135	0	0	0	0	0
122	-0.135	0.001695	0.105	0	0	0	0	0
123	-0.135	0.001695	0.075	0	0	0	0	0
124	-0.135	0.001695	0.045	0	0	0	0	0
125	-0.135	0.001695	0.015	0	0	0	0	0
126	-0.135	0.001695	-0.015	0	0	0	0	0
127	-0.135	0.001695	-0.045	0	0	0	0	0
128	-0.135	0.001695	-0.075	0	0	0	0	0
129	-0.135	0.001695	-0.105	0	0	0	0	0
130	-0.135	0.001695	-0.135	0	0	0	0	0
131	-0.105	0.001695	0.135	0	0	0	0	0
132	-0.105	0.001695	0.105	0	0	0	0	0
133	-0.105	0.001695	0.075	0	0	0	0	0
134	-0.105	0.001695	0.045	0	0	0	0	0
135	-0.105	0.001695	0.015	0	0	0	0	0
136	-0.105	0.001695	-0.015	0	0	0	0	0
137	-0.105	0.001695	-0.045	0	0	0	0	0
138	-0.105	0.001695	-0.075	0	0	0	0	0
139	-0.105	0.001695	-0.105	0	0	0	0	0
140	-0.105	0.001695	-0.135	0	0	0	0	0
141	-0.075	0.001695	0.135	0	0	0	0	0
142	-0.075	0.001695	0.105	0	0	0	0	0
143	-0.075	0.001695	0.075	0	0	0	0	0
144	-0.075	0.001695	0.045	0	0	0	0	0
145	-0.075	0.001695	0.015	0	0	0	0	0
146	-0.075	0.001695	-0.015	0	0	0	0	0
147	-0.075	0.001695	-0.045	0	0	0	0	0
148	-0.075	0.001695	-0.075	0	0	0	0	0
149	-0.075	0.001695	-0.105	0	0	0	0	0
150	-0.075	0.001695	-0.135	0	0	0	0	0
151	-0.045	0.001695	0.135	0	0	0	0	0
152	-0.045	0.001695	0.105	0	0	0	0	0
153	-0.045	0.001695	0.075	0	0	0	0	0
154	-0.045	0.001695	0.045	0	0	0	0	0
155	-0.045	0.001695	0.015	0	0	0	0	0
156	-0.045	0.001695	-0.015	0	0	0	0	0
157	-0.045	0.001695	-0.045	0	0	0	0	0
158	-0.045	0.001695	-0.075	0	0	0	0	0
159	-0.045	0.001695	-0.105	0	0	0	0	0
160	-0.045	0.001695	-0.135	0	0	0	0	0
161	-0.015	0.001695	0.135	0	0	0	0	0
162	-0.015	0.001695	0.105	0	0	0	0	0
163	-0.015	0.001695	0.075	0	0	0	0	0
164	-0.015	0.001695	0.045	0	0	0	0	0
165	-0.015	0.001695	0.015	0	0	0	0	0
166	-0.015	0.001695	-0.015	0	0	0	0	0
167	-0.015	0.001695	-0.045	0	0	0	0	0
168	-0.015	0.001695	-0.075	0	0	0	0	0
169	-0.015	0.001695	-0.105	0	0	0	0	0
170	-0.015	0.001695	-0.135	0	0	0	0	0
171	0.015	0.001695	0.135	0	0	0	0	0
172	0.015	0.001695	0.105	0	0	0	0	0
173	0.015	0.001695	0.075	0	0	0	0	0
174	0.015	0.001695	0.045	0	0	0	0	0
175	0.015	0.001695	0.015	0	0	0	0	0
176	0.015	0.001695	-0.015	0	0	0	0	0
177	0.015	0.001695	-0.045	0	0	0	0	0
178	0.015	0.001695	-0.075	0	0	0	0	0
179	0.015	0.001695	-0.105	0	0	0	0	0
180	0.015	0.001695	-0.135	0	0	0	0	0
181	0.045	0.001695	0.135	0	0	0	0	0
182	0.045	0.001695	0.105	0	0	0	0	0
183	0.045	0.001695	0.075	0	0	0	0	0
184	0.045	0.001695	0.045	0	0	0	0	0
185	0.045	0.001695	0.015	0	0	0	0	0
186	0.045	0.001695	-0.015	0	0	0	0	0
187	0.045	0.001695	-0.045	0	0	0	0	0
188	0.045	0.001695	-0.075	0	0	0	0	0
189	0.045	0.001695	-0.105	0	0	0	0	0
190	0.045	0.001695	-0.135	0	0	0	0	0
191	0.075	0.001695	0.135	0	0	0	0	0
192	0.075	0.001695	0.105	0	0	0	0	0
193	0.075	0.001695	0.075	0	0	0	0	0
194	0.075	0.001695	0.045	0	0	0	0	0
195	0.075	0.001695	0.015	0	0	0	0	0
196	0.075	0.001695	-0.015	0	0	0	0	0
197	0.075	0.001695	-0.045	0	0	0	0	0
198	0.075	0.001695	-0.075	0	0	0	0	0
199	0.075	0.001695	-0.105	0	0	0	0	0
200	0.075	0.001695	-0.135	0	0	0	0	0
201	0.105	0.001695	0.135	0	0	0	0	0
202	0.105	0.001695	0.105	0	0	0	0	0
203	0.105	0.001695	0.075	0	0	0	0	0
204	0.105	0.001695	0.045	0	0	0	0	0
205	0.105	0.001695	0.015	0	0	0	0	0
206	0.105	0.001695	-0.015	0	0	0	0	0
207	0.105	0.001695	-0.045	0	0	0	0	0
208	0.105	0.001695	-0.075	0	0	0	0	0
209	0.105	0.001695	-0.105	0	0	0	0	0
210	0.105	0.001695	-0.135	0	0	0	0	0
211	0.135	0.001695	0.135	0	0	0	0	0
212	0.135	0.001695	0.105	0	0	0	0	0
213	0.135	0.001695	0.075	0	0	0	0	0
214	0.135	0.001695	0.045	0	0	0	0	0
215	0.135	0.001695	0.015	0	0	0	0	0
216	0.135	0.001695	-0.015	0	0	0	0	0
217	0.135	0.001695	-0.045	0	0	0	0	0
218	0.135	0.001695	-0.075	0	0	0	0	0
219	0.135	0.001695	-0.105	0	0	0	0	0
220	0.135	0.001695	-0.135	0	0	0	0	0
221	0.135	0.00152	-0.15	0	0	0	0	0
222	0.105	0.00152	-0.15	0	0	0	0	0
223	0.075	0.00152	-0.15	0	0	0	0	0
224	0.045	0.00152	-0.15	0	0	0	0	0
225	0.015	0.00152	-0.15	0	0	0	0	0
226	-0.015	0.00152	-0.15	0	0	0	0	0
227	-0.045	0.00152	-0.15	0	0	0	0	0
228	-0.075	0.00152	-0.15	0	0	0	0	0
229	-0.105	0.00152	-0.15	0	0	0	0	0
230	-0.135	0.00152	-0.15	0	0	0	0	0
231	0.135	-0.00152	-0.15	0	0	0	0	0
232	0.105	-0.00152	-0.15	0	0	0	0	0
233	0.075	-0.00152	-0.15	0	0	0	0	0
234	0.045	-0.00152	-0.15	0	0	0	0	0
235	0.015	-0.00152	-0.15	0	0	0	0	0
236	-0.015	-0.00152	-0.15	0	0	0	0	0
237	-0.045	-0.00152	-0.15	0	0	0	0	0
238	-0.075	-0.00152	-0.15	0	0	0	0	0
239	-0.105	-0.00152	-0.15	0	0	0	0	0
240	-0.135	-0.00152	-0.15	0	0	0	0	0
241	0.135	0.001335	-0.15	0	5000	0	0	5000
242	0.105	0.001335	-0.15	0	5000	0	0	5000
243	0.075	0.001335	-0.15	0	5000	0	0	5000
244	0.045	0.001335	-0.15	0	5000	0	0	5000
245	0.015	0.001335	-0.15	0	5000	0	0	5000
246	-0.015	0.001335	-0.15	0	5000	0	0	5000
247	-0.045	0.001335	-0.15	0	5000	0	0	5000
248	-0.075	0.001335	-0.15	0	5000	0	0	5000
249	-0.105	0.001335	-0.15	0	5000	0	0	5000
250	-0.135	0.001335	-0.15	0	5000	0	0	5000
251	0.135	-0.001335	-0.15	0	-5000	0	0	-5000
252	0.105	-0.001335	-0.15	0	-5000	0	0	-5000
253	0.075	-0.001335	-0.15	0	-5000	0	0	-5000
254	0.045	-0.001335	-0.15	0	-5000	0	0	-5000
255	0.015	-0.001335	-0.15	0	-5000	0	0	-5000
256	-0.015	-0.001335	-0.15	0	-5000	0	0	-5000
257	-0.045	-0.001335	-0.15	0	-5000	0	0	-5000
258	-0.075	-0.001335	-0.15	0	-5000	0	0	-5000
259	-0.105	-0.001335	-0.15	0	-5000	0	0	-5000
260	-0.135	-0.001335	-0.15	0	-5000	0	0	-5000
261	0.135	0.000725	-0.15	0	0	0	0	0
262	0.105	0.000725	-0.15	0	0	0	0	0
263	0.075	0.000725	-0.15	0	0	0	0	0
264	0.045	0.000725	-0.15	0	0	0	0	0
265	0.015	0.000725	-0.15	0	0	0	0	0
266	-0.015	0.000725	-0.15	0	0	0	0	0
267	-0.045	0.000725	-0.15	0	0	0	0	0
268	-0.075	0.000725	-0.15	0	0	0	0	0
269	-0.105	0.000725	-0.15	0	0	0	0	0
270	-0.135	0.000725	-0.15	0	0	0	0	0
271	0.135	-0.000725	-0.15	0	0	0	0	0
272	0.105	-0.000725	-0.15	0	0	0	0	0
273	0.075	-0.000725	-0.15	0	0	0	0	0
274	0.045	-0.000725	-0.15	0	0	0	0	0
275	0.015	-0.000725	-0.15	0	0	0	0	0
276	-0.015	-0.000725	-0.15	0	0	0	0	0
277	-0.045	-0.000725	-0.15	0	0	0	0	0
278	-0.075	-0.000725	-0.15	0	0	0	0	0
279	-0.105	-0.000725	-0.15	0	0	0	0	0
280	-0.135	-0.000725	-0.15	0	0	0	0	0
281	-0.135	0.00152	0.15	0	0	0	0	0
282	-0.105	0.00152	0.15	0	0	0	0	0
283	-0.075	0.00152	0.15	0	0	0	0	0
284	-0.045	0.00152	0.15	0	0	0	0	0
285	-0.015	0.00152	0.15	0	0	0	0	0
286	0.015	0.00152	0.15	0	0	0	0	0
287	0.045	0.00152	0.15	0	0	0	0	0
288	0.075	0.00152	0.15	0	0	0	0	0
289	0.105	0.00152	0.15	0	0	0	0	0
290	0.135	0.00152	0.15	0	0	0	0	0
291	-0.135	-0.00152	0.15	0	0	0	0	0
292	-0.105	-0.00152	0.15	0	0	0	0	0
293	-0.075	-0.00152	0.15	0	0	0	0	0
294	-0.045	-0.00152	0.15	0	0	0	0	0
295	-0.015	-0.00152	0.15	0	0	0	0	0
296	0.015	-0.00152	0.15	0	0	0	0	0
297	0.045	-0.00152	0.15	0	0	0	0	0
298	0.075	-0.00152	0.15	0	0	0	0	0
299	0.105	-0.00152	0.15	0	0	0	0	0
300	0.135	-0.00152	0.15	0	0	0	0	0
301	-0.135	0.001335	0.15	0	5000	0	0	5000
302	-0.105	0.001335	0.15	0	5000	0	0	5000
303	-0.075	0.001335	0.15	0	5000	0	0	5000
304	-0.045	0.001335	0.15	0	5000	0	0	5000
305	-0.015	0.001335	0.15	0	5000	0	0	5000
306	0.015	0.001335	0.15	0	5000	0	0	5000
307	0.045	0.001335	0.15	0	5000	0	0	5000
308	0.075	0.001335	0.15	0	5000	0	0	5000
309	0.105	0.001335	0.15	0	5000	0	0	5000
310	0.135	0.001335	0.15	0	5000	0	0	5000
311	-0.135	-0.001335	0.15	0	-5000	0	0	-5000
312	-0.105	-0.001335	0.15	0	-5000	0	0	-5000
313	-0.075	-0.001335	0.15	0	-5000	0	0	-5000
314	-0.045	-0.001335	0.15	0	-5000	0	0	-5000
315	-0.015	-0.001335	0.15	0	-5000	0	0	-5000
316	0.015	-0.001335	0.15	0	-5000	0	0	-5000
317	0.045	-0.001335	0.15	0	-5000	0	0	-5000
318	0.075	-0.001335	0.15	0	-5000	0	0	-5000
319	0.105	-0.001335	0.15	0	-5000	0	0	-5000
320	0.135	-0.001335	0.15	0	-5000	0	0	-5000
321	-0.135	0.000725	0.15	0	0	0	0	0
322	-0.105	0.000725	0.15	0	0	0	0	0
323	-0.075	0.000725	0.15	0	0	0	0	0
324	-0.045	0.000725	0.15	0	0	0	0	0
325	-0.015	0.000725	0.15	0	0	0	0	0
326	0.015	0.000725	0.15	0	0	0	0	0
327	0.045	0.000725	0.15	0	0	0	0	0
328	0.075	0.000725	0.15	0	0	0	0	0
329	0.105	0.000725	0.15	0	0	0	0	0
330	0.135	0.000725	0.15	0	0	0	0	0
331	-0.135	-0.000725	0.15	0	0	0	0	0
332	-0.105	-0.000725	0.15	0	0	0	0	0
333	-0.075	-0.000725	0.15	0	0	0	0	0
334	-0.045	-0.000725	0.15	0	0	0	0	0
335	-0.015	-0.000725	0.15	0	0	0	0	0
336	0.015	-0.000725	0.15	0	0	0	0	0
337	0.045	-0.000725	0.15	0	0	0	0	0
338	0.075	-0.000725	0.15	0	0	0	0	0
339	0.105	-0.000725	0.15	0	0	0	0	0
340	0.135	-0.000725	0.15	0	0	0	0	0
341	-0.135	-0.001695	-0.135	0	0	0	0	0
342	-0.135	-0.001695	-0.105	0	0	0	0	0
343	-0.135	-0.001695	-0.075	0	0	0	0	0
344	-0.135	-0.001695	-0.045	0	0	0	0	0
345	-0.135	-0.001695	-0.015	0	0	0	0	0
346	-0.135	-0.001695	0.015	0	0	0	0	0
347	-0.135	-0.001695	0.045	0	0	0	0	0
348	-0.135	-0.001695	0.075	0	0	0	0	0
349	-0.135	-0.001695	0.105	0	0	0	0	0
350	-0.135	-0.001695	0.135	0	0	0	0	0
351	-0.105	-0.001695	-0.135	0	0	0	0	0
352	-0.105	-0.001695	-0.105	0	0	0	0	0
353	-0.105	-0.001695	-0.075	0	0	0	0	0
354	-0.105	-0.001695	-0.045	0	0	0	0	0
355	-0.105	-0.001695	-0.015	0	0	0	0	0
356	-0.105	-0.001695	0.015	0	0	0	0	0
357	-0.105	-0.001695	0.045	0	0	0	0	0
358	-0.105	-0.001695	0.075	0	0	0	0	0
359	-0.105	-0.001695	0.105	0	0	0	0	0
360	-0.105	-0.001695	0.135	0	0	0	0	0
361	-0.075	-0.001695	-0.135	0	0	0	0	0
362	-0.075	-0.001695	-0.105	0	0	0	0	0
363	-0.075	-0.001695	-0.075	0	0	0	0	0
364	-0.075	-0.001695	-0.045	0	0	0	0	0
365	-0.075	-0.001695	-0.015	0	0	0	0	0
366	-0.075	-0.001695	0.015	0	0	0	0	0
367	-0.075	-0.001695	0.045	0	0	0	0	0
368	-0.075	-0.001695	0.075	0	0	0	0	0
369	-0.075	-0.001695	0.105	0	0	0	0	0
370	-0.075	-0.001695	0.135	0	0	0	0	0
371	-0.045	-0.001695	-0.135	0	0	0	0	0
372	-0.045	-0.001695	-0.105	0	0	0	0	0
373	-0.045	-0.001695	-0.075	0	0	0	0	0
374	-0.045	-0.001695	-0.045	0	0	0	0	0
375	-0.045	-0.001695	-0.015	0	0	0	0	0
376	-0.045	-0.001695	0.015	0	0	0	0	0
377	-0.045	-0.001695	0.045	0	0	0	0	0
378	-0.045	-0.001695	0.075	0	0	0	0	0
379	-0.045	-0.001695	0.105	0	0	0	0	0
380	-0.045	-0.001695	0.135	0	0	0	0	0
381	-0.015	-0.001695	-0.135	0	0	0	0	0
382	-0.015	-0.001695	-0.105	0	0	0	0	0
383	-0.015	-0.001695	-0.075	0	0	0	0	0
384	-0.015	-0.001695	-0.045	0	0	0	0	0
385	-0.015	-0.001695	-0.015	0	0	0	0	0
386	-0.015	-0.001695	0.015	0	0	0	0	0
387	-0.015	-0.001695	0.045	0	0	0	0	0
388	-0.015	-0.001695	0.075	0	0	0	0	0
389	-0.015	-0.001695	0.105	0	0	0	0	0
390	-0.015	-0.001695	0.135	0	0	0	0	0
391	0.015	-0.001695	-0.135	0	0	0	0	0
392	0.015	-0.001695	-0.105	0	0	0	0	0
393	0.015	-0.001695	-0.075	0	0	0	0	0
394	0.015	-0.001695	-0.045	0	0	0	0	0
395	0.015	-0.001695	-0.015	0	0	0	0	0
396	0.015	-0.001695	0.015	0	0	0	0	0
397	0.015	-0.001695	0.045	0	0	0	0	0
398	0.015	-0.001695	0.075	0	0	0	0	0
399	0.015	-0.001695	0.105	0	0	0	0	0
400	0.015	-0.001695	0.135	0	0	0	0	0
401	0.045	-0.001695	-0.135	0	0	0	0	0
402	0.045	-0.001695	-0.105	0	0	0	0	0
403	0.045	-0.001695	-0.075	0	0	0	0	0
404	0.045	-0.001695	-0.045	0	0	0	0	0
405	0.045	-0.001695	-0.015	0	0	0	0	0
406	0.045	-0.001695	0.015	0	0	0	0	0
407	0.045	-0.001695	0.045	0	0	0	0	0
408	0.045	-0.001695	0.075	0	0	0	0	0
409	0.045	-0.001695	0.105	0	0	0	0	0
410	0.045	-0.001695	0.135	0	0	0	0	0
411	0.075	-0.001695	-0.135	0	0	0	0	0
412	0.075	-0.001695	-0.105	0	0	0	0	0
413	0.075	-0.001695	-0.075	0	0	0	0	0
414	0.075	-0.001695	-0.045	0	0	0	0	0
415	0.075	-0.001695	-0.015	0	0	0	0	0
416	0.075	-0.001695	0.015	0	0	0	0	0
417	0.075	-0.001695	0.045	0	0	0	0	0
418	0.075	-0.001695	0.075	0	0	0	0	0
419	0.075	-0.001695	0.105	0	0	0	0	0
420	0.075	-0.001695	0.135	0	0	0	0	0
421	0.105	-0.001695	-0.135	0	0	0	0	0
422	0.105	-0.001695	-0.105	0	0	0	0	0
423	0.105	-0.001695	-0.075	0	0	0	0	0
424	0.105	-0.001695	-0.045	0	0	0	0	0
425	0.105	-0.001695	-0.015	0	0	0	0	0
426	0.105	-0.001695	0.015	0	0	0	0	0
427	0.105	-0.001695	0.045	0	0	0	0	0
428	0.105	-0.001695	0.075	0	0	0	0	0
429	0.105	-0.001695	0.105	0	0	0	0	0
430	0.105	-0.001695	0.135	0	0	0	0	0
431	0.135	-0.001695	-0.135	0	0	0	0	0
432	0.135	-0.001695	-0.105	0	0	0	0	0
433	0.135	-0.001695	-0.075	0	0	0	0	0
434	0.135	-0.001695	-0.045	0	0	0	0	0
435	0.135	-0.001695	-0.015	0	0	0	0	0
436	0.135	-0.001695	0.015	0	0	0	0	0
437	0.135	-0.001695	0.045	0	0	0	0	0
438	0.135	-0.001695	0.075	0	0	0	0	0
439	0.135	-0.001695	0.105	0	0	0	0	0
440	0.135	-0.001695	0.135	0	0	0	0	0
441	-0.135	0.001345	0.135	0	5000	0	0	5000
442	-0.135	0.001345	0.105	0	5000	0	0	5000
443	-0.135	0.001345	0.075	0	5000	0	0	5000
444	-0.135	0.001345	0.045	0	5000	0	0	5000
445	-0.135	0.001345	0.015	0	5000	0	0	5000
446	-0.135	0.001345	-0.015	0	5000	0	0	5000
447	-0.135	0.001345	-0.045	0	5000	0	0	5000
448	-0.135	0.001345	-0.075	0	5000	0	0	5000
449	-0.135	0.001345	-0.105	0	5000	0	0	5000
450	-0.135	0.001345	-0.135	0	5000	0	0	5000
451	-0.105	0.001345	0.135	0	5000	0	0	5000
452	-0.105	0.001345	0.105	0	5000	0	0	5000
453	-0.105	0.001345	0.075	0	5000	0	0	5000
454	-0.105	0.001345	0.045	0	5000	0	0	5000
455	-0.105	0.001345	0.015	0	5000	0	0	5000
456	-0.105	0.001345	-0.015	0	5000	0	0	5000
457	-0.105	0.001345	-0.045	0	5000	0	0	5000
458	-0.105	0.001345	-0.075	0	5000	0	0	5000
459	-0.105	0.001345	-0.105	0	5000	0	0	5000
460	-0.105	0.001345	-0.135	0	5000	0	0	5000
461	-0.075	0.001345	0.135	0	5000	0	0	5000
462	-0.075	0.001345	0.105	0	5000	0	0	5000
463	-0.075	0.001345	0.075	0	5000	0	0	5000
464	-0.075	0.001345	0.045	0	5000	0	0	5000
465	-0.075	0.001345	0.015	0	5000	0	0	5000
466	-0.075	0.001345	-0.015	0	5000	0	0	5000
467	-0.075	0.001345	-0.045	0	5000	0	0	5000
468	-0.075	0.001345	-0.075	0	5000	0	0	5000
469	-0.075	0.001345	-0.105	0	5000	0	0	5000
470	-0.075	0.001345	-0.135	0	5000	0	0	5000
471	-0.045	0.001345	0.135	0	5000	0	0	5000
472	-0.045	0.001345	0.105	0	5000	0	0	5000
473	-0.045	0.001345	0.075	0	5000	0	0	5000
474	-0.045	0.001345	0.045	0	5000	0	0	5000
475	-0.045	0.001345	0.015	0	5000	0	0	5000
476	-0.045	0.001345	-0.015	0	5000	0	0	5000
477	-0.045	0.001345	-0.045	0	5000	0	0	5000
478	-0.045	0.001345	-0.075	0	5000	0	0	5000
479	-0.045	0.001345	-0.105	0	5000	0	0	5000
480	-0.045	0.001345	-0.135	0	5000	0	0	5000
481	-0.015	0.001345	0.135	0	5000	0	0	5000
482	-0.015	0.001345	0.105	0	5000	0	0	5000
483	-0.015	0.001345	0.075	0	5000	0	0	5000
484	-0.015	0.001345	0.045	0	5000	0	0	5000
485	-0.015	0.001345	0.015	0	5000	0	0	5000
486	-0.015	0.001345	-0.015	0	5000	0	0	5000
487	-0.015	0.001345	-0.045	0	5000	0	0	5000
488	-0.015	0.001345	-0.075	0	5000	0	0	5000
489	-0.015	0.001345	-0.105	0	5000	0	0	5000
490	-0.015	0.001345	-0.135	0	5000	0	0	5000
491	0.015	0.001345	0.135	0	5000	0	0	5000
492	0.015	0.001345	0.105	0	5000	0	0	5000
493	0.015	0.001345	0.075	0	5000	0	0	5000
494	0.015	0.001345	0.045	0	5000	0	0	5000
495	0.015	0.001345	0.015	0	5000	0	0	5000
496	0.015	0.001345	-0.015	0	5000	0	0	5000
497	0.015	0.001345	-0.045	0	5000	0	0	5000
498	0.015	0.001345	-0.075	0	5000	0	0	5000
499	0.015	0.001345	-0.105	0	5000	0	0	5000
500	0.015	0.001345	-0.135	0	5000	0	0	5000
501	0.045	0.001345	0.135	0	5000	0	0	5000
502	0.045	0.001345	0.105	0	5000	0	0	5000
503	0.045	0.001345	0.075	0	5000	0	0	5000
504	0.045	0.001345	0.045	0	5000	0	0	5000
505	0.045	0.001345	0.015	0	5000	0	0	5000
506	0.045	0.001345	-0.015	0	5000	0	0	5000
507	0.045	0.001345	-0.045	0	5000	0	0	5000
508	0.045	0.001345	-0.075	0	5000	0	0	5000
509	0.045	0.001345	-0.105	0	5000	0	0	5000
510	0.045	0.001345	-0.135	0	5000	0	0	5000
511	0.075	0.001345	0.135	0	5000	0	0	5000
512	0.075	0.001345	0.105	0	5000	0	0	5000
513	0.075	0.001345	0.075	0	5000	0	0	5000
514	0.075	0.001345	0.045	0	5000	0	0	5000
515	0.075	0.001345	0.015	0	5000	0	0	5000
516	0.075	0.001345	-0.015	0	5000	0	0	5000
517	0.075	0.001345	-0.045	0	5000	0	0	5000
518	0.075	0.001345	-0.075	0	5000	0	0	5000
519	0.075	0.001345	-0.105	0	5000	0	0	5000
520	0.075	0.001345	-0.135	0	5000	0	0	5000
521	0.105	0.001345	0.135	0	5000	0	0	5000
522	0.105	0.001345	0.105	0	5000	0	0	5000
523	0.105	0.001345	0.075	0	5000	0	0	5000
524	0.105	0.001345	0.045	0	5000	0	0	5000
525	0.105	0.001345	0.015	0	5000	0	0	5000
526	0.105	0.001345	-0.015	0	5000	0	0	5000
527	0.105	0.001345	-0.045	0	5000	0	0	5000
528	0.105	0.001345	-0.075	0	5000	0	0	5000
529	0.105	0.001345	-0.105	0	5000	0	0	5000
530	0.105	0.001345	-0.135	0	5000	0	0	5000
531	0.135	0.001345	0.135	0	5000	0	0	5000
532	0.135	0.001345	0.105	0	5000	0	0	5000
533	0.135	0.001345	0.075	0	5000	0	0	5000
534	0.135	0.001345	0.045	0	5000	0	0	5000
535	0.135	0.001345	0.015	0	5000	0	0	5000
536	0.135	0.001345	-0.015	0	5000	0	0	5000
537	0.135	0.001345	-0.045	0	5000	0	0	5000
538	0.135	0.001345	-0.075	0	5000	0	0	5000
539	0.135	0.001345	-0.105	0	5000	0	0	5000
540	0.135	0.001345	-0.135	0	5000	0	0	5000
541	-0.135	-0.001345	-0.135	0	-5000	0	0	-5000
542	-0.135	-0.001345	-0.105	0	-5000	0	0	-5000
543	-0.135	-0.001345	-0.075	0	-5000	0	0	-5000
544	-0.135	-0.001345	-0.045	0	-5000	0	0	-5000
545	-0.135	-0.001345	-0.015	0	-5000	0	0	-5000
546	-0.135	-0.001345	0.015	0	-5000	0	0	-5000
547	-0.135	-0.001345	0.045	0	-5000	0	0	-5000
548	-0.135	-0.001345	0.075	0	-5000	0	0	-5000
549	-0.135	-0.001345	0.105	0	-5000	0	0	-5000
550	-0.135	-0.001345	0.135	0	-5000	0	0	-5000
551	-0.105	-0.001345	-0.135	0	-5000	0	0	-5000
552	-0.105	-0.001345	-0.105	0	-5000	0	0	-5000
553	-0.105	-0.001345	-0.075	0	-5000	0	0	-5000
554	-0.105	-0.001345	-0.045	0	-5000	0	0	-5000
555	-0.105	-0.001345	-0.015	0	-5000	0	0	-5000
556	-0.105	-0.001345	0.015	0	-5000	0	0	-5000
557	-0.105	-0.001345	0.045	0	-5000	0	0	-5000
558	-0.105	-0.001345	0.075	0	-5000	0	0	-5000
559	-0.105	-0.001345	0.105	0	-5000	0	0	-5000
560	-0.105	-0.001345	0.135	0	-5000	0	0	-5000
561	-0.075	-0.001345	-0.135	0	-5000	0	0	-5000
562	-0.075	-0.001345	-0.105	0	-5000	0	0	-5000
563	-0.075	-0.001345	-0.075	0	-5000	0	0	-5000
564	-0.075	-0.001345	-0.045	0	-5000	0	0	-5000
565	-0.075	-0.001345	-0.015	0	-5000	0	0	-5000
566	-0.075	-0.001345	0.015	0	-5000	0	0	-5000
567	-0.075	-0.001345	0.045	0	-5000	0	0	-5000
568	-0.075	-0.001345	0.075	0	-5000	0	0	-5000
569	-0.075	-0.001345	0.105	0	-5000	0	0	-5000
570	-0.075	-0.001345	0.135	0	-5000	0	0	-5000
571	-0.045	-0.001345	-0.135	0	-5000	0	0	-5000
572	-0.045	-0.001345	-0.105	0	-5000	0	0	-5000
573	-0.045	-0.001345	-0.075	0	-5000	0	0	-5000
574	-0.045	-0.001345	-0.045	0	-5000	0	0	-5000
575	-0.045	-0.001345	-0.015	0	-5000	0	0	-5000
576	-0.045	-0.001345	0.015	0	-5000	0	0	-5000
577	-0.045	-0.001345	0.045	0	-5000	0	0	-5000
578	-0.045	-0.001345	0.075	0	-5000	0	0	-5000
579	-0.045	-0.001345	0.105	0	-5000	0	0	-5000
580	-0.045	-0.001345	0.135	0	-5000	0	0	-5000
581	-0.015	-0.001345	-0.135	0	-5000	0	0	-5000
582	-0.015	-0.001345	-0.105	0	-5000	0	0	-5000
583	-0.015	-0.001345	-0.075	0	-5000	0	0	-5000
584	-0.015	-0.001345	-0.045	0	-5000	0	0	-5000
585	-0.015	-0.001345	-0.015	0	-5000	0	0	-5000
586	-0.015	-0.001345	0.015	0	-5000	0	0	-5000
587	-0.015	-0.001345	0.045	0	-5000	0	0	-5000
588	-0.015	-0.001345	0.075	0	-5000	0	0	-5000
589	-0.015	-0.001345	0.105	0	-5000	0	0	-5000
590	-0.015	-0.001345	0.135	0	-5000	0	0	-5000
591	0.015	-0.001345	-0.135	0	-5000	0	0	-5000
592	0.015	-0.001345	-0.105	0	-5000	0	0	-5000
593	0.015	-0.001345	-0.075	0	-5000	0	0	-5000
594	0.015	-0.001345	-0.045	0	-5000	0	0	-5000
595	0.015	-0.001345	-0.015	0	-5000	0	0	-5000
596	0.015	-0.001345	0.015	0	-5000	0	0	-5000
597	0.015	-0.001345	0.045	0	-5000	0	0	-5000
598	0.015	-0.001345	0.075	0	-5000	0	0	-5000
599	0.015	-0.001345	0.105	0	-5000	0	0	-5000
600	0.015	-0.001345	0.135	0	-5000	0	0	-5000
601	0.045	-0.001345	-0.135	0	-5000	0	0	-5000
602	0.045	-0.001345	-0.105	0	-5000	0	0	-5000
603	0.045	-0.001345	-0.075	0	-5000	0	0	-5000
604	0.045	-0.001345	-0.045	0	-5000	0	0	-5000
605	0.045	-0.001345	-0.015	0	-5000	0	0	-5000
606	0.045	-0.001345	0.015	0	-5000	0	0	-5000
607	0.045	-0.001345	0.045	0	-5000	0	0	-5000
608	0.045	-0.001345	0.075	0	-5000	0	0	-5000
609	0.045	-0.001345	0.105	0	-5000	0	0	-5000
610	0.045	-0.001345	0.135	0	-5000	0	0	-5000
611	0.075	-0.001345	-0.135	0	-5000	0	0	-5000
612	0.075	-0.001345	-0.105	0	-5000	0	0	-5000
613	0.075	-0.001345	-0.075	0	-5000	0	0	-5000
614	0.075	-0.001345	-0.045	0	-5000	0	0	-5000
615	0.075	-0.001345	-0.015	0	-5000	0	0	-5000
616	0.075	-0.001345	0.015	0	-5000	0	0	-5000
617	0.075	-0.001345	0.045	0	-5000	0	0	-5000
618	0.075	-0.001345	0.075	0	-5000	0	0	-5000
619	0.075	-0.001345	0.105	0	-5000	0	0	-5000
620	0.075	-0.001345	0.135	0	-5000	0	0	-5000
621	0.105	-0.001345	-0.135	0	-5000	0	0	-5000
622	0.105	-0.001345	-0.105	0	-5000	0	0	-5000
623	0.105	-0.001345	-0.075	0	-5000	0	0	-5000
624	0.105	-0.001345	-0.045	0	-5000	0	0	-5000
625	0.105	-0.001345	-0.015	0	-5000	0	0	-5000
626	0.105	-0.001345	0.015	0	-5000	0	0	-5000
627	0.105	-0.001345	0.045	0	-5000	0	0	-5000
628	0.105	-0.001345	0.075	0	-5000	0	0	-5000
629	0.105	-0.001345	0.105	0	-5000	0	0	-5000
630	0.105	-0.001345	0.135	0	-5000	0	0	-5000
631	0.135	-0.001345	-0.135	0	-5000	0	0	-5000
632	0.135	-0.001345	-0.105	0	-5000	0	0	-5000
633	0.135	-0.001345	-0.075	0	-5000	0	0	-5000
634	0.135	-0.001345	-0.045	0	-5000	0	0	-5000
635	0.135	-0.001345	-0.015	0	-5000	0	0	-5000
636	0.135	-0.001345	0.015	0	-5000	0	0	-5000
637	0.135	-0.001345	0.045	0	-5000	0	0	-5000
638	0.135	-0.001345	0.075	0	-5000	0	0	-5000
639	0.135	-0.001345	0.105	0	-5000	0	0	-5000
640	0.135	-0.001345	0.135	0	-5000	0	0	-5000
641	-0.135	0.001325	0.135	0	5000	0	0	5000
642	-0.135	0.001325	0.105	0	5000	0	0	5000
643	-0.135	0.001325	0.075	0	5000	0	0	5000
644	-0.135	0.001325	0.045	0	5000	0	0	5000
645	-0.135	0.001325	0.015	0	5000	0	0	5000
646	-0.135	0.001325	-0.015	0	5000	0	0	5000
647	-0.135	0.001325	-0.045	0	5000	0	0	5000
648	-0.135	0.001325	-0.075	0	5000	0	0	5000
649	-0.135	0.001325	-0.105	0	5000	0	0	5000
650	-0.135	0.001325	-0.135	0	5000	0	0	5000
651	-0.105	0.001325	0.135	0	5000	0	0	5000
652	-0.105	0.001325	0.105	0	5000	0	0	5000
653	-0.105	0.001325	0.075	0	5000	0	0	5000
654	-0.105	0.001325	0.045	0	5000	0	0	5000
655	-0.105	0.001325	0.015	0	5000	0	0	5000
656	-0.105	0.001325	-0.015	0	5000	0	0	5000
657	-0.105	0.001325	-0.045	0	5000	0	0	5000
658	-0.105	0.001325	-0.075	0	5000	0	0	5000
659	-0.105	0.001325	-0.105	0	5000	0	0	5000
660	-0.105	0.001325	-0.135	0	5000	0	0	5000
661	-0.075	0.001325	0.135	0	5000	0	0	5000
662	-0.075	0.001325	0.105	0	5000	0	0	5000
663	-0.075	0.001325	0.075	0	5000	0	0	5000
664	-0.075	0.001325	0.045	0	5000	0	0	5000
665	-0.075	0.001325	0.015	0	5000	0	0	5000
666	-0.075	0.001325	-0.015	0	5000	0	0	5000
667	-0.075	0.001325	-0.045	0	5000	0	0	5000
668	-0.075	0.001325	-0.075	0	5000	0	0	5000
669	-0.075	0.001325	-0.105	0	5000	0	0	5000
670	-0.075	0.001325	-0.135	0	5000	0	0	5000
671	-0.045	0.001325	0.135	0	5000	0	0	5000
672	-0.045	0.001325	0.105	0	5000	0	0	5000
673	-0.045	0.001325	0.075	0	5000	0	0	5000
674	-0.045	0.001325	0.045	0	5000	0	0	5000
675	-0.045	0.001325	0.015	0	5000	0	0	5000
676	-0.045	0.001325	-0.015	0	5000	0	0	5000
677	-0.045	0.001325	-0.045	0	5000	0	0	5000
678	-0.045	0.001325	-0.075	0	5000	0	0	5000
679	-0.045	0.001325	-0.105	0	5000	0	0	5000
680	-0.045	0.001325	-0.135	0	5000	0	0	5000
681	-0.015	0.001325	0.135	0	5000	0	0	5000
682	-0.015	0.001325	0.105	0	5000	0	0	5000
683	-0.015	0.001325	0.075	0	5000	0	0	5000
684	-0.015	0.001325	0.045	0	5000	0	0	5000
685	-0.015	0.001325	0.015	0	5000	0	0	5000
686	-0.015	0.001325	-0.015	0	5000	0	0	5000
687	-0.015	0.001325	-0.045	0	5000	0	0	5000
688	-0.015	0.001325	-0.075	0	5000	0	0	5000
689	-0.015	0.001325	-0.105	0	5000	0	0	5000
690	-0.015	0.001325	-0.135	0	5000	0	0	5000
691	0.015	0.001325	0.135	0	5000	0	0	5000
692	0.015	0.001325	0.105	0	5000	0	0	5000
693	0.015	0.001325	0.075	0	5000	0	0	5000
694	0.015	0.001325	0.045	0	5000	0	0	5000
695	0.015	0.001325	0.015	0	5000	0	0	5000
696	0.015	0.001325	-0.015	0	5000	0	0	5000
697	0.015	0.001325	-0.045	0	5000	0	0	5000
698	0.015	0.001325	-0.075	0	5000	0	0	5000
699	0.015	0.001325	-0.105	0	5000	0	0	5000
700	0.015	0.001325	-0.135	0	5000	0	0	5000
701	0.045	0.001325	0.135	0	5000	0	0	5000
702	0.045	0.001325	0.105	0	5000	0	0	5000
703	0.045	0.001325	0.075	0	5000	0	0	5000
704	0.045	0.001325	0.045	0	5000	0	0	5000
705	0.045	0.001325	0.015	0	5000	0	0	5000
706	0.045	0.001325	-0.015	0	5000	0	0	5000
707	0.045	0.001325	-0.045	0	5000	0	0	5000
708	0.045	0.001325	-0.075	0	5000	0	0	5000
709	0.045	0.001325	-0.105	0	5000	0	0	5000
710	0.045	0.001325	-0.135	0	5000	0	0	5000
711	0.075	0.001325	0.135	0	5000	0	0	5000
712	0.075	0.001325	0.105	0	5000	0	0	5000
713	0.075	0.001325	0.075	0	5000	0	0	5000
714	0.075	0.001325	0.045	0	5000	0	0	5000
715	0.075	0.001325	0.015	0	5000	0	0	5000
716	0.075	0.001325	-0.015	0	5000	0	0	5000
717	0.075	0.001325	-0.045	0	5000	0	0	5000
718	0.075	0.001325	-0.075	0	5000	0	0	5000
719	0.075	0.001325	-0.105	0	5000	0	0	5000
720	0.075	0.001325	-0.135	0	5000	0	0	5000
721	0.105	0.001325	0.135	0	5000	0	0	5000
722	0.105	0.001325	0.105	0	5000	0	0	5000
723	0.105	0.001325	0.075	0	5000	0	0	5000
724	0.105	0.001325	0.045	0	5000	0	0	5000
725	0.105	0.001325	0.015	0	5000	0	0	5000
726	0.105	0.001325	-0.015	0	5000	0	0	5000
727	0.105	0.001325	-0.045	0	5000	0	0	5000
728	0.105	0.001325	-0.075	0	5000	0	0	5000
729	0.105	0.001325	-0.105	0	5000	0	0	5000
730	0.105	0.001325	-0.135	0	5000	0	0	5000
731	0.135	0.001325	0.135	0	5000	0	0	5000
732	0.135	0.001325	0.105	0	5000	0	0	5000
733	0.135	0.001325	0.075	0	5000	0	0	5000
734	0.135	0.001325	0.045	0	5000	0	0	5000
735	0.135	0.001325	0.015	0	5000	0	0	5000
736	0.135	0.001325	-0.015	0	5000	0	0	5000
737	0.135	0.001325	-0.045	0	5000	0	0	5000
738	0.135	0.001325	-0.075	0	5000	0	0	5000
739	0.135	0.001325	-0.105	0	5000	0	0	5000
740	0.135	0.001325	-0.135	0	5000	0	0	5000
741	-0.135	-0.001325	-0.135	0	-5000	0	0	-5000
742	-0.135	-0.001325	-0.105	0	-5000	0	0	-5000
743	-0.135	-0.001325	-0.075	0	-5000	0	0	-5000
744	-0.135	-0.001325	-0.045	0	-5000	0	0	-5000
745	-0.135	-0.001325	-0.015	0	-5000	0	0	-5000
746	-0.135	-0.001325	0.015	0	-5000	0	0	-5000
747	-0.135	-0.001325	0.045	0	-5000	0	0	-5000
748	-0.135	-0.001325	0.075	0	-5000	0	0	-5000
749	-0.135	-0.001325	0.105	0	-5000	0	0	-5000
750	-0.135	-0.001325	0.135	0	-5000	0	0	-5000
751	-0.105	-0.001325	-0.135	0	-5000	0	0	-5000
752	-0.105	-0.001325	-0.105	0	-5000	0	0	-5000
753	-0.105	-0.001325	-0.075	0	-5000	0	0	-5000
754	-0.105	-0.001325	-0.045	0	-5000	0	0	-5000
755	-0.105	-0.001325	-0.015	0	-5000	0	0	-5000
756	-0.105	-0.001325	0.015	0	-5000	0	0	-5000
757	-0.105	-0.001325	0.045	0	-5000	0	0	-5000
758	-0.105	-0.001325	0.075	0	-5000	0	0	-5000
759	-0.105	-0.001325	0.105	0	-5000	0	0	-5000
760	-0.105	-0.001325	0.135	0	-5000	0	0	-5000
761	-0.075	-0.001325	-0.135	0	-5000	0	0	-5000
762	-0.075	-0.001325	-0.105	0	-5000	0	0	-5000
763	-0.075	-0.001325	-0.075	0	-5000	0	0	-5000
764	-0.075	-0.001325	-0.045	0	-5000	0	0	-5000
765	-0.075	-0.001325	-0.015	0	-5000	0	0	-5000
766	-0.075	-0.001325	0.015	0	-5000	0	0	-5000
767	-0.075	-0.001325	0.045	0	-5000	0	0	-5000
768	-0.075	-0.001325	0.075	0	-5000	0	0	-5000
769	-0.075	-0.001325	0.105	0	-5000	0	0	-5000
770	-0.075	-0.001325	0.135	0	-5000	0	0	-5000
771	-0.045	-0.001325	-0.135	0	-5000	0	0	-5000
772	-0.045	-0.001325	-0.105	0	-5000	0	0	-5000
773	-0.045	-0.001325	-0.075	0	-5000	0	0	-5000
774	-0.045	-0.001325	-0.045	0	-5000	0	0	-5000
775	-0.045	-0.001325	-0.015	0	-5000	0	0	-5000
776	-0.045	-0.001325	0.015	0	-5000	0	0	-5000
777	-0.045	-0.001325	0.045	0	-5000	0	0	-5000
778	-0.045	-0.001325	0.075	0	-5000	0	0	-5000
779	-0.045	-0.001325	0.105	0	-5000	0	0	-5000
780	-0.045	-0.001325	0.135	0	-5000	0	0	-5000
781	-0.015	-0.001325	-0.135	0	-5000	0	0	-5000
782	-0.015	-0.001325	-0.105	0	-5000	0	0	-5000
783	-0.015	-0.001325	-0.075	0	-5000	0	0	-5000
784	-0.015	-0.001325	-0.045	0	-5000	0	0	-5000
785	-0.015	-0.001325	-0.015	0	-5000	0	0	-5000
786	-0.015	-0.001325	0.015	0	-5000	0	0	-5000
787	-0.015	-0.001325	0.045	0	-5000	0	0	-5000
788	-0.015	-0.001325	0.075	0	-5000	0	0	-5000
789	-0.015	-0.001325	0.105	0	-5000	0	0	-5000
790	-0.015	-0.001325	0.135	0	-5000	0	0	-5000
791	0.015	-0.001325	-0.135	0	-5000	0	0	-5000
792	0.015	-0.001325	-0.105	0	-5000	0	0	-5000
793	0.015	-0.001325	-0.075	0	-5000	0	0	-5000
794	0.015	-0.001325	-0.045	0	-5000	0	0	-5000
795	0.015	-0.001325	-0.015	0	-5000	0	0	-5000
796	0.015	-0.001325	0.015	0	-5000	0	0	-5000
797	0.015	-0.001325	0.045	0	-5000	0	0	-5000
798	0.015	-0.001325	0.075	0	-5000	0	0	-5000
799	0.015	-0.001325	0.105	0	-5000	0	0	-5000
800	0.015	-0.001325	0.135	0	-5000	0	0	-5000
801	0.045	-0.001325	-0.135	0	-5000	0	0	-5000
802	0.045	-0.001325	-0.105	0	-5000	0	0	-5000
803	0.045	-0.001325	-0.075	0	-5000	0	0	-5000
804	0.045	-0.001325	-0.045	0	-5000	0	0	-5000
805	0.045	-0.001325	-0.015	0	-5000	0	0	-5000
806	0.045	-0.001325	0.015	0	-5000	0	0	-5000
807	0.045	-0.001325	0.045	0	-5000	0	0	-5000
808	0.045	-0.001325	0.075	0	-5000	0	0	-5000
809	0.045	-0.001325	0.105	0	-5000	0	0	-5000
810	0.045	-0.001325	0.135	0	-5000	0	0	-5000
811	0.075	-0.001325	-0.135	0	-5000	0	0	-5000
812	0.075	-0.001325	-0.105	0	-5000	0	0	-5000
813	0.075	-0.001325	-0.075	0	-5000	0	0	-5000
814	0.075	-0.001325	-0.045	0	-5000	0	0	-5000
815	0.075	-0.001325	-0.015	0	-5000	0	0	-5000
816	0.075	-0.001325	0.015	0	-5000	0	0	-5000
817	0.075	-0.001325	0.045	0	-5000	0	0	-5000
818	0.075	-0.001325	0.075	0	-5000	0	0	-5000
819	0.075	-0.001325	0.105	0	-5000	0	0	-5000
820	0.075	-0.001325	0.135	0	-5000	0	0	-5000
821	0.105	-0.001325	-0.135	0	-5000	0	0	-5000
822	0.105	-0.001325	-0.105	0	-5000	0	0	-5000
823	0.105	-0.001325	-0.075	0	-5000	0	0	-5000
824	0.105	-0.001325	-0.045	0	-5000	0	0	-5000
825	0.105	-0.001325	-0.015	0	-5000	0	0	-5000
826	0.105	-0.001325	0.015	0	-5000	0	0	-5000
827	0.105	-0.001325	0.045	0	-5000	0	0	-5000
828	0.105	-0.001325	0.075	0	-5000	0	0	-5000
829	0.105	-0.001325	0.105	0	-5000	0	0	-5000
830	0.105	-0.001325	0.135	0	-5000	0	0	-5000
831	0.135	-0.001325	-0.135	0	-5000	0	0	-5000
832	0.135	-0.001325	-0.105	0	-5000	0	0	-5000
833	0.135	-0.001325	-0.075	0	-5000	0	0	-5000
834	0.135	-0.001325	-0.045	0	-5000	0	0	-5000
835	0.135	-0.001325	-0.015	0	-5000	0	0	-5000
836	0.135	-0.001325	0.015	0	-5000	0	0	-5000
837	0.135	-0.001325	0.045	0	-5000	0	0	-5000
838	0.135	-0.001325	0.075	0	-5000	0	0	-5000
839	0.135	-0.001325	0.105	0	-5000	0	0	-5000
840	0.135	-0.001325	0.135	0	-5000	0	0	-5000
841	-0.135	0.000125	0.135	0	0	0	0	0
842	-0.135	0.000125	0.105	0	0	0	0	0
843	-0.135	0.000125	0.075	0	0	0	0	0
844	-0.135	0.000125	0.045	0	0	0	0	0
845	-0.135	0.000125	0.015	0	0	0	0	0
846	-0.135	0.000125	-0.015	0	0	0	0	0
847	-0.135	0.000125	-0.045	0	0	0	0	0
848	-0.135	0.000125	-0.075	0	0	0	0	0
849	-0.135	0.000125	-0.105	0	0	0	0	0
850	-0.135	0.000125	-0.135	0	0	0	0	0
851	-0.105	0.000125	0.135	0	0	0	0	0
852	-0.105	0.000125	0.105	0	0	0	0	0
853	-0.105	0.000125	0.075	0	0	0	0	0
854	-0.105	0.000125	0.045	0	0	0	0	0
855	-0.105	0.000125	0.015	0	0	0	0	0
856	-0.105	0.000125	-0.015	0	0	0	0	0
857	-0.105	0.000125	-0.045	0	0	0	0	0
858	-0.105	0.000125	-0.075	0	0	0	0	0
859	-0.105	0.000125	-0.105	0	0	0	0	0
860	-0.105	0.000125	-0.135	0	0	0	0	0
861	-0.075	0.000125	0.135	0	0	0	0	0
862	-0.075	0.000125	0.105	0	0	0	0	0
863	-0.075	0.000125	0.075	0	0	0	0	0
864	-0.075	0.000125	0.045	0	0	0	0	0
865	-0.075	0.000125	0.015	0	0	0	0	0
866	-0.075	0.000125	-0.015	0	0	0	0	0
867	-0.075	0.000125	-0.045	0	0	0	0	0
868	-0.075	0.000125	-0.075	0	0	0	0	0
869	-0.075	0.000125	-0.105	0	0	0	0	0
870	-0.075	0.000125	-0.135	0	0	0	0	0
871	-0.045	0.000125	0.135	0	0	0	0	0
872	-0.045	0.000125	0.105	0	0	0	0	0
873	-0.045	0.000125	0.075	0	0	0	0	0
874	-0.045	0.000125	0.045	0	0	0	0	0
875	-0.045	0.000125	0.015	0	0	0	0	0
876	-0.045	0.000125	-0.015	0	0	0	0	0
877	-0.045	0.000125	-0.045	0	0	0	0	0
878	-0.045	0.000125	-0.075	0	0	0	0	0
879	-0.045	0.000125	-0.105	0	0	0	0	0
880	-0.045	0.000125	-0.135	0	0	0	0	0
881	-0.015	0.000125	0.135	0	0	0	0	0
882	-0.015	0.000125	0.105	0	0	0	0	0
883	-0.015	0.000125	0.075	0	0	0	0	0
884	-0.015	0.000125	0.045	0	0	0	0	0
885	-0.015	0.000125	0.015	0	0	0	0	0
886	-0.015	0.000125	-0.015	0	0	0	0	0
887	-0.015	0.000125	-0.045	0	0	0	0	0
888	-0.015	0.000125	-0.075	0	0	0	0	0
889	-0.015	0.000125	-0.105	0	0	0	0	0
890	-0.015	0.000125	-0.135	0	0	0	0	0
891	0.015	0.000125	0.135	0	0	0	0	0
892	0.015	0.000125	0.105	0	0	0	0	0
893	0.015	0.000125	0.075	0	0	0	0	0
894	0.015	0.000125	0.045	0	0	0	0	0
895	0.015	0.000125	0.015	0	0	0	0	0
896	0.015	0.000125	-0.015	0	0	0	0	0
897	0.015	0.000125	-0.045	0	0	0	0	0
898	0.015	0.000125	-0.075	0	0	0	0	0
899	0.015	0.000125	-0.105	0	0	0	0	0
900	0.015	0.000125	-0.135	0	0	0	0	0
901	0.045	0.000125	0.135	0	0	0	0	0
902	0.045	0.000125	0.105	0	0	0	0	0
903	0.045	0.000125	0.075	0	0	0	0	0
904	0.045	0.000125	0.045	0	0	0	0	0
905	0.045	0.000125	0.015	0	0	0	0	0
906	0.045	0.000125	-0.015	0	0	0	0	0
907	0.045	0.000125	-0.045	0	0	0	0	0
908	0.045	0.000125	-0.075	0	0	0	0	0
909	0.045	0.000125	-0.105	0	0	0	0	0
910	0.045	0.000125	-0.135	0	0	0	0	0
911	0.075	0.000125	0.135	0	0	0	0	0
912	0.075	0.000125	0.105	0	0	0	0	0
913	0.075	0.000125	0.075	0	0	0	0	0
914	0.075	0.000125	0.045	0	0	0	0	0
915	0.075	0.000125	0.015	0	0	0	0	0
916	0.075	0.000125	-0.015	0	0	0	0	0
917	0.075	0.000125	-0.045	0	0	0	0	0
918	0.075	0.000125	-0.075	0	0	0	0	0
919	0.075	0.000125	-0.105	0	0	0	0	0
920	0.075	0.000125	-0.135	0	0	0	0	0
921	0.105	0.000125	0.135	0	0	0	0	0
922	0.105	0.000125	0.105	0	0	0	0	0
923	0.105	0.000125	0.075	0	0	0	0	0
924	0.105	0.000125	0.045	0	0	0	0	0
925	0.105	0.000125	0.015	0	0	0	0	0
926	0.105	0.000125	-0.015	0	0	0	0	0
927	0.105	0.000125	-0.045	0	0	0	0	0
928	0.105	0.000125	-0.075	0	0	0	0	0
929	0.105	0.000125	-0.105	0	0	0	0	0
930	0.105	0.000125	-0.135	0	0	0	0	0
931	0.135	0.000125	0.135	0	0	0	0	0
932	0.135	0.000125	0.105	0	0	0	0	0
933	0.135	0.000125	0.075	0	0	0	0	0
934	0.135	0.000125	0.045	0	0	0	0	0
935	0.135	0.000125	0.015	0	0	0	0	0
936	0.135	0.000125	-0.015	0	0	0	0	0
937	0.135	0.000125	-0.045	0	0	0	0	0
938	0.135	0.000125	-0.075	0	0	0	0	0
939	0.135	0.000125	-0.105	0	0	0	0	0
940	0.135	0.000125	-0.135	0	0	0	0	0
941	-0.135	-0.000125	-0.135	0	0	0	0	0
942	-0.135	-0.000125	-0.105	0	0	0	0	0
943	-0.135	-0.000125	-0.075	0	0	0	0	0
944	-0.135	-0.000125	-0.045	0	0	0	0	0
945	-0.135	-0.000125	-0.015	0	0	0	0	0
946	-0.135	-0.000125	0.015	0	0	0	0	0
947	-0.135	-0.000125	0.045	0	0	0	0	0
948	-0.135	-0.000125	0.075	0	0	0	0	0
949	-0.135	-0.000125	0.105	0	0	0	0	0
950	-0.135	-0.000125	0.135	0	0	0	0	0
951	-0.105	-0.000125	-0.135	0	0	0	0	0
952	-0.105	-0.000125	-0.105	0	0	0	0	0
953	-0.105	-0.000125	-0.075	0	0	0	0	0
954	-0.105	-0.000125	-0.045	0	0	0	0	0
955	-0.105	-0.000125	-0.015	0	0	0	0	0
956	-0.105	-0.000125	0.015	0	0	0	0	0
957	-0.105	-0.000125	0.045	0	0	0	0	0
958	-0.105	-0.000125	0.075	0	0	0	0	0
959	-0.105	-0.000125	0.105	0	0	0	0	0
960	-0.105	-0.000125	0.135	0	0	0	0	0
961	-0.075	-0.000125	-0.135	0	0	0	0	0
962	-0.075	-0.000125	-0.105	0	0	0	0	0
963	-0.075	-0.000125	-0.075	0	0	0	0	0
964	-0.075	-0.000125	-0.045	0	0	0	0	0
965	-0.075	-0.000125	-0.015	0	0	0	0	0
966	-0.075	-0.000125	0.015	0	0	0	0	0
967	-0.075	-0.000125	0.045	0	0	0	0	0
968	-0.075	-0.000125	0.075	0	0	0	0	0
969	-0.075	-0.000125	0.105	0	0	0	0	0
970	-0.075	-0.000125	0.135	0	0	0	0	0
971	-0.045	-0.000125	-0.135	0	0	0	0	0
972	-0.045	-0.000125	-0.105	0	0	0	0	0
973	-0.045	-0.000125	-0.075	0	0	0	0	0
974	-0.045	-0.000125	-0.045	0	0	0	0	0
975	-0.045	-0.000125	-0.015	0	0	0	0	0
976	-0.045	-0.000125	0.015	0	0	0	0	0
977	-0.045	-0.000125	0.045	0	0	0	0	0
978	-0.045	-0.000125	0.075	0	0	0	0	0
979	-0.045	-0.000125	0.105	0	0	0	0	0
980	-0.045	-0.000125	0.135	0	0	0	0	0
981	-0.015	-0.000125	-0.135	0	0	0	0	0
982	-0.015	-0.000125	-0.105	0	0	0	0	0
983	-0.015	-0.000125	-0.075	0	0	0	0	0
984	-0.015	-0.000125	-0.045	0	0	0	0	0
985	-0.015	-0.000125	-0.015	0	0	0	0	0
986	-0.015	-0.000125	0.015	0	0	0	0	0
987	-0.015	-0.000125	0.045	0	0	0	0	0
988	-0.015	-0.000125	0.075	0	0	0	0	0
989	-0.015	-0.000125	0.105	0	0	0	0	0
990	-0.015	-0.000125	0.135	0	0	0	0	0
991	0.015	-0.000125	-0.135	0	0	0	0	0
992	0.015	-0.000125	-0.105	0	0	0	0	0
993	0.015	-0.000125	-0.075	0	0	0	0	0
994	0.015	-0.000125	-0.045	0	0	0	0	0
995	0.015	-0.000125	-0.015	0	0	0	0	0
996	0.015	-0.000125	0.015	0	0	0	0	0
997	0.015	-0.000125	0.045	0	0	0	0	0
998	0.015	-0.000125	0.075	0	0	0	0	0
999	0.015	-0.000125	0.105	0	0	0	0	0
1000	0.015	-0.000125	0.135	0	0	0	0	0
1001	0.045	-0.000125	-0.135	0	0	0	0	0
1002	0.045	-0.000125	-0.105	0	0	0	0	0
1003	0.045	-0.000125	-0.075	0	0	0	0	0
1004	0.045	-0.000125	-0.045	0	0	0	0	0
1005	0.045	-0.000125	-0.015	0	0	0	0	0
1006	0.045	-0.000125	0.015	0	0	0	0	0
1007	0.045	-0.000125	0.045	0	0	0	0	0
1008	0.045	-0.000125	0.075	0	0	0	0	0
1009	0.045	-0.000125	0.105	0	0	0	0	0
1010	0.045	-0.000125	0.135	0	0	0	0	0
1011	0.075	-0.000125	-0.135	0	0	0	0	0
1012	0.075	-0.000125	-0.105	0	0	0	0	0
1013	0.075	-0.000125	-0.075	0	0	0	0	0
1014	0.075	-0.000125	-0.045	0	0	0	0	0
1015	0.075	-0.000125	-0.015	0	0	0	0	0
1016	0.075	-0.000125	0.015	0	0	0	0	0
1017	0.075	-0.000125	0.045	0	0	0	0	0
1018	0.075	-0.000125	0.075	0	0	0	0	0
1019	0.075	-0.000125	0.105	0	0	0	0	0
1020	0.075	-0.000125	0.135	0	0	0	0	0
1021	0.105	-0.000125	-0.135	0	0	0	0	0
1022	0.105	-0.000125	-0.105	0	0	0	0	0
1023	0.105	-0.000125	-0.075	0	0	0	0	0
1024	0.105	-0.000125	-0.045	0	0	0	0	0
1025	0.105	-0.000125	-0.015	0	0	0	0	0
1026	0.105	-0.000125	0.015	0	0	0	0	0
1027	0.105	-0.000125	0.045	0	0	0	0	0
1028	0.105	-0.000125	0.075	0	0	0	0	0
1029	0.105	-0.000125	0.105	0	0	0	0	0
1030	0.105	-0.000125	0.135	0	0	0	0	0
1031	0.135	-0.000125	-0.135	0	0	0	0	0
1032	0.135	-0.000125	-0.105	0	0	0	0	0
1033	0.135	-0.000125	-0.075	0	0	0	0	0
1034	0.135	-0.000125	-0.045	0	0	0	0	0
1035	0.135	-0.000125	-0.015	0	0	0	0	0
1036	0.135	-0.000125	0.015	0	0	0	0	0
1037	0.135	-0.000125	0.045	0	0	0	0	0
1038	0.135	-0.000125	0.075	0	0	0	0	0
1039	0.135	-0.000125	0.105	0	0	0	0	0
1040	0.135	-0.000125	0.135	0	0	0	0	0
