#EleNb	X	Y	Z	Solution	Assigned	Total
1	-0.15	0.00152	-0.135	1.301748194025791e-05	0	1.301748194025791e-05
2	-0.15	0.00152	-0.105	1.280407164718212e-05	0	1.280407164718212e-05
3	-0.15	0.00152	-0.075	1.27717267191421e-05	0	1.27717267191421e-05
4	-0.15	0.00152	-0.045	1.2760038627477e-05	0	1.2760038627477e-05
5	-0.15	0.00152	-0.015	1.275569404406218e-05	0	1.275569404406218e-05
6	-0.15	0.00152	0.015	1.275569404411966e-05	0	1.275569404411966e-05
7	-0.15	0.00152	0.045	1.276003862728356e-05	0	1.276003862728356e-05
8	-0.15	0.00152	0.075	1.277172671868786e-05	0	1.277172671868786e-05
9	-0.15	0.00152	0.105	1.280407164681992e-05	0	1.280407164681992e-05
10	-0.15	0.00152	0.135	1.301748193944718e-05	0	1.301748193944718e-05
11	-0.15	-0.00152	-0.135	-1.301748193944137e-05	0	-1.301748193944137e-05
12	-0.15	-0.00152	-0.105	-1.280407164682107e-05	0	-1.280407164682107e-05
13	-0.15	-0.00152	-0.075	-1.277172671869152e-05	0	-1.277172671869152e-05
14	-0.15	-0.00152	-0.045	-1.276003862733847e-05	0	-1.276003862733847e-05
15	-0.15	-0.00152	-0.015	-1.275569404413748e-05	0	-1.275569404413748e-05
16	-0.15	-0.00152	0.015	-1.275569404405921e-05	0	-1.275569404405921e-05
17	-0.15	-0.00152	0.045	-1.276003862742229e-05	0	-1.276003862742229e-05
18	-0.15	-0.00152	0.075	-1.277172671913473e-05	0	-1.277172671913473e-05
19	-0.15	-0.00152	0.105	-1.280407164753224e-05	0	-1.280407164753224e-05
20	-0.15	-0.00152	0.135	-1.301748194025413e-05	0	-1.301748194025413e-05
21	-0.15	0.001335	-0.135	0.0006523123916672602	0	0.0006523123916672602
22	-0.15	0.001335	-0.105	0.0006505944042814386	0	0.0006505944042814386
23	-0.15	0.001335	-0.075	0.00064977175871532	0	0.00064977175871532
24	-0.15	0.001335	-0.045	0.0006494121423504969	0	0.0006494121423504969
25	-0.15	0.001335	-0.015	0.0006492679981438315	0	0.0006492679981438315
26	-0.15	0.001335	0.015	0.0006492679994226186	0	0.0006492679994226186
27	-0.15	0.001335	0.045	0.0006494121466412788	0	0.0006494121466412788
28	-0.15	0.001335	0.075	0.0006497717591154163	0	0.0006497717591154163
29	-0.15	0.001335	0.105	0.0006505944077986795	0	0.0006505944077986795
30	-0.15	0.001335	0.135	0.0006523123899515316	0	0.0006523123899515316
31	-0.15	-0.001335	-0.135	-0.0006523123916881365	0	-0.0006523123916881365
32	-0.15	-0.001335	-0.105	-0.0006505944042669052	0	-0.0006505944042669052
33	-0.15	-0.001335	-0.075	-0.0006497717587261094	0	-0.0006497717587261094
34	-0.15	-0.001335	-0.045	-0.0006494121423538223	0	-0.0006494121423538223
35	-0.15	-0.001335	-0.015	-0.0006492679981436147	0	-0.0006492679981436147
36	-0.15	-0.001335	0.015	-0.0006492679994227309	0	-0.0006492679994227309
37	-0.15	-0.001335	0.045	-0.0006494121466371005	0	-0.0006494121466371005
38	-0.15	-0.001335	0.075	-0.0006497717591017591	0	-0.0006497717591017591
39	-0.15	-0.001335	0.105	-0.0006505944077964493	0	-0.0006505944077964493
40	-0.15	-0.001335	0.135	-0.0006523123899336878	0	-0.0006523123899336878
41	-0.15	0.000725	-0.135	2.094979789546825e-05	0	2.094979789546825e-05
42	-0.15	0.000725	-0.105	2.083450898625419e-05	0	2.083450898625419e-05
43	-0.15	0.000725	-0.075	2.081666236650354e-05	0	2.081666236650354e-05
44	-0.15	0.000725	-0.045	2.081018935806739e-05	0	2.081018935806739e-05
45	-0.15	0.000725	-0.015	2.08077791818836e-05	0	2.08077791818836e-05
46	-0.15	0.000725	0.015	2.080777918185578e-05	0	2.080777918185578e-05
47	-0.15	0.000725	0.045	2.081018935792049e-05	0	2.081018935792049e-05
48	-0.15	0.000725	0.075	2.081666236628013e-05	0	2.081666236628013e-05
49	-0.15	0.000725	0.105	2.083450898642373e-05	0	2.083450898642373e-05
50	-0.15	0.000725	0.135	2.094979789511807e-05	0	2.094979789511807e-05
51	-0.15	-0.000725	-0.135	-2.094979789511819e-05	0	-2.094979789511819e-05
52	-0.15	-0.000725	-0.105	-2.083450898677872e-05	0	-2.083450898677872e-05
53	-0.15	-0.000725	-0.075	-2.081666236631386e-05	0	-2.081666236631386e-05
54	-0.15	-0.000725	-0.045	-2.081018935797157e-05	0	-2.081018935797157e-05
55	-0.15	-0.000725	-0.015	-2.080777918186744e-05	0	-2.080777918186744e-05
56	-0.15	-0.000725	0.015	-2.080777918185771e-05	0	-2.080777918185771e-05
57	-0.15	-0.000725	0.045	-2.081018935803044e-05	0	-2.081018935803044e-05
58	-0.15	-0.000725	0.075	-2.0816662366482e-05	0	-2.0816662366482e-05
59	-0.15	-0.000725	0.105	-2.083450898622983e-05	0	-2.083450898622983e-05
60	-0.15	-0.000725	0.135	-2.094979789546842e-05	0	-2.094979789546842e-05
61	0.15	0.00152	0.135	1.301748193946389e-05	0	1.301748193946389e-05
62	0.15	0.00152	0.105	1.280407164684938e-05	0	1.280407164684938e-05
63	0.15	0.00152	0.075	1.277172671870855e-05	0	1.277172671870855e-05
64	0.15	0.00152	0.045	1.276003862734358e-05	0	1.276003862734358e-05
65	0.15	0.00152	0.015	1.275569404413668e-05	0	1.275569404413668e-05
66	0.15	0.00152	-0.015	1.27556940440443e-05	0	1.27556940440443e-05
67	0.15	0.00152	-0.045	1.276003862742601e-05	0	1.276003862742601e-05
68	0.15	0.00152	-0.075	1.277172671915066e-05	0	1.277172671915066e-05
69	0.15	0.00152	-0.105	1.280407164754411e-05	0	1.280407164754411e-05
70	0.15	0.00152	-0.135	1.301748194027767e-05	0	1.301748194027767e-05
71	0.15	-0.00152	0.135	-1.30174819402673e-05	0	-1.30174819402673e-05
72	0.15	-0.00152	0.105	-1.280407164719611e-05	0	-1.280407164719611e-05
73	0.15	-0.00152	0.075	-1.27717267191561e-05	0	-1.27717267191561e-05
74	0.15	-0.00152	0.045	-1.276003862748591e-05	0	-1.276003862748591e-05
75	0.15	-0.00152	0.015	-1.275569404407211e-05	0	-1.275569404407211e-05
76	0.15	-0.00152	-0.015	-1.275569404412725e-05	0	-1.275569404412725e-05
77	0.15	-0.00152	-0.045	-1.276003862728541e-05	0	-1.276003862728541e-05
78	0.15	-0.00152	-0.075	-1.277172671870006e-05	0	-1.277172671870006e-05
79	0.15	-0.00152	-0.105	-1.28040716468194e-05	0	-1.28040716468194e-05
80	0.15	-0.00152	-0.135	-1.301748193946211e-05	0	-1.301748193946211e-05
81	0.15	0.001335	0.135	0.0006523123916870046	0	0.0006523123916870046
82	0.15	0.001335	0.105	0.0006505944042664049	0	0.0006505944042664049
83	0.15	0.001335	0.075	0.0006497717587244154	0	0.0006497717587244154
84	0.15	0.001335	0.045	0.000649412142355119	0	0.000649412142355119
85	0.15	0.001335	0.015	0.0006492679981422865	0	0.0006492679981422865
86	0.15	0.001335	-0.015	0.0006492679994223676	0	0.0006492679994223676
87	0.15	0.001335	-0.045	0.0006494121466353676	0	0.0006494121466353676
88	0.15	0.001335	-0.075	0.000649771759102459	0	0.000649771759102459
89	0.15	0.001335	-0.105	0.0006505944077959059	0	0.0006505944077959059
90	0.15	0.001335	-0.135	0.0006523123899330833	0	0.0006523123899330833
91	0.15	-0.001335	0.135	-0.000652312391668249	0	-0.000652312391668249
92	0.15	-0.001335	0.105	-0.0006505944042807307	0	-0.0006505944042807307
93	0.15	-0.001335	0.075	-0.0006497717587157169	0	-0.0006497717587157169
94	0.15	-0.001335	0.045	-0.0006494121423513455	0	-0.0006494121423513455
95	0.15	-0.001335	0.015	-0.0006492679981420576	0	-0.0006492679981420576
96	0.15	-0.001335	-0.015	-0.000649267999421307	0	-0.000649267999421307
97	0.15	-0.001335	-0.045	-0.0006494121466400226	0	-0.0006494121466400226
98	0.15	-0.001335	-0.075	-0.0006497717591115508	0	-0.0006497717591115508
99	0.15	-0.001335	-0.105	-0.0006505944077973688	0	-0.0006505944077973688
100	0.15	-0.001335	-0.135	-0.000652312389952675	0	-0.000652312389952675
101	0.15	0.000725	0.135	2.094979789509546e-05	0	2.094979789509546e-05
102	0.15	0.000725	0.105	2.083450898677159e-05	0	2.083450898677159e-05
103	0.15	0.000725	0.075	2.081666236630916e-05	0	2.081666236630916e-05
104	0.15	0.000725	0.045	2.081018935796597e-05	0	2.081018935796597e-05
105	0.15	0.000725	0.015	2.080777918186869e-05	0	2.080777918186869e-05
106	0.15	0.000725	-0.015	2.080777918186131e-05	0	2.080777918186131e-05
107	0.15	0.000725	-0.045	2.081018935802264e-05	0	2.081018935802264e-05
108	0.15	0.000725	-0.075	2.081666236647215e-05	0	2.081666236647215e-05
109	0.15	0.000725	-0.105	2.083450898622027e-05	0	2.083450898622027e-05
110	0.15	0.000725	-0.135	2.094979789545298e-05	0	2.094979789545298e-05
111	0.15	-0.000725	0.135	-2.094979789545768e-05	0	-2.094979789545768e-05
112	0.15	-0.000725	0.105	-2.083450898623414e-05	0	-2.083450898623414e-05
113	0.15	-0.000725	0.075	-2.081666236649975e-05	0	-2.081666236649975e-05
114	0.15	-0.000725	0.045	-2.081018935806231e-05	0	-2.081018935806231e-05
115	0.15	-0.000725	0.015	-2.080777918187774e-05	0	-2.080777918187774e-05
116	0.15	-0.000725	-0.015	-2.080777918184801e-05	0	-2.080777918184801e-05
117	0.15	-0.000725	-0.045	-2.081018935792326e-05	0	-2.081018935792326e-05
118	0.15	-0.000725	-0.075	-2.081666236629517e-05	0	-2.081666236629517e-05
119	0.15	-0.000725	-0.105	-2.083450898642979e-05	0	-2.083450898642979e-05
120	0.15	-0.000725	-0.135	-2.094979789509868e-05	0	-2.094979789509868e-05
121	-0.135	0.001695	0.135	1.108420136144585e-06	0	1.108420136144585e-06
122	-0.135	0.001695	0.105	7.752745741436079e-07	0	7.752745741436079e-07
123	-0.135	0.001695	0.075	7.265620222488049e-07	0	7.265620222488049e-07
124	-0.135	0.001695	0.045	7.091234146316686e-07	0	7.091234146316686e-07
125	-0.135	0.001695	0.015	7.026690463791288e-07	0	7.026690463791288e-07
126	-0.135	0.001695	-0.015	7.026690464109981e-07	0	7.026690464109981e-07
127	-0.135	0.001695	-0.045	7.091234147101625e-07	0	7.091234147101625e-07
128	-0.135	0.001695	-0.075	7.265620222770216e-07	0	7.265620222770216e-07
129	-0.135	0.001695	-0.105	7.75274574209279e-07	0	7.75274574209279e-07
130	-0.135	0.001695	-0.135	1.108420136136138e-06	0	1.108420136136138e-06
131	-0.105	0.001695	0.135	7.752745742081683e-07	0	7.752745742081683e-07
132	-0.105	0.001695	0.105	3.786380310721213e-07	0	3.786380310721213e-07
133	-0.105	0.001695	0.075	3.169982257002241e-07	0	3.169982257002241e-07
134	-0.105	0.001695	0.045	2.954747072231856e-07	0	2.954747072231856e-07
135	-0.105	0.001695	0.015	2.87656032591837e-07	0	2.87656032591837e-07
136	-0.105	0.001695	-0.015	2.876560325941028e-07	0	2.876560325941028e-07
137	-0.105	0.001695	-0.045	2.954747072221793e-07	0	2.954747072221793e-07
138	-0.105	0.001695	-0.075	3.16998225702011e-07	0	3.16998225702011e-07
139	-0.105	0.001695	-0.105	3.786380310720981e-07	0	3.786380310720981e-07
140	-0.105	0.001695	-0.135	7.752745741423395e-07	0	7.752745741423395e-07
141	-0.075	0.001695	0.135	7.265620222793326e-07	0	7.265620222793326e-07
142	-0.075	0.001695	0.105	3.169982257007584e-07	0	3.169982257007584e-07
143	-0.075	0.001695	0.075	2.491045960110615e-07	0	2.491045960110615e-07
144	-0.075	0.001695	0.045	2.248749705986186e-07	0	2.248749705986186e-07
145	-0.075	0.001695	0.015	2.160298230971104e-07	0	2.160298230971104e-07
146	-0.075	0.001695	-0.015	2.160298230914121e-07	0	2.160298230914121e-07
147	-0.075	0.001695	-0.045	2.248749706001605e-07	0	2.248749706001605e-07
148	-0.075	0.001695	-0.075	2.491045960090623e-07	0	2.491045960090623e-07
149	-0.075	0.001695	-0.105	3.16998225697751e-07	0	3.16998225697751e-07
150	-0.075	0.001695	-0.135	7.265620222465048e-07	0	7.265620222465048e-07
151	-0.045	0.001695	0.135	7.091234147163376e-07	0	7.091234147163376e-07
152	-0.045	0.001695	0.105	2.954747072278456e-07	0	2.954747072278456e-07
153	-0.045	0.001695	0.075	2.248749705981362e-07	0	2.248749705981362e-07
154	-0.045	0.001695	0.045	1.991968925656059e-07	0	1.991968925656059e-07
155	-0.045	0.001695	0.015	1.897394946699497e-07	0	1.897394946699497e-07
156	-0.045	0.001695	-0.015	1.897394946666413e-07	0	1.897394946666413e-07
157	-0.045	0.001695	-0.045	1.991968925667917e-07	0	1.991968925667917e-07
158	-0.045	0.001695	-0.075	2.248749705998486e-07	0	2.248749705998486e-07
159	-0.045	0.001695	-0.105	2.954747072196383e-07	0	2.954747072196383e-07
160	-0.045	0.001695	-0.135	7.091234146350837e-07	0	7.091234146350837e-07
161	-0.015	0.001695	0.135	7.026690464097046e-07	0	7.026690464097046e-07
162	-0.015	0.001695	0.105	2.876560325937737e-07	0	2.876560325937737e-07
163	-0.015	0.001695	0.075	2.160298230949547e-07	0	2.160298230949547e-07
164	-0.015	0.001695	0.045	1.897394946680445e-07	0	1.897394946680445e-07
165	-0.015	0.001695	0.015	1.800058761127649e-07	0	1.800058761127649e-07
166	-0.015	0.001695	-0.015	1.800058761143099e-07	0	1.800058761143099e-07
167	-0.015	0.001695	-0.045	1.897394946663176e-07	0	1.897394946663176e-07
168	-0.015	0.001695	-0.075	2.160298230951666e-07	0	2.160298230951666e-07
169	-0.015	0.001695	-0.105	2.87656032590927e-07	0	2.87656032590927e-07
170	-0.015	0.001695	-0.135	7.026690463804562e-07	0	7.026690463804562e-07
171	0.015	0.001695	0.135	7.026690463747473e-07	0	7.026690463747473e-07
172	0.015	0.001695	0.105	2.876560325924355e-07	0	2.876560325924355e-07
173	0.015	0.001695	0.075	2.160298230965852e-07	0	2.160298230965852e-07
174	0.015	0.001695	0.045	1.897394946687568e-07	0	1.897394946687568e-07
175	0.015	0.001695	0.015	1.800058761129056e-07	0	1.800058761129056e-07
176	0.015	0.001695	-0.015	1.800058761119557e-07	0	1.800058761119557e-07
177	0.015	0.001695	-0.045	1.897394946642835e-07	0	1.897394946642835e-07
178	0.015	0.001695	-0.075	2.160298230954582e-07	0	2.160298230954582e-07
179	0.015	0.001695	-0.105	2.876560325926799e-07	0	2.876560325926799e-07
180	0.015	0.001695	-0.135	7.026690464105415e-07	0	7.026690464105415e-07
181	0.045	0.001695	0.135	7.09123414632184e-07	0	7.09123414632184e-07
182	0.045	0.001695	0.105	2.954747072173707e-07	0	2.954747072173707e-07
183	0.045	0.001695	0.075	2.24874970596829e-07	0	2.24874970596829e-07
184	0.045	0.001695	0.045	1.991968925660786e-07	0	1.991968925660786e-07
185	0.045	0.001695	0.015	1.897394946680078e-07	0	1.897394946680078e-07
186	0.045	0.001695	-0.015	1.897394946707384e-07	0	1.897394946707384e-07
187	0.045	0.001695	-0.045	1.99196892567839e-07	0	1.99196892567839e-07
188	0.045	0.001695	-0.075	2.248749706020305e-07	0	2.248749706020305e-07
189	0.045	0.001695	-0.105	2.95474707221144e-07	0	2.95474707221144e-07
190	0.045	0.001695	-0.135	7.091234147158616e-07	0	7.091234147158616e-07
191	0.075	0.001695	0.135	7.265620222491219e-07	0	7.265620222491219e-07
192	0.075	0.001695	0.105	3.169982256987631e-07	0	3.169982256987631e-07
193	0.075	0.001695	0.075	2.491045960087894e-07	0	2.491045960087894e-07
194	0.075	0.001695	0.045	2.248749705977502e-07	0	2.248749705977502e-07
195	0.075	0.001695	0.015	2.160298230986555e-07	0	2.160298230986555e-07
196	0.075	0.001695	-0.015	2.1602982309576e-07	0	2.1602982309576e-07
197	0.075	0.001695	-0.045	2.248749705970881e-07	0	2.248749705970881e-07
198	0.075	0.001695	-0.075	2.491045960110417e-07	0	2.491045960110417e-07
199	0.075	0.001695	-0.105	3.169982256989947e-07	0	3.169982256989947e-07
200	0.075	0.001695	-0.135	7.265620222744434e-07	0	7.265620222744434e-07
201	0.105	0.001695	0.135	7.752745741467857e-07	0	7.752745741467857e-07
202	0.105	0.001695	0.105	3.786380310702352e-07	0	3.786380310702352e-07
203	0.105	0.001695	0.075	3.169982256991838e-07	0	3.169982256991838e-07
204	0.105	0.001695	0.045	2.954747072230164e-07	0	2.954747072230164e-07
205	0.105	0.001695	0.015	2.876560325873531e-07	0	2.876560325873531e-07
206	0.105	0.001695	-0.015	2.876560325899725e-07	0	2.876560325899725e-07
207	0.105	0.001695	-0.045	2.954747072266848e-07	0	2.954747072266848e-07
208	0.105	0.001695	-0.075	3.169982256970134e-07	0	3.169982256970134e-07
209	0.105	0.001695	-0.105	3.786380310702013e-07	0	3.786380310702013e-07
210	0.105	0.001695	-0.135	7.752745742117941e-07	0	7.752745742117941e-07
211	0.135	0.001695	0.135	1.108420136142632e-06	0	1.108420136142632e-06
212	0.135	0.001695	0.105	7.752745742120079e-07	0	7.752745742120079e-07
213	0.135	0.001695	0.075	7.265620222805217e-07	0	7.265620222805217e-07
214	0.135	0.001695	0.045	7.091234147171993e-07	0	7.091234147171993e-07
215	0.135	0.001695	0.015	7.026690464102965e-07	0	7.026690464102965e-07
216	0.135	0.001695	-0.015	7.026690463750081e-07	0	7.026690463750081e-07
217	0.135	0.001695	-0.045	7.091234146263472e-07	0	7.091234146263472e-07
218	0.135	0.001695	-0.075	7.265620222454213e-07	0	7.265620222454213e-07
219	0.135	0.001695	-0.105	7.752745741485679e-07	0	7.752745741485679e-07
220	0.135	0.001695	-0.135	1.108420136138893e-06	0	1.108420136138893e-06
221	0.135	0.00152	-0.15	1.301748194032142e-05	0	1.301748194032142e-05
222	0.105	0.00152	-0.15	1.280407164717229e-05	0	1.280407164717229e-05
223	0.075	0.00152	-0.15	1.27717267191397e-05	0	1.27717267191397e-05
224	0.045	0.00152	-0.15	1.276003862747999e-05	0	1.276003862747999e-05
225	0.015	0.00152	-0.15	1.27556940440675e-05	0	1.27556940440675e-05
226	-0.015	0.00152	-0.15	1.275569404411664e-05	0	1.275569404411664e-05
227	-0.045	0.00152	-0.15	1.276003862727748e-05	0	1.276003862727748e-05
228	-0.075	0.00152	-0.15	1.277172671871769e-05	0	1.277172671871769e-05
229	-0.105	0.00152	-0.15	1.280407164683826e-05	0	1.280407164683826e-05
230	-0.135	0.00152	-0.15	1.301748193939932e-05	0	1.301748193939932e-05
231	0.135	-0.00152	-0.15	-1.301748194031482e-05	0	-1.301748194031482e-05
232	0.105	-0.00152	-0.15	-1.28040716471648e-05	0	-1.28040716471648e-05
233	0.075	-0.00152	-0.15	-1.277172671913968e-05	0	-1.277172671913968e-05
234	0.045	-0.00152	-0.15	-1.276003862748418e-05	0	-1.276003862748418e-05
235	0.015	-0.00152	-0.15	-1.275569404408212e-05	0	-1.275569404408212e-05
236	-0.015	-0.00152	-0.15	-1.275569404412997e-05	0	-1.275569404412997e-05
237	-0.045	-0.00152	-0.15	-1.276003862727804e-05	0	-1.276003862727804e-05
238	-0.075	-0.00152	-0.15	-1.277172671872019e-05	0	-1.277172671872019e-05
239	-0.105	-0.00152	-0.15	-1.280407164681616e-05	0	-1.280407164681616e-05
240	-0.135	-0.00152	-0.15	-1.301748193939648e-05	0	-1.301748193939648e-05
241	0.135	0.001335	-0.15	0.0006523123916808754	0	0.0006523123916808754
242	0.105	0.001335	-0.15	0.0006505944042757976	0	0.0006505944042757976
243	0.075	0.001335	-0.15	0.0006497717587207175	0	0.0006497717587207175
244	0.045	0.001335	-0.15	0.000649412142350513	0	0.000649412142350513
245	0.015	0.001335	-0.15	0.0006492679981415812	0	0.0006492679981415812
246	-0.015	0.001335	-0.15	0.0006492679994245257	0	0.0006492679994245257
247	-0.045	0.001335	-0.15	0.0006494121466353806	0	0.0006494121466353806
248	-0.075	0.001335	-0.15	0.000649771759109195	0	0.000649771759109195
249	-0.105	0.001335	-0.15	0.0006505944077930787	0	0.0006505944077930787
250	-0.135	0.001335	-0.15	0.0006523123899425819	0	0.0006523123899425819
251	0.135	-0.001335	-0.15	-0.0006523123916801016	0	-0.0006523123916801016
252	0.105	-0.001335	-0.15	-0.0006505944042783317	0	-0.0006505944042783317
253	0.075	-0.001335	-0.15	-0.0006497717587212397	0	-0.0006497717587212397
254	0.045	-0.001335	-0.15	-0.0006494121423548711	0	-0.0006494121423548711
255	0.015	-0.001335	-0.15	-0.0006492679981424619	0	-0.0006492679981424619
256	-0.015	-0.001335	-0.15	-0.0006492679994255627	0	-0.0006492679994255627
257	-0.045	-0.001335	-0.15	-0.0006494121466369777	0	-0.0006494121466369777
258	-0.075	-0.001335	-0.15	-0.0006497717591085696	0	-0.0006497717591085696
259	-0.105	-0.001335	-0.15	-0.0006505944077928277	0	-0.0006505944077928277
260	-0.135	-0.001335	-0.15	-0.0006523123899386524	0	-0.0006523123899386524
261	0.135	0.000725	-0.15	2.09497978948105e-05	0	2.09497978948105e-05
262	0.105	0.000725	-0.15	2.083450898615973e-05	0	2.083450898615973e-05
263	0.075	0.000725	-0.15	2.081666236629088e-05	0	2.081666236629088e-05
264	0.045	0.000725	-0.15	2.08101893579197e-05	0	2.08101893579197e-05
265	0.015	0.000725	-0.15	2.080777918204404e-05	0	2.080777918204404e-05
266	-0.015	0.000725	-0.15	2.08077791816951e-05	0	2.08077791816951e-05
267	-0.045	0.000725	-0.15	2.081018935814158e-05	0	2.081018935814158e-05
268	-0.075	0.000725	-0.15	2.081666236650496e-05	0	2.081666236650496e-05
269	-0.105	0.000725	-0.15	2.083450898682826e-05	0	2.083450898682826e-05
270	-0.135	0.000725	-0.15	2.09497978957469e-05	0	2.09497978957469e-05
271	0.135	-0.000725	-0.15	-2.094979789481948e-05	0	-2.094979789481948e-05
272	0.105	-0.000725	-0.15	-2.083450898614072e-05	0	-2.083450898614072e-05
273	0.075	-0.000725	-0.15	-2.081666236629456e-05	0	-2.081666236629456e-05
274	0.045	-0.000725	-0.15	-2.081018935790058e-05	0	-2.081018935790058e-05
275	0.015	-0.000725	-0.15	-2.080777918202779e-05	0	-2.080777918202779e-05
276	-0.015	-0.000725	-0.15	-2.080777918169413e-05	0	-2.080777918169413e-05
277	-0.045	-0.000725	-0.15	-2.081018935813647e-05	0	-2.081018935813647e-05
278	-0.075	-0.000725	-0.15	-2.08166623665015e-05	0	-2.08166623665015e-05
279	-0.105	-0.000725	-0.15	-2.083450898684695e-05	0	-2.083450898684695e-05
280	-0.135	-0.000725	-0.15	-2.094979789575857e-05	0	-2.094979789575857e-05
281	-0.135	0.00152	0.15	1.301748193939686e-05	0	1.301748193939686e-05
282	-0.105	0.00152	0.15	1.280407164685873e-05	0	1.280407164685873e-05
283	-0.075	0.00152	0.15	1.277172671874397e-05	0	1.277172671874397e-05
284	-0.045	0.00152	0.15	1.276003862734301e-05	0	1.276003862734301e-05
285	-0.015	0.00152	0.15	1.275569404413841e-05	0	1.275569404413841e-05
286	0.015	0.00152	0.15	1.275569404405497e-05	0	1.275569404405497e-05
287	0.045	0.00152	0.15	1.276003862742883e-05	0	1.276003862742883e-05
288	0.075	0.00152	0.15	1.277172671912791e-05	0	1.277172671912791e-05
289	0.105	0.00152	0.15	1.280407164752897e-05	0	1.280407164752897e-05
290	0.135	0.00152	0.15	1.30174819403239e-05	0	1.30174819403239e-05
291	-0.135	-0.00152	0.15	-1.301748193938806e-05	0	-1.301748193938806e-05
292	-0.105	-0.00152	0.15	-1.280407164685197e-05	0	-1.280407164685197e-05
293	-0.075	-0.00152	0.15	-1.277172671872576e-05	0	-1.277172671872576e-05
294	-0.045	-0.00152	0.15	-1.276003862732141e-05	0	-1.276003862732141e-05
295	-0.015	-0.00152	0.15	-1.275569404414155e-05	0	-1.275569404414155e-05
296	0.015	-0.00152	0.15	-1.275569404406136e-05	0	-1.275569404406136e-05
297	0.045	-0.00152	0.15	-1.276003862742275e-05	0	-1.276003862742275e-05
298	0.075	-0.00152	0.15	-1.277172671912594e-05	0	-1.277172671912594e-05
299	0.105	-0.00152	0.15	-1.280407164752323e-05	0	-1.280407164752323e-05
300	0.135	-0.00152	0.15	-1.301748194031603e-05	0	-1.301748194031603e-05
301	-0.135	0.001335	0.15	0.0006523123916732428	0	0.0006523123916732428
302	-0.105	0.001335	0.15	0.0006505944042702745	0	0.0006505944042702745
303	-0.075	0.001335	0.15	0.0006497717587192233	0	0.0006497717587192233
304	-0.045	0.001335	0.15	0.0006494121423510276	0	0.0006494121423510276
305	-0.015	0.001335	0.15	0.0006492679981447194	0	0.0006492679981447194
306	0.015	0.001335	0.15	0.0006492679994217617	0	0.0006492679994217617
307	0.045	0.001335	0.15	0.000649412146639719	0	0.000649412146639719
308	0.075	0.001335	0.15	0.0006497717591099243	0	0.0006497717591099243
309	0.105	0.001335	0.15	0.0006505944077995178	0	0.0006505944077995178
310	0.135	0.001335	0.15	0.0006523123899463333	0	0.0006523123899463333
311	-0.135	-0.001335	0.15	-0.0006523123916754609	0	-0.0006523123916754609
312	-0.105	-0.001335	0.15	-0.0006505944042701873	0	-0.0006505944042701873
313	-0.075	-0.001335	0.15	-0.0006497717587212499	0	-0.0006497717587212499
314	-0.045	-0.001335	0.15	-0.0006494121423525744	0	-0.0006494121423525744
315	-0.015	-0.001335	0.15	-0.0006492679981457296	0	-0.0006492679981457296
316	0.015	-0.001335	0.15	-0.0006492679994196114	0	-0.0006492679994196114
317	0.045	-0.001335	0.15	-0.0006494121466399209	0	-0.0006494121466399209
318	0.075	-0.001335	0.15	-0.0006497717591083867	0	-0.0006497717591083867
319	0.105	-0.001335	0.15	-0.0006505944078013043	0	-0.0006505944078013043
320	0.135	-0.001335	0.15	-0.0006523123899473497	0	-0.0006523123899473497
321	-0.135	0.000725	0.15	2.094979789574833e-05	0	2.094979789574833e-05
322	-0.105	0.000725	0.15	2.083450898687025e-05	0	2.083450898687025e-05
323	-0.075	0.000725	0.15	2.081666236652648e-05	0	2.081666236652648e-05
324	-0.045	0.000725	0.15	2.081018935818417e-05	0	2.081018935818417e-05
325	-0.015	0.000725	0.15	2.080777918171469e-05	0	2.080777918171469e-05
326	0.015	0.000725	0.15	2.080777918201585e-05	0	2.080777918201585e-05
327	0.045	0.000725	0.15	2.08101893578653e-05	0	2.08101893578653e-05
328	0.075	0.000725	0.15	2.08166623662664e-05	0	2.08166623662664e-05
329	0.105	0.000725	0.15	2.083450898581707e-05	0	2.083450898581707e-05
330	0.135	0.000725	0.15	2.094979789482078e-05	0	2.094979789482078e-05
331	-0.135	-0.000725	0.15	-2.094979789574242e-05	0	-2.094979789574242e-05
332	-0.105	-0.000725	0.15	-2.083450898688026e-05	0	-2.083450898688026e-05
333	-0.075	-0.000725	0.15	-2.081666236652895e-05	0	-2.081666236652895e-05
334	-0.045	-0.000725	0.15	-2.081018935817999e-05	0	-2.081018935817999e-05
335	-0.015	-0.000725	0.15	-2.080777918170417e-05	0	-2.080777918170417e-05
336	0.015	-0.000725	0.15	-2.080777918202327e-05	0	-2.080777918202327e-05
337	0.045	-0.000725	0.15	-2.081018935787549e-05	0	-2.081018935787549e-05
338	0.075	-0.000725	0.15	-2.081666236627057e-05	0	-2.081666236627057e-05
339	0.105	-0.000725	0.15	-2.083450898582177e-05	0	-2.083450898582177e-05
340	0.135	-0.000725	0.15	-2.094979789481291e-05	0	-2.094979789481291e-05
341	-0.135	-0.001695	-0.135	-1.108420136147287e-06	0	-1.108420136147287e-06
342	-0.135	-0.001695	-0.105	-7.752745742132807e-07	0	-7.752745742132807e-07
343	-0.135	-0.001695	-0.075	-7.265620222796534e-07	0	-7.265620222796534e-07
344	-0.135	-0.001695	-0.045	-7.091234147123877e-07	0	-7.091234147123877e-07
345	-0.135	-0.001695	-0.015	-7.026690464079959e-07	0	-7.026690464079959e-07
346	-0.135	-0.001695	0.015	-7.026690463780737e-07	0	-7.026690463780737e-07
347	-0.135	-0.001695	0.045	-7.091234146226728e-07	0	-7.091234146226728e-07
348	-0.135	-0.001695	0.075	-7.26562022244868e-07	0	-7.26562022244868e-07
349	-0.135	-0.001695	0.105	-7.752745741538937e-07	0	-7.752745741538937e-07
350	-0.135	-0.001695	0.135	-1.108420136126118e-06	0	-1.108420136126118e-06
351	-0.105	-0.001695	-0.135	-7.752745741500045e-07	0	-7.752745741500045e-07
352	-0.105	-0.001695	-0.105	-3.786380310622236e-07	0	-3.786380310622236e-07
353	-0.105	-0.001695	-0.075	-3.169982257025371e-07	0	-3.169982257025371e-07
354	-0.105	-0.001695	-0.045	-2.954747072207503e-07	0	-2.954747072207503e-07
355	-0.105	-0.001695	-0.015	-2.876560325823293e-07	0	-2.876560325823293e-07
356	-0.105	-0.001695	0.015	-2.876560325849601e-07	0	-2.876560325849601e-07
357	-0.105	-0.001695	0.045	-2.954747072128073e-07	0	-2.954747072128073e-07
358	-0.105	-0.001695	0.075	-3.169982256954372e-07	0	-3.169982256954372e-07
359	-0.105	-0.001695	0.105	-3.786380310674715e-07	0	-3.786380310674715e-07
360	-0.105	-0.001695	0.135	-7.752745742150278e-07	0	-7.752745742150278e-07
361	-0.075	-0.001695	-0.135	-7.265620222426271e-07	0	-7.265620222426271e-07
362	-0.075	-0.001695	-0.105	-3.169982257015682e-07	0	-3.169982257015682e-07
363	-0.075	-0.001695	-0.075	-2.491045960077149e-07	0	-2.491045960077149e-07
364	-0.075	-0.001695	-0.045	-2.248749705916809e-07	0	-2.248749705916809e-07
365	-0.075	-0.001695	-0.015	-2.160298231025519e-07	0	-2.160298231025519e-07
366	-0.075	-0.001695	0.015	-2.160298230973709e-07	0	-2.160298230973709e-07
367	-0.075	-0.001695	0.045	-2.248749705931533e-07	0	-2.248749705931533e-07
368	-0.075	-0.001695	0.075	-2.491045960050883e-07	0	-2.491045960050883e-07
369	-0.075	-0.001695	0.105	-3.169982257000304e-07	0	-3.169982257000304e-07
370	-0.075	-0.001695	0.135	-7.265620222759118e-07	0	-7.265620222759118e-07
371	-0.045	-0.001695	-0.135	-7.091234146284424e-07	0	-7.091234146284424e-07
372	-0.045	-0.001695	-0.105	-2.954747072143213e-07	0	-2.954747072143213e-07
373	-0.045	-0.001695	-0.075	-2.248749705932791e-07	0	-2.248749705932791e-07
374	-0.045	-0.001695	-0.045	-1.991968925724537e-07	0	-1.991968925724537e-07
375	-0.045	-0.001695	-0.015	-1.897394946700281e-07	0	-1.897394946700281e-07
376	-0.045	-0.001695	0.015	-1.897394946672433e-07	0	-1.897394946672433e-07
377	-0.045	-0.001695	0.045	-1.991968925720274e-07	0	-1.991968925720274e-07
378	-0.045	-0.001695	0.075	-2.248749706027177e-07	0	-2.248749706027177e-07
379	-0.045	-0.001695	0.105	-2.954747072249011e-07	0	-2.954747072249011e-07
380	-0.045	-0.001695	0.135	-7.091234147105296e-07	0	-7.091234147105296e-07
381	-0.015	-0.001695	-0.135	-7.026690463787497e-07	0	-7.026690463787497e-07
382	-0.015	-0.001695	-0.105	-2.876560325820908e-07	0	-2.876560325820908e-07
383	-0.015	-0.001695	-0.075	-2.1602982310279e-07	0	-2.1602982310279e-07
384	-0.015	-0.001695	-0.045	-1.897394946684296e-07	0	-1.897394946684296e-07
385	-0.015	-0.001695	-0.015	-1.800058761185696e-07	0	-1.800058761185696e-07
386	-0.015	-0.001695	0.015	-1.800058761219276e-07	0	-1.800058761219276e-07
387	-0.015	-0.001695	0.045	-1.897394946675189e-07	0	-1.897394946675189e-07
388	-0.015	-0.001695	0.075	-2.160298230988597e-07	0	-2.160298230988597e-07
389	-0.015	-0.001695	0.105	-2.87656032586265e-07	0	-2.87656032586265e-07
390	-0.015	-0.001695	0.135	-7.02669046416439e-07	0	-7.02669046416439e-07
391	0.015	-0.001695	-0.135	-7.026690464061104e-07	0	-7.026690464061104e-07
392	0.015	-0.001695	-0.105	-2.876560325839631e-07	0	-2.876560325839631e-07
393	0.015	-0.001695	-0.075	-2.160298230989136e-07	0	-2.160298230989136e-07
394	0.015	-0.001695	-0.045	-1.897394946710062e-07	0	-1.897394946710062e-07
395	0.015	-0.001695	-0.015	-1.800058761147444e-07	0	-1.800058761147444e-07
396	0.015	-0.001695	0.015	-1.800058761153326e-07	0	-1.800058761153326e-07
397	0.015	-0.001695	0.045	-1.897394946679313e-07	0	-1.897394946679313e-07
398	0.015	-0.001695	0.075	-2.160298230965944e-07	0	-2.160298230965944e-07
399	0.015	-0.001695	0.105	-2.876560325889255e-07	0	-2.876560325889255e-07
400	0.015	-0.001695	0.135	-7.026690463806318e-07	0	-7.026690463806318e-07
401	0.045	-0.001695	-0.135	-7.091234147119403e-07	0	-7.091234147119403e-07
402	0.045	-0.001695	-0.105	-2.954747072241418e-07	0	-2.954747072241418e-07
403	0.045	-0.001695	-0.075	-2.248749705923907e-07	0	-2.248749705923907e-07
404	0.045	-0.001695	-0.045	-1.99196892572232e-07	0	-1.99196892572232e-07
405	0.045	-0.001695	-0.015	-1.897394946692416e-07	0	-1.897394946692416e-07
406	0.045	-0.001695	0.015	-1.897394946709341e-07	0	-1.897394946709341e-07
407	0.045	-0.001695	0.045	-1.991968925772051e-07	0	-1.991968925772051e-07
408	0.045	-0.001695	0.075	-2.248749705909959e-07	0	-2.248749705909959e-07
409	0.045	-0.001695	0.105	-2.954747072230857e-07	0	-2.954747072230857e-07
410	0.045	-0.001695	0.135	-7.091234146342011e-07	0	-7.091234146342011e-07
411	0.075	-0.001695	-0.135	-7.265620222767804e-07	0	-7.265620222767804e-07
412	0.075	-0.001695	-0.105	-3.169982256974889e-07	0	-3.169982256974889e-07
413	0.075	-0.001695	-0.075	-2.491045960011864e-07	0	-2.491045960011864e-07
414	0.075	-0.001695	-0.045	-2.248749705896593e-07	0	-2.248749705896593e-07
415	0.075	-0.001695	-0.015	-2.160298231009804e-07	0	-2.160298231009804e-07
416	0.075	-0.001695	0.015	-2.160298230926501e-07	0	-2.160298230926501e-07
417	0.075	-0.001695	0.045	-2.248749705970063e-07	0	-2.248749705970063e-07
418	0.075	-0.001695	0.075	-2.491045960096689e-07	0	-2.491045960096689e-07
419	0.075	-0.001695	0.105	-3.169982256963168e-07	0	-3.169982256963168e-07
420	0.075	-0.001695	0.135	-7.265620222457028e-07	0	-7.265620222457028e-07
421	0.105	-0.001695	-0.135	-7.752745742074482e-07	0	-7.752745742074482e-07
422	0.105	-0.001695	-0.105	-3.786380310668213e-07	0	-3.786380310668213e-07
423	0.105	-0.001695	-0.075	-3.16998225698652e-07	0	-3.16998225698652e-07
424	0.105	-0.001695	-0.045	-2.954747072099127e-07	0	-2.954747072099127e-07
425	0.105	-0.001695	-0.015	-2.876560325761067e-07	0	-2.876560325761067e-07
426	0.105	-0.001695	0.015	-2.876560325880335e-07	0	-2.876560325880335e-07
427	0.105	-0.001695	0.045	-2.954747072178472e-07	0	-2.954747072178472e-07
428	0.105	-0.001695	0.075	-3.169982256953154e-07	0	-3.169982256953154e-07
429	0.105	-0.001695	0.105	-3.786380310692558e-07	0	-3.786380310692558e-07
430	0.105	-0.001695	0.135	-7.752745741529822e-07	0	-7.752745741529822e-07
431	0.135	-0.001695	-0.135	-1.108420136137942e-06	0	-1.108420136137942e-06
432	0.135	-0.001695	-0.105	-7.752745741498997e-07	0	-7.752745741498997e-07
433	0.135	-0.001695	-0.075	-7.265620222532339e-07	0	-7.265620222532339e-07
434	0.135	-0.001695	-0.045	-7.091234146316331e-07	0	-7.091234146316331e-07
435	0.135	-0.001695	-0.015	-7.02669046382831e-07	0	-7.02669046382831e-07
436	0.135	-0.001695	0.015	-7.026690464163159e-07	0	-7.026690464163159e-07
437	0.135	-0.001695	0.045	-7.091234147146178e-07	0	-7.091234147146178e-07
438	0.135	-0.001695	0.075	-7.265620222780469e-07	0	-7.265620222780469e-07
439	0.135	-0.001695	0.105	-7.752745742127653e-07	0	-7.752745742127653e-07
440	0.135	-0.001695	0.135	-1.108420136127995e-06	0	-1.108420136127995e-06
441	-0.135	0.001345	0.135	5.352137720561932e-07	0	5.352137720561932e-07
442	-0.135	0.001345	0.105	3.731066107970325e-07	0	3.731066107970325e-07
443	-0.135	0.001345	0.075	3.498637622363925e-07	0	3.498637622363925e-07
444	-0.135	0.001345	0.045	3.415484373967144e-07	0	3.415484373967144e-07
445	-0.135	0.001345	0.015	3.384717504023981e-07	0	3.384717504023981e-07
446	-0.135	0.001345	-0.015	3.384717510260915e-07	0	3.384717510260915e-07
447	-0.135	0.001345	-0.045	3.415484364845539e-07	0	3.415484364845539e-07
448	-0.135	0.001345	-0.075	3.49863759880931e-07	0	3.49863759880931e-07
449	-0.135	0.001345	-0.105	3.731066083579223e-07	0	3.731066083579223e-07
450	-0.135	0.001345	-0.135	5.352137724782985e-07	0	5.352137724782985e-07
451	-0.105	0.001345	0.135	3.731066100243773e-07	0	3.731066100243773e-07
452	-0.105	0.001345	0.105	1.804609556338076e-07	0	1.804609556338076e-07
453	-0.105	0.001345	0.075	1.510540323182059e-07	0	1.510540323182059e-07
454	-0.105	0.001345	0.045	1.407935608846272e-07	0	1.407935608846272e-07
455	-0.105	0.001345	0.015	1.370676140825947e-07	0	1.370676140825947e-07
456	-0.105	0.001345	-0.015	1.370676140535565e-07	0	1.370676140535565e-07
457	-0.105	0.001345	-0.045	1.407935608722002e-07	0	1.407935608722002e-07
458	-0.105	0.001345	-0.075	1.510540329132895e-07	0	1.510540329132895e-07
459	-0.105	0.001345	-0.105	1.80460956017657e-07	0	1.80460956017657e-07
460	-0.105	0.001345	-0.135	3.731066116922239e-07	0	3.731066116922239e-07
461	-0.075	0.001345	0.135	3.498637620437556e-07	0	3.498637620437556e-07
462	-0.075	0.001345	0.105	1.510540325048045e-07	0	1.510540325048045e-07
463	-0.075	0.001345	0.075	1.186645437910015e-07	0	1.186645437910015e-07
464	-0.075	0.001345	0.045	1.07114171745383e-07	0	1.07114171745383e-07
465	-0.075	0.001345	0.015	1.028990722233966e-07	0	1.028990722233966e-07
466	-0.075	0.001345	-0.015	1.028990722137888e-07	0	1.028990722137888e-07
467	-0.075	0.001345	-0.045	1.071141720200801e-07	0	1.071141720200801e-07
468	-0.075	0.001345	-0.075	1.186645441629785e-07	0	1.186645441629785e-07
469	-0.075	0.001345	-0.105	1.510540329042847e-07	0	1.510540329042847e-07
470	-0.075	0.001345	-0.135	3.498637623928191e-07	0	3.498637623928191e-07
471	-0.045	0.001345	0.135	3.415484376508694e-07	0	3.415484376508694e-07
472	-0.045	0.001345	0.105	1.407935616718889e-07	0	1.407935616718889e-07
473	-0.045	0.001345	0.075	1.07114171973925e-07	0	1.07114171973925e-07
474	-0.045	0.001345	0.045	9.487351955143413e-08	0	9.487351955143413e-08
475	-0.045	0.001345	0.015	9.036668296911028e-08	0	9.036668296911028e-08
476	-0.045	0.001345	-0.015	9.036668294857865e-08	0	9.036668294857865e-08
477	-0.045	0.001345	-0.045	9.487351942133021e-08	0	9.487351942133021e-08
478	-0.045	0.001345	-0.075	1.071141710631218e-07	0	1.071141710631218e-07
479	-0.045	0.001345	-0.105	1.407935610164194e-07	0	1.407935610164194e-07
480	-0.045	0.001345	-0.135	3.415484375869118e-07	0	3.415484375869118e-07
481	-0.015	0.001345	0.135	3.384717509563931e-07	0	3.384717509563931e-07
482	-0.015	0.001345	0.105	1.370676138385793e-07	0	1.370676138385793e-07
483	-0.015	0.001345	0.075	1.028990720922245e-07	0	1.028990720922245e-07
484	-0.015	0.001345	0.045	9.036668340669507e-08	0	9.036668340669507e-08
485	-0.015	0.001345	0.015	8.572823597131888e-08	0	8.572823597131888e-08
486	-0.015	0.001345	-0.015	8.572823617012606e-08	0	8.572823617012606e-08
487	-0.015	0.001345	-0.045	9.036668272530702e-08	0	9.036668272530702e-08
488	-0.015	0.001345	-0.075	1.028990715199401e-07	0	1.028990715199401e-07
489	-0.015	0.001345	-0.105	1.370676138260413e-07	0	1.370676138260413e-07
490	-0.015	0.001345	-0.135	3.384717511364657e-07	0	3.384717511364657e-07
491	0.015	0.001345	0.135	3.384717514696969e-07	0	3.384717514696969e-07
492	0.015	0.001345	0.105	1.370676145751144e-07	0	1.370676145751144e-07
493	0.015	0.001345	0.075	1.028990724613365e-07	0	1.028990724613365e-07
494	0.015	0.001345	0.045	9.036668313766455e-08	0	9.036668313766455e-08
495	0.015	0.001345	0.015	8.572823580087704e-08	0	8.572823580087704e-08
496	0.015	0.001345	-0.015	8.57282362916069e-08	0	8.57282362916069e-08
497	0.015	0.001345	-0.045	9.036668209380932e-08	0	9.036668209380932e-08
498	0.015	0.001345	-0.075	1.028990716920054e-07	0	1.028990716920054e-07
499	0.015	0.001345	-0.105	1.370676136123108e-07	0	1.370676136123108e-07
500	0.015	0.001345	-0.135	3.384717505502679e-07	0	3.384717505502679e-07
501	0.045	0.001345	0.135	3.415484372966803e-07	0	3.415484372966803e-07
502	0.045	0.001345	0.105	1.407935605956172e-07	0	1.407935605956172e-07
503	0.045	0.001345	0.075	1.07114172037861e-07	0	1.07114172037861e-07
504	0.045	0.001345	0.045	9.487351952738338e-08	0	9.487351952738338e-08
505	0.045	0.001345	0.015	9.036668278013347e-08	0	9.036668278013347e-08
506	0.045	0.001345	-0.015	9.036668331919005e-08	0	9.036668331919005e-08
507	0.045	0.001345	-0.045	9.487351992059715e-08	0	9.487351992059715e-08
508	0.045	0.001345	-0.075	1.07114172326728e-07	0	1.07114172326728e-07
509	0.045	0.001345	-0.105	1.407935607220308e-07	0	1.407935607220308e-07
510	0.045	0.001345	-0.135	3.415484363291746e-07	0	3.415484363291746e-07
511	0.075	0.001345	0.135	3.498637610896066e-07	0	3.498637610896066e-07
512	0.075	0.001345	0.105	1.510540324734535e-07	0	1.510540324734535e-07
513	0.075	0.001345	0.075	1.186645437449641e-07	0	1.186645437449641e-07
514	0.075	0.001345	0.045	1.071141717477938e-07	0	1.071141717477938e-07
515	0.075	0.001345	0.015	1.028990713171496e-07	0	1.028990713171496e-07
516	0.075	0.001345	-0.015	1.028990723692209e-07	0	1.028990723692209e-07
517	0.075	0.001345	-0.045	1.071141723810335e-07	0	1.071141723810335e-07
518	0.075	0.001345	-0.075	1.18664544194867e-07	0	1.18664544194867e-07
519	0.075	0.001345	-0.105	1.510540320201576e-07	0	1.510540320201576e-07
520	0.075	0.001345	-0.135	3.498637604089166e-07	0	3.498637604089166e-07
521	0.105	0.001345	0.135	3.731066079150412e-07	0	3.731066079150412e-07
522	0.105	0.001345	0.105	1.804609555304058e-07	0	1.804609555304058e-07
523	0.105	0.001345	0.075	1.51054031880956e-07	0	1.51054031880956e-07
524	0.105	0.001345	0.045	1.407935612741179e-07	0	1.407935612741179e-07
525	0.105	0.001345	0.015	1.370676135728059e-07	0	1.370676135728059e-07
526	0.105	0.001345	-0.015	1.37067613644113e-07	0	1.37067613644113e-07
527	0.105	0.001345	-0.045	1.407935611911837e-07	0	1.407935611911837e-07
528	0.105	0.001345	-0.075	1.510540318731309e-07	0	1.510540318731309e-07
529	0.105	0.001345	-0.105	1.804609534863698e-07	0	1.804609534863698e-07
530	0.105	0.001345	-0.135	3.731066076360087e-07	0	3.731066076360087e-07
531	0.135	0.001345	0.135	5.352137734371535e-07	0	5.352137734371535e-07
532	0.135	0.001345	0.105	3.731066098673082e-07	0	3.731066098673082e-07
533	0.135	0.001345	0.075	3.498637616816718e-07	0	3.498637616816718e-07
534	0.135	0.001345	0.045	3.415484372194849e-07	0	3.415484372194849e-07
535	0.135	0.001345	0.015	3.384717499727237e-07	0	3.384717499727237e-07
536	0.135	0.001345	-0.015	3.384717512150171e-07	0	3.384717512150171e-07
537	0.135	0.001345	-0.045	3.415484374007739e-07	0	3.415484374007739e-07
538	0.135	0.001345	-0.075	3.498637615993497e-07	0	3.498637615993497e-07
539	0.135	0.001345	-0.105	3.731066086155056e-07	0	3.731066086155056e-07
540	0.135	0.001345	-0.135	5.352137735529872e-07	0	5.352137735529872e-07
541	-0.135	-0.001345	-0.135	-5.352137719215768e-07	0	-5.352137719215768e-07
542	-0.135	-0.001345	-0.105	-3.731066082230364e-07	0	-3.731066082230364e-07
543	-0.135	-0.001345	-0.075	-3.498637610522324e-07	0	-3.498637610522324e-07
544	-0.135	-0.001345	-0.045	-3.415484369375341e-07	0	-3.415484369375341e-07
545	-0.135	-0.001345	-0.015	-3.384717503516073e-07	0	-3.384717503516073e-07
546	-0.135	-0.001345	0.015	-3.384717520561955e-07	0	-3.384717520561955e-07
547	-0.135	-0.001345	0.045	-3.415484368906855e-07	0	-3.415484368906855e-07
548	-0.135	-0.001345	0.075	-3.49863760681257e-07	0	-3.49863760681257e-07
549	-0.135	-0.001345	0.105	-3.731066080014042e-07	0	-3.731066080014042e-07
550	-0.135	-0.001345	0.135	-5.352137722455124e-07	0	-5.352137722455124e-07
551	-0.105	-0.001345	-0.135	-3.731066102303683e-07	0	-3.731066102303683e-07
552	-0.105	-0.001345	-0.105	-1.804609549325261e-07	0	-1.804609549325261e-07
553	-0.105	-0.001345	-0.075	-1.510540322290889e-07	0	-1.510540322290889e-07
554	-0.105	-0.001345	-0.045	-1.407935609027765e-07	0	-1.407935609027765e-07
555	-0.105	-0.001345	-0.015	-1.370676138812215e-07	0	-1.370676138812215e-07
556	-0.105	-0.001345	0.015	-1.370676140952635e-07	0	-1.370676140952635e-07
557	-0.105	-0.001345	0.045	-1.407935607291622e-07	0	-1.407935607291622e-07
558	-0.105	-0.001345	0.075	-1.510540327531888e-07	0	-1.510540327531888e-07
559	-0.105	-0.001345	0.105	-1.804609554777464e-07	0	-1.804609554777464e-07
560	-0.105	-0.001345	0.135	-3.73106609471317e-07	0	-3.73106609471317e-07
561	-0.075	-0.001345	-0.135	-3.498637624196752e-07	0	-3.498637624196752e-07
562	-0.075	-0.001345	-0.105	-1.510540324233131e-07	0	-1.510540324233131e-07
563	-0.075	-0.001345	-0.075	-1.186645436701329e-07	0	-1.186645436701329e-07
564	-0.075	-0.001345	-0.045	-1.071141722522785e-07	0	-1.071141722522785e-07
565	-0.075	-0.001345	-0.015	-1.02899072516045e-07	0	-1.02899072516045e-07
566	-0.075	-0.001345	0.015	-1.028990726950945e-07	0	-1.028990726950945e-07
567	-0.075	-0.001345	0.045	-1.071141722313672e-07	0	-1.071141722313672e-07
568	-0.075	-0.001345	0.075	-1.186645440700419e-07	0	-1.186645440700419e-07
569	-0.075	-0.001345	0.105	-1.510540323211793e-07	0	-1.510540323211793e-07
570	-0.075	-0.001345	0.135	-3.498637613025253e-07	0	-3.498637613025253e-07
571	-0.045	-0.001345	-0.135	-3.415484377413702e-07	0	-3.415484377413702e-07
572	-0.045	-0.001345	-0.105	-1.40793561168658e-07	0	-1.40793561168658e-07
573	-0.045	-0.001345	-0.075	-1.07114172059968e-07	0	-1.07114172059968e-07
574	-0.045	-0.001345	-0.045	-9.487351991079637e-08	0	-9.487351991079637e-08
575	-0.045	-0.001345	-0.015	-9.036668354200891e-08	0	-9.036668354200891e-08
576	-0.045	-0.001345	0.015	-9.036668298734482e-08	0	-9.036668298734482e-08
577	-0.045	-0.001345	0.045	-9.487351935954182e-08	0	-9.487351935954182e-08
578	-0.045	-0.001345	0.075	-1.071141717387743e-07	0	-1.071141717387743e-07
579	-0.045	-0.001345	0.105	-1.407935602098016e-07	0	-1.407935602098016e-07
580	-0.045	-0.001345	0.135	-3.415484367777265e-07	0	-3.415484367777265e-07
581	-0.015	-0.001345	-0.135	-3.384717516812165e-07	0	-3.384717516812165e-07
582	-0.015	-0.001345	-0.105	-1.370676137262422e-07	0	-1.370676137262422e-07
583	-0.015	-0.001345	-0.075	-1.028990727338675e-07	0	-1.028990727338675e-07
584	-0.015	-0.001345	-0.045	-9.036668334205692e-08	0	-9.036668334205692e-08
585	-0.015	-0.001345	-0.015	-8.572823615454076e-08	0	-8.572823615454076e-08
586	-0.015	-0.001345	0.015	-8.572823625837595e-08	0	-8.572823625837595e-08
587	-0.015	-0.001345	0.045	-9.036668326747105e-08	0	-9.036668326747105e-08
588	-0.015	-0.001345	0.075	-1.028990718618163e-07	0	-1.028990718618163e-07
589	-0.015	-0.001345	0.105	-1.370676144129627e-07	0	-1.370676144129627e-07
590	-0.015	-0.001345	0.135	-3.384717510136134e-07	0	-3.384717510136134e-07
591	0.015	-0.001345	-0.135	-3.384717515959727e-07	0	-3.384717515959727e-07
592	0.015	-0.001345	-0.105	-1.370676144066485e-07	0	-1.370676144066485e-07
593	0.015	-0.001345	-0.075	-1.028990725803457e-07	0	-1.028990725803457e-07
594	0.015	-0.001345	-0.045	-9.036668350842885e-08	0	-9.036668350842885e-08
595	0.015	-0.001345	-0.015	-8.572823613899316e-08	0	-8.572823613899316e-08
596	0.015	-0.001345	0.015	-8.572823656230841e-08	0	-8.572823656230841e-08
597	0.015	-0.001345	0.045	-9.036668272606672e-08	0	-9.036668272606672e-08
598	0.015	-0.001345	0.075	-1.028990720378822e-07	0	-1.028990720378822e-07
599	0.015	-0.001345	0.105	-1.370676136707181e-07	0	-1.370676136707181e-07
600	0.015	-0.001345	0.135	-3.384717512609553e-07	0	-3.384717512609553e-07
601	0.045	-0.001345	-0.135	-3.415484371827873e-07	0	-3.415484371827873e-07
602	0.045	-0.001345	-0.105	-1.407935607570333e-07	0	-1.407935607570333e-07
603	0.045	-0.001345	-0.075	-1.071141723288625e-07	0	-1.071141723288625e-07
604	0.045	-0.001345	-0.045	-9.487351944498493e-08	0	-9.487351944498493e-08
605	0.045	-0.001345	-0.015	-9.036668283892213e-08	0	-9.036668283892213e-08
606	0.045	-0.001345	0.015	-9.036668334371908e-08	0	-9.036668334371908e-08
607	0.045	-0.001345	0.045	-9.487352001939711e-08	0	-9.487352001939711e-08
608	0.045	-0.001345	0.075	-1.07114172341238e-07	0	-1.07114172341238e-07
609	0.045	-0.001345	0.105	-1.407935601622542e-07	0	-1.407935601622542e-07
610	0.045	-0.001345	0.135	-3.415484366638931e-07	0	-3.415484366638931e-07
611	0.075	-0.001345	-0.135	-3.498637603975512e-07	0	-3.498637603975512e-07
612	0.075	-0.001345	-0.105	-1.510540325549315e-07	0	-1.510540325549315e-07
613	0.075	-0.001345	-0.075	-1.186645437403413e-07	0	-1.186645437403413e-07
614	0.075	-0.001345	-0.045	-1.071141718579706e-07	0	-1.071141718579706e-07
615	0.075	-0.001345	-0.015	-1.028990717559833e-07	0	-1.028990717559833e-07
616	0.075	-0.001345	0.015	-1.02899072397279e-07	0	-1.02899072397279e-07
617	0.075	-0.001345	0.045	-1.071141728227529e-07	0	-1.071141728227529e-07
618	0.075	-0.001345	0.075	-1.186645441318801e-07	0	-1.186645441318801e-07
619	0.075	-0.001345	0.105	-1.51054031941618e-07	0	-1.51054031941618e-07
620	0.075	-0.001345	0.135	-3.498637611254405e-07	0	-3.498637611254405e-07
621	0.105	-0.001345	-0.135	-3.731066080893637e-07	0	-3.731066080893637e-07
622	0.105	-0.001345	-0.105	-1.8046095514508e-07	0	-1.8046095514508e-07
623	0.105	-0.001345	-0.075	-1.510540319593869e-07	0	-1.510540319593869e-07
624	0.105	-0.001345	-0.045	-1.407935604655564e-07	0	-1.407935604655564e-07
625	0.105	-0.001345	-0.015	-1.370676139260077e-07	0	-1.370676139260077e-07
626	0.105	-0.001345	0.015	-1.370676140366709e-07	0	-1.370676140366709e-07
627	0.105	-0.001345	0.045	-1.407935604803559e-07	0	-1.407935604803559e-07
628	0.105	-0.001345	0.075	-1.510540316530166e-07	0	-1.510540316530166e-07
629	0.105	-0.001345	0.105	-1.804609546498752e-07	0	-1.804609546498752e-07
630	0.105	-0.001345	0.135	-3.73106607382637e-07	0	-3.73106607382637e-07
631	0.135	-0.001345	-0.135	-5.352137733035448e-07	0	-5.352137733035448e-07
632	0.135	-0.001345	-0.105	-3.731066103993466e-07	0	-3.731066103993466e-07
633	0.135	-0.001345	-0.075	-3.498637622999339e-07	0	-3.498637622999339e-07
634	0.135	-0.001345	-0.045	-3.415484374446173e-07	0	-3.415484374446173e-07
635	0.135	-0.001345	-0.015	-3.384717506433936e-07	0	-3.384717506433936e-07
636	0.135	-0.001345	0.015	-3.38471751490868e-07	0	-3.38471751490868e-07
637	0.135	-0.001345	0.045	-3.415484371682335e-07	0	-3.415484371682335e-07
638	0.135	-0.001345	0.075	-3.498637604921963e-07	0	-3.498637604921963e-07
639	0.135	-0.001345	0.105	-3.731066091682115e-07	0	-3.731066091682115e-07
640	0.135	-0.001345	0.135	-5.352137733079416e-07	0	-5.352137733079416e-07
641	-0.135	0.001325	0.135	1.807976381253632e-05	0	1.807976381253632e-05
642	-0.135	0.001325	0.105	1.807507593162089e-05	0	1.807507593162089e-05
643	-0.135	0.001325	0.075	1.807501447574908e-05	0	1.807501447574908e-05
644	-0.135	0.001325	0.045	1.807499948952559e-05	0	1.807499948952559e-05
645	-0.135	0.001325	0.015	1.807499524288235e-05	0	1.807499524288235e-05
646	-0.135	0.001325	-0.015	1.807499524227064e-05	0	1.807499524227064e-05
647	-0.135	0.001325	-0.045	1.807499949049294e-05	0	1.807499949049294e-05
648	-0.135	0.001325	-0.075	1.807501447812434e-05	0	1.807501447812434e-05
649	-0.135	0.001325	-0.105	1.8075075934097e-05	0	1.8075075934097e-05
650	-0.135	0.001325	-0.135	1.807976381211444e-05	0	1.807976381211444e-05
651	-0.105	0.001325	0.135	1.80750759324259e-05	0	1.80750759324259e-05
652	-0.105	0.001325	0.105	1.806997923063116e-05	0	1.806997923063116e-05
653	-0.105	0.001325	0.075	1.806990695761345e-05	0	1.806990695761345e-05
654	-0.105	0.001325	0.045	1.806989208655879e-05	0	1.806989208655879e-05
655	-0.105	0.001325	0.015	1.806988840302636e-05	0	1.806988840302636e-05
656	-0.105	0.001325	-0.015	1.806988840305362e-05	0	1.806988840305362e-05
657	-0.105	0.001325	-0.045	1.80698920865728e-05	0	1.80698920865728e-05
658	-0.105	0.001325	-0.075	1.806990695702169e-05	0	1.806990695702169e-05
659	-0.105	0.001325	-0.105	1.806997923024987e-05	0	1.806997923024987e-05
660	-0.105	0.001325	-0.135	1.807507593072457e-05	0	1.807507593072457e-05
661	-0.075	0.001325	0.135	1.807501447595865e-05	0	1.807501447595865e-05
662	-0.075	0.001325	0.105	1.806990695742404e-05	0	1.806990695742404e-05
663	-0.075	0.001325	0.075	1.806982861328152e-05	0	1.806982861328152e-05
664	-0.075	0.001325	0.045	1.806981204308246e-05	0	1.806981204308246e-05
665	-0.075	0.001325	0.015	1.806980788412312e-05	0	1.806980788412312e-05
666	-0.075	0.001325	-0.015	1.806980788413525e-05	0	1.806980788413525e-05
667	-0.075	0.001325	-0.045	1.806981204281206e-05	0	1.806981204281206e-05
668	-0.075	0.001325	-0.075	1.806982861290309e-05	0	1.806982861290309e-05
669	-0.075	0.001325	-0.105	1.806990695702621e-05	0	1.806990695702621e-05
670	-0.075	0.001325	-0.135	1.807501447558903e-05	0	1.807501447558903e-05
671	-0.045	0.001325	0.135	1.807499948932261e-05	0	1.807499948932261e-05
672	-0.045	0.001325	0.105	1.806989208577256e-05	0	1.806989208577256e-05
673	-0.045	0.001325	0.075	1.806981204286453e-05	0	1.806981204286453e-05
674	-0.045	0.001325	0.045	1.806979475149931e-05	0	1.806979475149931e-05
675	-0.045	0.001325	0.015	1.806979034019266e-05	0	1.806979034019266e-05
676	-0.045	0.001325	-0.015	1.80697903402102e-05	0	1.80697903402102e-05
677	-0.045	0.001325	-0.045	1.80697947516285e-05	0	1.80697947516285e-05
678	-0.045	0.001325	-0.075	1.806981204376745e-05	0	1.806981204376745e-05
679	-0.045	0.001325	-0.105	1.806989208642412e-05	0	1.806989208642412e-05
680	-0.045	0.001325	-0.135	1.807499948933728e-05	0	1.807499948933728e-05
681	-0.015	0.001325	0.135	1.807499524234903e-05	0	1.807499524234903e-05
682	-0.015	0.001325	0.105	1.806988840327167e-05	0	1.806988840327167e-05
683	-0.015	0.001325	0.075	1.806980788425137e-05	0	1.806980788425137e-05
684	-0.015	0.001325	0.045	1.806979033975711e-05	0	1.806979033975711e-05
685	-0.015	0.001325	0.015	1.806978582787046e-05	0	1.806978582787046e-05
686	-0.015	0.001325	-0.015	1.806978582766925e-05	0	1.806978582766925e-05
687	-0.015	0.001325	-0.045	1.806979034043368e-05	0	1.806979034043368e-05
688	-0.015	0.001325	-0.075	1.806980788483471e-05	0	1.806980788483471e-05
689	-0.015	0.001325	-0.105	1.806988840328632e-05	0	1.806988840328632e-05
690	-0.015	0.001325	-0.135	1.807499524214556e-05	0	1.807499524214556e-05
691	0.015	0.001325	0.135	1.807499524181061e-05	0	1.807499524181061e-05
692	0.015	0.001325	0.105	1.806988840253973e-05	0	1.806988840253973e-05
693	0.015	0.001325	0.075	1.806980788388627e-05	0	1.806980788388627e-05
694	0.015	0.001325	0.045	1.806979034002426e-05	0	1.806979034002426e-05
695	0.015	0.001325	0.015	1.806978582803648e-05	0	1.806978582803648e-05
696	0.015	0.001325	-0.015	1.806978582754883e-05	0	1.806978582754883e-05
697	0.015	0.001325	-0.045	1.806979034106693e-05	0	1.806979034106693e-05
698	0.015	0.001325	-0.075	1.806980788465889e-05	0	1.806980788465889e-05
699	0.015	0.001325	-0.105	1.806988840349886e-05	0	1.806988840349886e-05
700	0.015	0.001325	-0.135	1.807499524275146e-05	0	1.807499524275146e-05
701	0.045	0.001325	0.135	1.807499948963022e-05	0	1.807499948963022e-05
702	0.045	0.001325	0.105	1.806989208684838e-05	0	1.806989208684838e-05
703	0.045	0.001325	0.075	1.806981204278965e-05	0	1.806981204278965e-05
704	0.045	0.001325	0.045	1.80697947515232e-05	0	1.80697947515232e-05
705	0.045	0.001325	0.015	1.806979034038548e-05	0	1.806979034038548e-05
706	0.045	0.001325	-0.015	1.806979033983966e-05	0	1.806979033983966e-05
707	0.045	0.001325	-0.045	1.806979475112645e-05	0	1.806979475112645e-05
708	0.045	0.001325	-0.075	1.806981204250703e-05	0	1.806981204250703e-05
709	0.045	0.001325	-0.105	1.806989208673074e-05	0	1.806989208673074e-05
710	0.045	0.001325	-0.135	1.807499949064292e-05	0	1.807499949064292e-05
711	0.075	0.001325	0.135	1.807501447689431e-05	0	1.807501447689431e-05
712	0.075	0.001325	0.105	1.806990695745946e-05	0	1.806990695745946e-05
713	0.075	0.001325	0.075	1.80698286133237e-05	0	1.80698286133237e-05
714	0.075	0.001325	0.045	1.806981204308338e-05	0	1.806981204308338e-05
715	0.075	0.001325	0.015	1.80698078850336e-05	0	1.80698078850336e-05
716	0.075	0.001325	-0.015	1.806980788398335e-05	0	1.806980788398335e-05
717	0.075	0.001325	-0.045	1.806981204244961e-05	0	1.806981204244961e-05
718	0.075	0.001325	-0.075	1.80698286128746e-05	0	1.80698286128746e-05
719	0.075	0.001325	-0.105	1.806990695791735e-05	0	1.806990695791735e-05
720	0.075	0.001325	-0.135	1.807501447758938e-05	0	1.807501447758938e-05
721	0.105	0.001325	0.135	1.807507593450782e-05	0	1.807507593450782e-05
722	0.105	0.001325	0.105	1.806997923074302e-05	0	1.806997923074302e-05
723	0.105	0.001325	0.075	1.806990695805026e-05	0	1.806990695805026e-05
724	0.105	0.001325	0.045	1.80698920861763e-05	0	1.80698920861763e-05
725	0.105	0.001325	0.015	1.806988840353834e-05	0	1.806988840353834e-05
726	0.105	0.001325	-0.015	1.806988840346419e-05	0	1.806988840346419e-05
727	0.105	0.001325	-0.045	1.806989208625289e-05	0	1.806989208625289e-05
728	0.105	0.001325	-0.075	1.806990695806141e-05	0	1.806990695806141e-05
729	0.105	0.001325	-0.105	1.806997923278894e-05	0	1.806997923278894e-05
730	0.105	0.001325	-0.135	1.807507593482221e-05	0	1.807507593482221e-05
731	0.135	0.001325	0.135	1.807976381114813e-05	0	1.807976381114813e-05
732	0.135	0.001325	0.105	1.807507593258446e-05	0	1.807507593258446e-05
733	0.135	0.001325	0.075	1.807501447632327e-05	0	1.807501447632327e-05
734	0.135	0.001325	0.045	1.807499948976086e-05	0	1.807499948976086e-05
735	0.135	0.001325	0.015	1.807499524333009e-05	0	1.807499524333009e-05
736	0.135	0.001325	-0.015	1.807499524207021e-05	0	1.807499524207021e-05
737	0.135	0.001325	-0.045	1.807499948952302e-05	0	1.807499948952302e-05
738	0.135	0.001325	-0.075	1.807501447638585e-05	0	1.807501447638585e-05
739	0.135	0.001325	-0.105	1.807507593380229e-05	0	1.807507593380229e-05
740	0.135	0.001325	-0.135	1.807976381103536e-05	0	1.807976381103536e-05
741	-0.135	-0.001325	-0.135	-1.807976381267216e-05	0	-1.807976381267216e-05
742	-0.135	-0.001325	-0.105	-1.807507593422391e-05	0	-1.807507593422391e-05
743	-0.135	-0.001325	-0.075	-1.807501447695309e-05	0	-1.807501447695309e-05
744	-0.135	-0.001325	-0.045	-1.807499949003803e-05	0	-1.807499949003803e-05
745	-0.135	-0.001325	-0.015	-1.807499524295078e-05	0	-1.807499524295078e-05
746	-0.135	-0.001325	0.015	-1.807499524122864e-05	0	-1.807499524122864e-05
747	-0.135	-0.001325	0.045	-1.807499949003996e-05	0	-1.807499949003996e-05
748	-0.135	-0.001325	0.075	-1.807501447730743e-05	0	-1.807501447730743e-05
749	-0.135	-0.001325	0.105	-1.807507593441379e-05	0	-1.807507593441379e-05
750	-0.135	-0.001325	0.135	-1.807976381235181e-05	0	-1.807976381235181e-05
751	-0.105	-0.001325	-0.135	-1.807507593217953e-05	0	-1.807507593217953e-05
752	-0.105	-0.001325	-0.105	-1.806997923133905e-05	0	-1.806997923133905e-05
753	-0.105	-0.001325	-0.075	-1.806990695770536e-05	0	-1.806990695770536e-05
754	-0.105	-0.001325	-0.045	-1.80698920865504e-05	0	-1.80698920865504e-05
755	-0.105	-0.001325	-0.015	-1.806988840323212e-05	0	-1.806988840323212e-05
756	-0.105	-0.001325	0.015	-1.806988840301719e-05	0	-1.806988840301719e-05
757	-0.105	-0.001325	0.045	-1.806989208672399e-05	0	-1.806989208672399e-05
758	-0.105	-0.001325	0.075	-1.806990695717902e-05	0	-1.806990695717902e-05
759	-0.105	-0.001325	0.105	-1.806997923079402e-05	0	-1.806997923079402e-05
760	-0.105	-0.001325	0.135	-1.807507593297845e-05	0	-1.807507593297845e-05
761	-0.075	-0.001325	-0.135	-1.807501447557087e-05	0	-1.807501447557087e-05
762	-0.075	-0.001325	-0.105	-1.806990695750958e-05	0	-1.806990695750958e-05
763	-0.075	-0.001325	-0.075	-1.806982861340717e-05	0	-1.806982861340717e-05
764	-0.075	-0.001325	-0.045	-1.806981204257958e-05	0	-1.806981204257958e-05
765	-0.075	-0.001325	-0.015	-1.806980788382789e-05	0	-1.806980788382789e-05
766	-0.075	-0.001325	0.015	-1.806980788364485e-05	0	-1.806980788364485e-05
767	-0.075	-0.001325	0.045	-1.806981204259958e-05	0	-1.806981204259958e-05
768	-0.075	-0.001325	0.075	-1.806982861300193e-05	0	-1.806982861300193e-05
769	-0.075	-0.001325	0.105	-1.806990695761122e-05	0	-1.806990695761122e-05
770	-0.075	-0.001325	0.135	-1.807501447670495e-05	0	-1.807501447670495e-05
771	-0.045	-0.001325	-0.135	-1.807499948917949e-05	0	-1.807499948917949e-05
772	-0.045	-0.001325	-0.105	-1.806989208628075e-05	0	-1.806989208628075e-05
773	-0.045	-0.001325	-0.075	-1.806981204277078e-05	0	-1.806981204277078e-05
774	-0.045	-0.001325	-0.045	-1.806979475113884e-05	0	-1.806979475113884e-05
775	-0.045	-0.001325	-0.015	-1.806979033961993e-05	0	-1.806979033961993e-05
776	-0.045	-0.001325	0.015	-1.806979034017025e-05	0	-1.806979034017025e-05
777	-0.045	-0.001325	0.045	-1.8069794751693e-05	0	-1.8069794751693e-05
778	-0.045	-0.001325	0.075	-1.806981204309208e-05	0	-1.806981204309208e-05
779	-0.045	-0.001325	0.105	-1.806989208723792e-05	0	-1.806989208723792e-05
780	-0.045	-0.001325	0.135	-1.807499949019653e-05	0	-1.807499949019653e-05
781	-0.015	-0.001325	-0.135	-1.807499524159596e-05	0	-1.807499524159596e-05
782	-0.015	-0.001325	-0.105	-1.806988840339086e-05	0	-1.806988840339086e-05
783	-0.015	-0.001325	-0.075	-1.806980788361406e-05	0	-1.806980788361406e-05
784	-0.015	-0.001325	-0.045	-1.806979033981947e-05	0	-1.806979033981947e-05
785	-0.015	-0.001325	-0.015	-1.806978582767755e-05	0	-1.806978582767755e-05
786	-0.015	-0.001325	0.015	-1.806978582758283e-05	0	-1.806978582758283e-05
787	-0.015	-0.001325	0.045	-1.806979033988911e-05	0	-1.806979033988911e-05
788	-0.015	-0.001325	0.075	-1.80698078844809e-05	0	-1.80698078844809e-05
789	-0.015	-0.001325	0.105	-1.806988840269941e-05	0	-1.806988840269941e-05
790	-0.015	-0.001325	0.135	-1.80749952422851e-05	0	-1.80749952422851e-05
791	0.015	-0.001325	-0.135	-1.807499524171272e-05	0	-1.807499524171272e-05
792	0.015	-0.001325	-0.105	-1.80698884027117e-05	0	-1.80698884027117e-05
793	0.015	-0.001325	-0.075	-1.806980788376446e-05	0	-1.806980788376446e-05
794	0.015	-0.001325	-0.045	-1.806979033964766e-05	0	-1.806979033964766e-05
795	0.015	-0.001325	-0.015	-1.806978582770151e-05	0	-1.806978582770151e-05
796	0.015	-0.001325	0.015	-1.806978582728161e-05	0	-1.806978582728161e-05
797	0.015	-0.001325	0.045	-1.806979034042888e-05	0	-1.806979034042888e-05
798	0.015	-0.001325	0.075	-1.806980788431141e-05	0	-1.806980788431141e-05
799	0.015	-0.001325	0.105	-1.806988840343991e-05	0	-1.806988840343991e-05
800	0.015	-0.001325	0.135	-1.807499524201984e-05	0	-1.807499524201984e-05
801	0.045	-0.001325	-0.135	-1.80749994897929e-05	0	-1.80749994897929e-05
802	0.045	-0.001325	-0.105	-1.806989208669502e-05	0	-1.806989208669502e-05
803	0.045	-0.001325	-0.075	-1.806981204250587e-05	0	-1.806981204250587e-05
804	0.045	-0.001325	-0.045	-1.806979475159989e-05	0	-1.806979475159989e-05
805	0.045	-0.001325	-0.015	-1.806979034032008e-05	0	-1.806979034032008e-05
806	0.045	-0.001325	0.015	-1.806979033981176e-05	0	-1.806979033981176e-05
807	0.045	-0.001325	0.045	-1.806979475102881e-05	0	-1.806979475102881e-05
808	0.045	-0.001325	0.075	-1.806981204248845e-05	0	-1.806981204248845e-05
809	0.045	-0.001325	0.105	-1.806989208728024e-05	0	-1.806989208728024e-05
810	0.045	-0.001325	0.135	-1.807499949026521e-05	0	-1.807499949026521e-05
811	0.075	-0.001325	-0.135	-1.807501447761121e-05	0	-1.807501447761121e-05
812	0.075	-0.001325	-0.105	-1.806990695738919e-05	0	-1.806990695738919e-05
813	0.075	-0.001325	-0.075	-1.806982861333891e-05	0	-1.806982861333891e-05
814	0.075	-0.001325	-0.045	-1.806981204297514e-05	0	-1.806981204297514e-05
815	0.075	-0.001325	-0.015	-1.80698078845877e-05	0	-1.80698078845877e-05
816	0.075	-0.001325	0.015	-1.806980788395286e-05	0	-1.806980788395286e-05
817	0.075	-0.001325	0.045	-1.806981204201282e-05	0	-1.806981204201282e-05
818	0.075	-0.001325	0.075	-1.806982861293814e-05	0	-1.806982861293814e-05
819	0.075	-0.001325	0.105	-1.806990695799406e-05	0	-1.806990695799406e-05
820	0.075	-0.001325	0.135	-1.807501447686064e-05	0	-1.807501447686064e-05
821	0.105	-0.001325	-0.135	-1.807507593436549e-05	0	-1.807507593436549e-05
822	0.105	-0.001325	-0.105	-1.806997923113027e-05	0	-1.806997923113027e-05
823	0.105	-0.001325	-0.075	-1.806990695797531e-05	0	-1.806990695797531e-05
824	0.105	-0.001325	-0.045	-1.806989208698258e-05	0	-1.806989208698258e-05
825	0.105	-0.001325	-0.015	-1.806988840319444e-05	0	-1.806988840319444e-05
826	0.105	-0.001325	0.015	-1.806988840307841e-05	0	-1.806988840307841e-05
827	0.105	-0.001325	0.045	-1.806989208697324e-05	0	-1.806989208697324e-05
828	0.105	-0.001325	0.075	-1.806990695828813e-05	0	-1.806990695828813e-05
829	0.105	-0.001325	0.105	-1.806997923162532e-05	0	-1.806997923162532e-05
830	0.105	-0.001325	0.135	-1.807507593503501e-05	0	-1.807507593503501e-05
831	0.135	-0.001325	-0.135	-1.807976381128867e-05	0	-1.807976381128867e-05
832	0.135	-0.001325	-0.105	-1.80750759320128e-05	0	-1.80750759320128e-05
833	0.135	-0.001325	-0.075	-1.807501447568189e-05	0	-1.807501447568189e-05
834	0.135	-0.001325	-0.045	-1.807499948948559e-05	0	-1.807499948948559e-05
835	0.135	-0.001325	-0.015	-1.807499524263856e-05	0	-1.807499524263856e-05
836	0.135	-0.001325	0.015	-1.807499524180379e-05	0	-1.807499524180379e-05
837	0.135	-0.001325	0.045	-1.807499948980291e-05	0	-1.807499948980291e-05
838	0.135	-0.001325	0.075	-1.807501447751252e-05	0	-1.807501447751252e-05
839	0.135	-0.001325	0.105	-1.807507593328578e-05	0	-1.807507593328578e-05
840	0.135	-0.001325	0.135	-1.807976381128359e-05	0	-1.807976381128359e-05
841	-0.135	0.000125	0.135	0.0001626088821801368	0	0.0001626088821801368
842	-0.135	0.000125	0.105	0.0001626178247395553	0	0.0001626178247395553
843	-0.135	0.000125	0.075	0.0001626179411934603	0	0.0001626179411934603
844	-0.135	0.000125	0.045	0.0001626179696638711	0	0.0001626179696638711
845	-0.135	0.000125	0.015	0.0001626179777377116	0	0.0001626179777377116
846	-0.135	0.000125	-0.015	0.0001626179777377672	0	0.0001626179777377672
847	-0.135	0.000125	-0.045	0.0001626179696639161	0	0.0001626179696639161
848	-0.135	0.000125	-0.075	0.0001626179411935283	0	0.0001626179411935283
849	-0.135	0.000125	-0.105	0.0001626178247395952	0	0.0001626178247395952
850	-0.135	0.000125	-0.135	0.0001626088821801323	0	0.0001626088821801323
851	-0.105	0.000125	0.135	0.0001626178247395682	0	0.0001626178247395682
852	-0.105	0.000125	0.105	0.0001626275451973767	0	0.0001626275451973767
853	-0.105	0.000125	0.075	0.0001626276820852154	0	0.0001626276820852154
854	-0.105	0.000125	0.045	0.0001626277103021165	0	0.0001626277103021165
855	-0.105	0.000125	0.015	0.0001626277172926561	0	0.0001626277172926561
856	-0.105	0.000125	-0.015	0.0001626277172926735	0	0.0001626277172926735
857	-0.105	0.000125	-0.045	0.0001626277103021282	0	0.0001626277103021282
858	-0.105	0.000125	-0.075	0.0001626276820852124	0	0.0001626276820852124
859	-0.105	0.000125	-0.105	0.0001626275451973757	0	0.0001626275451973757
860	-0.105	0.000125	-0.135	0.0001626178247395337	0	0.0001626178247395337
861	-0.075	0.000125	0.135	0.0001626179411935042	0	0.0001626179411935042
862	-0.075	0.000125	0.105	0.000162627682085222	0	0.000162627682085222
863	-0.075	0.000125	0.075	0.0001626278304959586	0	0.0001626278304959586
864	-0.075	0.000125	0.045	0.000162627861941117	0	0.000162627861941117
865	-0.075	0.000125	0.015	0.0001626278698330956	0	0.0001626278698330956
866	-0.075	0.000125	-0.015	0.0001626278698331064	0	0.0001626278698331064
867	-0.075	0.000125	-0.045	0.0001626278619411351	0	0.0001626278619411351
868	-0.075	0.000125	-0.075	0.0001626278304959636	0	0.0001626278304959636
869	-0.075	0.000125	-0.105	0.0001626276820852036	0	0.0001626276820852036
870	-0.075	0.000125	-0.135	0.0001626179411934439	0	0.0001626179411934439
871	-0.045	0.000125	0.135	0.0001626179696638941	0	0.0001626179696638941
872	-0.045	0.000125	0.105	0.0001626277103021342	0	0.0001626277103021342
873	-0.045	0.000125	0.075	0.0001626278619411504	0	0.0001626278619411504
874	-0.045	0.000125	0.045	0.0001626278947547571	0	0.0001626278947547571
875	-0.045	0.000125	0.015	0.0001626279031254436	0	0.0001626279031254436
876	-0.045	0.000125	-0.015	0.0001626279031254402	0	0.0001626279031254402
877	-0.045	0.000125	-0.045	0.0001626278947547369	0	0.0001626278947547369
878	-0.045	0.000125	-0.075	0.0001626278619411394	0	0.0001626278619411394
879	-0.045	0.000125	-0.105	0.0001626277103021094	0	0.0001626277103021094
880	-0.045	0.000125	-0.135	0.000162617969663854	0	0.000162617969663854
881	-0.015	0.000125	0.135	0.0001626179777377492	0	0.0001626179777377492
882	-0.015	0.000125	0.105	0.0001626277172926832	0	0.0001626277172926832
883	-0.015	0.000125	0.075	0.0001626278698331312	0	0.0001626278698331312
884	-0.015	0.000125	0.045	0.0001626279031254315	0	0.0001626279031254315
885	-0.015	0.000125	0.015	0.0001626279116889077	0	0.0001626279116889077
886	-0.015	0.000125	-0.015	0.0001626279116889061	0	0.0001626279116889061
887	-0.015	0.000125	-0.045	0.0001626279031254389	0	0.0001626279031254389
888	-0.015	0.000125	-0.075	0.0001626278698331197	0	0.0001626278698331197
889	-0.015	0.000125	-0.105	0.0001626277172926945	0	0.0001626277172926945
890	-0.015	0.000125	-0.135	0.0001626179777377069	0	0.0001626179777377069
891	0.015	0.000125	0.135	0.000162617977737699	0	0.000162617977737699
892	0.015	0.000125	0.105	0.0001626277172926699	0	0.0001626277172926699
893	0.015	0.000125	0.075	0.0001626278698331096	0	0.0001626278698331096
894	0.015	0.000125	0.045	0.0001626279031254493	0	0.0001626279031254493
895	0.015	0.000125	0.015	0.0001626279116889111	0	0.0001626279116889111
896	0.015	0.000125	-0.015	0.000162627911688907	0	0.000162627911688907
897	0.015	0.000125	-0.045	0.0001626279031254742	0	0.0001626279031254742
898	0.015	0.000125	-0.075	0.0001626278698331287	0	0.0001626278698331287
899	0.015	0.000125	-0.105	0.0001626277172926737	0	0.0001626277172926737
900	0.015	0.000125	-0.135	0.0001626179777377461	0	0.0001626179777377461
901	0.045	0.000125	0.135	0.0001626179696638682	0	0.0001626179696638682
902	0.045	0.000125	0.105	0.0001626277103021375	0	0.0001626277103021375
903	0.045	0.000125	0.075	0.0001626278619411134	0	0.0001626278619411134
904	0.045	0.000125	0.045	0.0001626278947547423	0	0.0001626278947547423
905	0.045	0.000125	0.015	0.0001626279031254582	0	0.0001626279031254582
906	0.045	0.000125	-0.015	0.0001626279031254426	0	0.0001626279031254426
907	0.045	0.000125	-0.045	0.0001626278947547365	0	0.0001626278947547365
908	0.045	0.000125	-0.075	0.0001626278619411403	0	0.0001626278619411403
909	0.045	0.000125	-0.105	0.0001626277103021413	0	0.0001626277103021413
910	0.045	0.000125	-0.135	0.0001626179696638936	0	0.0001626179696638936
911	0.075	0.000125	0.135	0.0001626179411934827	0	0.0001626179411934827
912	0.075	0.000125	0.105	0.0001626276820852158	0	0.0001626276820852158
913	0.075	0.000125	0.075	0.0001626278304959601	0	0.0001626278304959601
914	0.075	0.000125	0.045	0.0001626278619411306	0	0.0001626278619411306
915	0.075	0.000125	0.015	0.0001626278698331335	0	0.0001626278698331335
916	0.075	0.000125	-0.015	0.0001626278698331203	0	0.0001626278698331203
917	0.075	0.000125	-0.045	0.0001626278619411108	0	0.0001626278619411108
918	0.075	0.000125	-0.075	0.0001626278304959618	0	0.0001626278304959618
919	0.075	0.000125	-0.105	0.0001626276820852123	0	0.0001626276820852123
920	0.075	0.000125	-0.135	0.0001626179411935418	0	0.0001626179411935418
921	0.105	0.000125	0.135	0.0001626178247396212	0	0.0001626178247396212
922	0.105	0.000125	0.105	0.0001626275451974052	0	0.0001626275451974052
923	0.105	0.000125	0.075	0.0001626276820852374	0	0.0001626276820852374
924	0.105	0.000125	0.045	0.0001626277103021536	0	0.0001626277103021536
925	0.105	0.000125	0.015	0.0001626277172927018	0	0.0001626277172927018
926	0.105	0.000125	-0.015	0.0001626277172926993	0	0.0001626277172926993
927	0.105	0.000125	-0.045	0.0001626277103021365	0	0.0001626277103021365
928	0.105	0.000125	-0.075	0.0001626276820852384	0	0.0001626276820852384
929	0.105	0.000125	-0.105	0.0001626275451974181	0	0.0001626275451974181
930	0.105	0.000125	-0.135	0.0001626178247396399	0	0.0001626178247396399
931	0.135	0.000125	0.135	0.0001626088821800473	0	0.0001626088821800473
932	0.135	0.000125	0.105	0.0001626178247395591	0	0.0001626178247395591
933	0.135	0.000125	0.075	0.0001626179411935423	0	0.0001626179411935423
934	0.135	0.000125	0.045	0.0001626179696638848	0	0.0001626179696638848
935	0.135	0.000125	0.015	0.0001626179777377592	0	0.0001626179777377592
936	0.135	0.000125	-0.015	0.0001626179777377143	0	0.0001626179777377143
937	0.135	0.000125	-0.045	0.0001626179696638487	0	0.0001626179696638487
938	0.135	0.000125	-0.075	0.000162617941193481	0	0.000162617941193481
939	0.135	0.000125	-0.105	0.0001626178247395475	0	0.0001626178247395475
940	0.135	0.000125	-0.135	0.0001626088821800399	0	0.0001626088821800399
941	-0.135	-0.000125	-0.135	-0.0001626088821801323	0	-0.0001626088821801323
942	-0.135	-0.000125	-0.105	-0.0001626178247395955	0	-0.0001626178247395955
943	-0.135	-0.000125	-0.075	-0.0001626179411935281	0	-0.0001626179411935281
944	-0.135	-0.000125	-0.045	-0.0001626179696639159	0	-0.0001626179696639159
945	-0.135	-0.000125	-0.015	-0.0001626179777377673	0	-0.0001626179777377673
946	-0.135	-0.000125	0.015	-0.0001626179777377116	0	-0.0001626179777377116
947	-0.135	-0.000125	0.045	-0.000162617969663871	0	-0.000162617969663871
948	-0.135	-0.000125	0.075	-0.0001626179411934603	0	-0.0001626179411934603
949	-0.135	-0.000125	0.105	-0.0001626178247395501	0	-0.0001626178247395501
950	-0.135	-0.000125	0.135	-0.0001626088821801365	0	-0.0001626088821801365
951	-0.105	-0.000125	-0.135	-0.0001626178247395339	0	-0.0001626178247395339
952	-0.105	-0.000125	-0.105	-0.0001626275451973758	0	-0.0001626275451973758
953	-0.105	-0.000125	-0.075	-0.0001626276820852124	0	-0.0001626276820852124
954	-0.105	-0.000125	-0.045	-0.0001626277103021283	0	-0.0001626277103021283
955	-0.105	-0.000125	-0.015	-0.0001626277172926734	0	-0.0001626277172926734
956	-0.105	-0.000125	0.015	-0.0001626277172926562	0	-0.0001626277172926562
957	-0.105	-0.000125	0.045	-0.0001626277103021163	0	-0.0001626277103021163
958	-0.105	-0.000125	0.075	-0.0001626276820852153	0	-0.0001626276820852153
959	-0.105	-0.000125	0.105	-0.0001626275451973768	0	-0.0001626275451973768
960	-0.105	-0.000125	0.135	-0.0001626178247395681	0	-0.0001626178247395681
961	-0.075	-0.000125	-0.135	-0.0001626179411934437	0	-0.0001626179411934437
962	-0.075	-0.000125	-0.105	-0.0001626276820852037	0	-0.0001626276820852037
963	-0.075	-0.000125	-0.075	-0.0001626278304959633	0	-0.0001626278304959633
964	-0.075	-0.000125	-0.045	-0.0001626278619411352	0	-0.0001626278619411352
965	-0.075	-0.000125	-0.015	-0.0001626278698331061	0	-0.0001626278698331061
966	-0.075	-0.000125	0.015	-0.0001626278698330955	0	-0.0001626278698330955
967	-0.075	-0.000125	0.045	-0.000162627861941117	0	-0.000162627861941117
968	-0.075	-0.000125	0.075	-0.0001626278304959583	0	-0.0001626278304959583
969	-0.075	-0.000125	0.105	-0.0001626276820852213	0	-0.0001626276820852213
970	-0.075	-0.000125	0.135	-0.0001626179411935041	0	-0.0001626179411935041
971	-0.045	-0.000125	-0.135	-0.0001626179696638541	0	-0.0001626179696638541
972	-0.045	-0.000125	-0.105	-0.0001626277103021095	0	-0.0001626277103021095
973	-0.045	-0.000125	-0.075	-0.0001626278619411394	0	-0.0001626278619411394
974	-0.045	-0.000125	-0.045	-0.0001626278947547368	0	-0.0001626278947547368
975	-0.045	-0.000125	-0.015	-0.0001626279031254402	0	-0.0001626279031254402
976	-0.045	-0.000125	0.015	-0.0001626279031254437	0	-0.0001626279031254437
977	-0.045	-0.000125	0.045	-0.0001626278947547571	0	-0.0001626278947547571
978	-0.045	-0.000125	0.075	-0.00016262786194115	0	-0.00016262786194115
979	-0.045	-0.000125	0.105	-0.0001626277103021348	0	-0.0001626277103021348
980	-0.045	-0.000125	0.135	-0.000162617969663894	0	-0.000162617969663894
981	-0.015	-0.000125	-0.135	-0.0001626179777377068	0	-0.0001626179777377068
982	-0.015	-0.000125	-0.105	-0.0001626277172926941	0	-0.0001626277172926941
983	-0.015	-0.000125	-0.075	-0.0001626278698331194	0	-0.0001626278698331194
984	-0.015	-0.000125	-0.045	-0.0001626279031254391	0	-0.0001626279031254391
985	-0.015	-0.000125	-0.015	-0.0001626279116889059	0	-0.0001626279116889059
986	-0.015	-0.000125	0.015	-0.0001626279116889076	0	-0.0001626279116889076
987	-0.015	-0.000125	0.045	-0.0001626279031254314	0	-0.0001626279031254314
988	-0.015	-0.000125	0.075	-0.0001626278698331313	0	-0.0001626278698331313
989	-0.015	-0.000125	0.105	-0.0001626277172926833	0	-0.0001626277172926833
990	-0.015	-0.000125	0.135	-0.0001626179777377491	0	-0.0001626179777377491
991	0.015	-0.000125	-0.135	-0.0001626179777377458	0	-0.0001626179777377458
992	0.015	-0.000125	-0.105	-0.0001626277172926736	0	-0.0001626277172926736
993	0.015	-0.000125	-0.075	-0.0001626278698331287	0	-0.0001626278698331287
994	0.015	-0.000125	-0.045	-0.0001626279031254743	0	-0.0001626279031254743
995	0.015	-0.000125	-0.015	-0.0001626279116889068	0	-0.0001626279116889068
996	0.015	-0.000125	0.015	-0.0001626279116889111	0	-0.0001626279116889111
997	0.015	-0.000125	0.045	-0.0001626279031254494	0	-0.0001626279031254494
998	0.015	-0.000125	0.075	-0.0001626278698331097	0	-0.0001626278698331097
999	0.015	-0.000125	0.105	-0.00016262771729267	0	-0.00016262771729267
1000	0.015	-0.000125	0.135	-0.0001626179777376991	0	-0.0001626179777376991
1001	0.045	-0.000125	-0.135	-0.0001626179696638935	0	-0.0001626179696638935
1002	0.045	-0.000125	-0.105	-0.0001626277103021411	0	-0.0001626277103021411
1003	0.045	-0.000125	-0.075	-0.0001626278619411402	0	-0.0001626278619411402
1004	0.045	-0.000125	-0.045	-0.0001626278947547366	0	-0.0001626278947547366
1005	0.045	-0.000125	-0.015	-0.0001626279031254427	0	-0.0001626279031254427
1006	0.045	-0.000125	0.015	-0.0001626279031254585	0	-0.0001626279031254585
1007	0.045	-0.000125	0.045	-0.0001626278947547422	0	-0.0001626278947547422
1008	0.045	-0.000125	0.075	-0.0001626278619411134	0	-0.0001626278619411134
1009	0.045	-0.000125	0.105	-0.0001626277103021376	0	-0.0001626277103021376
1010	0.045	-0.000125	0.135	-0.0001626179696638683	0	-0.0001626179696638683
1011	0.075	-0.000125	-0.135	-0.000162617941193542	0	-0.000162617941193542
1012	0.075	-0.000125	-0.105	-0.0001626276820852128	0	-0.0001626276820852128
1013	0.075	-0.000125	-0.075	-0.0001626278304959619	0	-0.0001626278304959619
1014	0.075	-0.000125	-0.045	-0.000162627861941111	0	-0.000162627861941111
1015	0.075	-0.000125	-0.015	-0.0001626278698331203	0	-0.0001626278698331203
1016	0.075	-0.000125	0.015	-0.0001626278698331334	0	-0.0001626278698331334
1017	0.075	-0.000125	0.045	-0.0001626278619411307	0	-0.0001626278619411307
1018	0.075	-0.000125	0.075	-0.0001626278304959598	0	-0.0001626278304959598
1019	0.075	-0.000125	0.105	-0.000162627682085216	0	-0.000162627682085216
1020	0.075	-0.000125	0.135	-0.0001626179411934828	0	-0.0001626179411934828
1021	0.105	-0.000125	-0.135	-0.0001626178247396398	0	-0.0001626178247396398
1022	0.105	-0.000125	-0.105	-0.0001626275451974181	0	-0.0001626275451974181
1023	0.105	-0.000125	-0.075	-0.0001626276820852382	0	-0.0001626276820852382
1024	0.105	-0.000125	-0.045	-0.0001626277103021366	0	-0.0001626277103021366
1025	0.105	-0.000125	-0.015	-0.0001626277172926992	0	-0.0001626277172926992
1026	0.105	-0.000125	0.015	-0.0001626277172927019	0	-0.0001626277172927019
1027	0.105	-0.000125	0.045	-0.0001626277103021534	0	-0.0001626277103021534
1028	0.105	-0.000125	0.075	-0.0001626276820852374	0	-0.0001626276820852374
1029	0.105	-0.000125	0.105	-0.0001626275451974054	0	-0.0001626275451974054
1030	0.105	-0.000125	0.135	-0.0001626178247396209	0	-0.0001626178247396209
1031	0.135	-0.000125	-0.135	-0.0001626088821800399	0	-0.0001626088821800399
1032	0.135	-0.000125	-0.105	-0.0001626178247395526	0	-0.0001626178247395526
1033	0.135	-0.000125	-0.075	-0.0001626179411934812	0	-0.0001626179411934812
1034	0.135	-0.000125	-0.045	-0.0001626179696638487	0	-0.0001626179696638487
1035	0.135	-0.000125	-0.015	-0.0001626179777377145	0	-0.0001626179777377145
1036	0.135	-0.000125	0.015	-0.000162617977737759	0	-0.000162617977737759
1037	0.135	-0.000125	0.045	-0.0001626179696638849	0	-0.0001626179696638849
1038	0.135	-0.000125	0.075	-0.0001626179411935421	0	-0.0001626179411935421
1039	0.135	-0.000125	0.105	-0.0001626178247395589	0	-0.0001626178247395589
1040	0.135	-0.000125	0.135	-0.0001626088821800468	0	-0.0001626088821800468
#NbSystemChargeZero	VSystemChargeZero
1041	8.05089e-11
