#prim: 19, nvertex: 4
Node1: -0.015	0.001695	-0.015
Node2: -0.015	0.001745	-0.015
Node3: 0.015	0.001745	-0.015
Node4: 0.015	0.001695	-0.015
PrimOrigin: 0	0.00172	-0.015
Primitive lengths: 5e-05	0.03
Norm: -0	-0	-1
#volref1: 0, volref2: -1
#NbSegX: 3, NbSegZ: 10
#ParentObj: 1	EType: 1
#SurfX	SurfY	SurfZ	SurfLZ	SurfLZ
0	0.00172	-0.015	5e-05	0.03
#DirnCosn: 
0, 1, 0
-0, -0, -1
-1, 0, 0
#SurfLambda: 0	SurfV: 0
Using the input, the aspect ratio of the elements on prim: 19
NbSegX: 3, SurfElLX: 1.66667e-05, NbSegZ: 10, SurfElLZ: 0.003, AR: 0.00555556
After analyzing the aspect ratio of the elements
NbSegX: 1, SurfElLX: 5e-05, NbSegZ: 10, SurfElLZ: 0.003, AR: 0.0166667
Element begin: 481, Element end: 490
Number of elements on primitive: 10
