#Row	GivenPot	Error
1	0	2.20126e-11
2	0	4.68674e-11
3	0	5.04201e-11
4	0	2.41869e-11
5	0	1.86731e-11
6	0	1.50351e-11
7	0	9.00968e-12
8	0	6.92069e-11
9	0	3.49019e-11
10	0	1.03e-10
11	0	2.55937e-11
12	0	8.55351e-11
13	0	2.09752e-11
14	0	7.94387e-12
15	0	3.05533e-12
16	0	4.37126e-11
17	0	2.41585e-11
18	0	1.87157e-11
19	0	1.04976e-10
20	0	6.74873e-11
21	0	6.4847e-09
22	0	3.23168e-08
23	0	1.07868e-08
24	0	2.09902e-08
25	0	3.12457e-08
26	0	3.05845e-08
27	0	1.69803e-09
28	0	2.83039e-08
29	0	3.06272e-09
30	0	5.03633e-09
31	0	3.69967e-08
32	0	3.59571e-08
33	0	1.44846e-08
34	0	6.59802e-08
35	0	4.36967e-09
36	0	2.11799e-08
37	0	6.31226e-08
38	0	7.2052e-08
39	0	5.95674e-09
40	0	1.23378e-08
41	1100	7.63976e-11
42	1100	3.97904e-11
43	1100	5.61613e-11
44	1100	1.86446e-11
45	1100	3.27418e-11
46	1100	6.79847e-11
47	1100	3.27418e-11
48	1100	8.36735e-11
49	1100	4.77485e-12
50	1100	6.59384e-11
51	-1100	2.20552e-11
52	-1100	4.38831e-11
53	-1100	6.50289e-11
54	-1100	4.70664e-11
55	-1100	7.07132e-11
56	-1100	1.12095e-10
57	-1100	6.95763e-11
58	-1100	7.09406e-11
59	-1100	1.59162e-11
60	-1100	2.54659e-11
61	0	4.17754e-09
62	0	7.78573e-09
63	0	1.93995e-09
64	0	2.64117e-09
65	0	1.53891e-08
66	0	1.06502e-08
67	0	3.71801e-09
68	0	1.40931e-08
69	0	1.4792e-08
70	0	6.35146e-09
71	0	7.77732e-09
72	0	2.71439e-09
73	0	5.36033e-09
74	0	1.10222e-08
75	0	1.30999e-08
76	0	2.95677e-09
77	0	3.42015e-09
78	0	1.87124e-08
79	0	7.42602e-10
80	0	9.16953e-09
81	0	1.64941e-08
82	0	8.18227e-09
83	0	2.42865e-08
84	0	7.53198e-09
85	0	3.47154e-09
86	0	2.56473e-08
87	0	6.97673e-09
88	0	1.15547e-08
89	0	2.26855e-08
90	0	2.06414e-08
91	0	4.72585e-08
92	0	1.16429e-08
93	0	4.00407e-08
94	0	3.14139e-08
95	0	2.36014e-09
96	0	6.35855e-08
97	0	6.03814e-09
98	0	2.51357e-08
99	0	1.5837e-08
100	0	1.13096e-08
101	0	4.52562e-08
102	0	3.56438e-08
103	0	1.36188e-08
104	0	2.30411e-08
105	0	6.25914e-09
106	0	6.562e-09
107	0	3.40469e-09
108	0	5.09608e-08
109	0	3.0529e-08
110	0	1.35351e-08
111	0	1.46383e-09
112	0	7.51425e-09
113	0	1.54096e-08
114	0	8.80573e-09
115	0	6.99492e-09
116	0	7.13453e-09
117	0	2.16519e-08
118	0	3.99723e-10
119	0	2.99974e-08
120	0	1.01345e-08
121	0	3.91537e-10
122	0	1.72779e-08
123	0	1.57547e-08
124	0	2.11912e-10
125	0	3.1273e-09
126	0	6.12818e-09
127	0	1.98897e-08
128	0	1.15897e-08
129	0	7.97809e-09
130	0	1.16165e-08
131	0	7.29869e-10
132	0	1.64332e-08
133	0	6.45741e-10
134	0	1.42104e-08
135	0	8.10996e-09
136	0	3.31192e-09
137	0	6.37101e-10
138	0	4.39877e-09
139	0	9.53514e-09
140	0	1.94641e-08
141	0	5.40723e-11
142	0	5.98703e-11
143	0	2.03684e-10
144	0	1.39963e-10
145	0	1.2075e-10
146	0	3.55129e-11
147	0	2.79812e-11
148	0	8.1414e-11
149	0	5.15286e-11
150	0	3.67066e-11
151	0	2.70148e-11
152	0	1.33994e-10
153	0	6.77716e-11
154	0	1.22e-10
155	0	8.5592e-11
156	0	1.81473e-11
157	0	4.51763e-11
158	0	2.59917e-11
159	0	3.18039e-11
160	0	3.07523e-11
161	0	3.14612e-08
162	0	6.12054e-08
163	0	1.78006e-08
164	0	2.19752e-08
165	0	3.34294e-08
166	0	8.95125e-09
167	0	5.84664e-08
168	0	1.35269e-08
169	0	4.71266e-09
170	0	5.9118e-09
171	0	2.5786e-08
172	0	5.30126e-08
173	0	2.41307e-08
174	0	3.47463e-08
175	0	1.37288e-09
176	0	1.57813e-08
177	0	3.35955e-08
178	0	4.99919e-08
179	0	1.49316e-08
180	0	6.73714e-09
181	1100	6.98037e-11
182	1100	7.59428e-11
183	1100	1.29603e-10
184	1100	1.2119e-10
185	1100	7.04858e-11
186	1100	3.13776e-11
187	1100	2.56932e-11
188	1100	1.97815e-11
189	1100	2.09184e-11
190	1100	9.77707e-12
191	-1100	5.59339e-11
192	-1100	1.88265e-10
193	-1100	1.01409e-10
194	-1100	1.14142e-10
195	-1100	7.18501e-11
196	-1100	2.11458e-11
197	-1100	2.04636e-12
198	-1100	5.82077e-11
199	-1100	3.68345e-11
200	-1100	4.6839e-11
201	0	2.2701e-08
202	0	2.65718e-08
203	0	5.26416e-09
204	0	2.81962e-08
205	0	3.23234e-09
206	0	7.83825e-09
207	0	2.08689e-08
208	0	4.44999e-09
209	0	5.45657e-09
210	0	9.80774e-09
211	0	1.29221e-08
212	0	1.88156e-08
213	0	9.84437e-09
214	0	2.07137e-08
215	0	2.6871e-09
216	0	9.39167e-09
217	0	2.04586e-08
218	0	4.31834e-09
219	0	1.00806e-08
220	0	2.19018e-10
221	0	4.59841e-08
222	0	3.47936e-08
223	0	3.83079e-08
224	0	3.47609e-09
225	0	6.23459e-10
226	0	9.20977e-09
227	0	1.66306e-08
228	0	2.04043e-08
229	0	1.43046e-08
230	0	1.56003e-08
231	0	2.20607e-08
232	0	3.77622e-08
233	0	2.1595e-08
234	0	1.02909e-08
235	0	3.8081e-08
236	0	3.219e-08
237	0	3.71265e-08
238	0	2.29992e-08
239	0	6.07315e-09
240	0	2.96223e-08
241	0	4.69154e-08
242	0	4.77594e-08
243	0	1.57015e-08
244	0	1.34323e-08
245	0	4.96402e-09
246	0	2.34813e-08
247	0	6.30861e-08
248	0	5.77613e-08
249	0	3.79179e-08
250	0	1.7347e-08
251	0	1.16415e-08
252	0	3.01516e-08
253	0	3.08792e-08
254	0	1.09185e-08
255	0	9.18317e-09
256	0	8.78026e-09
257	0	2.90331e-08
258	0	1.56427e-08
259	0	3.43613e-09
260	0	1.10852e-08
261	0	2.32831e-10
262	0	4.37576e-08
263	0	1.00081e-08
264	0	9.1768e-09
265	0	9.9335e-09
266	0	2.00021e-09
267	0	9.82266e-09
268	0	2.05001e-08
269	0	9.94265e-09
270	0	1.81845e-08
271	0	2.56114e-09
272	0	1.86119e-08
273	0	1.40171e-08
274	0	2.25027e-08
275	0	9.3728e-09
276	0	3.62456e-09
277	0	1.58342e-08
278	0	5.98362e-09
279	0	2.88389e-09
280	0	6.50726e-09
281	0	1.14653e-10
282	0	2.87912e-11
283	0	5.7085e-11
284	0	1.10361e-10
285	0	1.4154e-11
286	0	3.25855e-11
287	0	8.81073e-13
288	0	1.06112e-10
289	0	5.40581e-11
290	0	3.09655e-11
291	0	2.73701e-11
292	0	9.80833e-11
293	0	1.63993e-11
294	0	1.14227e-10
295	0	1.0175e-10
296	0	4.73932e-11
297	0	5.88329e-11
298	0	1.13545e-11
299	0	4.61426e-11
300	0	1.63993e-11
301	0	7.03437e-12
302	0	9.90497e-12
303	0	2.51106e-11
304	0	6.20872e-11
305	0	1.27244e-10
306	0	7.1239e-11
307	0	1.19385e-10
308	0	1.45093e-11
309	0	5.26938e-11
310	0	7.95524e-11
311	0	6.60805e-12
312	0	4.0572e-11
313	0	1.23208e-11
314	0	2.97717e-11
315	0	1.23819e-10
316	0	1.36808e-10
317	0	1.66551e-11
318	0	3.30829e-11
319	0	7.07701e-11
320	0	1.14682e-11
321	0	6.32525e-11
322	0	7.97087e-11
323	0	1.68114e-11
324	0	7.00169e-11
325	0	1.33724e-11
326	0	8.02487e-11
327	0	6.36362e-11
328	0	1.23393e-10
329	0	5.77103e-11
330	0	9.55538e-11
331	0	6.76295e-11
332	0	3.10507e-11
333	0	1.27429e-10
334	0	5.09743e-11
335	0	5.41007e-11
336	0	1.50166e-10
337	0	8.1755e-11
338	0	1.27358e-10
339	0	1.43203e-10
340	0	1.68242e-10
341	0	3.04823e-11
342	0	1.94831e-11
343	0	1.13815e-10
344	0	5.47828e-11
345	0	1.47352e-10
346	0	6.22009e-11
347	0	9.84102e-11
348	0	1.32829e-10
349	0	1.29987e-10
350	0	1.19684e-10
351	0	1.43601e-10
352	0	1.46954e-10
353	0	7.47633e-11
354	0	1.3496e-10
355	0	1.49853e-10
356	0	1.19783e-10
357	0	5.54365e-11
358	0	8.26645e-11
359	0	2.66596e-11
360	0	3.19034e-11
361	0	1.07278e-10
362	0	1.5423e-10
363	0	2.05731e-10
364	0	1.30299e-10
365	0	1.12593e-10
366	0	1.03881e-11
367	0	3.23581e-11
368	0	1.18945e-11
369	0	3.65645e-11
370	0	2.98002e-11
371	0	9.7728e-11
372	0	1.70488e-10
373	0	1.8521e-10
374	0	7.90834e-11
375	0	7.57012e-11
376	0	6.27693e-11
377	0	1.88294e-11
378	0	4.97238e-11
379	0	3.23013e-11
380	0	2.04778e-11
381	0	9.97602e-12
382	0	7.92397e-11
383	0	3.92504e-11
384	0	6.00551e-11
385	0	1.22427e-10
386	0	6.61942e-11
387	0	6.48015e-11
388	0	4.88427e-11
389	0	1.90141e-11
390	0	1.17296e-10
391	0	2.50253e-11
392	0	1.62714e-11
393	0	1.95257e-11
394	0	2.9786e-11
395	0	1.28466e-11
396	0	4.99938e-11
397	0	8.59472e-11
398	0	1.93268e-12
399	0	4.10694e-11
400	0	7.56302e-11
401	0	4.43805e-11
402	0	1.10845e-12
403	0	4.18652e-11
404	0	3.25286e-11
405	0	7.93676e-11
406	0	6.31815e-11
407	0	2.50964e-11
408	0	2.35474e-11
409	0	5.77387e-11
410	0	3.35518e-11
411	0	3.70477e-11
412	0	8.83631e-11
413	0	1.15108e-12
414	0	5.65592e-11
415	0	1.47281e-10
416	0	1.17367e-10
417	0	2.34621e-11
418	0	7.40386e-12
419	0	1.09424e-12
420	0	3.00844e-11
421	0	1.22085e-10
422	0	7.5687e-11
423	0	1.47594e-10
424	0	5.95151e-11
425	0	2.75833e-11
426	0	4.76774e-11
427	0	4.49774e-11
428	0	1.4353e-12
429	0	6.5441e-11
430	0	4.23341e-11
431	0	1.48091e-10
432	0	1.80776e-10
433	0	8.97984e-11
434	0	6.05525e-11
435	0	1.3064e-10
436	0	7.24327e-11
437	0	1.28452e-10
438	0	8.76952e-11
439	0	4.62848e-11
440	0	5.93587e-11
441	0	1.17581e-10
442	0	1.17183e-10
443	0	1.21958e-10
444	0	2.42864e-11
445	0	4.56311e-11
446	0	1.58835e-10
447	0	1.82936e-10
448	0	8.2153e-11
449	0	3.28271e-12
450	0	3.52003e-11
451	0	4.08278e-11
452	0	2.2979e-11
453	0	8.94858e-11
454	0	4.9809e-11
455	0	1.06851e-10
456	0	1.28935e-10
457	0	1.66565e-10
458	0	8.05613e-11
459	0	1.2615e-10
460	0	1.13189e-10
461	0	6.49436e-12
462	0	2.88765e-11
463	0	3.60529e-11
464	0	1.41682e-11
465	0	1.84031e-11
466	0	1.2902e-10
467	0	1.42634e-10
468	0	1.89189e-10
469	0	1.4559e-10
470	0	1.61052e-10
471	0	9.57812e-12
472	0	3.75024e-11
473	0	1.17524e-11
474	0	7.99645e-11
475	0	3.82698e-11
476	0	7.88845e-11
477	0	8.11866e-11
478	0	1.32857e-10
479	0	1.42521e-10
480	0	1.00229e-10
481	0	1.02744e-11
482	0	7.8586e-12
483	0	3.66072e-11
484	0	8.99973e-11
485	0	7.8046e-11
486	0	7.93676e-11
487	0	5.06617e-11
488	0	1.0786e-11
489	0	7.14806e-12
490	0	3.26139e-11
491	0	4.20215e-11
492	0	2.61622e-11
493	0	2.75975e-11
494	0	1.51346e-11
495	0	9.11911e-11
496	0	4.35705e-11
497	0	4.23341e-11
498	0	2.5139e-11
499	0	3.17897e-11
500	0	6.76579e-11
501	0	3.16822e-09
502	0	1.33618e-08
503	0	1.25806e-08
504	0	4.32628e-08
505	0	6.45859e-08
506	0	1.72613e-08
507	0	2.80006e-08
508	0	1.77533e-08
509	0	4.20766e-08
510	0	1.17045e-08
511	0	2.2223e-08
512	0	7.31234e-10
513	0	3.94643e-08
514	0	3.08501e-09
515	0	2.10134e-08
516	0	7.40974e-08
517	0	3.12493e-08
518	0	6.39441e-08
519	0	2.48376e-08
520	0	7.28869e-09
521	1100	2.02363e-11
522	1100	5.75255e-11
523	1100	5.13865e-11
524	1100	1.44155e-10
525	1100	1.18689e-10
526	1100	8.66294e-11
527	1100	6.13909e-12
528	1100	2.95586e-11
529	1100	6.09361e-11
530	1100	2.00089e-11
531	-1100	7.66249e-11
532	-1100	2.72848e-11
533	-1100	4.11546e-11
534	-1100	7.7307e-12
535	-1100	4.88853e-11
536	-1100	3.7744e-11
537	-1100	6.3892e-11
538	-1100	4.09273e-12
539	-1100	1.7053e-11
540	-1100	8.48104e-11
541	0	7.54926e-09
542	0	2.48929e-09
543	0	1.13096e-09
544	0	1.60599e-08
545	0	2.20889e-08
546	0	9.38462e-09
547	0	5.98538e-09
548	0	7.0861e-09
549	0	9.35574e-09
550	0	4.51132e-09
551	0	5.81122e-09
552	0	9.47102e-09
553	0	1.24287e-08
554	0	2.91379e-08
555	0	3.96253e-08
556	0	1.47406e-08
557	0	6.11453e-09
558	0	1.93086e-09
559	0	1.0818e-08
560	0	4.64411e-09
561	0	6.65796e-09
562	0	6.49334e-09
563	0	1.36515e-08
564	0	2.54272e-08
565	0	4.51637e-08
566	0	1.0637e-08
567	0	1.37998e-08
568	0	4.88876e-09
569	0	1.40035e-08
570	0	4.63092e-09
571	0	1.7877e-08
572	0	3.15899e-08
573	0	3.50951e-08
574	0	4.19932e-08
575	0	7.80328e-08
576	0	2.44372e-08
577	0	3.32284e-08
578	0	3.05827e-08
579	0	2.04773e-09
580	0	2.78942e-09
581	0	1.23787e-08
582	0	3.67181e-08
583	0	1.07971e-08
584	0	1.63445e-08
585	0	1.17761e-08
586	0	1.34378e-09
587	0	6.66801e-08
588	0	1.45112e-08
589	0	4.61123e-08
590	0	4.97121e-08
591	0	9.46875e-09
592	0	8.39918e-09
593	0	2.44504e-08
594	0	1.36515e-08
595	0	1.06975e-08
596	0	1.30312e-08
597	0	2.29011e-09
598	0	2.07117e-08
599	0	1.08753e-08
600	0	1.45474e-09
601	0	1.31859e-08
602	0	1.21099e-09
603	0	3.55931e-09
604	0	6.8635e-09
605	0	2.11071e-08
606	0	1.25469e-08
607	0	7.43103e-09
608	0	1.40017e-08
609	0	9.74774e-09
610	0	5.79212e-09
611	0	7.67704e-09
612	0	2.24736e-09
613	0	7.48014e-09
614	0	1.70844e-08
615	0	9.76979e-09
616	0	4.92719e-09
617	0	7.60883e-09
618	0	1.19708e-08
619	0	9.0572e-09
620	0	4.29736e-10
621	0	4.95533e-11
622	0	8.46967e-12
623	0	7.37543e-12
624	0	2.57359e-11
625	0	1.70104e-11
626	0	3.37792e-11
627	0	1.83178e-11
628	0	8.49383e-11
629	0	6.89653e-11
630	0	7.56728e-11
631	0	3.21734e-11
632	0	3.60814e-11
633	0	3.94067e-11
634	0	2.42295e-11
635	0	2.2581e-11
636	0	3.1477e-11
637	0	6.9079e-11
638	0	7.8856e-11
639	0	6.91927e-11
640	0	8.59046e-11
641	0	3.77302e-08
642	0	1.75908e-09
643	0	4.80135e-08
644	0	6.71639e-09
645	0	1.3817e-08
646	0	6.21403e-08
647	0	6.39284e-09
648	0	1.99216e-08
649	0	3.24217e-08
650	0	1.28348e-08
651	0	1.20442e-08
652	0	3.51896e-08
653	0	5.4507e-08
654	0	3.59399e-08
655	0	7.34758e-09
656	0	4.60864e-08
657	0	2.02308e-08
658	0	2.19516e-08
659	0	1.54396e-08
660	0	2.29338e-08
661	1100	1.01636e-10
662	1100	5.68434e-11
663	1100	4.95675e-11
664	1100	2.52385e-11
665	1100	3.84262e-11
666	1100	4.00178e-11
667	1100	2.66027e-11
668	1100	7.43512e-11
669	1100	8.70841e-11
670	1100	1.04137e-10
671	-1100	5.52518e-11
672	-1100	2.4329e-11
673	-1100	4.77485e-11
674	-1100	5.38876e-11
675	-1100	4.8658e-11
676	-1100	3.06954e-11
677	-1100	9.25411e-11
678	-1100	1.16643e-10
679	-1100	2.47837e-11
680	-1100	6.23004e-11
681	0	1.66344e-08
682	0	2.49918e-09
683	0	1.17654e-08
684	0	3.21779e-09
685	0	1.13148e-08
686	0	2.49997e-08
687	0	1.80535e-09
688	0	2.14677e-08
689	0	1.2602e-08
690	0	4.77303e-09
691	0	1.50883e-08
692	0	8.35939e-10
693	0	9.71579e-09
694	0	5.44128e-09
695	0	2.17142e-10
696	0	2.54122e-08
697	0	3.11684e-09
698	0	1.69857e-08
699	0	1.76806e-08
700	0	1.87429e-08
701	0	3.15094e-08
702	0	2.4213e-09
703	0	6.07787e-09
704	0	1.39396e-08
705	0	1.01179e-08
706	0	3.8181e-08
707	0	1.07102e-08
708	0	1.94341e-08
709	0	2.16678e-08
710	0	2.32831e-10
711	0	5.23882e-08
712	0	1.27383e-08
713	0	2.21102e-08
714	0	2.12776e-09
715	0	2.33611e-08
716	0	3.72829e-08
717	0	1.38234e-08
718	0	3.54339e-08
719	0	1.78261e-08
720	0	2.86964e-08
721	0	2.82942e-08
722	0	2.6709e-09
723	0	6.21108e-08
724	0	1.92014e-08
725	0	6.9203e-08
726	0	1.17002e-08
727	0	1.4732e-08
728	0	6.11799e-08
729	0	6.91216e-09
730	0	1.16415e-09
731	0	2.01194e-08
732	0	2.63873e-08
733	0	2.83044e-08
734	0	1.64895e-08
735	0	2.48383e-08
736	0	9.79344e-09
737	0	4.21232e-08
738	0	2.62116e-08
739	0	1.03028e-08
740	0	6.75209e-09
741	0	1.15313e-08
742	0	5.57588e-09
743	0	1.75239e-08
744	0	4.04373e-09
745	0	8.38941e-09
746	0	1.95296e-08
747	0	4.96493e-09
748	0	2.17624e-08
749	0	1.44064e-08
750	0	4.77303e-09
751	0	1.02424e-08
752	0	4.35398e-09
753	0	5.84964e-09
754	0	2.27283e-09
755	0	1.96344e-08
756	0	1.75178e-08
757	0	9.75251e-09
758	0	1.93068e-08
759	0	8.52742e-09
760	0	2.11876e-08
761	0	6.81979e-11
762	0	2.14584e-11
763	0	6.90932e-11
764	0	1.05871e-10
765	0	1.04691e-10
766	0	4.36273e-11
767	0	1.13388e-10
768	0	6.14477e-11
769	0	9.49711e-11
770	0	2.02078e-11
771	0	5.61187e-11
772	0	4.84448e-11
773	0	4.73221e-12
774	0	1.33738e-10
775	0	1.56987e-10
776	0	1.58224e-10
777	0	5.45413e-11
778	0	1.22114e-10
779	0	3.29123e-11
780	0	3.69624e-11
781	0	6.87947e-11
782	0	6.58673e-11
783	0	1.77636e-12
784	0	1.13786e-10
785	0	1.16799e-10
786	0	6.9079e-11
787	0	6.65636e-11
788	0	7.81597e-13
789	0	2.47127e-11
790	0	7.88987e-11
791	0	4.61426e-11
792	0	4.7649e-11
793	0	1.26334e-11
794	0	3.26992e-11
795	0	6.18599e-11
796	0	4.08562e-11
797	0	3.65645e-11
798	0	1.64846e-11
799	0	4.07283e-11
800	0	1.81899e-11
801	0	6.86384e-12
802	0	5.57776e-11
803	0	7.22338e-11
804	0	8.31761e-11
805	0	1.11712e-10
806	0	1.25468e-10
807	0	9.06937e-11
808	0	5.54934e-11
809	0	3.38076e-11
810	0	7.02869e-11
811	0	4.23057e-11
812	0	5.45839e-11
813	0	2.24802e-10
814	0	1.54316e-10
815	0	1.98597e-10
816	0	9.70743e-11
817	0	7.02158e-11
818	0	7.9396e-11
819	0	6.05667e-11
820	0	9.04379e-11
821	0	3.30971e-11
822	0	8.8292e-11
823	0	2.10676e-10
824	0	1.35699e-10
825	0	1.44993e-10
826	0	2.09042e-11
827	0	6.55263e-11
828	0	2.89475e-11
829	0	3.07239e-11
830	0	8.36735e-11
831	0	1.14611e-10
832	0	1.48717e-10
833	0	7.90266e-11
834	0	5.87903e-11
835	0	7.47633e-11
836	0	1.27756e-11
837	0	2.12736e-11
838	0	3.90656e-11
839	0	5.13012e-11
840	0	5.73408e-11
841	0	3.87246e-11
842	0	1.44453e-10
843	0	4.691e-11
844	0	1.39167e-10
845	0	1.58124e-10
846	0	6.74021e-11
847	0	4.64837e-11
848	0	6.71747e-11
849	0	2.24532e-11
850	0	6.0254e-12
851	0	4.15668e-11
852	0	1.62643e-10
853	0	3.11644e-11
854	0	5.04912e-11
855	0	4.26468e-11
856	0	6.05525e-11
857	0	6.97042e-11
858	0	5.50102e-11
859	0	6.4631e-11
860	0	4.91269e-11
861	0	2.26095e-11
862	0	7.09548e-11
863	0	7.0429e-11
864	0	1.58948e-10
865	0	3.22586e-11
866	0	6.52278e-11
867	0	1.19513e-10
868	0	6.06946e-11
869	0	4.55742e-11
870	0	8.91731e-11
871	0	5.30065e-12
872	0	1.36424e-11
873	0	1.23251e-10
874	0	9.25979e-11
875	0	1.23947e-10
876	0	8.92157e-11
877	0	1.47324e-10
878	0	8.36025e-11
879	0	1.31593e-11
880	0	5.32907e-12
881	0	5.4527e-11
882	0	2.18421e-11
883	0	2.46985e-11
884	0	1.4083e-11
885	0	1.04947e-10
886	0	9.0111e-11
887	0	9.53833e-11
888	0	5.31628e-11
889	0	3.82698e-11
890	0	5.46123e-11
891	0	2.10463e-11
892	0	7.55875e-11
893	0	3.39213e-11
894	0	4.81748e-11
895	0	7.31148e-11
896	0	8.65583e-11
897	0	1.45661e-11
898	0	5.21965e-11
899	0	6.2542e-11
900	0	8.17124e-12
901	0	9.56959e-11
902	0	3.28697e-11
903	0	5.10312e-11
904	0	1.08386e-10
905	0	9.04521e-11
906	0	5.95008e-11
907	0	9.03952e-11
908	0	2.98428e-13
909	0	6.27978e-11
910	0	3.68772e-11
911	0	9.75149e-11
912	0	8.04903e-11
913	0	6.13056e-11
914	0	1.57982e-10
915	0	1.36126e-10
916	0	1.70601e-10
917	0	2.06697e-10
918	0	1.86461e-10
919	0	1.23279e-10
920	0	6.21014e-12
921	0	4.34994e-11
922	0	5.18554e-11
923	0	6.24283e-11
924	0	1.52482e-11
925	0	5.39302e-11
926	0	2.04196e-10
927	0	2.32532e-10
928	0	2.08232e-10
929	0	1.18987e-10
930	0	9.10916e-12
931	0	4.67395e-11
932	0	7.6426e-11
933	0	8.08598e-12
934	0	1.05715e-10
935	0	1.53904e-11
936	0	1.80833e-10
937	0	1.1137e-10
938	0	9.76144e-11
939	0	1.1137e-10
940	0	1.3064e-10
941	0	1.47935e-11
942	0	8.27214e-11
943	0	1.23137e-10
944	0	4.745e-11
945	0	1.04521e-10
946	0	1.08329e-10
947	0	1.38314e-10
948	0	1.1967e-10
949	0	1.78332e-10
950	0	5.80513e-11
951	0	4.92832e-11
952	0	2.51674e-11
953	0	3.1477e-11
954	0	9.301e-11
955	0	1.94262e-11
956	0	2.22116e-11
957	0	1.09551e-10
958	0	9.03952e-11
959	0	1.65144e-10
960	0	3.61098e-11
961	1100	1.22554e-10
962	1100	9.50422e-11
963	1100	5.63887e-11
964	1100	4.75211e-11
965	1100	4.09273e-12
966	1100	1.18234e-11
967	1100	1.47793e-11
968	1100	3.45608e-11
969	1100	1.40972e-11
970	1100	3.38787e-11
971	1100	1.47793e-11
972	1100	4.91127e-11
973	1100	4.34284e-11
974	1100	9.86802e-11
975	1100	7.48059e-11
976	1100	8.6402e-12
977	1100	2.63753e-11
978	1100	3.04681e-11
979	1100	6.86668e-11
980	1100	2.84217e-11
981	1100	1.11413e-11
982	1100	5.22959e-12
983	1100	7.50333e-11
984	1100	6.88942e-11
985	1100	1.21645e-10
986	1100	7.7307e-11
987	1100	1.54614e-11
988	1100	5.22959e-12
989	1100	2.04636e-12
990	1100	3.31966e-11
991	1100	4.09273e-12
992	1100	5.38876e-11
993	1100	3.31966e-11
994	1100	3.36513e-11
995	1100	1.49612e-10
996	1100	6.07088e-11
997	1100	2.84217e-11
998	1100	7.86713e-11
999	1100	1.04592e-10
1000	1100	4.06999e-11
1001	1100	6.23004e-11
1002	1100	5.50244e-11
1003	1100	7.04858e-11
1004	1100	5.0477e-11
1005	1100	6.63931e-11
1006	1100	8.32188e-11
1007	1100	5.02496e-11
1008	1100	2.91038e-11
1009	1100	6.50289e-11
1010	1100	8.36735e-11
1011	1100	7.25322e-11
1012	1100	2.22826e-11
1013	1100	9.77707e-11
1014	1100	5.45697e-11
1015	1100	5.79803e-11
1016	1100	1.47338e-10
1017	1100	6.91216e-11
1018	1100	1.41881e-10
1019	1100	2.07137e-10
1020	1100	2.03272e-10
1021	1100	2.50111e-11
1022	1100	2.86491e-11
1023	1100	1.221e-10
1024	1100	1.2551e-10
1025	1100	1.52113e-10
1026	1100	1.04137e-10
1027	1100	1.50067e-10
1028	1100	1.26647e-10
1029	1100	1.07093e-10
1030	1100	1.10276e-10
1031	1100	1.01863e-10
1032	1100	1.49157e-10
1033	1100	7.84439e-11
1034	1100	1.57115e-10
1035	1100	1.22782e-10
1036	1100	2.72848e-12
1037	1100	4.41105e-11
1038	1100	1.31422e-10
1039	1100	3.84262e-11
1040	1100	9.32232e-12
1041	1100	1.33468e-10
1042	1100	2.20552e-10
1043	1100	1.63254e-10
1044	1100	1.2983e-10
1045	1100	8.32188e-11
1046	1100	5.09317e-11
1047	1100	3.43334e-11
1048	1100	3.20597e-11
1049	1100	2.27374e-12
1050	1100	2.11458e-11
1051	1100	1.05274e-10
1052	1100	1.50749e-10
1053	1100	1.58025e-10
1054	1100	4.09273e-11
1055	1100	4.88853e-11
1056	1100	2.91038e-11
1057	1100	5.50244e-11
1058	1100	1.25056e-11
1059	1100	4.502e-11
1060	1100	8.6402e-12
1061	-1100	2.27374e-12
1062	-1100	7.86713e-11
1063	-1100	7.61702e-11
1064	-1100	1.15051e-10
1065	-1100	7.18501e-11
1066	-1100	1.57797e-10
1067	-1100	1.4802e-10
1068	-1100	8.86757e-11
1069	-1100	1.77351e-11
1070	-1100	1.06866e-10
1071	-1100	5.54792e-11
1072	-1100	6.82121e-13
1073	-1100	9.91349e-11
1074	-1100	1.4893e-10
1075	-1100	1.2119e-10
1076	-1100	1.02773e-10
1077	-1100	1.24146e-10
1078	-1100	4.63842e-11
1079	-1100	2.47837e-11
1080	-1100	2.84217e-11
1081	-1100	1.10958e-10
1082	-1100	7.27596e-12
1083	-1100	1.22782e-11
1084	-1100	6.36646e-12
1085	-1100	2.00089e-11
1086	-1100	1.36879e-10
1087	-1100	5.13865e-11
1088	-1100	7.27596e-12
1089	-1100	6.68479e-11
1090	-1100	5.02496e-11
1091	-1100	4.77485e-12
1092	-1100	5.61613e-11
1093	-1100	2.29647e-11
1094	-1100	2.20552e-11
1095	-1100	4.97948e-11
1096	-1100	1.11868e-10
1097	-1100	6.36646e-12
1098	-1100	5.91172e-11
1099	-1100	2.13731e-11
1100	-1100	1.06866e-11
1101	-1100	1.19599e-10
1102	-1100	2.31921e-11
1103	-1100	9.91349e-11
1104	-1100	1.40972e-10
1105	-1100	1.03455e-10
1106	-1100	5.00222e-11
1107	-1100	1.59162e-10
1108	-1100	4.502e-11
1109	-1100	1.79625e-11
1110	-1100	2.251e-11
1111	-1100	8.54925e-11
1112	-1100	1.25965e-10
1113	-1100	7.18501e-11
1114	-1100	1.00499e-10
1115	-1100	1.90084e-10
1116	-1100	1.65301e-10
1117	-1100	2.00089e-10
1118	-1100	1.7485e-10
1119	-1100	1.39153e-10
1120	-1100	9.29958e-11
1121	-1100	3.29692e-11
1122	-1100	7.88987e-11
1123	-1100	4.3201e-11
1124	-1100	1.43245e-11
1125	-1100	3.52429e-11
1126	-1100	1.19371e-10
1127	-1100	1.94632e-10
1128	-1100	2.34422e-10
1129	-1100	6.36646e-12
1130	-1100	3.97904e-11
1131	-1100	7.29869e-11
1132	-1100	2.27374e-13
1133	-1100	1.27329e-10
1134	-1100	2.59206e-11
1135	-1100	3.97904e-11
1136	-1100	1.76897e-10
1137	-1100	6.07088e-11
1138	-1100	9.84528e-11
1139	-1100	1.73259e-10
1140	-1100	1.3415e-10
1141	-1100	3.18323e-11
1142	-1100	1.31649e-10
1143	-1100	3.72893e-11
1144	-1100	4.91127e-11
1145	-1100	8.86757e-12
1146	-1100	1.58707e-10
1147	-1100	1.58707e-10
1148	-1100	1.09594e-10
1149	-1100	1.09139e-10
1150	-1100	4.91127e-11
1151	-1100	3.47882e-11
1152	-1100	4.29736e-11
1153	-1100	1.12095e-10
1154	-1100	1.12777e-10
1155	-1100	1.8872e-11
1156	-1100	1.7053e-11
1157	-1100	8.91305e-11
1158	-1100	5.54792e-11
1159	-1100	1.36424e-10
1160	-1100	3.31966e-11
1161	1100	1.49839e-10
1162	1100	1.1164e-10
1163	1100	2.13731e-11
1164	1100	5.59339e-11
1165	1100	1.56888e-11
1166	1100	5.20686e-11
1167	1100	3.22871e-11
1168	1100	4.54747e-13
1169	1100	4.38831e-11
1170	1100	2.27374e-11
1171	1100	4.34284e-11
1172	1100	4.43379e-11
1173	1100	6.13909e-12
1174	1100	9.91349e-11
1175	1100	9.16316e-11
1176	1100	4.93401e-11
1177	1100	7.27596e-12
1178	1100	4.25189e-11
1179	1100	7.27596e-11
1180	1100	1.00499e-10
1181	1100	5.16138e-11
1182	1100	4.34284e-11
1183	1100	9.34506e-11
1184	1100	5.45697e-12
1185	1100	9.91349e-11
1186	1100	1.14824e-10
1187	1100	2.11458e-11
1188	1100	1.81899e-12
1189	1100	2.34195e-11
1190	1100	5.50244e-11
1191	1100	4.09273e-12
1192	1100	2.11458e-11
1193	1100	3.41061e-11
1194	1100	4.57021e-11
1195	1100	1.74623e-10
1196	1100	5.88898e-11
1197	1100	1.221e-10
1198	1100	7.04858e-12
1199	1100	8.8221e-11
1200	1100	3.63798e-11
1201	1100	9.95897e-11
1202	1100	9.79981e-11
1203	1100	8.98126e-11
1204	1100	2.93312e-11
1205	1100	6.73026e-11
1206	1100	7.13953e-11
1207	1100	4.54747e-13
1208	1100	5.41149e-11
1209	1100	3.68345e-11
1210	1100	1.18689e-10
1211	1100	7.7307e-11
1212	1100	8.59472e-11
1213	1100	1.13232e-10
1214	1100	4.88853e-11
1215	1100	6.36646e-11
1216	1100	6.82121e-11
1217	1100	2.66027e-11
1218	1100	1.14142e-10
1219	1100	2.41016e-10
1220	1100	1.86219e-10
1221	1100	5.59339e-11
1222	1100	2.68301e-11
1223	1100	1.32559e-10
1224	1100	9.20863e-11
1225	1100	1.16188e-10
1226	1100	1.01409e-10
1227	1100	1.99179e-10
1228	1100	9.09495e-11
1229	1100	1.68939e-10
1230	1100	1.37561e-10
1231	1100	7.45786e-11
1232	1100	1.63709e-10
1233	1100	2.36469e-11
1234	1100	1.10276e-10
1235	1100	1.29148e-10
1236	1100	4.77485e-11
1237	1100	8.86757e-12
1238	1100	1.07548e-10
1239	1100	3.43334e-11
1240	1100	1.31877e-11
1241	1100	8.93579e-11
1242	1100	1.90084e-10
1243	1100	2.32603e-10
1244	1100	1.85537e-10
1245	1100	7.52607e-11
1246	1100	1.77351e-11
1247	1100	4.54747e-13
1248	1100	1.61435e-11
1249	1100	2.45564e-11
1250	1100	4.57021e-11
1251	1100	9.54969e-11
1252	1100	1.3415e-10
1253	1100	1.0732e-10
1254	1100	8.54925e-11
1255	1100	3.7744e-11
1256	1100	4.502e-11
1257	1100	9.89075e-11
1258	1100	5.20686e-11
1259	1100	3.41061e-12
1260	1100	2.68301e-11
1261	-1100	3.70619e-11
1262	-1100	1.28921e-10
1263	-1100	4.02451e-11
1264	-1100	4.93401e-11
1265	-1100	8.39009e-11
1266	-1100	1.24373e-10
1267	-1100	1.13914e-10
1268	-1100	8.39009e-11
1269	-1100	1.54614e-11
1270	-1100	9.66338e-11
1271	-1100	5.25233e-11
1272	-1100	3.11502e-11
1273	-1100	5.07043e-11
1274	-1100	1.4802e-10
1275	-1100	1.00954e-10
1276	-1100	1.03455e-10
1277	-1100	1.25738e-10
1278	-1100	1.11413e-11
1279	-1100	8.86757e-12
1280	-1100	2.66027e-11
1281	-1100	8.4583e-11
1282	-1100	1.38698e-11
1283	-1100	6.29825e-11
1284	-1100	3.00133e-11
1285	-1100	9.02673e-11
1286	-1100	1.11186e-10
1287	-1100	9.68612e-11
1288	-1100	4.3201e-12
1289	-1100	6.2073e-11
1290	-1100	7.82165e-11
1291	-1100	7.23048e-11
1292	-1100	5.75255e-11
1293	-1100	1.68257e-11
1294	-1100	9.68612e-11
1295	-1100	4.77485e-12
1296	-1100	7.50333e-11
1297	-1100	2.34195e-11
1298	-1100	6.29825e-11
1299	-1100	2.50111e-12
1300	-1100	2.20552e-11
1301	-1100	1.01181e-10
1302	-1100	8.8221e-11
1303	-1100	8.32188e-11
1304	-1100	1.38925e-10
1305	-1100	8.84484e-11
1306	-1100	8.54925e-11
1307	-1100	1.06866e-10
1308	-1100	2.45564e-11
1309	-1100	1.04592e-11
1310	-1100	1.02318e-10
1311	-1100	7.77618e-11
1312	-1100	1.15733e-10
1313	-1100	9.61791e-11
1314	-1100	9.86802e-11
1315	-1100	1.82581e-10
1316	-1100	1.93495e-10
1317	-1100	2.31694e-10
1318	-1100	1.95087e-10
1319	-1100	1.02091e-10
1320	-1100	6.11635e-11
1321	-1100	5.41149e-11
1322	-1100	4.70664e-11
1323	-1100	2.13731e-11
1324	-1100	2.11458e-11
1325	-1100	7.07132e-11
1326	-1100	1.41426e-10
1327	-1100	1.38471e-10
1328	-1100	1.93268e-10
1329	-1100	4.3201e-12
1330	-1100	9.64064e-11
1331	-1100	5.00222e-11
1332	-1100	5.88898e-11
1333	-1100	1.15961e-11
1334	-1100	3.68345e-11
1335	-1100	9.54969e-12
1336	-1100	1.38925e-10
1337	-1100	1.08912e-10
1338	-1100	1.13005e-10
1339	-1100	2.0782e-10
1340	-1100	1.33696e-10
1341	-1100	4.82032e-11
1342	-1100	4.82032e-11
1343	-1100	7.18501e-11
1344	-1100	1.61435e-11
1345	-1100	5.86624e-11
1346	-1100	1.13232e-10
1347	-1100	2.27374e-10
1348	-1100	1.20508e-10
1349	-1100	8.73115e-11
1350	-1100	8.36735e-11
1351	-1100	2.9786e-11
1352	-1100	3.54703e-11
1353	-1100	5.32054e-11
1354	-1100	8.57199e-11
1355	-1100	1.25056e-11
1356	-1100	5.07043e-11
1357	-1100	1.40972e-10
1358	-1100	3.25144e-11
1359	-1100	1.69166e-10
1360	-1100	4.18368e-11
1361	0	1.26469e-08
1362	0	2.60252e-08
1363	0	2.47413e-08
1364	0	2.94314e-08
1365	0	4.53575e-08
1366	0	3.95851e-08
1367	0	2.62995e-08
1368	0	2.26168e-08
1369	0	3.05748e-08
1370	0	2.42972e-09
1371	0	1.70709e-08
1372	0	2.16733e-08
1373	0	5.789e-09
1374	0	9.92683e-09
1375	0	5.75742e-09
1376	0	2.58295e-08
1377	0	3.57935e-08
1378	0	1.39206e-08
1379	0	2.91926e-08
1380	0	5.28535e-09
1381	0	3.47508e-08
1382	0	6.7438e-09
1383	0	6.46025e-11
1384	0	1.84254e-08
1385	0	9.6604e-09
1386	0	7.0596e-09
1387	0	2.05035e-08
1388	0	5.36551e-09
1389	0	4.4339e-09
1390	0	3.0189e-08
1391	0	3.26587e-09
1392	0	3.85983e-08
1393	0	7.11211e-10
1394	0	1.19629e-08
1395	0	1.06072e-08
1396	0	1.53224e-08
1397	0	2.50668e-08
1398	0	1.48552e-08
1399	0	2.87296e-08
1400	0	5.19141e-09
1401	0	5.70282e-09
1402	0	2.95612e-08
1403	0	3.15955e-08
1404	0	2.47697e-08
1405	0	2.61511e-08
1406	0	7.95337e-09
1407	0	3.12346e-08
1408	0	1.33585e-08
1409	0	8.64312e-09
1410	0	5.88308e-09
1411	0	2.25859e-08
1412	0	7.30881e-09
1413	0	3.72436e-08
1414	0	3.79387e-08
1415	0	3.40622e-08
1416	0	6.25762e-09
1417	0	1.83028e-08
1418	0	5.07461e-09
1419	0	2.36831e-08
1420	0	3.842e-08
1421	0	3.79634e-09
1422	0	1.67096e-08
1423	0	3.05091e-08
1424	0	3.36796e-08
1425	0	1.83236e-08
1426	0	3.49806e-09
1427	0	4.19936e-08
1428	0	3.48675e-08
1429	0	2.73595e-08
1430	0	2.6808e-08
1431	0	8.66748e-10
1432	0	1.44046e-08
1433	0	4.37694e-10
1434	0	7.70694e-09
1435	0	3.71773e-09
1436	0	7.52237e-10
1437	0	1.00977e-08
1438	0	2.87691e-08
1439	0	1.19223e-08
1440	0	2.34257e-08
1441	0	1.90776e-08
1442	0	2.16023e-08
1443	0	2.53581e-08
1444	0	2.10775e-09
1445	0	1.35857e-08
1446	0	2.47326e-10
1447	0	1.40596e-08
1448	0	2.02944e-08
1449	0	3.20064e-08
1450	0	2.59987e-08
1451	0	1.35042e-08
1452	0	3.21597e-09
1453	0	1.47697e-08
1454	0	1.9346e-08
1455	0	2.66249e-09
1456	0	4.9053e-09
1457	0	5.05013e-09
1458	0	2.08827e-08
1459	0	1.89613e-08
1460	0	1.1149e-08
1461	0	2.79397e-09
1462	0	2.18861e-08
1463	0	2.23517e-08
1464	0	2.65427e-08
1465	0	3.49246e-08
1466	0	5.07571e-08
1467	0	3.49246e-08
1468	0	2.468e-08
1469	0	1.49012e-08
1470	0	8.3819e-09
1471	0	2.32831e-09
1472	0	2.79397e-08
1473	0	2.00234e-08
1474	0	3.1665e-08
1475	0	2.23517e-08
1476	0	4.19095e-09
1477	0	1.16415e-08
1478	0	7.45058e-09
1479	0	2.65427e-08
1480	0	2.37487e-08
1481	0	3.77186e-08
1482	0	1.39698e-09
1483	0	9.77889e-09
1484	0	1.11759e-08
1485	0	4.19095e-09
1486	0	6.98492e-09
1487	0	2.93367e-08
1488	0	9.31323e-09
1489	0	1.11759e-08
1490	0	3.63216e-08
1491	0	3.25963e-09
1492	0	2.23517e-08
1493	0	1.35042e-08
1494	0	2.09548e-08
1495	0	1.16415e-08
1496	0	3.72529e-09
1497	0	4.65661e-10
1498	0	4.19095e-09
1499	0	2.6077e-08
1500	0	1.39698e-09
1501	0	8.84756e-09
1502	0	1.58325e-08
1503	0	1.62981e-08
1504	0	3.11993e-08
1505	0	1.07102e-08
1506	0	1.16415e-08
1507	0	3.07336e-08
1508	0	2.51457e-08
1509	0	3.0268e-08
1510	0	4.65661e-09
1511	0	3.44589e-08
1512	0	2.00234e-08
1513	0	1.35042e-08
1514	0	1.81608e-08
1515	0	1.21072e-08
1516	0	3.81842e-08
1517	0	3.49246e-08
1518	0	4.79631e-08
1519	0	9.77889e-09
1520	0	1.39698e-08
1521	0	1.76951e-08
1522	0	2.8871e-08
1523	0	2.56114e-08
1524	0	3.77186e-08
1525	0	6.0536e-09
1526	0	1.49012e-08
1527	0	2.98023e-08
1528	0	3.0268e-08
1529	0	1.39698e-09
1530	0	1.39698e-09
1531	0	2.37487e-08
1532	0	1.67638e-08
1533	0	3.39933e-08
1534	0	1.90921e-08
1535	0	5.58794e-09
1536	0	1.02445e-08
1537	0	2.04891e-08
1538	0	1.30385e-08
1539	0	1.11759e-08
1540	0	4.19095e-09
1541	0	1.95578e-08
1542	0	3.21306e-08
1543	0	2.28174e-08
1544	0	1.53668e-08
1545	0	2.32831e-09
1546	0	7.45058e-09
1547	0	1.16415e-08
1548	0	2.84053e-08
1549	0	2.23517e-08
1550	0	2.09548e-08
1551	0	1.30385e-08
1552	0	1.72295e-08
1553	0	2.37487e-08
1554	0	7.91624e-09
1555	0	6.0536e-09
1556	0	1.86265e-09
1557	0	1.86265e-08
1558	0	1.81608e-08
1559	0	1.86265e-09
1560	0	1.30385e-08
1561	0	7.88407e-23
#Error maximum on element 575 and its magnitude is 7.80328e-08.
