#Row	GivenPot	Error
1	0	2.54058e-10
2	0	3.628e-10
3	0	5.60046e-10
4	0	1.17975e-10
5	0	2.31889e-10
6	0	2.28031e-10
7	0	4.86214e-10
8	0	3.61442e-10
9	0	7.31323e-10
10	0	4.56769e-10
11	0	4.29488e-11
12	0	1.93577e-10
13	0	1.71642e-10
14	0	1.35653e-10
15	0	6.8983e-11
16	0	3.4132e-10
17	0	4.74788e-10
18	0	5.9018e-10
19	0	1.17016e-10
20	0	5.42375e-10
21	0	2.85218e-09
22	0	4.21345e-07
23	0	9.1246e-08
24	0	3.37084e-07
25	0	4.13493e-08
26	0	5.28325e-08
27	0	2.81147e-07
28	0	1.21392e-07
29	0	4.24297e-08
30	0	1.86144e-07
31	0	2.03226e-07
32	0	9.52004e-08
33	0	1.00654e-07
34	0	3.46683e-07
35	0	1.23395e-07
36	0	2.0924e-07
37	0	2.7235e-07
38	0	1.47787e-07
39	0	1.26944e-07
40	0	1.42823e-07
41	5500	4.502e-10
42	5500	4.10182e-10
43	5500	4.10182e-10
44	5500	2.80124e-10
45	5500	1.35515e-10
46	5500	4.36557e-10
47	5500	6.49379e-10
48	5500	3.85626e-10
49	5500	5.33873e-10
50	5500	3.89264e-10
51	-5500	6.73026e-11
52	-5500	2.32831e-10
53	-5500	3.11047e-10
54	-5500	1.63709e-10
55	-5500	1.34605e-10
56	-5500	4.74756e-10
57	-5500	2.50111e-10
58	-5500	4.83851e-10
59	-5500	2.35559e-10
60	-5500	4.23825e-10
61	0	1.14278e-08
62	0	4.36012e-08
63	0	2.94785e-08
64	0	6.13491e-08
65	0	4.28008e-09
66	0	7.14645e-08
67	0	1.05825e-07
68	0	4.21096e-08
69	0	9.68648e-08
70	0	8.18436e-08
71	0	2.89219e-09
72	0	1.23325e-07
73	0	2.73758e-09
74	0	2.55313e-08
75	0	2.46528e-08
76	0	2.78305e-10
77	0	1.47058e-07
78	0	7.60156e-08
79	0	5.17757e-08
80	0	8.89268e-08
81	0	1.33748e-07
82	0	1.96557e-07
83	0	8.92851e-08
84	0	1.22549e-07
85	0	1.24372e-07
86	0	6.10526e-08
87	0	1.5837e-07
88	0	1.13012e-07
89	0	1.40222e-07
90	0	3.74603e-08
91	0	2.44747e-07
92	0	3.29789e-07
93	0	1.21758e-07
94	0	1.12161e-07
95	0	2.051e-07
96	0	1.56666e-07
97	0	2.96604e-07
98	0	1.31306e-07
99	0	9.92077e-09
100	0	2.35523e-07
101	0	1.9355e-07
102	0	8.8311e-08
103	0	4.4698e-08
104	0	9.08858e-08
105	0	1.45496e-07
106	0	2.8809e-07
107	0	1.44209e-08
108	0	4.36321e-08
109	0	2.84803e-07
110	0	1.31691e-07
111	0	6.26733e-09
112	0	6.33818e-08
113	0	7.94589e-08
114	0	9.95169e-09
115	0	8.54525e-08
116	0	1.58667e-07
117	0	4.20696e-08
118	0	1.68699e-07
119	0	2.42231e-07
120	0	8.10978e-08
121	0	1.17889e-08
122	0	7.82256e-08
123	0	6.15655e-08
124	0	3.84389e-08
125	0	4.60568e-08
126	0	7.98809e-08
127	0	1.61835e-08
128	0	6.78083e-08
129	0	1.38843e-07
130	0	6.62112e-08
131	0	2.16414e-08
132	0	8.79372e-08
133	0	4.35648e-09
134	0	1.16579e-07
135	0	8.8221e-09
136	0	6.08688e-08
137	0	6.90579e-08
138	0	7.11843e-08
139	0	1.03064e-07
140	0	1.74878e-08
141	0	5.37884e-10
142	0	5.99275e-10
143	0	1.24064e-10
144	0	2.11767e-10
145	0	1.34914e-10
146	0	9.48468e-11
147	0	2.24841e-10
148	0	3.52056e-10
149	0	6.05134e-11
150	0	2.25928e-10
151	0	8.1619e-10
152	0	3.24608e-10
153	0	5.19695e-10
154	0	9.92273e-12
155	0	9.28502e-11
156	0	1.31731e-10
157	0	5.67493e-10
158	0	1.05697e-10
159	0	6.37463e-11
160	0	2.21721e-10
161	0	8.3819e-08
162	0	3.46918e-08
163	0	1.54294e-07
164	0	1.55997e-08
165	0	1.93893e-07
166	0	1.5016e-07
167	0	5.26534e-08
168	0	1.24831e-07
169	0	8.03902e-09
170	0	1.77062e-07
171	0	1.55764e-07
172	0	1.91329e-07
173	0	5.45697e-08
174	0	2.47335e-07
175	0	3.04917e-08
176	0	3.67313e-07
177	0	1.09354e-07
178	0	2.80979e-08
179	0	1.06979e-09
180	0	1.7193e-07
181	5500	3.91083e-10
182	5500	5.74801e-10
183	5500	1.16415e-10
184	5500	3.63798e-10
185	5500	1.36424e-11
186	5500	4.54747e-11
187	5500	9.64064e-11
188	5500	2.26464e-10
189	5500	5.09317e-11
190	5500	2.61934e-10
191	-5500	9.9044e-10
192	-5500	3.65617e-10
193	-5500	3.38332e-10
194	-5500	3.32875e-10
195	-5500	2.13731e-10
196	-5500	1.13687e-10
197	-5500	5.95719e-10
198	-5500	5.18412e-11
199	-5500	3.63798e-12
200	-5500	2.60115e-10
201	0	6.51926e-09
202	0	2.8871e-08
203	0	8.30041e-08
204	0	3.65071e-08
205	0	6.85213e-09
206	0	3.82897e-09
207	0	2.36237e-08
208	0	6.30512e-08
209	0	1.1531e-08
210	0	1.08751e-08
211	0	4.51691e-08
212	0	1.11642e-07
213	0	8.64529e-08
214	0	6.8394e-09
215	0	1.56069e-09
216	0	8.52888e-08
217	0	3.58787e-08
218	0	2.45095e-08
219	0	4.96764e-08
220	0	5.23323e-08
221	0	1.19209e-07
222	0	5.8033e-08
223	0	2.58879e-08
224	0	1.39607e-07
225	0	4.20514e-08
226	0	4.38522e-08
227	0	1.05658e-07
228	0	1.10763e-07
229	0	2.83269e-08
230	0	3.75167e-09
231	0	1.96742e-07
232	0	1.54309e-07
233	0	9.96515e-08
234	0	1.09845e-07
235	0	2.85125e-07
236	0	2.19568e-07
237	0	9.29231e-08
238	0	1.89541e-07
239	0	4.37219e-08
240	0	2.99098e-07
241	0	4.93601e-08
242	0	2.28698e-07
243	0	1.12195e-08
244	0	1.74445e-07
245	0	3.89809e-09
246	0	1.96748e-07
247	0	1.75542e-08
248	0	7.56445e-08
249	0	2.51576e-07
250	0	6.40221e-08
251	0	1.3411e-07
252	0	1.74507e-07
253	0	6.49743e-08
254	0	3.16577e-08
255	0	3.52811e-08
256	0	2.2362e-07
257	0	4.82569e-08
258	0	7.04449e-08
259	0	5.18071e-08
260	0	1.40758e-07
261	0	1.6205e-07
262	0	1.00117e-08
263	0	5.77129e-08
264	0	3.90137e-08
265	0	5.78184e-08
266	0	1.42286e-07
267	0	1.09443e-07
268	0	1.32691e-08
269	0	4.5794e-08
270	0	1.55355e-08
271	0	1.24797e-07
272	0	1.18976e-07
273	0	5.96774e-08
274	0	6.27879e-08
275	0	3.28455e-08
276	0	1.07306e-07
277	0	4.32842e-08
278	0	1.29851e-07
279	0	2.64906e-08
280	0	2.55184e-08
281	0	2.44913e-10
282	0	9.25102e-10
283	0	6.95454e-10
284	0	6.33211e-10
285	0	4.60975e-10
286	0	2.25587e-10
287	0	2.93678e-10
288	0	2.54115e-10
289	0	4.16915e-10
290	0	4.47606e-11
291	0	5.61531e-10
292	0	1.96255e-10
293	0	5.42546e-10
294	0	1.54646e-10
295	0	1.03764e-10
296	0	1.89377e-10
297	0	1.26899e-10
298	0	2.18538e-10
299	0	5.97506e-10
300	0	5.13047e-11
301	0	6.35996e-10
302	0	5.14124e-10
303	0	3.59623e-10
304	0	6.92499e-10
305	0	5.91772e-10
306	0	1.85455e-10
307	0	1.15424e-10
308	0	3.32907e-10
309	0	2.14051e-11
310	0	1.47473e-11
311	0	5.01618e-10
312	0	6.10871e-10
313	0	9.08617e-10
314	0	7.27969e-10
315	0	1.98416e-10
316	0	9.88756e-11
317	0	1.57375e-10
318	0	1.22409e-10
319	0	1.2701e-11
320	0	5.0338e-10
321	0	5.24924e-10
322	0	7.53435e-10
323	0	6.56346e-10
324	0	4.40682e-10
325	0	2.64571e-11
326	0	3.98224e-11
327	0	7.52927e-11
328	0	1.78293e-10
329	0	1.69425e-10
330	0	2.52864e-10
331	0	8.02093e-10
332	0	3.98504e-10
333	0	9.49605e-11
334	0	6.58567e-11
335	0	1.53054e-10
336	0	5.1315e-10
337	0	1.04851e-10
338	0	2.15582e-10
339	0	1.44414e-10
340	0	2.86921e-10
341	0	6.86132e-10
342	0	1.14969e-10
343	0	7.29052e-11
344	0	1.79998e-10
345	0	2.51166e-10
346	0	1.54987e-10
347	0	2.49294e-11
348	0	7.42695e-11
349	0	2.03013e-10
350	0	7.35874e-11
351	0	2.79588e-10
352	0	1.82435e-10
353	0	3.55531e-10
354	0	9.51239e-11
355	0	2.28429e-10
356	0	1.38844e-10
357	0	8.43237e-11
358	0	3.84116e-10
359	0	6.88125e-11
360	0	7.54561e-11
361	0	2.2229e-10
362	0	3.17506e-11
363	0	7.90443e-11
364	0	2.55032e-10
365	0	4.89909e-10
366	0	2.0723e-11
367	0	3.88095e-10
368	0	1.32527e-10
369	0	8.07496e-11
370	0	3.04649e-10
371	0	3.90546e-10
372	0	4.24198e-10
373	0	3.2006e-10
374	0	5.89043e-10
375	0	7.336e-11
376	0	1.65951e-10
377	0	1.96465e-12
378	0	1.45779e-10
379	0	2.46668e-10
380	0	4.66944e-10
381	0	1.52365e-10
382	0	1.53104e-10
383	0	2.02444e-10
384	0	3.6621e-10
385	0	2.18424e-10
386	0	2.95447e-10
387	0	6.5447e-10
388	0	6.91248e-10
389	0	9.1396e-10
390	0	5.13669e-10
391	0	6.28475e-12
392	0	5.63286e-10
393	0	3.19435e-10
394	0	1.1843e-10
395	0	3.09601e-10
396	0	6.90896e-11
397	0	2.09216e-10
398	0	5.74151e-10
399	0	5.33451e-10
400	0	4.62851e-10
401	0	2.94083e-10
402	0	2.50257e-10
403	0	3.89807e-10
404	0	1.03135e-11
405	0	1.92212e-10
406	0	4.17149e-10
407	0	6.32358e-10
408	0	3.52347e-10
409	0	6.9841e-10
410	0	8.19146e-10
411	0	3.0926e-10
412	0	9.10383e-11
413	0	2.35651e-11
414	0	2.09443e-10
415	0	1.25819e-10
416	0	3.72015e-10
417	0	6.16669e-10
418	0	5.83587e-10
419	0	5.57439e-10
420	0	1.08376e-10
421	0	9.44986e-11
422	0	2.86409e-10
423	0	1.02919e-10
424	0	4.36238e-11
425	0	9.12088e-11
426	0	2.1064e-11
427	0	5.01277e-10
428	0	5.15715e-10
429	0	7.96408e-10
430	0	7.63666e-10
431	0	3.32282e-10
432	0	6.36327e-11
433	0	2.16264e-10
434	0	1.79885e-10
435	0	2.62357e-10
436	0	2.03819e-11
437	0	7.07452e-11
438	0	1.52031e-10
439	0	1.98188e-10
440	0	8.40974e-10
441	0	1.37536e-10
442	0	1.14337e-10
443	0	3.2836e-10
444	0	2.0108e-10
445	0	1.90116e-10
446	0	2.04377e-10
447	0	2.36614e-10
448	0	2.2138e-10
449	0	8.24549e-11
450	0	5.46525e-10
451	0	1.38439e-10
452	0	9.10951e-11
453	0	2.63153e-10
454	0	6.86349e-11
455	0	3.68605e-10
456	0	4.17149e-10
457	0	5.46514e-11
458	0	4.75357e-10
459	0	1.56806e-10
460	0	3.22789e-10
461	0	5.4083e-11
462	0	3.57122e-10
463	0	1.02638e-11
464	0	2.44167e-10
465	0	9.21681e-11
466	0	1.76815e-10
467	0	4.0146e-10
468	0	5.01505e-10
469	0	2.82316e-10
470	0	2.86409e-10
471	0	5.72559e-10
472	0	3.48699e-11
473	0	1.69312e-10
474	0	1.41789e-11
475	0	8.88711e-11
476	0	1.13086e-10
477	0	3.75312e-10
478	0	4.54666e-10
479	0	6.75218e-10
480	0	3.85089e-10
481	0	3.28246e-10
482	0	2.82192e-11
483	0	4.55067e-11
484	0	1.59989e-10
485	0	1.40947e-10
486	0	7.40918e-11
487	0	2.02792e-10
488	0	8.64908e-11
489	0	9.00613e-12
490	0	1.86301e-10
491	0	2.16549e-10
492	0	6.17071e-11
493	0	7.87601e-11
494	0	3.95094e-10
495	0	2.27917e-10
496	0	3.15456e-10
497	0	3.25631e-10
498	0	4.57909e-11
499	0	1.57083e-10
500	0	2.42689e-10
501	0	1.66357e-07
502	0	1.47535e-07
503	0	1.28362e-07
504	0	8.44448e-08
505	0	1.01707e-07
506	0	1.22271e-07
507	0	1.08517e-07
508	0	3.27273e-08
509	0	5.59339e-08
510	0	4.17895e-08
511	0	1.82481e-08
512	0	2.40834e-08
513	0	7.53535e-08
514	0	9.18353e-08
515	0	1.3594e-07
516	0	3.83909e-07
517	0	3.19247e-07
518	0	2.07137e-07
519	0	2.65381e-08
520	0	2.89428e-08
521	5500	7.09406e-11
522	5500	1.64619e-10
523	5500	9.1859e-11
524	5500	1.15506e-10
525	5500	1.30967e-10
526	5500	8.36735e-11
527	5500	2.29193e-10
528	5500	1.76442e-10
529	5500	9.09495e-13
530	5500	1.0823e-10
531	-5500	1.66438e-10
532	-5500	9.09495e-11
533	-5500	3.21052e-10
534	-5500	4.92946e-10
535	-5500	2.00998e-10
536	-5500	5.63887e-11
537	-5500	8.91305e-10
538	-5500	9.82254e-11
539	-5500	1.69166e-10
540	-5500	1.70985e-10
541	0	1.00579e-07
542	0	2.67246e-08
543	0	5.62941e-08
544	0	4.13947e-08
545	0	2.20589e-08
546	0	4.22278e-08
547	0	8.60418e-08
548	0	4.44124e-08
549	0	3.84225e-08
550	0	6.62749e-08
551	0	1.01449e-07
552	0	4.04871e-08
553	0	1.53923e-08
554	0	6.31735e-09
555	0	8.17636e-09
556	0	6.97437e-08
557	0	3.90173e-08
558	0	1.87538e-08
559	0	1.76087e-08
560	0	2.68492e-08
561	0	1.09652e-07
562	0	1.24503e-07
563	0	4.34247e-08
564	0	3.88227e-08
565	0	6.55691e-08
566	0	3.28509e-08
567	0	7.83857e-08
568	0	3.1805e-08
569	0	4.27781e-08
570	0	7.61274e-08
571	0	2.43999e-07
572	0	5.25251e-08
573	0	6.30098e-09
574	0	9.52641e-08
575	0	7.71779e-08
576	0	1.68062e-07
577	0	2.01362e-07
578	0	8.78572e-09
579	0	1.37336e-07
580	0	3.8659e-08
581	0	7.57173e-08
582	0	1.51067e-07
583	0	4.67862e-08
584	0	3.84443e-08
585	0	6.42867e-08
586	0	9.38962e-09
587	0	5.08953e-07
588	0	4.89999e-08
589	0	1.12655e-07
590	0	2.65571e-07
591	0	1.26362e-07
592	0	5.76983e-08
593	0	5.7682e-08
594	0	1.58238e-07
595	0	1.66638e-08
596	0	7.63212e-08
597	0	1.06489e-07
598	0	6.66278e-08
599	0	3.45162e-08
600	0	1.9184e-08
601	0	1.86883e-08
602	0	1.76042e-08
603	0	9.35324e-09
604	0	4.55439e-08
605	0	6.75373e-08
606	0	3.49009e-08
607	0	1.00141e-07
608	0	5.53464e-08
609	0	2.70738e-08
610	0	5.90644e-08
611	0	1.27766e-08
612	0	5.25943e-08
613	0	2.81179e-08
614	0	1.3164e-08
615	0	3.45262e-08
616	0	3.76131e-08
617	0	2.63499e-08
618	0	4.15566e-08
619	0	3.8388e-08
620	0	1.78843e-08
621	0	3.6076e-10
622	0	4.28063e-10
623	0	7.60028e-10
624	0	2.30362e-10
625	0	4.2181e-10
626	0	5.36065e-10
627	0	4.66944e-10
628	0	2.68219e-10
629	0	1.74541e-10
630	0	1.85e-10
631	0	4.36362e-10
632	0	3.91456e-10
633	0	3.71219e-10
634	0	5.35042e-10
635	0	3.99186e-10
636	0	1.04738e-10
637	0	7.12507e-10
638	0	1.88184e-10
639	0	4.37385e-10
640	0	4.84224e-10
641	0	4.0169e-08
642	0	2.13729e-07
643	0	3.24636e-07
644	0	3.6162e-08
645	0	1.27419e-07
646	0	2.89821e-07
647	0	1.35879e-07
648	0	1.57597e-08
649	0	9.81381e-08
650	0	3.00352e-08
651	0	1.30749e-07
652	0	7.24942e-08
653	0	9.99212e-08
654	0	2.78208e-07
655	0	1.34055e-07
656	0	2.72303e-09
657	0	2.43643e-07
658	0	1.95578e-08
659	0	1.58325e-07
660	0	1.81608e-07
661	5500	3.04681e-10
662	5500	3.39242e-10
663	5500	3.16504e-10
664	5500	3.61979e-10
665	5500	4.01997e-10
666	5500	7.03949e-10
667	5500	4.54747e-10
668	5500	3.21961e-10
669	5500	1.67347e-10
670	5500	2.02817e-10
671	-5500	6.89397e-10
672	-5500	2.14641e-10
673	-5500	5.38421e-10
674	-5500	2.85581e-10
675	-5500	5.5843e-10
676	-5500	1.74623e-10
677	-5500	3.83807e-10
678	-5500	2.65572e-10
679	-5500	5.59339e-10
680	-5500	3.47427e-10
681	0	3.87017e-08
682	0	6.86368e-08
683	0	1.06608e-07
684	0	3.88809e-10
685	0	4.87198e-08
686	0	9.98025e-08
687	0	9.37689e-08
688	0	3.20142e-10
689	0	7.567e-09
690	0	1.03377e-07
691	0	6.8791e-08
692	0	8.04805e-08
693	0	9.81577e-08
694	0	1.47002e-08
695	0	2.15732e-08
696	0	9.97934e-08
697	0	8.85047e-08
698	0	1.11177e-08
699	0	9.66247e-09
700	0	2.37487e-08
701	0	1.58718e-08
702	0	1.15703e-07
703	0	1.10886e-07
704	0	4.66443e-08
705	0	1.05974e-07
706	0	1.84806e-07
707	0	3.80314e-08
708	0	2.35741e-08
709	0	3.96976e-08
710	0	1.17812e-07
711	0	1.59246e-08
712	0	1.3493e-07
713	0	2.16128e-07
714	0	4.87944e-08
715	0	1.87216e-07
716	0	2.18159e-07
717	0	6.80157e-08
718	0	4.37431e-08
719	0	9.1386e-09
720	0	3.67872e-08
721	0	6.88076e-08
722	0	1.18391e-07
723	0	1.4873e-07
724	0	1.80543e-07
725	0	1.5865e-07
726	0	1.52168e-07
727	0	3.12411e-07
728	0	1.79338e-07
729	0	1.28639e-08
730	0	2.96161e-07
731	0	3.64807e-08
732	0	7.96731e-08
733	0	5.86888e-08
734	0	1.15706e-07
735	0	8.51924e-09
736	0	2.54586e-08
737	0	7.53062e-10
738	0	3.52302e-08
739	0	4.90109e-08
740	0	1.60653e-07
741	0	7.17819e-08
742	0	4.74583e-08
743	0	1.65664e-08
744	0	4.11833e-08
745	0	1.87947e-08
746	0	1.81208e-08
747	0	1.4103e-07
748	0	1.86847e-08
749	0	1.83936e-08
750	0	1.46218e-07
751	0	6.8057e-08
752	0	7.01496e-08
753	0	1.0295e-08
754	0	1.46388e-08
755	0	5.87752e-08
756	0	5.39458e-08
757	0	8.08541e-08
758	0	2.63099e-08
759	0	5.06407e-08
760	0	4.65661e-08
761	0	1.84091e-10
762	0	4.57394e-10
763	0	5.80972e-10
764	0	1.08603e-10
765	0	3.10283e-10
766	0	1.4634e-10
767	0	4.62844e-10
768	0	9.79732e-11
769	0	2.23306e-10
770	0	1.96646e-10
771	0	7.1228e-10
772	0	4.20673e-10
773	0	8.35517e-10
774	0	5.4391e-10
775	0	4.10328e-10
776	0	3.43586e-10
777	0	7.52927e-11
778	0	1.45661e-13
779	0	8.2796e-11
780	0	9.17133e-11
781	0	3.0062e-10
782	0	1.61126e-10
783	0	1.01782e-10
784	0	3.67809e-10
785	0	4.37158e-10
786	0	1.57208e-11
787	0	5.5471e-10
788	0	2.29281e-10
789	0	1.9984e-11
790	0	4.44548e-10
791	0	4.21696e-10
792	0	6.9068e-10
793	0	8.97248e-10
794	0	8.14371e-10
795	0	3.74971e-10
796	0	2.62762e-10
797	0	4.14989e-10
798	0	2.257e-10
799	0	1.74364e-10
800	0	2.88114e-10
801	0	4.4216e-10
802	0	2.25473e-10
803	0	4.97526e-10
804	0	5.65851e-10
805	0	1.63741e-10
806	0	8.72191e-12
807	0	5.8677e-10
808	0	8.54605e-11
809	0	1.0002e-10
810	0	2.15756e-11
811	0	3.91001e-10
812	0	4.76948e-10
813	0	1.96998e-11
814	0	1.51967e-10
815	0	2.05805e-10
816	0	1.74541e-10
817	0	1.15197e-10
818	0	1.03146e-10
819	0	2.11312e-10
820	0	6.03926e-11
821	0	1.00286e-09
822	0	2.47301e-10
823	0	1.7295e-10
824	0	9.9444e-11
825	0	2.85613e-10
826	0	4.6683e-10
827	0	1.96597e-10
828	0	3.83384e-10
829	0	2.40707e-10
830	0	3.63549e-11
831	0	3.44617e-10
832	0	1.99098e-10
833	0	3.69855e-10
834	0	7.35245e-10
835	0	4.05553e-10
836	0	5.17698e-10
837	0	2.28479e-10
838	0	4.43698e-11
839	0	1.7511e-10
840	0	4.18687e-11
841	0	7.06141e-10
842	0	4.05098e-10
843	0	3.7554e-10
844	0	6.22467e-10
845	0	2.49965e-10
846	0	3.75248e-10
847	0	1.91076e-10
848	0	1.72836e-10
849	0	2.77087e-10
850	0	9.68932e-11
851	0	1.1236e-09
852	0	6.59757e-10
853	0	4.3784e-10
854	0	6.30642e-11
855	0	1.44919e-10
856	0	6.07169e-10
857	0	1.23599e-11
858	0	1.18316e-10
859	0	1.26338e-10
860	0	3.30633e-10
861	0	2.33879e-10
862	0	1.71237e-10
863	0	1.11164e-11
864	0	2.6446e-10
865	0	6.10711e-12
866	0	2.21437e-10
867	0	1.10422e-10
868	0	6.01322e-10
869	0	5.03324e-10
870	0	5.23446e-10
871	0	1.23375e-10
872	0	7.17115e-11
873	0	2.5128e-10
874	0	1.86528e-10
875	0	1.49011e-10
876	0	3.21879e-10
877	0	7.19101e-10
878	0	7.85153e-10
879	0	4.52278e-10
880	0	5.63578e-10
881	0	5.74605e-10
882	0	8.80824e-11
883	0	3.32452e-10
884	0	3.90433e-10
885	0	2.98179e-11
886	0	3.09601e-10
887	0	7.17737e-10
888	0	4.47162e-10
889	0	4.22773e-13
890	0	4.39432e-10
891	0	3.2421e-10
892	0	6.30145e-11
893	0	1.0019e-10
894	0	9.34826e-11
895	0	2.64073e-11
896	0	1.59421e-10
897	0	6.79538e-10
898	0	4.68081e-10
899	0	6.4907e-10
900	0	1.01782e-10
901	0	1.05079e-10
902	0	2.05748e-10
903	0	4.18904e-10
904	0	4.66944e-10
905	0	2.09607e-10
906	0	1.13264e-10
907	0	5.58916e-10
908	0	3.3268e-10
909	0	4.18513e-10
910	0	2.9755e-10
911	0	1.31049e-10
912	0	2.17337e-10
913	0	1.00922e-10
914	0	2.09784e-10
915	0	4.60577e-10
916	0	2.22506e-11
917	0	9.12586e-11
918	0	3.67528e-11
919	0	5.21059e-10
920	0	2.36387e-10
921	0	7.53424e-11
922	0	2.58442e-10
923	0	4.91159e-10
924	0	1.39867e-10
925	0	4.98662e-10
926	0	7.30189e-11
927	0	2.81798e-10
928	0	8.10267e-11
929	0	1.3225e-10
930	0	9.40108e-10
931	0	2.69811e-10
932	0	3.7247e-10
933	0	3.47004e-10
934	0	2.56104e-10
935	0	5.7636e-10
936	0	3.04826e-10
937	0	7.2183e-10
938	0	3.72356e-10
939	0	5.35156e-10
940	0	4.30564e-10
941	0	8.08633e-11
942	0	2.3616e-10
943	0	4.83489e-11
944	0	5.99325e-10
945	0	3.35117e-10
946	0	1.26956e-10
947	0	5.12419e-10
948	0	6.85677e-10
949	0	7.3479e-10
950	0	7.98e-10
951	0	2.68106e-10
952	0	5.60963e-10
953	0	4.70344e-11
954	0	1.95282e-10
955	0	4.6381e-10
956	0	1.25819e-10
957	0	2.51166e-10
958	0	6.89315e-10
959	0	1.05084e-09
960	0	1.13997e-09
961	5500	4.60204e-10
962	5500	1.01409e-09
963	5500	9.99535e-10
964	5500	9.63155e-10
965	5500	6.36646e-11
966	5500	1.00954e-10
967	5500	4.27463e-10
968	5500	9.73159e-11
969	5500	4.58385e-10
970	5500	5.27507e-11
971	5500	6.45741e-10
972	5500	4.64752e-10
973	5500	6.62112e-10
974	5500	2.29193e-10
975	5500	5.64796e-10
976	5500	1.39153e-10
977	5500	5.45697e-12
978	5500	6.27551e-11
979	5500	7.97627e-10
980	5500	1.36424e-11
981	5500	8.12179e-10
982	5500	3.36513e-10
983	5500	6.45741e-10
984	5500	6.93035e-10
985	5500	4.29281e-10
986	5500	8.18545e-12
987	5500	1.80989e-10
988	5500	4.47471e-10
989	5500	1.15506e-10
990	5500	2.31012e-10
991	5500	5.62068e-10
992	5500	6.00267e-10
993	5500	6.89397e-10
994	5500	7.82165e-10
995	5500	2.86491e-10
996	5500	8.18545e-12
997	5500	1.95541e-10
998	5500	3.36513e-11
999	5500	1.437e-10
1000	5500	3.80169e-10
1001	5500	6.73936e-10
1002	5500	6.90306e-10
1003	5500	5.29326e-10
1004	5500	4.6839e-10
1005	5500	4.63842e-10
1006	5500	1.60981e-10
1007	5500	4.92037e-10
1008	5500	2.99224e-10
1009	5500	2.45564e-10
1010	5500	1.95541e-10
1011	5500	1.11686e-09
1012	5500	1.30967e-10
1013	5500	4.16549e-10
1014	5500	4.22915e-10
1015	5500	3.91083e-10
1016	5500	1.0732e-10
1017	5500	3.10138e-10
1018	5500	1.50067e-10
1019	5500	2.45564e-11
1020	5500	4.1382e-10
1021	5500	4.73847e-10
1022	5500	5.63887e-11
1023	5500	4.26553e-10
1024	5500	1.00044e-10
1025	5500	4.63842e-11
1026	5500	1.36424e-10
1027	5500	7.7307e-11
1028	5500	2.77396e-10
1029	5500	3.63798e-11
1030	5500	2.78305e-10
1031	5500	3.45608e-10
1032	5500	2.09184e-10
1033	5500	2.83762e-10
1034	5500	1.09139e-11
1035	5500	4.91127e-10
1036	5500	1.85537e-10
1037	5500	6.73026e-11
1038	5500	4.84761e-10
1039	5500	4.45652e-11
1040	5500	7.00311e-11
1041	5500	1.35515e-10
1042	5500	1.76442e-10
1043	5500	3.92902e-10
1044	5500	5.5843e-10
1045	5500	3.19233e-10
1046	5500	1.48248e-10
1047	5500	3.61979e-10
1048	5500	3.63798e-11
1049	5500	1.437e-10
1050	5500	1.67347e-10
1051	5500	3.69255e-10
1052	5500	4.8658e-10
1053	5500	5.2205e-10
1054	5500	4.45652e-11
1055	5500	4.72937e-11
1056	5500	9.09495e-11
1057	5500	6.00267e-11
1058	5500	2.56478e-10
1059	5500	6.27551e-11
1060	5500	4.3201e-10
1061	-5500	6.45741e-11
1062	-5500	5.51154e-10
1063	-5500	4.54747e-11
1064	-5500	5.81167e-10
1065	-5500	3.41061e-10
1066	-5500	3.01043e-10
1067	-5500	5.45697e-12
1068	-5500	4.92037e-10
1069	-5500	7.0122e-10
1070	-5500	4.23825e-10
1071	-5500	9.09495e-13
1072	-5500	1.80989e-10
1073	-5500	8.54925e-11
1074	-5500	2.51021e-10
1075	-5500	2.83762e-10
1076	-5500	9.27685e-11
1077	-5500	2.38288e-10
1078	-5500	5.2114e-10
1079	-5500	4.28372e-10
1080	-5500	4.94765e-10
1081	-5500	4.311e-10
1082	-5500	8.73115e-11
1083	-5500	4.43833e-10
1084	-5500	5.18412e-10
1085	-5500	2.00089e-11
1086	-5500	4.77485e-10
1087	-5500	5.43878e-10
1088	-5500	5.32964e-10
1089	-5500	3.35604e-10
1090	-5500	4.12911e-10
1091	-5500	2.08274e-10
1092	-5500	2.81943e-11
1093	-5500	2.42835e-10
1094	-5500	3.50155e-10
1095	-5500	3.16504e-10
1096	-5500	2.72848e-11
1097	-5500	5.51154e-10
1098	-5500	1.12141e-09
1099	-5500	6.1118e-10
1100	-5500	2.77396e-10
1101	-5500	2.11003e-10
1102	-5500	2.80124e-10
1103	-5500	3.91083e-11
1104	-5500	1.63709e-10
1105	-5500	3.36513e-11
1106	-5500	6.45741e-11
1107	-5500	2.26464e-10
1108	-5500	4.95675e-10
1109	-5500	5.34783e-10
1110	-5500	3.26509e-10
1111	-5500	7.09406e-11
1112	-5500	1.48248e-10
1113	-5500	8.54925e-11
1114	-5500	1.63709e-11
1115	-5500	3.26509e-10
1116	-5500	3.02862e-10
1117	-5500	1.65528e-10
1118	-5500	6.18456e-11
1119	-5500	5.82077e-10
1120	-5500	3.85626e-10
1121	-5500	3.25599e-10
1122	-5500	2.59206e-10
1123	-5500	6.69388e-10
1124	-5500	5.25688e-10
1125	-5500	1.18234e-10
1126	-5500	2.38288e-10
1127	-5500	1.16415e-10
1128	-5500	2.27374e-11
1129	-5500	5.69344e-10
1130	-5500	1.07957e-09
1131	-5500	1.14596e-10
1132	-5500	2.63753e-11
1133	-5500	3.54703e-11
1134	-5500	4.72937e-11
1135	-5500	5.71163e-10
1136	-5500	2.37378e-10
1137	-5500	6.04814e-10
1138	-5500	1.38243e-10
1139	-5500	3.12866e-10
1140	-5500	2.67391e-10
1141	-5500	3.01043e-10
1142	-5500	4.74756e-10
1143	-5500	2.84672e-10
1144	-5500	4.65661e-10
1145	-5500	5.16593e-10
1146	-5500	1.72804e-10
1147	-5500	5.42059e-10
1148	-5500	5.89353e-10
1149	-5500	7.47605e-10
1150	-5500	4.71118e-10
1151	-5500	2.79215e-10
1152	-5500	2.95586e-10
1153	-5500	1.46429e-10
1154	-5500	1.11868e-10
1155	-5500	3.73802e-10
1156	-5500	9.09495e-11
1157	-5500	2.51021e-10
1158	-5500	3.94721e-10
1159	-5500	5.29326e-10
1160	-5500	9.85892e-10
1161	5500	4.71118e-10
1162	5500	1.00044e-09
1163	5500	1.18325e-09
1164	5500	1.00044e-09
1165	5500	1.06411e-10
1166	5500	2.78305e-10
1167	5500	5.02951e-10
1168	5500	7.00311e-11
1169	5500	5.29326e-10
1170	5500	2.44654e-10
1171	5500	6.88487e-10
1172	5500	5.51154e-10
1173	5500	6.23004e-10
1174	5500	6.64841e-10
1175	5500	2.81943e-11
1176	5500	2.1555e-10
1177	5500	9.09495e-12
1178	5500	5.82077e-11
1179	5500	8.13088e-10
1180	5500	1.49157e-10
1181	5500	9.24956e-10
1182	5500	3.31056e-10
1183	5500	3.49246e-10
1184	5500	8.56744e-10
1185	5500	3.88354e-10
1186	5500	3.27418e-11
1187	5500	6.36646e-12
1188	5500	3.81988e-10
1189	5500	2.41926e-10
1190	5500	1.94632e-10
1191	5500	7.60338e-10
1192	5500	5.30235e-10
1193	5500	6.50289e-10
1194	5500	9.61336e-10
1195	5500	5.92991e-10
1196	5500	9.09495e-13
1197	5500	2.72848e-10
1198	5500	2.51021e-10
1199	5500	1.21872e-10
1200	5500	2.1646e-10
1201	5500	6.43013e-10
1202	5500	1.00408e-09
1203	5500	6.34827e-10
1204	5500	6.63931e-10
1205	5500	5.52063e-10
1206	5500	6.36646e-12
1207	5500	3.00133e-10
1208	5500	1.81899e-11
1209	5500	2.74667e-10
1210	5500	2.46473e-10
1211	5500	1.025e-09
1212	5500	1.72804e-10
1213	5500	2.12822e-10
1214	5500	2.62844e-10
1215	5500	5.52973e-10
1216	5500	2.41926e-10
1217	5500	1.90994e-10
1218	5500	2.36469e-10
1219	5500	3.81988e-11
1220	5500	1.21872e-10
1221	5500	5.88443e-10
1222	5500	1.8008e-10
1223	5500	2.91038e-11
1224	5500	3.87445e-10
1225	5500	2.72848e-10
1226	5500	4.61114e-10
1227	5500	7.54881e-11
1228	5500	1.46429e-10
1229	5500	2.05546e-10
1230	5500	2.13731e-10
1231	5500	4.62023e-10
1232	5500	2.44654e-10
1233	5500	8.2764e-10
1234	5500	2.63753e-10
1235	5500	4.20187e-10
1236	5500	1.00954e-10
1237	5500	3.63798e-11
1238	5500	4.80213e-10
1239	5500	5.18412e-11
1240	5500	2.91038e-11
1241	5500	2.65572e-10
1242	5500	5.98448e-10
1243	5500	3.67436e-10
1244	5500	3.56522e-10
1245	5500	4.8567e-10
1246	5500	6.82121e-11
1247	5500	4.46562e-10
1248	5500	1.63709e-11
1249	5500	7.7307e-11
1250	5500	4.82032e-11
1251	5500	3.71983e-10
1252	5500	6.2937e-10
1253	5500	4.36557e-10
1254	5500	1.84627e-10
1255	5500	3.27418e-11
1256	5500	6.73026e-11
1257	5500	1.92813e-10
1258	5500	1.55524e-10
1259	5500	4.09273e-11
1260	5500	6.90306e-10
1261	-5500	2.03727e-10
1262	-5500	3.0559e-10
1263	-5500	5.09317e-11
1264	-5500	2.58296e-10
1265	-5500	1.66438e-10
1266	-5500	2.26464e-10
1267	-5500	7.82165e-11
1268	-5500	6.43922e-10
1269	-5500	9.58607e-10
1270	-5500	3.32875e-10
1271	-5500	4.54747e-12
1272	-5500	2.09184e-11
1273	-5500	3.63798e-12
1274	-5500	2.46473e-10
1275	-5500	1.65528e-10
1276	-5500	5.45697e-12
1277	-5500	3.36513e-10
1278	-5500	6.22094e-10
1279	-5500	4.52928e-10
1280	-5500	5.11136e-10
1281	-5500	4.80213e-10
1282	-5500	1.6189e-10
1283	-5500	3.85626e-10
1284	-5500	2.96495e-10
1285	-5500	3.27418e-11
1286	-5500	4.00178e-10
1287	-5500	3.82897e-10
1288	-5500	5.43878e-10
1289	-5500	1.2551e-10
1290	-5500	3.08319e-10
1291	-5500	3.74712e-10
1292	-5500	1.22782e-10
1293	-5500	4.27463e-11
1294	-5500	1.05501e-10
1295	-5500	2.76486e-10
1296	-5500	1.628e-10
1297	-5500	4.30191e-10
1298	-5500	7.17591e-10
1299	-5500	3.71983e-10
1300	-5500	1.29148e-10
1301	-5500	1.54614e-10
1302	-5500	1.60071e-10
1303	-5500	1.10958e-10
1304	-5500	2.56478e-10
1305	-5500	1.57343e-10
1306	-5500	1.20963e-10
1307	-5500	3.49246e-10
1308	-5500	7.33962e-10
1309	-5500	7.50333e-10
1310	-5500	5.00222e-10
1311	-5500	6.36646e-12
1312	-5500	2.27374e-11
1313	-5500	1.21872e-10
1314	-5500	2.50111e-10
1315	-5500	2.74667e-10
1316	-5500	1.14596e-10
1317	-5500	1.77351e-10
1318	-5500	1.94632e-10
1319	-5500	3.81078e-10
1320	-5500	5.66615e-10
1321	-5500	1.7917e-10
1322	-5500	1.10049e-10
1323	-5500	6.43013e-10
1324	-5500	2.61025e-10
1325	-5500	1.60981e-10
1326	-5500	1.92813e-10
1327	-5500	1.30058e-10
1328	-5500	1.94632e-10
1329	-5500	4.1382e-10
1330	-5500	7.46695e-10
1331	-5500	5.27507e-11
1332	-5500	1.42791e-10
1333	-5500	1.55524e-10
1334	-5500	1.85537e-10
1335	-5500	3.65617e-10
1336	-5500	4.91127e-10
1337	-5500	4.33829e-10
1338	-5500	9.82254e-11
1339	-5500	3.16504e-10
1340	-5500	4.18368e-11
1341	-5500	3.00133e-11
1342	-5500	4.72937e-10
1343	-5500	3.34694e-10
1344	-5500	6.12999e-10
1345	-5500	1.50976e-10
1346	-5500	1.42791e-10
1347	-5500	6.85759e-10
1348	-5500	4.29281e-10
1349	-5500	7.76708e-10
1350	-5500	3.5925e-10
1351	-5500	2.1555e-10
1352	-5500	5.18412e-10
1353	-5500	1.54614e-10
1354	-5500	1.10958e-10
1355	-5500	4.20187e-10
1356	-5500	2.14641e-10
1357	-5500	5.91172e-11
1358	-5500	8.47649e-10
1359	-5500	9.06766e-10
1360	-5500	1.13869e-09
1361	0	8.78987e-09
1362	0	1.27527e-07
1363	0	1.56743e-07
1364	0	2.54956e-07
1365	0	1.12291e-08
1366	0	6.41553e-08
1367	0	3.40572e-08
1368	0	1.29201e-08
1369	0	7.00078e-08
1370	0	1.92362e-08
1371	0	5.08564e-08
1372	0	3.10303e-08
1373	0	2.72311e-08
1374	0	3.84607e-08
1375	0	8.70361e-09
1376	0	8.02242e-08
1377	0	2.69274e-08
1378	0	2.1005e-08
1379	0	3.28075e-07
1380	0	4.10337e-09
1381	0	2.10533e-07
1382	0	1.99682e-08
1383	0	2.85578e-08
1384	0	2.17902e-08
1385	0	5.8412e-08
1386	0	1.17252e-08
1387	0	1.31582e-07
1388	0	7.24995e-09
1389	0	2.6153e-08
1390	0	4.76488e-08
1391	0	6.22921e-08
1392	0	4.56772e-08
1393	0	3.59349e-08
1394	0	1.19408e-07
1395	0	6.09475e-08
1396	0	6.43971e-08
1397	0	6.866e-08
1398	0	8.22101e-09
1399	0	4.7138e-09
1400	0	2.59545e-08
1401	0	1.43552e-07
1402	0	7.35371e-08
1403	0	3.70439e-08
1404	0	5.41279e-08
1405	0	1.09885e-07
1406	0	6.91671e-10
1407	0	2.45162e-08
1408	0	1.83445e-07
1409	0	1.70083e-08
1410	0	3.01327e-08
1411	0	1.89368e-07
1412	0	9.63441e-08
1413	0	4.87071e-08
1414	0	1.2753e-07
1415	0	5.96276e-08
1416	0	1.1864e-07
1417	0	1.96065e-08
1418	0	4.8508e-08
1419	0	1.32856e-08
1420	0	7.40083e-08
1421	0	9.82463e-08
1422	0	1.27417e-07
1423	0	5.41909e-08
1424	0	1.25427e-07
1425	0	3.52188e-08
1426	0	3.13279e-08
1427	0	7.91067e-08
1428	0	1.01615e-07
1429	0	7.80216e-08
1430	0	1.55796e-08
1431	0	3.14503e-08
1432	0	1.84045e-07
1433	0	4.05871e-08
1434	0	1.13622e-07
1435	0	5.34903e-08
1436	0	2.65353e-07
1437	0	2.63387e-08
1438	0	2.41607e-07
1439	0	7.46151e-08
1440	0	2.2724e-08
1441	0	1.38913e-07
1442	0	1.8438e-07
1443	0	8.50014e-08
1444	0	4.86234e-08
1445	0	1.72242e-07
1446	0	1.15388e-07
1447	0	1.21991e-08
1448	0	3.85504e-08
1449	0	4.26356e-08
1450	0	4.17941e-08
1451	0	1.80677e-07
1452	0	7.72125e-08
1453	0	5.76983e-09
1454	0	2.47946e-08
1455	0	4.82778e-08
1456	0	1.7873e-07
1457	0	1.48257e-08
1458	0	4.41655e-08
1459	0	1.45579e-07
1460	0	6.99652e-08
1461	0	6.33299e-08
1462	0	8.3819e-08
1463	0	3.72529e-09
1464	0	2.23517e-08
1465	0	1.17347e-07
1466	0	1.86265e-08
1467	0	2.49594e-07
1468	0	1.45286e-07
1469	0	6.70552e-08
1470	0	9.31323e-09
1471	0	3.72529e-09
1472	0	2.96161e-07
1473	0	4.65661e-08
1474	0	3.53903e-08
1475	0	9.68575e-08
1476	0	1.49012e-08
1477	0	3.72529e-08
1478	0	2.23517e-08
1479	0	7.45058e-09
1480	0	5.02914e-08
1481	0	7.45058e-08
1482	0	3.1665e-08
1483	0	5.58794e-08
1484	0	1.56462e-07
1485	0	2.04891e-08
1486	0	6.51926e-08
1487	0	7.45058e-09
1488	0	1.86265e-08
1489	0	5.21541e-08
1490	0	1.91852e-07
1491	0	4.65661e-08
1492	0	5.58794e-09
1493	0	4.47035e-08
1494	0	3.53903e-08
1495	0	5.21541e-08
1496	0	5.7742e-08
1497	0	1.19209e-07
1498	0	6.14673e-08
1499	0	6.33299e-08
1500	0	6.70552e-08
1501	0	7.45058e-09
1502	0	3.1665e-08
1503	0	1.63913e-07
1504	0	2.23517e-08
1505	0	1.30385e-08
1506	0	1.19209e-07
1507	0	4.09782e-08
1508	0	5.21541e-08
1509	0	5.21541e-08
1510	0	1.50874e-07
1511	0	4.84288e-08
1512	0	1.49012e-08
1513	0	4.28408e-08
1514	0	5.58794e-09
1515	0	1.24797e-07
1516	0	5.96046e-08
1517	0	1.56462e-07
1518	0	8.9407e-08
1519	0	6.89179e-08
1520	0	1.60187e-07
1521	0	7.45058e-09
1522	0	8.3819e-08
1523	0	1.71363e-07
1524	0	1.11759e-07
1525	0	2.79397e-08
1526	0	5.7742e-08
1527	0	1.50874e-07
1528	0	5.21541e-08
1529	0	1.09896e-07
1530	0	1.3411e-07
1531	0	3.53903e-08
1532	0	1.17347e-07
1533	0	1.9744e-07
1534	0	5.02914e-08
1535	0	2.90573e-07
1536	0	2.42144e-08
1537	0	1.35973e-07
1538	0	4.65661e-08
1539	0	1.6205e-07
1540	0	2.79397e-08
1541	0	1.86265e-08
1542	0	7.45058e-08
1543	0	6.14673e-08
1544	0	2.98023e-08
1545	0	1.22935e-07
1546	0	2.03028e-07
1547	0	9.31323e-08
1548	0	8.56817e-08
1549	0	1.76951e-07
1550	0	1.22935e-07
1551	0	4.65661e-08
1552	0	1.04308e-07
1553	0	2.98023e-08
1554	0	2.04891e-08
1555	0	1.69501e-07
1556	0	4.65661e-08
1557	0	3.91155e-08
1558	0	2.04891e-08
1559	0	9.12696e-08
1560	0	1.99303e-07
1561	0	4.87416e-22
#Error maximum on element 587 and its magnitude is 5.08953e-07.
