#EleNb	X	Y	Z	Solution	Assigned	Total
1	-0.015	0.00152	-0.0135	9.050899646736415e-06	0	9.050899646736415e-06
2	-0.015	0.00152	-0.0105	8.234392357655229e-06	0	8.234392357655229e-06
3	-0.015	0.00152	-0.0075	8.116254443739597e-06	0	8.116254443739597e-06
4	-0.015	0.00152	-0.0045	8.064289458217101e-06	0	8.064289458217101e-06
5	-0.015	0.00152	-0.0015	8.044490514260899e-06	0	8.044490514260899e-06
6	-0.015	0.00152	0.0015	8.044490514272288e-06	0	8.044490514272288e-06
7	-0.015	0.00152	0.0045	8.064289458234153e-06	0	8.064289458234153e-06
8	-0.015	0.00152	0.0075	8.116254443757281e-06	0	8.116254443757281e-06
9	-0.015	0.00152	0.0105	8.23439235763988e-06	0	8.23439235763988e-06
10	-0.015	0.00152	0.0135	9.050899646720139e-06	0	9.050899646720139e-06
11	-0.015	-0.00152	-0.0135	-9.050899646731609e-06	0	-9.050899646731609e-06
12	-0.015	-0.00152	-0.0105	-8.234392357652825e-06	0	-8.234392357652825e-06
13	-0.015	-0.00152	-0.0075	-8.116254443740412e-06	0	-8.116254443740412e-06
14	-0.015	-0.00152	-0.0045	-8.064289458217243e-06	0	-8.064289458217243e-06
15	-0.015	-0.00152	-0.0015	-8.044490514258879e-06	0	-8.044490514258879e-06
16	-0.015	-0.00152	0.0015	-8.044490514271412e-06	0	-8.044490514271412e-06
17	-0.015	-0.00152	0.0045	-8.06428945823207e-06	0	-8.06428945823207e-06
18	-0.015	-0.00152	0.0075	-8.116254443756929e-06	0	-8.116254443756929e-06
19	-0.015	-0.00152	0.0105	-8.2343923576387e-06	0	-8.2343923576387e-06
20	-0.015	-0.00152	0.0135	-9.050899646720882e-06	0	-9.050899646720882e-06
21	-0.015	0.001335	-0.0135	0.0002265678569405837	0	0.0002265678569405837
22	-0.015	0.001335	-0.0105	0.0002085017533856778	0	0.0002085017533856778
23	-0.015	0.001335	-0.0075	0.0002058777951263969	0	0.0002058777951263969
24	-0.015	0.001335	-0.0045	0.0002048446833743267	0	0.0002048446833743267
25	-0.015	0.001335	-0.0015	0.0002044415924935777	0	0.0002044415924935777
26	-0.015	0.001335	0.0015	0.0002044415924813933	0	0.0002044415924813933
27	-0.015	0.001335	0.0045	0.0002048446833581191	0	0.0002048446833581191
28	-0.015	0.001335	0.0075	0.0002058777951084698	0	0.0002058777951084698
29	-0.015	0.001335	0.0105	0.0002085017534036926	0	0.0002085017534036926
30	-0.015	0.001335	0.0135	0.0002265678569669546	0	0.0002265678569669546
31	-0.015	-0.001335	-0.0135	-0.0002265678569405584	0	-0.0002265678569405584
32	-0.015	-0.001335	-0.0105	-0.0002085017533856537	0	-0.0002085017533856537
33	-0.015	-0.001335	-0.0075	-0.0002058777951263118	0	-0.0002058777951263118
34	-0.015	-0.001335	-0.0045	-0.0002048446833742498	0	-0.0002048446833742498
35	-0.015	-0.001335	-0.0015	-0.0002044415924933682	0	-0.0002044415924933682
36	-0.015	-0.001335	0.0015	-0.0002044415924812276	0	-0.0002044415924812276
37	-0.015	-0.001335	0.0045	-0.0002048446833580745	0	-0.0002048446833580745
38	-0.015	-0.001335	0.0075	-0.0002058777951083079	0	-0.0002058777951083079
39	-0.015	-0.001335	0.0105	-0.0002085017534035602	0	-0.0002085017534035602
40	-0.015	-0.001335	0.0135	-0.0002265678569671488	0	-0.0002265678569671488
41	-0.015	0.000275	-0.0135	2.175877699888529e-05	0	2.175877699888529e-05
42	-0.015	0.000275	-0.0105	2.194521509628032e-05	0	2.194521509628032e-05
43	-0.015	0.000275	-0.0075	2.190089335863491e-05	0	2.190089335863491e-05
44	-0.015	0.000275	-0.0045	2.189228722895143e-05	0	2.189228722895143e-05
45	-0.015	0.000275	-0.0015	2.18886591451881e-05	0	2.18886591451881e-05
46	-0.015	0.000275	0.0015	2.188865914518862e-05	0	2.188865914518862e-05
47	-0.015	0.000275	0.0045	2.189228722894206e-05	0	2.189228722894206e-05
48	-0.015	0.000275	0.0075	2.190089335863895e-05	0	2.190089335863895e-05
49	-0.015	0.000275	0.0105	2.194521509628675e-05	0	2.194521509628675e-05
50	-0.015	0.000275	0.0135	2.175877699890495e-05	0	2.175877699890495e-05
51	-0.015	0.000575	-0.0135	1.251440395534987e-05	0	1.251440395534987e-05
52	-0.015	0.000575	-0.0105	1.235106754322796e-05	0	1.235106754322796e-05
53	-0.015	0.000575	-0.0075	1.228739442593423e-05	0	1.228739442593423e-05
54	-0.015	0.000575	-0.0045	1.226652805719141e-05	0	1.226652805719141e-05
55	-0.015	0.000575	-0.0015	1.225835531428958e-05	0	1.225835531428958e-05
56	-0.015	0.000575	0.0015	1.225835531429395e-05	0	1.225835531429395e-05
57	-0.015	0.000575	0.0045	1.226652805719855e-05	0	1.226652805719855e-05
58	-0.015	0.000575	0.0075	1.228739442593683e-05	0	1.228739442593683e-05
59	-0.015	0.000575	0.0105	1.23510675432207e-05	0	1.23510675432207e-05
60	-0.015	0.000575	0.0135	1.251440395533807e-05	0	1.251440395533807e-05
61	-0.015	0.000875	-0.0135	1.176299184678228e-05	0	1.176299184678228e-05
62	-0.015	0.000875	-0.0105	1.128843044494802e-05	0	1.128843044494802e-05
63	-0.015	0.000875	-0.0075	1.119600442799467e-05	0	1.119600442799467e-05
64	-0.015	0.000875	-0.0045	1.116047758317534e-05	0	1.116047758317534e-05
65	-0.015	0.000875	-0.0015	1.114678652549249e-05	0	1.114678652549249e-05
66	-0.015	0.000875	0.0015	1.11467865254994e-05	0	1.11467865254994e-05
67	-0.015	0.000875	0.0045	1.116047758318613e-05	0	1.116047758318613e-05
68	-0.015	0.000875	0.0075	1.11960044280036e-05	0	1.11960044280036e-05
69	-0.015	0.000875	0.0105	1.128843044493975e-05	0	1.128843044493975e-05
70	-0.015	0.000875	0.0135	1.176299184676427e-05	0	1.176299184676427e-05
71	-0.015	0.001175	-0.0135	1.46591587018453e-05	0	1.46591587018453e-05
72	-0.015	0.001175	-0.0105	1.362416470159982e-05	0	1.362416470159982e-05
73	-0.015	0.001175	-0.0075	1.349401657423229e-05	0	1.349401657423229e-05
74	-0.015	0.001175	-0.0045	1.343507864818283e-05	0	1.343507864818283e-05
75	-0.015	0.001175	-0.0015	1.341271432553634e-05	0	1.341271432553634e-05
76	-0.015	0.001175	0.0015	1.341271432555283e-05	0	1.341271432555283e-05
77	-0.015	0.001175	0.0045	1.343507864820357e-05	0	1.343507864820357e-05
78	-0.015	0.001175	0.0075	1.349401657425301e-05	0	1.349401657425301e-05
79	-0.015	0.001175	0.0105	1.362416470157377e-05	0	1.362416470157377e-05
80	-0.015	0.001175	0.0135	1.465915870183062e-05	0	1.465915870183062e-05
81	-0.015	-0.001175	-0.0135	-1.465915870184721e-05	0	-1.465915870184721e-05
82	-0.015	-0.001175	-0.0105	-1.362416470160259e-05	0	-1.362416470160259e-05
83	-0.015	-0.001175	-0.0075	-1.349401657423399e-05	0	-1.349401657423399e-05
84	-0.015	-0.001175	-0.0045	-1.343507864818406e-05	0	-1.343507864818406e-05
85	-0.015	-0.001175	-0.0015	-1.341271432554114e-05	0	-1.341271432554114e-05
86	-0.015	-0.001175	0.0015	-1.341271432555576e-05	0	-1.341271432555576e-05
87	-0.015	-0.001175	0.0045	-1.343507864820759e-05	0	-1.343507864820759e-05
88	-0.015	-0.001175	0.0075	-1.349401657425852e-05	0	-1.349401657425852e-05
89	-0.015	-0.001175	0.0105	-1.36241647015789e-05	0	-1.36241647015789e-05
90	-0.015	-0.001175	0.0135	-1.465915870182503e-05	0	-1.465915870182503e-05
91	-0.015	-0.000875	-0.0135	-1.176299184678053e-05	0	-1.176299184678053e-05
92	-0.015	-0.000875	-0.0105	-1.12884304449518e-05	0	-1.12884304449518e-05
93	-0.015	-0.000875	-0.0075	-1.119600442799602e-05	0	-1.119600442799602e-05
94	-0.015	-0.000875	-0.0045	-1.116047758317461e-05	0	-1.116047758317461e-05
95	-0.015	-0.000875	-0.0015	-1.114678652549334e-05	0	-1.114678652549334e-05
96	-0.015	-0.000875	0.0015	-1.11467865255015e-05	0	-1.11467865255015e-05
97	-0.015	-0.000875	0.0045	-1.116047758318699e-05	0	-1.116047758318699e-05
98	-0.015	-0.000875	0.0075	-1.119600442800757e-05	0	-1.119600442800757e-05
99	-0.015	-0.000875	0.0105	-1.128843044493689e-05	0	-1.128843044493689e-05
100	-0.015	-0.000875	0.0135	-1.176299184676512e-05	0	-1.176299184676512e-05
101	-0.015	-0.000575	-0.0135	-1.251440395534871e-05	0	-1.251440395534871e-05
102	-0.015	-0.000575	-0.0105	-1.235106754322356e-05	0	-1.235106754322356e-05
103	-0.015	-0.000575	-0.0075	-1.228739442593098e-05	0	-1.228739442593098e-05
104	-0.015	-0.000575	-0.0045	-1.22665280571935e-05	0	-1.22665280571935e-05
105	-0.015	-0.000575	-0.0015	-1.22583553142924e-05	0	-1.22583553142924e-05
106	-0.015	-0.000575	0.0015	-1.225835531429318e-05	0	-1.225835531429318e-05
107	-0.015	-0.000575	0.0045	-1.226652805719549e-05	0	-1.226652805719549e-05
108	-0.015	-0.000575	0.0075	-1.228739442593239e-05	0	-1.228739442593239e-05
109	-0.015	-0.000575	0.0105	-1.235106754322502e-05	0	-1.235106754322502e-05
110	-0.015	-0.000575	0.0135	-1.25144039553379e-05	0	-1.25144039553379e-05
111	-0.015	-0.000275	-0.0135	-2.175877699890914e-05	0	-2.175877699890914e-05
112	-0.015	-0.000275	-0.0105	-2.194521509628624e-05	0	-2.194521509628624e-05
113	-0.015	-0.000275	-0.0075	-2.190089335862919e-05	0	-2.190089335862919e-05
114	-0.015	-0.000275	-0.0045	-2.189228722896278e-05	0	-2.189228722896278e-05
115	-0.015	-0.000275	-0.0015	-2.188865914521636e-05	0	-2.188865914521636e-05
116	-0.015	-0.000275	0.0015	-2.18886591452094e-05	0	-2.18886591452094e-05
117	-0.015	-0.000275	0.0045	-2.189228722895693e-05	0	-2.189228722895693e-05
118	-0.015	-0.000275	0.0075	-2.190089335865285e-05	0	-2.190089335865285e-05
119	-0.015	-0.000275	0.0105	-2.194521509630783e-05	0	-2.194521509630783e-05
120	-0.015	-0.000275	0.0135	-2.175877699887922e-05	0	-2.175877699887922e-05
121	0.015	0.00152	0.0135	9.050899646734975e-06	0	9.050899646734975e-06
122	0.015	0.00152	0.0105	8.234392357653382e-06	0	8.234392357653382e-06
123	0.015	0.00152	0.0075	8.116254443740515e-06	0	8.116254443740515e-06
124	0.015	0.00152	0.0045	8.064289458218156e-06	0	8.064289458218156e-06
125	0.015	0.00152	0.0015	8.044490514259886e-06	0	8.044490514259886e-06
126	0.015	0.00152	-0.0015	8.044490514270274e-06	0	8.044490514270274e-06
127	0.015	0.00152	-0.0045	8.06428945823302e-06	0	8.06428945823302e-06
128	0.015	0.00152	-0.0075	8.116254443756227e-06	0	8.116254443756227e-06
129	0.015	0.00152	-0.0105	8.234392357640661e-06	0	8.234392357640661e-06
130	0.015	0.00152	-0.0135	9.050899646724089e-06	0	9.050899646724089e-06
131	0.015	-0.00152	0.0135	-9.050899646734874e-06	0	-9.050899646734874e-06
132	0.015	-0.00152	0.0105	-8.234392357653308e-06	0	-8.234392357653308e-06
133	0.015	-0.00152	0.0075	-8.11625444374075e-06	0	-8.11625444374075e-06
134	0.015	-0.00152	0.0045	-8.064289458217299e-06	0	-8.064289458217299e-06
135	0.015	-0.00152	0.0015	-8.044490514260394e-06	0	-8.044490514260394e-06
136	0.015	-0.00152	-0.0015	-8.044490514270211e-06	0	-8.044490514270211e-06
137	0.015	-0.00152	-0.0045	-8.064289458234275e-06	0	-8.064289458234275e-06
138	0.015	-0.00152	-0.0075	-8.116254443756454e-06	0	-8.116254443756454e-06
139	0.015	-0.00152	-0.0105	-8.234392357640822e-06	0	-8.234392357640822e-06
140	0.015	-0.00152	-0.0135	-9.050899646721758e-06	0	-9.050899646721758e-06
141	0.015	0.001335	0.0135	0.000226567856940352	0	0.000226567856940352
142	0.015	0.001335	0.0105	0.0002085017533854976	0	0.0002085017533854976
143	0.015	0.001335	0.0075	0.0002058777951262878	0	0.0002058777951262878
144	0.015	0.001335	0.0045	0.0002048446833743059	0	0.0002048446833743059
145	0.015	0.001335	0.0015	0.0002044415924932884	0	0.0002044415924932884
146	0.015	0.001335	-0.0015	0.0002044415924812191	0	0.0002044415924812191
147	0.015	0.001335	-0.0045	0.0002048446833581069	0	0.0002048446833581069
148	0.015	0.001335	-0.0075	0.0002058777951083766	0	0.0002058777951083766
149	0.015	0.001335	-0.0105	0.0002085017534037135	0	0.0002085017534037135
150	0.015	0.001335	-0.0135	0.0002265678569669247	0	0.0002265678569669247
151	0.015	-0.001335	0.0135	-0.0002265678569406643	0	-0.0002265678569406643
152	0.015	-0.001335	0.0105	-0.0002085017533857458	0	-0.0002085017533857458
153	0.015	-0.001335	0.0075	-0.0002058777951262454	0	-0.0002058777951262454
154	0.015	-0.001335	0.0045	-0.0002048446833744525	0	-0.0002048446833744525
155	0.015	-0.001335	0.0015	-0.0002044415924935165	0	-0.0002044415924935165
156	0.015	-0.001335	-0.0015	-0.0002044415924814651	0	-0.0002044415924814651
157	0.015	-0.001335	-0.0045	-0.0002048446833580643	0	-0.0002048446833580643
158	0.015	-0.001335	-0.0075	-0.0002058777951084527	0	-0.0002058777951084527
159	0.015	-0.001335	-0.0105	-0.0002085017534036445	0	-0.0002085017534036445
160	0.015	-0.001335	-0.0135	-0.0002265678569669314	0	-0.0002265678569669314
161	0.015	0.000275	0.0135	2.175877699891019e-05	0	2.175877699891019e-05
162	0.015	0.000275	0.0105	2.194521509628616e-05	0	2.194521509628616e-05
163	0.015	0.000275	0.0075	2.190089335862798e-05	0	2.190089335862798e-05
164	0.015	0.000275	0.0045	2.189228722896261e-05	0	2.189228722896261e-05
165	0.015	0.000275	0.0015	2.188865914521688e-05	0	2.188865914521688e-05
166	0.015	0.000275	-0.0015	2.188865914520958e-05	0	2.188865914520958e-05
167	0.015	0.000275	-0.0045	2.189228722895791e-05	0	2.189228722895791e-05
168	0.015	0.000275	-0.0075	2.190089335865133e-05	0	2.190089335865133e-05
169	0.015	0.000275	-0.0105	2.194521509630669e-05	0	2.194521509630669e-05
170	0.015	0.000275	-0.0135	2.175877699887874e-05	0	2.175877699887874e-05
171	0.015	0.000575	0.0135	1.251440395534949e-05	0	1.251440395534949e-05
172	0.015	0.000575	0.0105	1.235106754322463e-05	0	1.235106754322463e-05
173	0.015	0.000575	0.0075	1.228739442593049e-05	0	1.228739442593049e-05
174	0.015	0.000575	0.0045	1.226652805719388e-05	0	1.226652805719388e-05
175	0.015	0.000575	0.0015	1.225835531429241e-05	0	1.225835531429241e-05
176	0.015	0.000575	-0.0015	1.225835531429308e-05	0	1.225835531429308e-05
177	0.015	0.000575	-0.0045	1.22665280571949e-05	0	1.22665280571949e-05
178	0.015	0.000575	-0.0075	1.228739442593201e-05	0	1.228739442593201e-05
179	0.015	0.000575	-0.0105	1.235106754322389e-05	0	1.235106754322389e-05
180	0.015	0.000575	-0.0135	1.251440395533783e-05	0	1.251440395533783e-05
181	0.015	0.000875	0.0135	1.176299184678178e-05	0	1.176299184678178e-05
182	0.015	0.000875	0.0105	1.128843044495305e-05	0	1.128843044495305e-05
183	0.015	0.000875	0.0075	1.119600442799479e-05	0	1.119600442799479e-05
184	0.015	0.000875	0.0045	1.116047758317494e-05	0	1.116047758317494e-05
185	0.015	0.000875	0.0015	1.114678652549395e-05	0	1.114678652549395e-05
186	0.015	0.000875	-0.0015	1.114678652550083e-05	0	1.114678652550083e-05
187	0.015	0.000875	-0.0045	1.11604775831867e-05	0	1.11604775831867e-05
188	0.015	0.000875	-0.0075	1.119600442800537e-05	0	1.119600442800537e-05
189	0.015	0.000875	-0.0105	1.128843044493539e-05	0	1.128843044493539e-05
190	0.015	0.000875	-0.0135	1.176299184676514e-05	0	1.176299184676514e-05
191	0.015	0.001175	0.0135	1.465915870184662e-05	0	1.465915870184662e-05
192	0.015	0.001175	0.0105	1.362416470160466e-05	0	1.362416470160466e-05
193	0.015	0.001175	0.0075	1.349401657423169e-05	0	1.349401657423169e-05
194	0.015	0.001175	0.0045	1.343507864818382e-05	0	1.343507864818382e-05
195	0.015	0.001175	0.0015	1.341271432554223e-05	0	1.341271432554223e-05
196	0.015	0.001175	-0.0015	1.341271432555503e-05	0	1.341271432555503e-05
197	0.015	0.001175	-0.0045	1.343507864820876e-05	0	1.343507864820876e-05
198	0.015	0.001175	-0.0075	1.34940165742559e-05	0	1.34940165742559e-05
199	0.015	0.001175	-0.0105	1.362416470157459e-05	0	1.362416470157459e-05
200	0.015	0.001175	-0.0135	1.465915870182516e-05	0	1.465915870182516e-05
201	0.015	-0.001175	0.0135	-1.46591587018396e-05	0	-1.46591587018396e-05
202	0.015	-0.001175	0.0105	-1.362416470159913e-05	0	-1.362416470159913e-05
203	0.015	-0.001175	0.0075	-1.349401657423702e-05	0	-1.349401657423702e-05
204	0.015	-0.001175	0.0045	-1.343507864818294e-05	0	-1.343507864818294e-05
205	0.015	-0.001175	0.0015	-1.341271432553766e-05	0	-1.341271432553766e-05
206	0.015	-0.001175	-0.0015	-1.34127143255524e-05	0	-1.34127143255524e-05
207	0.015	-0.001175	-0.0045	-1.34350786482035e-05	0	-1.34350786482035e-05
208	0.015	-0.001175	-0.0075	-1.349401657425336e-05	0	-1.349401657425336e-05
209	0.015	-0.001175	-0.0105	-1.362416470157491e-05	0	-1.362416470157491e-05
210	0.015	-0.001175	-0.0135	-1.465915870182859e-05	0	-1.465915870182859e-05
211	0.015	-0.000875	0.0135	-1.17629918467796e-05	0	-1.17629918467796e-05
212	0.015	-0.000875	0.0105	-1.128843044494705e-05	0	-1.128843044494705e-05
213	0.015	-0.000875	0.0075	-1.119600442799707e-05	0	-1.119600442799707e-05
214	0.015	-0.000875	0.0045	-1.116047758317443e-05	0	-1.116047758317443e-05
215	0.015	-0.000875	0.0015	-1.114678652549378e-05	0	-1.114678652549378e-05
216	0.015	-0.000875	-0.0015	-1.11467865254994e-05	0	-1.11467865254994e-05
217	0.015	-0.000875	-0.0045	-1.116047758318631e-05	0	-1.116047758318631e-05
218	0.015	-0.000875	-0.0075	-1.119600442800436e-05	0	-1.119600442800436e-05
219	0.015	-0.000875	-0.0105	-1.128843044493961e-05	0	-1.128843044493961e-05
220	0.015	-0.000875	-0.0135	-1.176299184676426e-05	0	-1.176299184676426e-05
221	0.015	-0.000575	0.0135	-1.251440395534823e-05	0	-1.251440395534823e-05
222	0.015	-0.000575	0.0105	-1.235106754322676e-05	0	-1.235106754322676e-05
223	0.015	-0.000575	0.0075	-1.228739442593573e-05	0	-1.228739442593573e-05
224	0.015	-0.000575	0.0045	-1.226652805719075e-05	0	-1.226652805719075e-05
225	0.015	-0.000575	0.0015	-1.225835531428977e-05	0	-1.225835531428977e-05
226	0.015	-0.000575	-0.0015	-1.225835531429394e-05	0	-1.225835531429394e-05
227	0.015	-0.000575	-0.0045	-1.22665280571987e-05	0	-1.22665280571987e-05
228	0.015	-0.000575	-0.0075	-1.228739442593696e-05	0	-1.228739442593696e-05
229	0.015	-0.000575	-0.0105	-1.235106754322086e-05	0	-1.235106754322086e-05
230	0.015	-0.000575	-0.0135	-1.251440395533828e-05	0	-1.251440395533828e-05
231	0.015	-0.000275	0.0135	-2.175877699888327e-05	0	-2.175877699888327e-05
232	0.015	-0.000275	0.0105	-2.194521509627927e-05	0	-2.194521509627927e-05
233	0.015	-0.000275	0.0075	-2.190089335863618e-05	0	-2.190089335863618e-05
234	0.015	-0.000275	0.0045	-2.189228722895137e-05	0	-2.189228722895137e-05
235	0.015	-0.000275	0.0015	-2.188865914518892e-05	0	-2.188865914518892e-05
236	0.015	-0.000275	-0.0015	-2.188865914518921e-05	0	-2.188865914518921e-05
237	0.015	-0.000275	-0.0045	-2.189228722894158e-05	0	-2.189228722894158e-05
238	0.015	-0.000275	-0.0075	-2.190089335863894e-05	0	-2.190089335863894e-05
239	0.015	-0.000275	-0.0105	-2.194521509628679e-05	0	-2.194521509628679e-05
240	0.015	-0.000275	-0.0135	-2.17587769989034e-05	0	-2.17587769989034e-05
241	-0.0135	0.001695	0.0135	4.168678328292767e-06	0	4.168678328292767e-06
242	-0.0135	0.001695	0.0105	2.876137079972979e-06	0	2.876137079972979e-06
243	-0.0135	0.001695	0.0075	2.681215317637157e-06	0	2.681215317637157e-06
244	-0.0135	0.001695	0.0045	2.596683262237362e-06	0	2.596683262237362e-06
245	-0.0135	0.001695	0.0015	2.564788295289505e-06	0	2.564788295289505e-06
246	-0.0135	0.001695	-0.0015	2.564788295281854e-06	0	2.564788295281854e-06
247	-0.0135	0.001695	-0.0045	2.596683262224604e-06	0	2.596683262224604e-06
248	-0.0135	0.001695	-0.0075	2.681215317627567e-06	0	2.681215317627567e-06
249	-0.0135	0.001695	-0.0105	2.876137079985209e-06	0	2.876137079985209e-06
250	-0.0135	0.001695	-0.0135	4.168678328293591e-06	0	4.168678328293591e-06
251	-0.0105	0.001695	0.0135	2.876137079984599e-06	0	2.876137079984599e-06
252	-0.0105	0.001695	0.0105	1.536450533674836e-06	0	1.536450533674836e-06
253	-0.0105	0.001695	0.0075	1.327947574345455e-06	0	1.327947574345455e-06
254	-0.0105	0.001695	0.0045	1.238368141758705e-06	0	1.238368141758705e-06
255	-0.0105	0.001695	0.0015	1.204968411189962e-06	0	1.204968411189962e-06
256	-0.0105	0.001695	-0.0015	1.204968411189412e-06	0	1.204968411189412e-06
257	-0.0105	0.001695	-0.0045	1.238368141758768e-06	0	1.238368141758768e-06
258	-0.0105	0.001695	-0.0075	1.327947574347297e-06	0	1.327947574347297e-06
259	-0.0105	0.001695	-0.0105	1.536450533675622e-06	0	1.536450533675622e-06
260	-0.0105	0.001695	-0.0135	2.876137079973522e-06	0	2.876137079973522e-06
261	-0.0075	0.001695	0.0135	2.681215317629416e-06	0	2.681215317629416e-06
262	-0.0075	0.001695	0.0105	1.327947574346338e-06	0	1.327947574346338e-06
263	-0.0075	0.001695	0.0075	1.103846476040111e-06	0	1.103846476040111e-06
264	-0.0075	0.001695	0.0045	1.007153833167475e-06	0	1.007153833167475e-06
265	-0.0075	0.001695	0.0015	9.709297139390338e-07	0	9.709297139390338e-07
266	-0.0075	0.001695	-0.0015	9.709297139406114e-07	0	9.709297139406114e-07
267	-0.0075	0.001695	-0.0045	1.007153833165943e-06	0	1.007153833165943e-06
268	-0.0075	0.001695	-0.0075	1.103846476041297e-06	0	1.103846476041297e-06
269	-0.0075	0.001695	-0.0105	1.327947574347217e-06	0	1.327947574347217e-06
270	-0.0075	0.001695	-0.0135	2.68121531763783e-06	0	2.68121531763783e-06
271	-0.0045	0.001695	0.0135	2.596683262224865e-06	0	2.596683262224865e-06
272	-0.0045	0.001695	0.0105	1.238368141760357e-06	0	1.238368141760357e-06
273	-0.0045	0.001695	0.0075	1.007153833167178e-06	0	1.007153833167178e-06
274	-0.0045	0.001695	0.0045	9.064424923060758e-07	0	9.064424923060758e-07
275	-0.0045	0.001695	0.0015	8.684491891536969e-07	0	8.684491891536969e-07
276	-0.0045	0.001695	-0.0015	8.684491891545923e-07	0	8.684491891545923e-07
277	-0.0045	0.001695	-0.0045	9.064424923044969e-07	0	9.064424923044969e-07
278	-0.0045	0.001695	-0.0075	1.007153833168538e-06	0	1.007153833168538e-06
279	-0.0045	0.001695	-0.0105	1.23836814175739e-06	0	1.23836814175739e-06
280	-0.0045	0.001695	-0.0135	2.596683262235453e-06	0	2.596683262235453e-06
281	-0.0015	0.001695	0.0135	2.564788295282822e-06	0	2.564788295282822e-06
282	-0.0015	0.001695	0.0105	1.204968411189667e-06	0	1.204968411189667e-06
283	-0.0015	0.001695	0.0075	9.709297139388045e-07	0	9.709297139388045e-07
284	-0.0015	0.001695	0.0045	8.684491891538873e-07	0	8.684491891538873e-07
285	-0.0015	0.001695	0.0015	8.296330564989955e-07	0	8.296330564989955e-07
286	-0.0015	0.001695	-0.0015	8.296330564982173e-07	0	8.296330564982173e-07
287	-0.0015	0.001695	-0.0045	8.684491891538203e-07	0	8.684491891538203e-07
288	-0.0015	0.001695	-0.0075	9.709297139408505e-07	0	9.709297139408505e-07
289	-0.0015	0.001695	-0.0105	1.20496841119021e-06	0	1.20496841119021e-06
290	-0.0015	0.001695	-0.0135	2.564788295289488e-06	0	2.564788295289488e-06
291	0.0015	0.001695	0.0135	2.564788295289557e-06	0	2.564788295289557e-06
292	0.0015	0.001695	0.0105	1.204968411191268e-06	0	1.204968411191268e-06
293	0.0015	0.001695	0.0075	9.709297139398756e-07	0	9.709297139398756e-07
294	0.0015	0.001695	0.0045	8.684491891547666e-07	0	8.684491891547666e-07
295	0.0015	0.001695	0.0015	8.296330564993686e-07	0	8.296330564993686e-07
296	0.0015	0.001695	-0.0015	8.29633056498604e-07	0	8.29633056498604e-07
297	0.0015	0.001695	-0.0045	8.684491891535732e-07	0	8.684491891535732e-07
298	0.0015	0.001695	-0.0075	9.709297139420914e-07	0	9.709297139420914e-07
299	0.0015	0.001695	-0.0105	1.204968411190979e-06	0	1.204968411190979e-06
300	0.0015	0.001695	-0.0135	2.564788295282452e-06	0	2.564788295282452e-06
301	0.0045	0.001695	0.0135	2.596683262235989e-06	0	2.596683262235989e-06
302	0.0045	0.001695	0.0105	1.238368141758255e-06	0	1.238368141758255e-06
303	0.0045	0.001695	0.0075	1.007153833167602e-06	0	1.007153833167602e-06
304	0.0045	0.001695	0.0045	9.064424923051132e-07	0	9.064424923051132e-07
305	0.0045	0.001695	0.0015	8.684491891557797e-07	0	8.684491891557797e-07
306	0.0045	0.001695	-0.0015	8.68449189152387e-07	0	8.68449189152387e-07
307	0.0045	0.001695	-0.0045	9.064424923054823e-07	0	9.064424923054823e-07
308	0.0045	0.001695	-0.0075	1.007153833166904e-06	0	1.007153833166904e-06
309	0.0045	0.001695	-0.0105	1.238368141757105e-06	0	1.238368141757105e-06
310	0.0045	0.001695	-0.0135	2.596683262224491e-06	0	2.596683262224491e-06
311	0.0075	0.001695	0.0135	2.681215317638104e-06	0	2.681215317638104e-06
312	0.0075	0.001695	0.0105	1.327947574347621e-06	0	1.327947574347621e-06
313	0.0075	0.001695	0.0075	1.103846476041172e-06	0	1.103846476041172e-06
314	0.0075	0.001695	0.0045	1.007153833166901e-06	0	1.007153833166901e-06
315	0.0075	0.001695	0.0015	9.709297139399863e-07	0	9.709297139399863e-07
316	0.0075	0.001695	-0.0015	9.709297139412156e-07	0	9.709297139412156e-07
317	0.0075	0.001695	-0.0045	1.007153833166354e-06	0	1.007153833166354e-06
318	0.0075	0.001695	-0.0075	1.103846476041224e-06	0	1.103846476041224e-06
319	0.0075	0.001695	-0.0105	1.327947574349122e-06	0	1.327947574349122e-06
320	0.0075	0.001695	-0.0135	2.681215317629107e-06	0	2.681215317629107e-06
321	0.0105	0.001695	0.0135	2.876137079973204e-06	0	2.876137079973204e-06
322	0.0105	0.001695	0.0105	1.536450533674606e-06	0	1.536450533674606e-06
323	0.0105	0.001695	0.0075	1.327947574347123e-06	0	1.327947574347123e-06
324	0.0105	0.001695	0.0045	1.238368141759664e-06	0	1.238368141759664e-06
325	0.0105	0.001695	0.0015	1.204968411190532e-06	0	1.204968411190532e-06
326	0.0105	0.001695	-0.0015	1.204968411189826e-06	0	1.204968411189826e-06
327	0.0105	0.001695	-0.0045	1.238368141758294e-06	0	1.238368141758294e-06
328	0.0105	0.001695	-0.0075	1.327947574347042e-06	0	1.327947574347042e-06
329	0.0105	0.001695	-0.0105	1.53645053367448e-06	0	1.53645053367448e-06
330	0.0105	0.001695	-0.0135	2.876137079984629e-06	0	2.876137079984629e-06
331	0.0135	0.001695	0.0135	4.168678328293525e-06	0	4.168678328293525e-06
332	0.0135	0.001695	0.0105	2.876137079984019e-06	0	2.876137079984019e-06
333	0.0135	0.001695	0.0075	2.681215317627356e-06	0	2.681215317627356e-06
334	0.0135	0.001695	0.0045	2.596683262225851e-06	0	2.596683262225851e-06
335	0.0135	0.001695	0.0015	2.564788295282469e-06	0	2.564788295282469e-06
336	0.0135	0.001695	-0.0015	2.564788295289136e-06	0	2.564788295289136e-06
337	0.0135	0.001695	-0.0045	2.596683262237148e-06	0	2.596683262237148e-06
338	0.0135	0.001695	-0.0075	2.681215317635081e-06	0	2.681215317635081e-06
339	0.0135	0.001695	-0.0105	2.876137079972967e-06	0	2.876137079972967e-06
340	0.0135	0.001695	-0.0135	4.16867832829424e-06	0	4.16867832829424e-06
341	0.0135	0.00152	-0.015	9.050899646736032e-06	0	9.050899646736032e-06
342	0.0105	0.00152	-0.015	8.234392357653443e-06	0	8.234392357653443e-06
343	0.0075	0.00152	-0.015	8.116254443741433e-06	0	8.116254443741433e-06
344	0.0045	0.00152	-0.015	8.064289458217145e-06	0	8.064289458217145e-06
345	0.0015	0.00152	-0.015	8.044490514262005e-06	0	8.044490514262005e-06
346	-0.0015	0.00152	-0.015	8.044490514270609e-06	0	8.044490514270609e-06
347	-0.0045	0.00152	-0.015	8.064289458233123e-06	0	8.064289458233123e-06
348	-0.0075	0.00152	-0.015	8.116254443757334e-06	0	8.116254443757334e-06
349	-0.0105	0.00152	-0.015	8.234392357640168e-06	0	8.234392357640168e-06
350	-0.0135	0.00152	-0.015	9.050899646722976e-06	0	9.050899646722976e-06
351	0.0135	-0.00152	-0.015	-9.050899646735495e-06	0	-9.050899646735495e-06
352	0.0105	-0.00152	-0.015	-8.234392357650936e-06	0	-8.234392357650936e-06
353	0.0075	-0.00152	-0.015	-8.116254443740876e-06	0	-8.116254443740876e-06
354	0.0045	-0.00152	-0.015	-8.064289458218939e-06	0	-8.064289458218939e-06
355	0.0015	-0.00152	-0.015	-8.044490514260579e-06	0	-8.044490514260579e-06
356	-0.0015	-0.00152	-0.015	-8.044490514271605e-06	0	-8.044490514271605e-06
357	-0.0045	-0.00152	-0.015	-8.064289458233188e-06	0	-8.064289458233188e-06
358	-0.0075	-0.00152	-0.015	-8.116254443756295e-06	0	-8.116254443756295e-06
359	-0.0105	-0.00152	-0.015	-8.23439235764086e-06	0	-8.23439235764086e-06
360	-0.0135	-0.00152	-0.015	-9.050899646718704e-06	0	-9.050899646718704e-06
361	0.0135	0.001335	-0.015	0.0002265678569404671	0	0.0002265678569404671
362	0.0105	0.001335	-0.015	0.0002085017533855971	0	0.0002085017533855971
363	0.0075	0.001335	-0.015	0.0002058777951262744	0	0.0002058777951262744
364	0.0045	0.001335	-0.015	0.0002048446833742546	0	0.0002048446833742546
365	0.0015	0.001335	-0.015	0.0002044415924934051	0	0.0002044415924934051
366	-0.0015	0.001335	-0.015	0.0002044415924814222	0	0.0002044415924814222
367	-0.0045	0.001335	-0.015	0.0002048446833581026	0	0.0002048446833581026
368	-0.0075	0.001335	-0.015	0.0002058777951084535	0	0.0002058777951084535
369	-0.0105	0.001335	-0.015	0.000208501753403643	0	0.000208501753403643
370	-0.0135	0.001335	-0.015	0.0002265678569670303	0	0.0002265678569670303
371	0.0135	-0.001335	-0.015	-0.0002265678569404763	0	-0.0002265678569404763
372	0.0105	-0.001335	-0.015	-0.0002085017533856298	0	-0.0002085017533856298
373	0.0075	-0.001335	-0.015	-0.0002058777951262175	0	-0.0002058777951262175
374	0.0045	-0.001335	-0.015	-0.0002048446833743573	0	-0.0002048446833743573
375	0.0015	-0.001335	-0.015	-0.000204441592493529	0	-0.000204441592493529
376	-0.0015	-0.001335	-0.015	-0.0002044415924813044	0	-0.0002044415924813044
377	-0.0045	-0.001335	-0.015	-0.0002048446833580971	0	-0.0002048446833580971
378	-0.0075	-0.001335	-0.015	-0.0002058777951084294	0	-0.0002058777951084294
379	-0.0105	-0.001335	-0.015	-0.0002085017534035802	0	-0.0002085017534035802
380	-0.0135	-0.001335	-0.015	-0.0002265678569670523	0	-0.0002265678569670523
381	0.0135	0.000275	-0.015	2.175877699889283e-05	0	2.175877699889283e-05
382	0.0105	0.000275	-0.015	2.194521509628943e-05	0	2.194521509628943e-05
383	0.0075	0.000275	-0.015	2.190089335865045e-05	0	2.190089335865045e-05
384	0.0045	0.000275	-0.015	2.189228722896269e-05	0	2.189228722896269e-05
385	0.0015	0.000275	-0.015	2.188865914520437e-05	0	2.188865914520437e-05
386	-0.0015	0.000275	-0.015	2.188865914519989e-05	0	2.188865914519989e-05
387	-0.0045	0.000275	-0.015	2.189228722894804e-05	0	2.189228722894804e-05
388	-0.0075	0.000275	-0.015	2.190089335863019e-05	0	2.190089335863019e-05
389	-0.0105	0.000275	-0.015	2.194521509629044e-05	0	2.194521509629044e-05
390	-0.0135	0.000275	-0.015	2.17587769989061e-05	0	2.17587769989061e-05
391	0.0135	0.000575	-0.015	1.251440395535167e-05	0	1.251440395535167e-05
392	0.0105	0.000575	-0.015	1.235106754322834e-05	0	1.235106754322834e-05
393	0.0075	0.000575	-0.015	1.228739442593521e-05	0	1.228739442593521e-05
394	0.0045	0.000575	-0.015	1.226652805719104e-05	0	1.226652805719104e-05
395	0.0015	0.000575	-0.015	1.225835531429056e-05	0	1.225835531429056e-05
396	-0.0015	0.000575	-0.015	1.225835531429193e-05	0	1.225835531429193e-05
397	-0.0045	0.000575	-0.015	1.226652805719649e-05	0	1.226652805719649e-05
398	-0.0075	0.000575	-0.015	1.228739442593499e-05	0	1.228739442593499e-05
399	-0.0105	0.000575	-0.015	1.235106754321772e-05	0	1.235106754321772e-05
400	-0.0135	0.000575	-0.015	1.251440395533462e-05	0	1.251440395533462e-05
401	0.0135	0.000875	-0.015	1.176299184678203e-05	0	1.176299184678203e-05
402	0.0105	0.000875	-0.015	1.128843044494871e-05	0	1.128843044494871e-05
403	0.0075	0.000875	-0.015	1.119600442799715e-05	0	1.119600442799715e-05
404	0.0045	0.000875	-0.015	1.116047758317522e-05	0	1.116047758317522e-05
405	0.0015	0.000875	-0.015	1.114678652549332e-05	0	1.114678652549332e-05
406	-0.0015	0.000875	-0.015	1.114678652549869e-05	0	1.114678652549869e-05
407	-0.0045	0.000875	-0.015	1.116047758318421e-05	0	1.116047758318421e-05
408	-0.0075	0.000875	-0.015	1.119600442800367e-05	0	1.119600442800367e-05
409	-0.0105	0.000875	-0.015	1.128843044493708e-05	0	1.128843044493708e-05
410	-0.0135	0.000875	-0.015	1.17629918467652e-05	0	1.17629918467652e-05
411	0.0135	0.001175	-0.015	1.465915870184481e-05	0	1.465915870184481e-05
412	0.0105	0.001175	-0.015	1.362416470159906e-05	0	1.362416470159906e-05
413	0.0075	0.001175	-0.015	1.34940165742386e-05	0	1.34940165742386e-05
414	0.0045	0.001175	-0.015	1.343507864818318e-05	0	1.343507864818318e-05
415	0.0015	0.001175	-0.015	1.341271432553925e-05	0	1.341271432553925e-05
416	-0.0015	0.001175	-0.015	1.341271432555139e-05	0	1.341271432555139e-05
417	-0.0045	0.001175	-0.015	1.343507864820478e-05	0	1.343507864820478e-05
418	-0.0075	0.001175	-0.015	1.349401657425399e-05	0	1.349401657425399e-05
419	-0.0105	0.001175	-0.015	1.362416470157381e-05	0	1.362416470157381e-05
420	-0.0135	0.001175	-0.015	1.46591587018264e-05	0	1.46591587018264e-05
421	0.0135	-0.001175	-0.015	-1.465915870184751e-05	0	-1.465915870184751e-05
422	0.0105	-0.001175	-0.015	-1.362416470160327e-05	0	-1.362416470160327e-05
423	0.0075	-0.001175	-0.015	-1.349401657423807e-05	0	-1.349401657423807e-05
424	0.0045	-0.001175	-0.015	-1.343507864818353e-05	0	-1.343507864818353e-05
425	0.0015	-0.001175	-0.015	-1.341271432553977e-05	0	-1.341271432553977e-05
426	-0.0015	-0.001175	-0.015	-1.341271432555437e-05	0	-1.341271432555437e-05
427	-0.0045	-0.001175	-0.015	-1.343507864820791e-05	0	-1.343507864820791e-05
428	-0.0075	-0.001175	-0.015	-1.34940165742551e-05	0	-1.34940165742551e-05
429	-0.0105	-0.001175	-0.015	-1.362416470157761e-05	0	-1.362416470157761e-05
430	-0.0135	-0.001175	-0.015	-1.465915870182626e-05	0	-1.465915870182626e-05
431	0.0135	-0.000875	-0.015	-1.176299184678235e-05	0	-1.176299184678235e-05
432	0.0105	-0.000875	-0.015	-1.128843044494992e-05	0	-1.128843044494992e-05
433	0.0075	-0.000875	-0.015	-1.119600442799781e-05	0	-1.119600442799781e-05
434	0.0045	-0.000875	-0.015	-1.116047758317618e-05	0	-1.116047758317618e-05
435	0.0015	-0.000875	-0.015	-1.114678652549338e-05	0	-1.114678652549338e-05
436	-0.0015	-0.000875	-0.015	-1.114678652549977e-05	0	-1.114678652549977e-05
437	-0.0045	-0.000875	-0.015	-1.116047758318603e-05	0	-1.116047758318603e-05
438	-0.0075	-0.000875	-0.015	-1.119600442800305e-05	0	-1.119600442800305e-05
439	-0.0105	-0.000875	-0.015	-1.128843044493899e-05	0	-1.128843044493899e-05
440	-0.0135	-0.000875	-0.015	-1.176299184676474e-05	0	-1.176299184676474e-05
441	0.0135	-0.000575	-0.015	-1.25144039553521e-05	0	-1.25144039553521e-05
442	0.0105	-0.000575	-0.015	-1.23510675432297e-05	0	-1.23510675432297e-05
443	0.0075	-0.000575	-0.015	-1.228739442593503e-05	0	-1.228739442593503e-05
444	0.0045	-0.000575	-0.015	-1.226652805719134e-05	0	-1.226652805719134e-05
445	0.0015	-0.000575	-0.015	-1.225835531429043e-05	0	-1.225835531429043e-05
446	-0.0015	-0.000575	-0.015	-1.225835531429372e-05	0	-1.225835531429372e-05
447	-0.0045	-0.000575	-0.015	-1.226652805719768e-05	0	-1.226652805719768e-05
448	-0.0075	-0.000575	-0.015	-1.228739442593512e-05	0	-1.228739442593512e-05
449	-0.0105	-0.000575	-0.015	-1.235106754321859e-05	0	-1.235106754321859e-05
450	-0.0135	-0.000575	-0.015	-1.251440395533511e-05	0	-1.251440395533511e-05
451	0.0135	-0.000275	-0.015	-2.175877699889362e-05	0	-2.175877699889362e-05
452	0.0105	-0.000275	-0.015	-2.194521509629049e-05	0	-2.194521509629049e-05
453	0.0075	-0.000275	-0.015	-2.190089335865087e-05	0	-2.190089335865087e-05
454	0.0045	-0.000275	-0.015	-2.189228722896261e-05	0	-2.189228722896261e-05
455	0.0015	-0.000275	-0.015	-2.188865914520367e-05	0	-2.188865914520367e-05
456	-0.0015	-0.000275	-0.015	-2.18886591452004e-05	0	-2.18886591452004e-05
457	-0.0045	-0.000275	-0.015	-2.189228722894811e-05	0	-2.189228722894811e-05
458	-0.0075	-0.000275	-0.015	-2.190089335863058e-05	0	-2.190089335863058e-05
459	-0.0105	-0.000275	-0.015	-2.194521509629144e-05	0	-2.194521509629144e-05
460	-0.0135	-0.000275	-0.015	-2.175877699890669e-05	0	-2.175877699890669e-05
461	-0.0135	0.00152	0.015	9.050899646733613e-06	0	9.050899646733613e-06
462	-0.0105	0.00152	0.015	8.234392357653079e-06	0	8.234392357653079e-06
463	-0.0075	0.00152	0.015	8.116254443741511e-06	0	8.116254443741511e-06
464	-0.0045	0.00152	0.015	8.064289458215624e-06	0	8.064289458215624e-06
465	-0.0015	0.00152	0.015	8.044490514260309e-06	0	8.044490514260309e-06
466	0.0015	0.00152	0.015	8.044490514270729e-06	0	8.044490514270729e-06
467	0.0045	0.00152	0.015	8.064289458230549e-06	0	8.064289458230549e-06
468	0.0075	0.00152	0.015	8.116254443758443e-06	0	8.116254443758443e-06
469	0.0105	0.00152	0.015	8.234392357638524e-06	0	8.234392357638524e-06
470	0.0135	0.00152	0.015	9.050899646721694e-06	0	9.050899646721694e-06
471	-0.0135	-0.00152	0.015	-9.050899646734401e-06	0	-9.050899646734401e-06
472	-0.0105	-0.00152	0.015	-8.234392357654004e-06	0	-8.234392357654004e-06
473	-0.0075	-0.00152	0.015	-8.116254443742473e-06	0	-8.116254443742473e-06
474	-0.0045	-0.00152	0.015	-8.064289458215993e-06	0	-8.064289458215993e-06
475	-0.0015	-0.00152	0.015	-8.044490514259813e-06	0	-8.044490514259813e-06
476	0.0015	-0.00152	0.015	-8.044490514271141e-06	0	-8.044490514271141e-06
477	0.0045	-0.00152	0.015	-8.064289458233554e-06	0	-8.064289458233554e-06
478	0.0075	-0.00152	0.015	-8.116254443754503e-06	0	-8.116254443754503e-06
479	0.0105	-0.00152	0.015	-8.23439235763851e-06	0	-8.23439235763851e-06
480	0.0135	-0.00152	0.015	-9.050899646722446e-06	0	-9.050899646722446e-06
481	-0.0135	0.001335	0.015	0.0002265678569404039	0	0.0002265678569404039
482	-0.0105	0.001335	0.015	0.0002085017533855292	0	0.0002085017533855292
483	-0.0075	0.001335	0.015	0.0002058777951263695	0	0.0002058777951263695
484	-0.0045	0.001335	0.015	0.0002048446833743194	0	0.0002048446833743194
485	-0.0015	0.001335	0.015	0.0002044415924934093	0	0.0002044415924934093
486	0.0015	0.001335	0.015	0.0002044415924814055	0	0.0002044415924814055
487	0.0045	0.001335	0.015	0.000204844683358054	0	0.000204844683358054
488	0.0075	0.001335	0.015	0.0002058777951082875	0	0.0002058777951082875
489	0.0105	0.001335	0.015	0.0002085017534035444	0	0.0002085017534035444
490	0.0135	0.001335	0.015	0.0002265678569668363	0	0.0002265678569668363
491	-0.0135	-0.001335	0.015	-0.0002265678569405242	0	-0.0002265678569405242
492	-0.0105	-0.001335	0.015	-0.0002085017533857069	0	-0.0002085017533857069
493	-0.0075	-0.001335	0.015	-0.0002058777951262552	0	-0.0002058777951262552
494	-0.0045	-0.001335	0.015	-0.0002048446833743332	0	-0.0002048446833743332
495	-0.0015	-0.001335	0.015	-0.0002044415924933646	0	-0.0002044415924933646
496	0.0015	-0.001335	0.015	-0.0002044415924814031	0	-0.0002044415924814031
497	0.0045	-0.001335	0.015	-0.0002048446833580715	0	-0.0002048446833580715
498	0.0075	-0.001335	0.015	-0.000205877795108483	0	-0.000205877795108483
499	0.0105	-0.001335	0.015	-0.000208501753403658	0	-0.000208501753403658
500	0.0135	-0.001335	0.015	-0.0002265678569671309	0	-0.0002265678569671309
501	-0.0135	0.000275	0.015	2.175877699891248e-05	0	2.175877699891248e-05
502	-0.0105	0.000275	0.015	2.19452150962879e-05	0	2.19452150962879e-05
503	-0.0075	0.000275	0.015	2.190089335862718e-05	0	2.190089335862718e-05
504	-0.0045	0.000275	0.015	2.189228722896321e-05	0	2.189228722896321e-05
505	-0.0015	0.000275	0.015	2.188865914521393e-05	0	2.188865914521393e-05
506	0.0015	0.000275	0.015	2.188865914520855e-05	0	2.188865914520855e-05
507	0.0045	0.000275	0.015	2.189228722896176e-05	0	2.189228722896176e-05
508	0.0075	0.000275	0.015	2.190089335866093e-05	0	2.190089335866093e-05
509	0.0105	0.000275	0.015	2.194521509630579e-05	0	2.194521509630579e-05
510	0.0135	0.000275	0.015	2.175877699888844e-05	0	2.175877699888844e-05
511	-0.0135	0.000575	0.015	1.251440395534703e-05	0	1.251440395534703e-05
512	-0.0105	0.000575	0.015	1.235106754322362e-05	0	1.235106754322362e-05
513	-0.0075	0.000575	0.015	1.228739442593156e-05	0	1.228739442593156e-05
514	-0.0045	0.000575	0.015	1.226652805719405e-05	0	1.226652805719405e-05
515	-0.0015	0.000575	0.015	1.225835531429171e-05	0	1.225835531429171e-05
516	0.0015	0.000575	0.015	1.225835531429478e-05	0	1.225835531429478e-05
517	0.0045	0.000575	0.015	1.226652805719618e-05	0	1.226652805719618e-05
518	0.0075	0.000575	0.015	1.228739442593624e-05	0	1.228739442593624e-05
519	0.0105	0.000575	0.015	1.235106754322798e-05	0	1.235106754322798e-05
520	0.0135	0.000575	0.015	1.251440395534109e-05	0	1.251440395534109e-05
521	-0.0135	0.000875	0.015	1.176299184678083e-05	0	1.176299184678083e-05
522	-0.0105	0.000875	0.015	1.128843044495282e-05	0	1.128843044495282e-05
523	-0.0075	0.000875	0.015	1.119600442799607e-05	0	1.119600442799607e-05
524	-0.0045	0.000875	0.015	1.116047758317363e-05	0	1.116047758317363e-05
525	-0.0015	0.000875	0.015	1.114678652549437e-05	0	1.114678652549437e-05
526	0.0015	0.000875	0.015	1.114678652550123e-05	0	1.114678652550123e-05
527	0.0045	0.000875	0.015	1.116047758318781e-05	0	1.116047758318781e-05
528	0.0075	0.000875	0.015	1.119600442800769e-05	0	1.119600442800769e-05
529	0.0105	0.000875	0.015	1.128843044493885e-05	0	1.128843044493885e-05
530	0.0135	0.000875	0.015	1.176299184676629e-05	0	1.176299184676629e-05
531	-0.0135	0.001175	0.015	1.465915870184897e-05	0	1.465915870184897e-05
532	-0.0105	0.001175	0.015	1.362416470160694e-05	0	1.362416470160694e-05
533	-0.0075	0.001175	0.015	1.349401657423753e-05	0	1.349401657423753e-05
534	-0.0045	0.001175	0.015	1.343507864818292e-05	0	1.343507864818292e-05
535	-0.0015	0.001175	0.015	1.341271432554206e-05	0	1.341271432554206e-05
536	0.0015	0.001175	0.015	1.341271432555591e-05	0	1.341271432555591e-05
537	0.0045	0.001175	0.015	1.343507864820755e-05	0	1.343507864820755e-05
538	0.0075	0.001175	0.015	1.349401657425877e-05	0	1.349401657425877e-05
539	0.0105	0.001175	0.015	1.362416470157763e-05	0	1.362416470157763e-05
540	0.0135	0.001175	0.015	1.465915870182795e-05	0	1.465915870182795e-05
541	-0.0135	-0.001175	0.015	-1.465915870184528e-05	0	-1.465915870184528e-05
542	-0.0105	-0.001175	0.015	-1.362416470160137e-05	0	-1.362416470160137e-05
543	-0.0075	-0.001175	0.015	-1.349401657423593e-05	0	-1.349401657423593e-05
544	-0.0045	-0.001175	0.015	-1.343507864818581e-05	0	-1.343507864818581e-05
545	-0.0015	-0.001175	0.015	-1.34127143255396e-05	0	-1.34127143255396e-05
546	0.0015	-0.001175	0.015	-1.341271432555492e-05	0	-1.341271432555492e-05
547	0.0045	-0.001175	0.015	-1.343507864820699e-05	0	-1.343507864820699e-05
548	0.0075	-0.001175	0.015	-1.349401657425892e-05	0	-1.349401657425892e-05
549	0.0105	-0.001175	0.015	-1.362416470157739e-05	0	-1.362416470157739e-05
550	0.0135	-0.001175	0.015	-1.46591587018227e-05	0	-1.46591587018227e-05
551	-0.0135	-0.000875	0.015	-1.176299184677987e-05	0	-1.176299184677987e-05
552	-0.0105	-0.000875	0.015	-1.128843044495123e-05	0	-1.128843044495123e-05
553	-0.0075	-0.000875	0.015	-1.119600442799533e-05	0	-1.119600442799533e-05
554	-0.0045	-0.000875	0.015	-1.116047758317425e-05	0	-1.116047758317425e-05
555	-0.0015	-0.000875	0.015	-1.114678652549366e-05	0	-1.114678652549366e-05
556	0.0015	-0.000875	0.015	-1.114678652550021e-05	0	-1.114678652550021e-05
557	0.0045	-0.000875	0.015	-1.116047758318848e-05	0	-1.116047758318848e-05
558	0.0075	-0.000875	0.015	-1.119600442800764e-05	0	-1.119600442800764e-05
559	0.0105	-0.000875	0.015	-1.128843044493785e-05	0	-1.128843044493785e-05
560	0.0135	-0.000875	0.015	-1.176299184676321e-05	0	-1.176299184676321e-05
561	-0.0135	-0.000575	0.015	-1.251440395534613e-05	0	-1.251440395534613e-05
562	-0.0105	-0.000575	0.015	-1.235106754322212e-05	0	-1.235106754322212e-05
563	-0.0075	-0.000575	0.015	-1.228739442593095e-05	0	-1.228739442593095e-05
564	-0.0045	-0.000575	0.015	-1.226652805719372e-05	0	-1.226652805719372e-05
565	-0.0015	-0.000575	0.015	-1.225835531429166e-05	0	-1.225835531429166e-05
566	0.0015	-0.000575	0.015	-1.22583553142937e-05	0	-1.22583553142937e-05
567	0.0045	-0.000575	0.015	-1.226652805719727e-05	0	-1.226652805719727e-05
568	0.0075	-0.000575	0.015	-1.228739442593493e-05	0	-1.228739442593493e-05
569	0.0105	-0.000575	0.015	-1.235106754322763e-05	0	-1.235106754322763e-05
570	0.0135	-0.000575	0.015	-1.251440395533912e-05	0	-1.251440395533912e-05
571	-0.0135	-0.000275	0.015	-2.175877699891148e-05	0	-2.175877699891148e-05
572	-0.0105	-0.000275	0.015	-2.194521509628662e-05	0	-2.194521509628662e-05
573	-0.0075	-0.000275	0.015	-2.190089335862683e-05	0	-2.190089335862683e-05
574	-0.0045	-0.000275	0.015	-2.189228722896247e-05	0	-2.189228722896247e-05
575	-0.0015	-0.000275	0.015	-2.188865914521377e-05	0	-2.188865914521377e-05
576	0.0015	-0.000275	0.015	-2.188865914520879e-05	0	-2.188865914520879e-05
577	0.0045	-0.000275	0.015	-2.189228722896248e-05	0	-2.189228722896248e-05
578	0.0075	-0.000275	0.015	-2.190089335866127e-05	0	-2.190089335866127e-05
579	0.0105	-0.000275	0.015	-2.194521509630516e-05	0	-2.194521509630516e-05
580	0.0135	-0.000275	0.015	-2.175877699888604e-05	0	-2.175877699888604e-05
581	-0.0135	-0.001695	-0.0135	-4.168678328291723e-06	0	-4.168678328291723e-06
582	-0.0135	-0.001695	-0.0105	-2.87613707998309e-06	0	-2.87613707998309e-06
583	-0.0135	-0.001695	-0.0075	-2.68121531762854e-06	0	-2.68121531762854e-06
584	-0.0135	-0.001695	-0.0045	-2.596683262225912e-06	0	-2.596683262225912e-06
585	-0.0135	-0.001695	-0.0015	-2.564788295281995e-06	0	-2.564788295281995e-06
586	-0.0135	-0.001695	0.0015	-2.564788295289737e-06	0	-2.564788295289737e-06
587	-0.0135	-0.001695	0.0045	-2.596683262235837e-06	0	-2.596683262235837e-06
588	-0.0135	-0.001695	0.0075	-2.681215317637684e-06	0	-2.681215317637684e-06
589	-0.0135	-0.001695	0.0105	-2.876137079973333e-06	0	-2.876137079973333e-06
590	-0.0135	-0.001695	0.0135	-4.168678328292582e-06	0	-4.168678328292582e-06
591	-0.0105	-0.001695	-0.0135	-2.876137079975119e-06	0	-2.876137079975119e-06
592	-0.0105	-0.001695	-0.0105	-1.536450533676021e-06	0	-1.536450533676021e-06
593	-0.0105	-0.001695	-0.0075	-1.327947574348721e-06	0	-1.327947574348721e-06
594	-0.0105	-0.001695	-0.0045	-1.238368141759066e-06	0	-1.238368141759066e-06
595	-0.0105	-0.001695	-0.0015	-1.20496841119e-06	0	-1.20496841119e-06
596	-0.0105	-0.001695	0.0015	-1.204968411189427e-06	0	-1.204968411189427e-06
597	-0.0105	-0.001695	0.0045	-1.238368141758455e-06	0	-1.238368141758455e-06
598	-0.0105	-0.001695	0.0075	-1.327947574346123e-06	0	-1.327947574346123e-06
599	-0.0105	-0.001695	0.0105	-1.53645053367577e-06	0	-1.53645053367577e-06
600	-0.0105	-0.001695	0.0135	-2.876137079984654e-06	0	-2.876137079984654e-06
601	-0.0075	-0.001695	-0.0135	-2.6812153176363e-06	0	-2.6812153176363e-06
602	-0.0075	-0.001695	-0.0105	-1.327947574346782e-06	0	-1.327947574346782e-06
603	-0.0075	-0.001695	-0.0075	-1.103846476042038e-06	0	-1.103846476042038e-06
604	-0.0075	-0.001695	-0.0045	-1.007153833166461e-06	0	-1.007153833166461e-06
605	-0.0075	-0.001695	-0.0015	-9.709297139413714e-07	0	-9.709297139413714e-07
606	-0.0075	-0.001695	0.0015	-9.709297139401663e-07	0	-9.709297139401663e-07
607	-0.0075	-0.001695	0.0045	-1.007153833167496e-06	0	-1.007153833167496e-06
608	-0.0075	-0.001695	0.0075	-1.103846476041396e-06	0	-1.103846476041396e-06
609	-0.0075	-0.001695	0.0105	-1.327947574347673e-06	0	-1.327947574347673e-06
610	-0.0075	-0.001695	0.0135	-2.681215317628981e-06	0	-2.681215317628981e-06
611	-0.0045	-0.001695	-0.0135	-2.596683262236734e-06	0	-2.596683262236734e-06
612	-0.0045	-0.001695	-0.0105	-1.2383681417582e-06	0	-1.2383681417582e-06
613	-0.0045	-0.001695	-0.0075	-1.007153833167465e-06	0	-1.007153833167465e-06
614	-0.0045	-0.001695	-0.0045	-9.06442492307112e-07	0	-9.06442492307112e-07
615	-0.0045	-0.001695	-0.0015	-8.684491891538055e-07	0	-8.684491891538055e-07
616	-0.0045	-0.001695	0.0015	-8.684491891543967e-07	0	-8.684491891543967e-07
617	-0.0045	-0.001695	0.0045	-9.064424923062027e-07	0	-9.064424923062027e-07
618	-0.0045	-0.001695	0.0075	-1.007153833166713e-06	0	-1.007153833166713e-06
619	-0.0045	-0.001695	0.0105	-1.238368141759613e-06	0	-1.238368141759613e-06
620	-0.0045	-0.001695	0.0135	-2.596683262224975e-06	0	-2.596683262224975e-06
621	-0.0015	-0.001695	-0.0135	-2.564788295289155e-06	0	-2.564788295289155e-06
622	-0.0015	-0.001695	-0.0105	-1.204968411188849e-06	0	-1.204968411188849e-06
623	-0.0015	-0.001695	-0.0075	-9.709297139403501e-07	0	-9.709297139403501e-07
624	-0.0015	-0.001695	-0.0045	-8.684491891534932e-07	0	-8.684491891534932e-07
625	-0.0015	-0.001695	-0.0015	-8.296330564995036e-07	0	-8.296330564995036e-07
626	-0.0015	-0.001695	0.0015	-8.296330564996552e-07	0	-8.296330564996552e-07
627	-0.0015	-0.001695	0.0045	-8.684491891539405e-07	0	-8.684491891539405e-07
628	-0.0015	-0.001695	0.0075	-9.709297139396922e-07	0	-9.709297139396922e-07
629	-0.0015	-0.001695	0.0105	-1.204968411190593e-06	0	-1.204968411190593e-06
630	-0.0015	-0.001695	0.0135	-2.564788295282743e-06	0	-2.564788295282743e-06
631	0.0015	-0.001695	-0.0135	-2.56478829528167e-06	0	-2.56478829528167e-06
632	0.0015	-0.001695	-0.0105	-1.204968411189221e-06	0	-1.204968411189221e-06
633	0.0015	-0.001695	-0.0075	-9.709297139397185e-07	0	-9.709297139397185e-07
634	0.0015	-0.001695	-0.0045	-8.68449189153632e-07	0	-8.68449189153632e-07
635	0.0015	-0.001695	-0.0015	-8.29633056499572e-07	0	-8.29633056499572e-07
636	0.0015	-0.001695	0.0015	-8.296330564989288e-07	0	-8.296330564989288e-07
637	0.0015	-0.001695	0.0045	-8.684491891534865e-07	0	-8.684491891534865e-07
638	0.0015	-0.001695	0.0075	-9.709297139410068e-07	0	-9.709297139410068e-07
639	0.0015	-0.001695	0.0105	-1.204968411190839e-06	0	-1.204968411190839e-06
640	0.0015	-0.001695	0.0135	-2.564788295288943e-06	0	-2.564788295288943e-06
641	0.0045	-0.001695	-0.0135	-2.596683262225708e-06	0	-2.596683262225708e-06
642	0.0045	-0.001695	-0.0105	-1.238368141759151e-06	0	-1.238368141759151e-06
643	0.0045	-0.001695	-0.0075	-1.007153833167814e-06	0	-1.007153833167814e-06
644	0.0045	-0.001695	-0.0045	-9.064424923057676e-07	0	-9.064424923057676e-07
645	0.0045	-0.001695	-0.0015	-8.684491891533261e-07	0	-8.684491891533261e-07
646	0.0045	-0.001695	0.0015	-8.684491891542807e-07	0	-8.684491891542807e-07
647	0.0045	-0.001695	0.0045	-9.064424923058938e-07	0	-9.064424923058938e-07
648	0.0045	-0.001695	0.0075	-1.007153833166335e-06	0	-1.007153833166335e-06
649	0.0045	-0.001695	0.0105	-1.238368141758015e-06	0	-1.238368141758015e-06
650	0.0045	-0.001695	0.0135	-2.596683262236434e-06	0	-2.596683262236434e-06
651	0.0075	-0.001695	-0.0135	-2.681215317629173e-06	0	-2.681215317629173e-06
652	0.0075	-0.001695	-0.0105	-1.327947574347362e-06	0	-1.327947574347362e-06
653	0.0075	-0.001695	-0.0075	-1.103846476039945e-06	0	-1.103846476039945e-06
654	0.0075	-0.001695	-0.0045	-1.007153833168151e-06	0	-1.007153833168151e-06
655	0.0075	-0.001695	-0.0015	-9.709297139412448e-07	0	-9.709297139412448e-07
656	0.0075	-0.001695	0.0015	-9.709297139403851e-07	0	-9.709297139403851e-07
657	0.0075	-0.001695	0.0045	-1.007153833166454e-06	0	-1.007153833166454e-06
658	0.0075	-0.001695	0.0075	-1.103846476039052e-06	0	-1.103846476039052e-06
659	0.0075	-0.001695	0.0105	-1.327947574347119e-06	0	-1.327947574347119e-06
660	0.0075	-0.001695	0.0135	-2.681215317635432e-06	0	-2.681215317635432e-06
661	0.0105	-0.001695	-0.0135	-2.876137079984235e-06	0	-2.876137079984235e-06
662	0.0105	-0.001695	-0.0105	-1.536450533674846e-06	0	-1.536450533674846e-06
663	0.0105	-0.001695	-0.0075	-1.327947574347501e-06	0	-1.327947574347501e-06
664	0.0105	-0.001695	-0.0045	-1.238368141758616e-06	0	-1.238368141758616e-06
665	0.0105	-0.001695	-0.0015	-1.204968411189656e-06	0	-1.204968411189656e-06
666	0.0105	-0.001695	0.0015	-1.204968411190145e-06	0	-1.204968411190145e-06
667	0.0105	-0.001695	0.0045	-1.23836814175776e-06	0	-1.23836814175776e-06
668	0.0105	-0.001695	0.0075	-1.327947574347053e-06	0	-1.327947574347053e-06
669	0.0105	-0.001695	0.0105	-1.536450533675598e-06	0	-1.536450533675598e-06
670	0.0105	-0.001695	0.0135	-2.876137079973094e-06	0	-2.876137079973094e-06
671	0.0135	-0.001695	-0.0135	-4.168678328293068e-06	0	-4.168678328293068e-06
672	0.0135	-0.001695	-0.0105	-2.876137079974197e-06	0	-2.876137079974197e-06
673	0.0135	-0.001695	-0.0075	-2.681215317636953e-06	0	-2.681215317636953e-06
674	0.0135	-0.001695	-0.0045	-2.59668326223631e-06	0	-2.59668326223631e-06
675	0.0135	-0.001695	-0.0015	-2.564788295289387e-06	0	-2.564788295289387e-06
676	0.0135	-0.001695	0.0015	-2.564788295282164e-06	0	-2.564788295282164e-06
677	0.0135	-0.001695	0.0045	-2.596683262224969e-06	0	-2.596683262224969e-06
678	0.0135	-0.001695	0.0075	-2.681215317629653e-06	0	-2.681215317629653e-06
679	0.0135	-0.001695	0.0105	-2.876137079984185e-06	0	-2.876137079984185e-06
680	0.0135	-0.001695	0.0135	-4.168678328291567e-06	0	-4.168678328291567e-06
681	-0.0135	0.001345	0.0135	2.682483822638422e-06	0	2.682483822638422e-06
682	-0.0135	0.001345	0.0105	1.669942298893886e-06	0	1.669942298893886e-06
683	-0.0135	0.001345	0.0075	1.59692016394608e-06	0	1.59692016394608e-06
684	-0.0135	0.001345	0.0045	1.553765821791676e-06	0	1.553765821791676e-06
685	-0.0135	0.001345	0.0015	1.537937862009184e-06	0	1.537937862009184e-06
686	-0.0135	0.001345	-0.0015	1.537937861924612e-06	0	1.537937861924612e-06
687	-0.0135	0.001345	-0.0045	1.553765821702334e-06	0	1.553765821702334e-06
688	-0.0135	0.001345	-0.0075	1.596920163836834e-06	0	1.596920163836834e-06
689	-0.0135	0.001345	-0.0105	1.669942298850982e-06	0	1.669942298850982e-06
690	-0.0135	0.001345	-0.0135	2.682483822708709e-06	0	2.682483822708709e-06
691	-0.0105	0.001345	0.0135	1.66994229869499e-06	0	1.66994229869499e-06
692	-0.0105	0.001345	0.0105	6.828196028142915e-07	0	6.828196028142915e-07
693	-0.0105	0.001345	0.0075	6.09464083769543e-07	0	6.09464083769543e-07
694	-0.0105	0.001345	0.0045	5.657896695931117e-07	0	5.657896695931117e-07
695	-0.0105	0.001345	0.0015	5.500577749972225e-07	0	5.500577749972225e-07
696	-0.0105	0.001345	-0.0015	5.500577749992095e-07	0	5.500577749992095e-07
697	-0.0105	0.001345	-0.0045	5.65789669614955e-07	0	5.65789669614955e-07
698	-0.0105	0.001345	-0.0075	6.094640838640712e-07	0	6.094640838640712e-07
699	-0.0105	0.001345	-0.0105	6.828196030615536e-07	0	6.828196030615536e-07
700	-0.0105	0.001345	-0.0135	1.669942298917463e-06	0	1.669942298917463e-06
701	-0.0075	0.001345	0.0135	1.596920163816677e-06	0	1.596920163816677e-06
702	-0.0075	0.001345	0.0105	6.094640838125868e-07	0	6.094640838125868e-07
703	-0.0075	0.001345	0.0075	5.276219183427559e-07	0	5.276219183427559e-07
704	-0.0075	0.001345	0.0045	4.804248959275844e-07	0	4.804248959275844e-07
705	-0.0075	0.001345	0.0015	4.632894794217678e-07	0	4.632894794217678e-07
706	-0.0075	0.001345	-0.0015	4.632894794342731e-07	0	4.632894794342731e-07
707	-0.0075	0.001345	-0.0045	4.804248959532085e-07	0	4.804248959532085e-07
708	-0.0075	0.001345	-0.0075	5.276219183741111e-07	0	5.276219183741111e-07
709	-0.0075	0.001345	-0.0105	6.094640838866191e-07	0	6.094640838866191e-07
710	-0.0075	0.001345	-0.0135	1.596920163948806e-06	0	1.596920163948806e-06
711	-0.0045	0.001345	0.0135	1.553765821687379e-06	0	1.553765821687379e-06
712	-0.0045	0.001345	0.0105	5.657896695718071e-07	0	5.657896695718071e-07
713	-0.0045	0.001345	0.0075	4.804248958802085e-07	0	4.804248958802085e-07
714	-0.0045	0.001345	0.0045	4.313370174002934e-07	0	4.313370174002934e-07
715	-0.0045	0.001345	0.0015	4.133620490020483e-07	0	4.133620490020483e-07
716	-0.0045	0.001345	-0.0015	4.13362048987539e-07	0	4.13362048987539e-07
717	-0.0045	0.001345	-0.0045	4.313370174088944e-07	0	4.313370174088944e-07
718	-0.0045	0.001345	-0.0075	4.804248959452011e-07	0	4.804248959452011e-07
719	-0.0045	0.001345	-0.0105	5.657896695694046e-07	0	5.657896695694046e-07
720	-0.0045	0.001345	-0.0135	1.553765821765405e-06	0	1.553765821765405e-06
721	-0.0015	0.001345	0.0135	1.537937861887325e-06	0	1.537937861887325e-06
722	-0.0015	0.001345	0.0105	5.500577750097315e-07	0	5.500577750097315e-07
723	-0.0015	0.001345	0.0075	4.632894794201997e-07	0	4.632894794201997e-07
724	-0.0015	0.001345	0.0045	4.133620490300351e-07	0	4.133620490300351e-07
725	-0.0015	0.001345	0.0015	3.949949278215659e-07	0	3.949949278215659e-07
726	-0.0015	0.001345	-0.0015	3.949949278095803e-07	0	3.949949278095803e-07
727	-0.0015	0.001345	-0.0045	4.13362049023407e-07	0	4.13362049023407e-07
728	-0.0015	0.001345	-0.0075	4.632894794457132e-07	0	4.632894794457132e-07
729	-0.0015	0.001345	-0.0105	5.500577750388786e-07	0	5.500577750388786e-07
730	-0.0015	0.001345	-0.0135	1.537937862018901e-06	0	1.537937862018901e-06
731	0.0015	0.001345	0.0135	1.537937861920608e-06	0	1.537937861920608e-06
732	0.0015	0.001345	0.0105	5.500577749906126e-07	0	5.500577749906126e-07
733	0.0015	0.001345	0.0075	4.632894793935254e-07	0	4.632894793935254e-07
734	0.0015	0.001345	0.0045	4.133620489746116e-07	0	4.133620489746116e-07
735	0.0015	0.001345	0.0015	3.949949278131347e-07	0	3.949949278131347e-07
736	0.0015	0.001345	-0.0015	3.949949277672296e-07	0	3.949949277672296e-07
737	0.0015	0.001345	-0.0045	4.133620489347939e-07	0	4.133620489347939e-07
738	0.0015	0.001345	-0.0075	4.632894793883179e-07	0	4.632894793883179e-07
739	0.0015	0.001345	-0.0105	5.500577749918014e-07	0	5.500577749918014e-07
740	0.0015	0.001345	-0.0135	1.537937861910613e-06	0	1.537937861910613e-06
741	0.0045	0.001345	0.0135	1.553765821667648e-06	0	1.553765821667648e-06
742	0.0045	0.001345	0.0105	5.657896696319719e-07	0	5.657896696319719e-07
743	0.0045	0.001345	0.0075	4.804248959072533e-07	0	4.804248959072533e-07
744	0.0045	0.001345	0.0045	4.313370174485112e-07	0	4.313370174485112e-07
745	0.0045	0.001345	0.0015	4.133620489951397e-07	0	4.133620489951397e-07
746	0.0045	0.001345	-0.0015	4.133620489691531e-07	0	4.133620489691531e-07
747	0.0045	0.001345	-0.0045	4.313370173970218e-07	0	4.313370173970218e-07
748	0.0045	0.001345	-0.0075	4.804248958564122e-07	0	4.804248958564122e-07
749	0.0045	0.001345	-0.0105	5.657896696824117e-07	0	5.657896696824117e-07
750	0.0045	0.001345	-0.0135	1.553765821741605e-06	0	1.553765821741605e-06
751	0.0075	0.001345	0.0135	1.596920163851571e-06	0	1.596920163851571e-06
752	0.0075	0.001345	0.0105	6.094640838291647e-07	0	6.094640838291647e-07
753	0.0075	0.001345	0.0075	5.27621918301909e-07	0	5.27621918301909e-07
754	0.0075	0.001345	0.0045	4.804248959008882e-07	0	4.804248959008882e-07
755	0.0075	0.001345	0.0015	4.63289479406739e-07	0	4.63289479406739e-07
756	0.0075	0.001345	-0.0015	4.632894793645494e-07	0	4.632894793645494e-07
757	0.0075	0.001345	-0.0045	4.804248958189815e-07	0	4.804248958189815e-07
758	0.0075	0.001345	-0.0075	5.276219183749652e-07	0	5.276219183749652e-07
759	0.0075	0.001345	-0.0105	6.094640838918143e-07	0	6.094640838918143e-07
760	0.0075	0.001345	-0.0135	1.596920163825529e-06	0	1.596920163825529e-06
761	0.0105	0.001345	0.0135	1.669942298859313e-06	0	1.669942298859313e-06
762	0.0105	0.001345	0.0105	6.828196029542446e-07	0	6.828196029542446e-07
763	0.0105	0.001345	0.0075	6.094640838353227e-07	0	6.094640838353227e-07
764	0.0105	0.001345	0.0045	5.6578966961014e-07	0	5.6578966961014e-07
765	0.0105	0.001345	0.0015	5.500577749958445e-07	0	5.500577749958445e-07
766	0.0105	0.001345	-0.0015	5.50057775047341e-07	0	5.50057775047341e-07
767	0.0105	0.001345	-0.0045	5.657896696540453e-07	0	5.657896696540453e-07
768	0.0105	0.001345	-0.0075	6.094640838586606e-07	0	6.094640838586606e-07
769	0.0105	0.001345	-0.0105	6.828196031170305e-07	0	6.828196031170305e-07
770	0.0105	0.001345	-0.0135	1.669942298893018e-06	0	1.669942298893018e-06
771	0.0135	0.001345	0.0135	2.682483822679e-06	0	2.682483822679e-06
772	0.0135	0.001345	0.0105	1.669942298743003e-06	0	1.669942298743003e-06
773	0.0135	0.001345	0.0075	1.596920163869439e-06	0	1.596920163869439e-06
774	0.0135	0.001345	0.0045	1.553765821728949e-06	0	1.553765821728949e-06
775	0.0135	0.001345	0.0015	1.537937861896405e-06	0	1.537937861896405e-06
776	0.0135	0.001345	-0.0015	1.537937861922088e-06	0	1.537937861922088e-06
777	0.0135	0.001345	-0.0045	1.55376582168908e-06	0	1.55376582168908e-06
778	0.0135	0.001345	-0.0075	1.596920163871351e-06	0	1.596920163871351e-06
779	0.0135	0.001345	-0.0105	1.669942298921981e-06	0	1.669942298921981e-06
780	0.0135	0.001345	-0.0135	2.682483822776024e-06	0	2.682483822776024e-06
781	-0.0135	-0.001345	-0.0135	-2.682483822644412e-06	0	-2.682483822644412e-06
782	-0.0135	-0.001345	-0.0105	-1.669942298746027e-06	0	-1.669942298746027e-06
783	-0.0135	-0.001345	-0.0075	-1.596920163818346e-06	0	-1.596920163818346e-06
784	-0.0135	-0.001345	-0.0045	-1.553765821725781e-06	0	-1.553765821725781e-06
785	-0.0135	-0.001345	-0.0015	-1.537937861902533e-06	0	-1.537937861902533e-06
786	-0.0135	-0.001345	0.0015	-1.537937861935059e-06	0	-1.537937861935059e-06
787	-0.0135	-0.001345	0.0045	-1.553765821704411e-06	0	-1.553765821704411e-06
788	-0.0135	-0.001345	0.0075	-1.59692016382001e-06	0	-1.59692016382001e-06
789	-0.0135	-0.001345	0.0105	-1.669942298859293e-06	0	-1.669942298859293e-06
790	-0.0135	-0.001345	0.0135	-2.682483822711335e-06	0	-2.682483822711335e-06
791	-0.0105	-0.001345	-0.0135	-1.669942298848128e-06	0	-1.669942298848128e-06
792	-0.0105	-0.001345	-0.0105	-6.82819602820639e-07	0	-6.82819602820639e-07
793	-0.0105	-0.001345	-0.0075	-6.094640837753186e-07	0	-6.094640837753186e-07
794	-0.0105	-0.001345	-0.0045	-5.657896696214455e-07	0	-5.657896696214455e-07
795	-0.0105	-0.001345	-0.0015	-5.500577749728669e-07	0	-5.500577749728669e-07
796	-0.0105	-0.001345	0.0015	-5.500577749910104e-07	0	-5.500577749910104e-07
797	-0.0105	-0.001345	0.0045	-5.657896696317361e-07	0	-5.657896696317361e-07
798	-0.0105	-0.001345	0.0075	-6.094640837932496e-07	0	-6.094640837932496e-07
799	-0.0105	-0.001345	0.0105	-6.828196029231576e-07	0	-6.828196029231576e-07
800	-0.0105	-0.001345	0.0135	-1.669942298778024e-06	0	-1.669942298778024e-06
801	-0.0075	-0.001345	-0.0135	-1.596920163868e-06	0	-1.596920163868e-06
802	-0.0075	-0.001345	-0.0105	-6.094640837631186e-07	0	-6.094640837631186e-07
803	-0.0075	-0.001345	-0.0075	-5.276219183002183e-07	0	-5.276219183002183e-07
804	-0.0075	-0.001345	-0.0045	-4.804248959032094e-07	0	-4.804248959032094e-07
805	-0.0075	-0.001345	-0.0015	-4.632894793777054e-07	0	-4.632894793777054e-07
806	-0.0075	-0.001345	0.0015	-4.63289479363265e-07	0	-4.63289479363265e-07
807	-0.0075	-0.001345	0.0045	-4.804248959111024e-07	0	-4.804248959111024e-07
808	-0.0075	-0.001345	0.0075	-5.276219182346742e-07	0	-5.276219182346742e-07
809	-0.0075	-0.001345	0.0105	-6.094640838250812e-07	0	-6.094640838250812e-07
810	-0.0075	-0.001345	0.0135	-1.596920163830029e-06	0	-1.596920163830029e-06
811	-0.0045	-0.001345	-0.0135	-1.55376582173281e-06	0	-1.55376582173281e-06
812	-0.0045	-0.001345	-0.0105	-5.657896695951339e-07	0	-5.657896695951339e-07
813	-0.0045	-0.001345	-0.0075	-4.804248958788928e-07	0	-4.804248958788928e-07
814	-0.0045	-0.001345	-0.0045	-4.313370174273445e-07	0	-4.313370174273445e-07
815	-0.0045	-0.001345	-0.0015	-4.133620489783561e-07	0	-4.133620489783561e-07
816	-0.0045	-0.001345	0.0015	-4.133620489725771e-07	0	-4.133620489725771e-07
817	-0.0045	-0.001345	0.0045	-4.3133701748808e-07	0	-4.3133701748808e-07
818	-0.0045	-0.001345	0.0075	-4.804248959459078e-07	0	-4.804248959459078e-07
819	-0.0045	-0.001345	0.0105	-5.657896696196374e-07	0	-5.657896696196374e-07
820	-0.0045	-0.001345	0.0135	-1.553765821699752e-06	0	-1.553765821699752e-06
821	-0.0015	-0.001345	-0.0135	-1.537937861955505e-06	0	-1.537937861955505e-06
822	-0.0015	-0.001345	-0.0105	-5.50057774991459e-07	0	-5.50057774991459e-07
823	-0.0015	-0.001345	-0.0075	-4.632894793875406e-07	0	-4.632894793875406e-07
824	-0.0015	-0.001345	-0.0045	-4.133620490122718e-07	0	-4.133620490122718e-07
825	-0.0015	-0.001345	-0.0015	-3.949949278337366e-07	0	-3.949949278337366e-07
826	-0.0015	-0.001345	0.0015	-3.94994927831683e-07	0	-3.94994927831683e-07
827	-0.0015	-0.001345	0.0045	-4.133620490395247e-07	0	-4.133620490395247e-07
828	-0.0015	-0.001345	0.0075	-4.632894793949552e-07	0	-4.632894793949552e-07
829	-0.0015	-0.001345	0.0105	-5.500577749854641e-07	0	-5.500577749854641e-07
830	-0.0015	-0.001345	0.0135	-1.537937861913373e-06	0	-1.537937861913373e-06
831	0.0015	-0.001345	-0.0135	-1.537937861895381e-06	0	-1.537937861895381e-06
832	0.0015	-0.001345	-0.0105	-5.500577749497486e-07	0	-5.500577749497486e-07
833	0.0015	-0.001345	-0.0075	-4.632894793669419e-07	0	-4.632894793669419e-07
834	0.0015	-0.001345	-0.0045	-4.133620489461881e-07	0	-4.133620489461881e-07
835	0.0015	-0.001345	-0.0015	-3.949949278093815e-07	0	-3.949949278093815e-07
836	0.0015	-0.001345	0.0015	-3.949949277759272e-07	0	-3.949949277759272e-07
837	0.0015	-0.001345	0.0045	-4.133620489671539e-07	0	-4.133620489671539e-07
838	0.0015	-0.001345	0.0075	-4.632894793316578e-07	0	-4.632894793316578e-07
839	0.0015	-0.001345	0.0105	-5.500577749938008e-07	0	-5.500577749938008e-07
840	0.0015	-0.001345	0.0135	-1.537937861911456e-06	0	-1.537937861911456e-06
841	0.0045	-0.001345	-0.0135	-1.553765821727836e-06	0	-1.553765821727836e-06
842	0.0045	-0.001345	-0.0105	-5.657896696287836e-07	0	-5.657896696287836e-07
843	0.0045	-0.001345	-0.0075	-4.804248959290599e-07	0	-4.804248959290599e-07
844	0.0045	-0.001345	-0.0045	-4.313370174560309e-07	0	-4.313370174560309e-07
845	0.0045	-0.001345	-0.0015	-4.133620490243108e-07	0	-4.133620490243108e-07
846	0.0045	-0.001345	0.0015	-4.133620489932096e-07	0	-4.133620489932096e-07
847	0.0045	-0.001345	0.0045	-4.31337017433076e-07	0	-4.31337017433076e-07
848	0.0045	-0.001345	0.0075	-4.804248958481387e-07	0	-4.804248958481387e-07
849	0.0045	-0.001345	0.0105	-5.657896697024332e-07	0	-5.657896697024332e-07
850	0.0045	-0.001345	0.0135	-1.553765821752113e-06	0	-1.553765821752113e-06
851	0.0075	-0.001345	-0.0135	-1.59692016377741e-06	0	-1.59692016377741e-06
852	0.0075	-0.001345	-0.0105	-6.094640838030815e-07	0	-6.094640838030815e-07
853	0.0075	-0.001345	-0.0075	-5.276219182290087e-07	0	-5.276219182290087e-07
854	0.0075	-0.001345	-0.0045	-4.804248958976822e-07	0	-4.804248958976822e-07
855	0.0075	-0.001345	-0.0015	-4.63289479380726e-07	0	-4.63289479380726e-07
856	0.0075	-0.001345	0.0015	-4.632894793666704e-07	0	-4.632894793666704e-07
857	0.0075	-0.001345	0.0045	-4.8042489583721e-07	0	-4.8042489583721e-07
858	0.0075	-0.001345	0.0075	-5.276219182487903e-07	0	-5.276219182487903e-07
859	0.0075	-0.001345	0.0105	-6.094640838020437e-07	0	-6.094640838020437e-07
860	0.0075	-0.001345	0.0135	-1.596920163787839e-06	0	-1.596920163787839e-06
861	0.0105	-0.001345	-0.0135	-1.669942298784228e-06	0	-1.669942298784228e-06
862	0.0105	-0.001345	-0.0105	-6.828196030151029e-07	0	-6.828196030151029e-07
863	0.0105	-0.001345	-0.0075	-6.094640838135352e-07	0	-6.094640838135352e-07
864	0.0105	-0.001345	-0.0045	-5.65789669619262e-07	0	-5.65789669619262e-07
865	0.0105	-0.001345	-0.0015	-5.500577749723136e-07	0	-5.500577749723136e-07
866	0.0105	-0.001345	0.0015	-5.500577749529581e-07	0	-5.500577749529581e-07
867	0.0105	-0.001345	0.0045	-5.657896696451669e-07	0	-5.657896696451669e-07
868	0.0105	-0.001345	0.0075	-6.094640838428595e-07	0	-6.094640838428595e-07
869	0.0105	-0.001345	0.0105	-6.828196030537199e-07	0	-6.828196030537199e-07
870	0.0105	-0.001345	0.0135	-1.669942298900151e-06	0	-1.669942298900151e-06
871	0.0135	-0.001345	-0.0135	-2.682483822689707e-06	0	-2.682483822689707e-06
872	0.0135	-0.001345	-0.0105	-1.669942298902918e-06	0	-1.669942298902918e-06
873	0.0135	-0.001345	-0.0075	-1.596920163915842e-06	0	-1.596920163915842e-06
874	0.0135	-0.001345	-0.0045	-1.553765821790499e-06	0	-1.553765821790499e-06
875	0.0135	-0.001345	-0.0015	-1.537937861959676e-06	0	-1.537937861959676e-06
876	0.0135	-0.001345	0.0015	-1.537937861882395e-06	0	-1.537937861882395e-06
877	0.0135	-0.001345	0.0045	-1.553765821740959e-06	0	-1.553765821740959e-06
878	0.0135	-0.001345	0.0075	-1.596920163795172e-06	0	-1.596920163795172e-06
879	0.0135	-0.001345	0.0105	-1.669942298845773e-06	0	-1.669942298845773e-06
880	0.0135	-0.001345	0.0135	-2.682483822786033e-06	0	-2.682483822786033e-06
881	-0.0135	0.001325	0.0135	1.007984296014063e-05	0	1.007984296014063e-05
882	-0.0135	0.001325	0.0105	9.471685931824134e-06	0	9.471685931824134e-06
883	-0.0135	0.001325	0.0075	9.509055418822599e-06	0	9.509055418822599e-06
884	-0.0135	0.001325	0.0045	9.506238953488137e-06	0	9.506238953488137e-06
885	-0.0135	0.001325	0.0015	9.505793222362819e-06	0	9.505793222362819e-06
886	-0.0135	0.001325	-0.0015	9.505793222423819e-06	0	9.505793222423819e-06
887	-0.0135	0.001325	-0.0045	9.506238953541229e-06	0	9.506238953541229e-06
888	-0.0135	0.001325	-0.0075	9.509055418895445e-06	0	9.509055418895445e-06
889	-0.0135	0.001325	-0.0105	9.471685931904363e-06	0	9.471685931904363e-06
890	-0.0135	0.001325	-0.0135	1.007984296007286e-05	0	1.007984296007286e-05
891	-0.0105	0.001325	0.0135	9.471685932059771e-06	0	9.471685932059771e-06
892	-0.0105	0.001325	0.0105	8.945355815567207e-06	0	8.945355815567207e-06
893	-0.0105	0.001325	0.0075	8.990812476251093e-06	0	8.990812476251093e-06
894	-0.0105	0.001325	0.0045	8.990120668626274e-06	0	8.990120668626274e-06
895	-0.0105	0.001325	0.0015	8.990636889538109e-06	0	8.990636889538109e-06
896	-0.0105	0.001325	-0.0015	8.990636889537486e-06	0	8.990636889537486e-06
897	-0.0105	0.001325	-0.0045	8.990120668607117e-06	0	8.990120668607117e-06
898	-0.0105	0.001325	-0.0075	8.990812476157442e-06	0	8.990812476157442e-06
899	-0.0105	0.001325	-0.0105	8.945355815320421e-06	0	8.945355815320421e-06
900	-0.0105	0.001325	-0.0135	9.471685931798162e-06	0	9.471685931798162e-06
901	-0.0075	0.001325	0.0135	9.509055418921122e-06	0	9.509055418921122e-06
902	-0.0075	0.001325	0.0105	8.990812476211799e-06	0	8.990812476211799e-06
903	-0.0075	0.001325	0.0075	9.034670618517447e-06	0	9.034670618517447e-06
904	-0.0075	0.001325	0.0045	9.033784217546802e-06	0	9.033784217546802e-06
905	-0.0075	0.001325	0.0015	9.034212163330656e-06	0	9.034212163330656e-06
906	-0.0075	0.001325	-0.0015	9.034212163321173e-06	0	9.034212163321173e-06
907	-0.0075	0.001325	-0.0045	9.033784217517716e-06	0	9.033784217517716e-06
908	-0.0075	0.001325	-0.0075	9.034670618489882e-06	0	9.034670618489882e-06
909	-0.0075	0.001325	-0.0105	8.990812476136796e-06	0	8.990812476136796e-06
910	-0.0075	0.001325	-0.0135	9.509055418820337e-06	0	9.509055418820337e-06
911	-0.0045	0.001325	0.0135	9.506238953554575e-06	0	9.506238953554575e-06
912	-0.0045	0.001325	0.0105	8.990120668653079e-06	0	8.990120668653079e-06
913	-0.0045	0.001325	0.0075	9.03378421759347e-06	0	9.03378421759347e-06
914	-0.0045	0.001325	0.0045	9.032955344202684e-06	0	9.032955344202684e-06
915	-0.0045	0.001325	0.0015	9.033395933076521e-06	0	9.033395933076521e-06
916	-0.0045	0.001325	-0.0015	9.033395933094558e-06	0	9.033395933094558e-06
917	-0.0045	0.001325	-0.0045	9.032955344188979e-06	0	9.032955344188979e-06
918	-0.0045	0.001325	-0.0075	9.033784217531767e-06	0	9.033784217531767e-06
919	-0.0045	0.001325	-0.0105	8.99012066864786e-06	0	8.99012066864786e-06
920	-0.0045	0.001325	-0.0135	9.506238953511849e-06	0	9.506238953511849e-06
921	-0.0015	0.001325	0.0135	9.505793222463656e-06	0	9.505793222463656e-06
922	-0.0015	0.001325	0.0105	8.990636889525468e-06	0	8.990636889525468e-06
923	-0.0015	0.001325	0.0075	9.034212163331493e-06	0	9.034212163331493e-06
924	-0.0015	0.001325	0.0045	9.033395933052631e-06	0	9.033395933052631e-06
925	-0.0015	0.001325	0.0015	9.033839587638495e-06	0	9.033839587638495e-06
926	-0.0015	0.001325	-0.0015	9.033839587649981e-06	0	9.033839587649981e-06
927	-0.0015	0.001325	-0.0045	9.033395933058779e-06	0	9.033395933058779e-06
928	-0.0015	0.001325	-0.0075	9.034212163309126e-06	0	9.034212163309126e-06
929	-0.0015	0.001325	-0.0105	8.990636889497553e-06	0	8.990636889497553e-06
930	-0.0015	0.001325	-0.0135	9.505793222353849e-06	0	9.505793222353849e-06
931	0.0015	0.001325	0.0135	9.505793222450814e-06	0	9.505793222450814e-06
932	0.0015	0.001325	0.0105	8.990636889551152e-06	0	8.990636889551152e-06
933	0.0015	0.001325	0.0075	9.034212163355527e-06	0	9.034212163355527e-06
934	0.0015	0.001325	0.0045	9.033395933109867e-06	0	9.033395933109867e-06
935	0.0015	0.001325	0.0015	9.033839587646275e-06	0	9.033839587646275e-06
936	0.0015	0.001325	-0.0015	9.033839587694376e-06	0	9.033839587694376e-06
937	0.0015	0.001325	-0.0045	9.033395933148775e-06	0	9.033395933148775e-06
938	0.0015	0.001325	-0.0075	9.034212163365637e-06	0	9.034212163365637e-06
939	0.0015	0.001325	-0.0105	8.990636889545458e-06	0	8.990636889545458e-06
940	0.0015	0.001325	-0.0135	9.505793222439826e-06	0	9.505793222439826e-06
941	0.0045	0.001325	0.0135	9.506238953607454e-06	0	9.506238953607454e-06
942	0.0045	0.001325	0.0105	8.990120668584906e-06	0	8.990120668584906e-06
943	0.0045	0.001325	0.0075	9.033784217566297e-06	0	9.033784217566297e-06
944	0.0045	0.001325	0.0045	9.032955344150794e-06	0	9.032955344150794e-06
945	0.0045	0.001325	0.0015	9.03339593309106e-06	0	9.03339593309106e-06
946	0.0045	0.001325	-0.0015	9.03339593310798e-06	0	9.03339593310798e-06
947	0.0045	0.001325	-0.0045	9.032955344206558e-06	0	9.032955344206558e-06
948	0.0045	0.001325	-0.0075	9.033784217619367e-06	0	9.033784217619367e-06
949	0.0045	0.001325	-0.0105	8.990120668533419e-06	0	8.990120668533419e-06
950	0.0045	0.001325	-0.0135	9.506238953502091e-06	0	9.506238953502091e-06
951	0.0075	0.001325	0.0135	9.509055418919972e-06	0	9.509055418919972e-06
952	0.0075	0.001325	0.0105	8.990812476195729e-06	0	8.990812476195729e-06
953	0.0075	0.001325	0.0075	9.034670618561835e-06	0	9.034670618561835e-06
954	0.0075	0.001325	0.0045	9.033784217571981e-06	0	9.033784217571981e-06
955	0.0075	0.001325	0.0015	9.034212163346174e-06	0	9.034212163346174e-06
956	0.0075	0.001325	-0.0015	9.034212163389207e-06	0	9.034212163389207e-06
957	0.0075	0.001325	-0.0045	9.033784217653137e-06	0	9.033784217653137e-06
958	0.0075	0.001325	-0.0075	9.034670618485297e-06	0	9.034670618485297e-06
959	0.0075	0.001325	-0.0105	8.990812476137557e-06	0	8.990812476137557e-06
960	0.0075	0.001325	-0.0135	9.509055418912958e-06	0	9.509055418912958e-06
961	0.0105	0.001325	0.0135	9.471685931857388e-06	0	9.471685931857388e-06
962	0.0105	0.001325	0.0105	8.94535581542517e-06	0	8.94535581542517e-06
963	0.0105	0.001325	0.0075	8.990812476191118e-06	0	8.990812476191118e-06
964	0.0105	0.001325	0.0045	8.990120668612161e-06	0	8.990120668612161e-06
965	0.0105	0.001325	0.0015	8.9906368895434e-06	0	8.9906368895434e-06
966	0.0105	0.001325	-0.0015	8.990636889488612e-06	0	8.990636889488612e-06
967	0.0105	0.001325	-0.0045	8.990120668564688e-06	0	8.990120668564688e-06
968	0.0105	0.001325	-0.0075	8.990812476168573e-06	0	8.990812476168573e-06
969	0.0105	0.001325	-0.0105	8.945355815260543e-06	0	8.945355815260543e-06
970	0.0105	0.001325	-0.0135	9.471685931858911e-06	0	9.471685931858911e-06
971	0.0135	0.001325	0.0135	1.007984296010145e-05	0	1.007984296010145e-05
972	0.0135	0.001325	0.0105	9.47168593201219e-06	0	9.47168593201219e-06
973	0.0135	0.001325	0.0075	9.509055418864366e-06	0	9.509055418864366e-06
974	0.0135	0.001325	0.0045	9.506238953516613e-06	0	9.506238953516613e-06
975	0.0135	0.001325	0.0015	9.505793222452005e-06	0	9.505793222452005e-06
976	0.0135	0.001325	-0.0015	9.50579322245038e-06	0	9.50579322245038e-06
977	0.0135	0.001325	-0.0045	9.506238953590108e-06	0	9.506238953590108e-06
978	0.0135	0.001325	-0.0075	9.509055418893776e-06	0	9.509055418893776e-06
979	0.0135	0.001325	-0.0105	9.47168593179364e-06	0	9.47168593179364e-06
980	0.0135	0.001325	-0.0135	1.007984296000459e-05	0	1.007984296000459e-05
981	-0.0135	-0.001325	-0.0135	-1.007984296013256e-05	0	-1.007984296013256e-05
982	-0.0135	-0.001325	-0.0105	-9.471685932006949e-06	0	-9.471685932006949e-06
983	-0.0135	-0.001325	-0.0075	-9.509055418915328e-06	0	-9.509055418915328e-06
984	-0.0135	-0.001325	-0.0045	-9.506238953516281e-06	0	-9.506238953516281e-06
985	-0.0135	-0.001325	-0.0015	-9.505793222444314e-06	0	-9.505793222444314e-06
986	-0.0135	-0.001325	0.0015	-9.50579322243616e-06	0	-9.50579322243616e-06
987	-0.0135	-0.001325	0.0045	-9.50623895357475e-06	0	-9.50623895357475e-06
988	-0.0135	-0.001325	0.0075	-9.509055418951048e-06	0	-9.509055418951048e-06
989	-0.0135	-0.001325	0.0105	-9.471685931857812e-06	0	-9.471685931857812e-06
990	-0.0135	-0.001325	0.0135	-1.007984296006827e-05	0	-1.007984296006827e-05
991	-0.0105	-0.001325	-0.0135	-9.471685931869299e-06	0	-9.471685931869299e-06
992	-0.0105	-0.001325	-0.0105	-8.945355815562994e-06	0	-8.945355815562994e-06
993	-0.0105	-0.001325	-0.0075	-8.990812476249958e-06	0	-8.990812476249958e-06
994	-0.0105	-0.001325	-0.0045	-8.990120668598115e-06	0	-8.990120668598115e-06
995	-0.0105	-0.001325	-0.0015	-8.99063688956446e-06	0	-8.99063688956446e-06
996	-0.0105	-0.001325	0.0015	-8.990636889544865e-06	0	-8.990636889544865e-06
997	-0.0105	-0.001325	0.0045	-8.990120668587703e-06	0	-8.990120668587703e-06
998	-0.0105	-0.001325	0.0075	-8.990812476227849e-06	0	-8.990812476227849e-06
999	-0.0105	-0.001325	0.0105	-8.945355815457069e-06	0	-8.945355815457069e-06
1000	-0.0105	-0.001325	0.0135	-9.471685931976979e-06	0	-9.471685931976979e-06
1001	-0.0075	-0.001325	-0.0135	-9.509055418900524e-06	0	-9.509055418900524e-06
1002	-0.0075	-0.001325	-0.0105	-8.990812476259811e-06	0	-8.990812476259811e-06
1003	-0.0075	-0.001325	-0.0075	-9.034670618560534e-06	0	-9.034670618560534e-06
1004	-0.0075	-0.001325	-0.0045	-9.033784217567273e-06	0	-9.033784217567273e-06
1005	-0.0075	-0.001325	-0.0015	-9.034212163376921e-06	0	-9.034212163376921e-06
1006	-0.0075	-0.001325	0.0015	-9.034212163387973e-06	0	-9.034212163387973e-06
1007	-0.0075	-0.001325	0.0045	-9.033784217561516e-06	0	-9.033784217561516e-06
1008	-0.0075	-0.001325	0.0075	-9.034670618630108e-06	0	-9.034670618630108e-06
1009	-0.0075	-0.001325	0.0105	-8.99081247620112e-06	0	-8.99081247620112e-06
1010	-0.0075	-0.001325	0.0135	-9.50905541890513e-06	0	-9.50905541890513e-06
1011	-0.0045	-0.001325	-0.0135	-9.5062389535465e-06	0	-9.5062389535465e-06
1012	-0.0045	-0.001325	-0.0105	-8.990120668624532e-06	0	-8.990120668624532e-06
1013	-0.0045	-0.001325	-0.0075	-9.033784217597541e-06	0	-9.033784217597541e-06
1014	-0.0045	-0.001325	-0.0045	-9.032955344174765e-06	0	-9.032955344174765e-06
1015	-0.0045	-0.001325	-0.0015	-9.033395933107153e-06	0	-9.033395933107153e-06
1016	-0.0045	-0.001325	0.0015	-9.033395933110121e-06	0	-9.033395933110121e-06
1017	-0.0045	-0.001325	0.0045	-9.032955344113205e-06	0	-9.032955344113205e-06
1018	-0.0045	-0.001325	0.0075	-9.033784217526676e-06	0	-9.033784217526676e-06
1019	-0.0045	-0.001325	0.0105	-8.99012066860593e-06	0	-8.99012066860593e-06
1020	-0.0045	-0.001325	0.0135	-9.506238953544867e-06	0	-9.506238953544867e-06
1021	-0.0015	-0.001325	-0.0135	-9.505793222415521e-06	0	-9.505793222415521e-06
1022	-0.0015	-0.001325	-0.0105	-8.990636889543661e-06	0	-8.990636889543661e-06
1023	-0.0015	-0.001325	-0.0075	-9.034212163364451e-06	0	-9.034212163364451e-06
1024	-0.0015	-0.001325	-0.0045	-9.033395933066321e-06	0	-9.033395933066321e-06
1025	-0.0015	-0.001325	-0.0015	-9.033839587626998e-06	0	-9.033839587626998e-06
1026	-0.0015	-0.001325	0.0015	-9.033839587626461e-06	0	-9.033839587626461e-06
1027	-0.0015	-0.001325	0.0045	-9.033395933044186e-06	0	-9.033395933044186e-06
1028	-0.0015	-0.001325	0.0075	-9.034212163358327e-06	0	-9.034212163358327e-06
1029	-0.0015	-0.001325	0.0105	-8.99063688955319e-06	0	-8.99063688955319e-06
1030	-0.0015	-0.001325	0.0135	-9.505793222435006e-06	0	-9.505793222435006e-06
1031	0.0015	-0.001325	-0.0135	-9.505793222454856e-06	0	-9.505793222454856e-06
1032	0.0015	-0.001325	-0.0105	-8.990636889585326e-06	0	-8.990636889585326e-06
1033	0.0015	-0.001325	-0.0075	-9.03421216338684e-06	0	-9.03421216338684e-06
1034	0.0015	-0.001325	-0.0045	-9.033395933135871e-06	0	-9.033395933135871e-06
1035	0.0015	-0.001325	-0.0015	-9.033839587652736e-06	0	-9.033839587652736e-06
1036	0.0015	-0.001325	0.0015	-9.033839587687251e-06	0	-9.033839587687251e-06
1037	0.0015	-0.001325	0.0045	-9.033395933116833e-06	0	-9.033395933116833e-06
1038	0.0015	-0.001325	0.0075	-9.034212163422107e-06	0	-9.034212163422107e-06
1039	0.0015	-0.001325	0.0105	-8.990636889546293e-06	0	-8.990636889546293e-06
1040	0.0015	-0.001325	0.0135	-9.505793222457288e-06	0	-9.505793222457288e-06
1041	0.0045	-0.001325	-0.0135	-9.50623895351553e-06	0	-9.50623895351553e-06
1042	0.0045	-0.001325	-0.0105	-8.990120668593029e-06	0	-8.990120668593029e-06
1043	0.0045	-0.001325	-0.0075	-9.033784217548452e-06	0	-9.033784217548452e-06
1044	0.0045	-0.001325	-0.0045	-9.03295534414556e-06	0	-9.03295534414556e-06
1045	0.0045	-0.001325	-0.0015	-9.033395933054044e-06	0	-9.033395933054044e-06
1046	0.0045	-0.001325	0.0015	-9.033395933086994e-06	0	-9.033395933086994e-06
1047	0.0045	-0.001325	0.0045	-9.032955344164494e-06	0	-9.032955344164494e-06
1048	0.0045	-0.001325	0.0075	-9.033784217626267e-06	0	-9.033784217626267e-06
1049	0.0045	-0.001325	0.0105	-8.990120668513197e-06	0	-8.990120668513197e-06
1050	0.0045	-0.001325	0.0135	-9.506238953527524e-06	0	-9.506238953527524e-06
1051	0.0075	-0.001325	-0.0135	-9.509055418959898e-06	0	-9.509055418959898e-06
1052	0.0075	-0.001325	-0.0105	-8.990812476223027e-06	0	-8.990812476223027e-06
1053	0.0075	-0.001325	-0.0075	-9.034670618633374e-06	0	-9.034670618633374e-06
1054	0.0075	-0.001325	-0.0045	-9.033784217575567e-06	0	-9.033784217575567e-06
1055	0.0075	-0.001325	-0.0015	-9.034212163374258e-06	0	-9.034212163374258e-06
1056	0.0075	-0.001325	0.0015	-9.034212163386117e-06	0	-9.034212163386117e-06
1057	0.0075	-0.001325	0.0045	-9.033784217634792e-06	0	-9.033784217634792e-06
1058	0.0075	-0.001325	0.0075	-9.034670618608676e-06	0	-9.034670618608676e-06
1059	0.0075	-0.001325	0.0105	-8.990812476222701e-06	0	-8.990812476222701e-06
1060	0.0075	-0.001325	0.0135	-9.509055418979755e-06	0	-9.509055418979755e-06
1061	0.0105	-0.001325	-0.0135	-9.471685931967978e-06	0	-9.471685931967978e-06
1062	0.0105	-0.001325	-0.0105	-8.945355815364345e-06	0	-8.945355815364345e-06
1063	0.0105	-0.001325	-0.0075	-8.990812476215714e-06	0	-8.990812476215714e-06
1064	0.0105	-0.001325	-0.0045	-8.990120668597033e-06	0	-8.990120668597033e-06
1065	0.0105	-0.001325	-0.0015	-8.990636889566138e-06	0	-8.990636889566138e-06
1066	0.0105	-0.001325	0.0015	-8.99063688958681e-06	0	-8.99063688958681e-06
1067	0.0105	-0.001325	0.0045	-8.990120668576661e-06	0	-8.990120668576661e-06
1068	0.0105	-0.001325	0.0075	-8.990812476183776e-06	0	-8.990812476183776e-06
1069	0.0105	-0.001325	0.0105	-8.945355815328586e-06	0	-8.945355815328586e-06
1070	0.0105	-0.001325	0.0135	-9.471685931815638e-06	0	-9.471685931815638e-06
1071	0.0135	-0.001325	-0.0135	-1.007984296008998e-05	0	-1.007984296008998e-05
1072	0.0135	-0.001325	-0.0105	-9.471685931813205e-06	0	-9.471685931813205e-06
1073	0.0135	-0.001325	-0.0075	-9.509055418852402e-06	0	-9.509055418852402e-06
1074	0.0135	-0.001325	-0.0045	-9.506238953490463e-06	0	-9.506238953490463e-06
1075	0.0135	-0.001325	-0.0015	-9.505793222411572e-06	0	-9.505793222411572e-06
1076	0.0135	-0.001325	0.0015	-9.505793222467749e-06	0	-9.505793222467749e-06
1077	0.0135	-0.001325	0.0045	-9.506238953500479e-06	0	-9.506238953500479e-06
1078	0.0135	-0.001325	0.0075	-9.509055418939679e-06	0	-9.509055418939679e-06
1079	0.0135	-0.001325	0.0105	-9.47168593190657e-06	0	-9.47168593190657e-06
1080	0.0135	-0.001325	0.0135	-1.007984295999334e-05	0	-1.007984295999334e-05
1081	-0.0135	0.000125	0.0135	7.915919211459939e-05	0	7.915919211459939e-05
1082	-0.0135	0.000125	0.0105	8.040400545118493e-05	0	8.040400545118493e-05
1083	-0.0135	0.000125	0.0075	8.033289170790583e-05	0	8.033289170790583e-05
1084	-0.0135	0.000125	0.0045	8.033736953536359e-05	0	8.033736953536359e-05
1085	-0.0135	0.000125	0.0015	8.033790635662956e-05	0	8.033790635662956e-05
1086	-0.0135	0.000125	-0.0015	8.033790635665409e-05	0	8.033790635665409e-05
1087	-0.0135	0.000125	-0.0045	8.033736953540218e-05	0	8.033736953540218e-05
1088	-0.0135	0.000125	-0.0075	8.033289170793872e-05	0	8.033289170793872e-05
1089	-0.0135	0.000125	-0.0105	8.040400545115024e-05	0	8.040400545115024e-05
1090	-0.0135	0.000125	-0.0135	7.915919211459919e-05	0	7.915919211459919e-05
1091	-0.0105	0.000125	0.0135	8.040400545115236e-05	0	8.040400545115236e-05
1092	-0.0105	0.000125	0.0105	8.148604258891143e-05	0	8.148604258891143e-05
1093	-0.0105	0.000125	0.0075	8.139961776208995e-05	0	8.139961776208995e-05
1094	-0.0105	0.000125	0.0045	8.140037528019315e-05	0	8.140037528019315e-05
1095	-0.0105	0.000125	0.0015	8.139929110414368e-05	0	8.139929110414368e-05
1096	-0.0105	0.000125	-0.0015	8.139929110414418e-05	0	8.139929110414418e-05
1097	-0.0105	0.000125	-0.0045	8.140037528019162e-05	0	8.140037528019162e-05
1098	-0.0105	0.000125	-0.0075	8.139961776208816e-05	0	8.139961776208816e-05
1099	-0.0105	0.000125	-0.0105	8.148604258890678e-05	0	8.148604258890678e-05
1100	-0.0105	0.000125	-0.0135	8.040400545118314e-05	0	8.040400545118314e-05
1101	-0.0075	0.000125	0.0135	8.033289170793774e-05	0	8.033289170793774e-05
1102	-0.0075	0.000125	0.0105	8.139961776208881e-05	0	8.139961776208881e-05
1103	-0.0075	0.000125	0.0075	8.131614208783583e-05	0	8.131614208783583e-05
1104	-0.0075	0.000125	0.0045	8.131726641656641e-05	0	8.131726641656641e-05
1105	-0.0075	0.000125	0.0015	8.131634694609168e-05	0	8.131634694609168e-05
1106	-0.0075	0.000125	-0.0015	8.13163469460918e-05	0	8.13163469460918e-05
1107	-0.0075	0.000125	-0.0045	8.131726641656662e-05	0	8.131726641656662e-05
1108	-0.0075	0.000125	-0.0075	8.131614208783436e-05	0	8.131614208783436e-05
1109	-0.0075	0.000125	-0.0105	8.13996177620888e-05	0	8.13996177620888e-05
1110	-0.0075	0.000125	-0.0135	8.033289170790492e-05	0	8.033289170790492e-05
1111	-0.0045	0.000125	0.0135	8.033736953540244e-05	0	8.033736953540244e-05
1112	-0.0045	0.000125	0.0105	8.140037528019304e-05	0	8.140037528019304e-05
1113	-0.0045	0.000125	0.0075	8.131726641656816e-05	0	8.131726641656816e-05
1114	-0.0045	0.000125	0.0045	8.131827279315392e-05	0	8.131827279315392e-05
1115	-0.0045	0.000125	0.0015	8.131732581815052e-05	0	8.131732581815052e-05
1116	-0.0045	0.000125	-0.0015	8.131732581815073e-05	0	8.131732581815073e-05
1117	-0.0045	0.000125	-0.0045	8.131827279315519e-05	0	8.131827279315519e-05
1118	-0.0045	0.000125	-0.0075	8.131726641656778e-05	0	8.131726641656778e-05
1119	-0.0045	0.000125	-0.0105	8.140037528019443e-05	0	8.140037528019443e-05
1120	-0.0045	0.000125	-0.0135	8.033736953536619e-05	0	8.033736953536619e-05
1121	-0.0015	0.000125	0.0135	8.033790635665433e-05	0	8.033790635665433e-05
1122	-0.0015	0.000125	0.0105	8.139929110414404e-05	0	8.139929110414404e-05
1123	-0.0015	0.000125	0.0075	8.131634694609168e-05	0	8.131634694609168e-05
1124	-0.0015	0.000125	0.0045	8.13173258181484e-05	0	8.13173258181484e-05
1125	-0.0015	0.000125	0.0015	8.13163713476011e-05	0	8.13163713476011e-05
1126	-0.0015	0.000125	-0.0015	8.131637134760088e-05	0	8.131637134760088e-05
1127	-0.0015	0.000125	-0.0045	8.131732581814852e-05	0	8.131732581814852e-05
1128	-0.0015	0.000125	-0.0075	8.131634694609104e-05	0	8.131634694609104e-05
1129	-0.0015	0.000125	-0.0105	8.139929110414297e-05	0	8.139929110414297e-05
1130	-0.0015	0.000125	-0.0135	8.033790635662965e-05	0	8.033790635662965e-05
1131	0.0015	0.000125	0.0135	8.033790635662922e-05	0	8.033790635662922e-05
1132	0.0015	0.000125	0.0105	8.139929110414445e-05	0	8.139929110414445e-05
1133	0.0015	0.000125	0.0075	8.131634694609299e-05	0	8.131634694609299e-05
1134	0.0015	0.000125	0.0045	8.131732581815134e-05	0	8.131732581815134e-05
1135	0.0015	0.000125	0.0015	8.131637134760291e-05	0	8.131637134760291e-05
1136	0.0015	0.000125	-0.0015	8.1316371347603e-05	0	8.1316371347603e-05
1137	0.0015	0.000125	-0.0045	8.131732581815217e-05	0	8.131732581815217e-05
1138	0.0015	0.000125	-0.0075	8.131634694609356e-05	0	8.131634694609356e-05
1139	0.0015	0.000125	-0.0105	8.139929110414537e-05	0	8.139929110414537e-05
1140	0.0015	0.000125	-0.0135	8.033790635665435e-05	0	8.033790635665435e-05
1141	0.0045	0.000125	0.0135	8.033736953536002e-05	0	8.033736953536002e-05
1142	0.0045	0.000125	0.0105	8.140037528019082e-05	0	8.140037528019082e-05
1143	0.0045	0.000125	0.0075	8.131726641656765e-05	0	8.131726641656765e-05
1144	0.0045	0.000125	0.0045	8.131827279315445e-05	0	8.131827279315445e-05
1145	0.0045	0.000125	0.0015	8.131732581815045e-05	0	8.131732581815045e-05
1146	0.0045	0.000125	-0.0015	8.131732581814953e-05	0	8.131732581814953e-05
1147	0.0045	0.000125	-0.0045	8.131827279315483e-05	0	8.131827279315483e-05
1148	0.0045	0.000125	-0.0075	8.131726641656769e-05	0	8.131726641656769e-05
1149	0.0045	0.000125	-0.0105	8.140037528019109e-05	0	8.140037528019109e-05
1150	0.0045	0.000125	-0.0135	8.033736953540195e-05	0	8.033736953540195e-05
1151	0.0075	0.000125	0.0135	8.03328917079074e-05	0	8.03328917079074e-05
1152	0.0075	0.000125	0.0105	8.139961776208919e-05	0	8.139961776208919e-05
1153	0.0075	0.000125	0.0075	8.131614208783591e-05	0	8.131614208783591e-05
1154	0.0075	0.000125	0.0045	8.131726641656868e-05	0	8.131726641656868e-05
1155	0.0075	0.000125	0.0015	8.131634694609291e-05	0	8.131634694609291e-05
1156	0.0075	0.000125	-0.0015	8.131634694609275e-05	0	8.131634694609275e-05
1157	0.0075	0.000125	-0.0045	8.131726641656898e-05	0	8.131726641656898e-05
1158	0.0075	0.000125	-0.0075	8.131614208783511e-05	0	8.131614208783511e-05
1159	0.0075	0.000125	-0.0105	8.139961776208899e-05	0	8.139961776208899e-05
1160	0.0075	0.000125	-0.0135	8.033289170794124e-05	0	8.033289170794124e-05
1161	0.0105	0.000125	0.0135	8.040400545118476e-05	0	8.040400545118476e-05
1162	0.0105	0.000125	0.0105	8.148604258890438e-05	0	8.148604258890438e-05
1163	0.0105	0.000125	0.0075	8.13996177620879e-05	0	8.13996177620879e-05
1164	0.0105	0.000125	0.0045	8.140037528019129e-05	0	8.140037528019129e-05
1165	0.0105	0.000125	0.0015	8.139929110414457e-05	0	8.139929110414457e-05
1166	0.0105	0.000125	-0.0015	8.139929110414299e-05	0	8.139929110414299e-05
1167	0.0105	0.000125	-0.0045	8.140037528019115e-05	0	8.140037528019115e-05
1168	0.0105	0.000125	-0.0075	8.139961776208828e-05	0	8.139961776208828e-05
1169	0.0105	0.000125	-0.0105	8.148604258890056e-05	0	8.148604258890056e-05
1170	0.0105	0.000125	-0.0135	8.040400545114859e-05	0	8.040400545114859e-05
1171	0.0135	0.000125	0.0135	7.915919211459682e-05	0	7.915919211459682e-05
1172	0.0135	0.000125	0.0105	8.040400545114959e-05	0	8.040400545114959e-05
1173	0.0135	0.000125	0.0075	8.033289170793838e-05	0	8.033289170793838e-05
1174	0.0135	0.000125	0.0045	8.033736953540109e-05	0	8.033736953540109e-05
1175	0.0135	0.000125	0.0015	8.033790635665463e-05	0	8.033790635665463e-05
1176	0.0135	0.000125	-0.0015	8.033790635662925e-05	0	8.033790635662925e-05
1177	0.0135	0.000125	-0.0045	8.033736953536144e-05	0	8.033736953536144e-05
1178	0.0135	0.000125	-0.0075	8.033289170790476e-05	0	8.033289170790476e-05
1179	0.0135	0.000125	-0.0105	8.04040054511817e-05	0	8.04040054511817e-05
1180	0.0135	0.000125	-0.0135	7.91591921145967e-05	0	7.91591921145967e-05
1181	-0.0135	-0.000125	-0.0135	-7.915919211459915e-05	0	-7.915919211459915e-05
1182	-0.0135	-0.000125	-0.0105	-8.040400545115045e-05	0	-8.040400545115045e-05
1183	-0.0135	-0.000125	-0.0075	-8.033289170793858e-05	0	-8.033289170793858e-05
1184	-0.0135	-0.000125	-0.0045	-8.033736953540202e-05	0	-8.033736953540202e-05
1185	-0.0135	-0.000125	-0.0015	-8.033790635665401e-05	0	-8.033790635665401e-05
1186	-0.0135	-0.000125	0.0015	-8.03379063566286e-05	0	-8.03379063566286e-05
1187	-0.0135	-0.000125	0.0045	-8.033736953536195e-05	0	-8.033736953536195e-05
1188	-0.0135	-0.000125	0.0075	-8.033289170790553e-05	0	-8.033289170790553e-05
1189	-0.0135	-0.000125	0.0105	-8.04040054511848e-05	0	-8.04040054511848e-05
1190	-0.0135	-0.000125	0.0135	-7.915919211459946e-05	0	-7.915919211459946e-05
1191	-0.0105	-0.000125	-0.0135	-8.040400545118308e-05	0	-8.040400545118308e-05
1192	-0.0105	-0.000125	-0.0105	-8.148604258890706e-05	0	-8.148604258890706e-05
1193	-0.0105	-0.000125	-0.0075	-8.139961776208791e-05	0	-8.139961776208791e-05
1194	-0.0105	-0.000125	-0.0045	-8.140037528019142e-05	0	-8.140037528019142e-05
1195	-0.0105	-0.000125	-0.0015	-8.139929110414422e-05	0	-8.139929110414422e-05
1196	-0.0105	-0.000125	0.0015	-8.139929110414357e-05	0	-8.139929110414357e-05
1197	-0.0105	-0.000125	0.0045	-8.140037528019295e-05	0	-8.140037528019295e-05
1198	-0.0105	-0.000125	0.0075	-8.139961776208987e-05	0	-8.139961776208987e-05
1199	-0.0105	-0.000125	0.0105	-8.148604258891122e-05	0	-8.148604258891122e-05
1200	-0.0105	-0.000125	0.0135	-8.040400545115232e-05	0	-8.040400545115232e-05
1201	-0.0075	-0.000125	-0.0135	-8.033289170790488e-05	0	-8.033289170790488e-05
1202	-0.0075	-0.000125	-0.0105	-8.139961776208904e-05	0	-8.139961776208904e-05
1203	-0.0075	-0.000125	-0.0075	-8.131614208783425e-05	0	-8.131614208783425e-05
1204	-0.0075	-0.000125	-0.0045	-8.131726641656652e-05	0	-8.131726641656652e-05
1205	-0.0075	-0.000125	-0.0015	-8.131634694609178e-05	0	-8.131634694609178e-05
1206	-0.0075	-0.000125	0.0015	-8.131634694609178e-05	0	-8.131634694609178e-05
1207	-0.0075	-0.000125	0.0045	-8.131726641656651e-05	0	-8.131726641656651e-05
1208	-0.0075	-0.000125	0.0075	-8.13161420878359e-05	0	-8.13161420878359e-05
1209	-0.0075	-0.000125	0.0105	-8.13996177620887e-05	0	-8.13996177620887e-05
1210	-0.0075	-0.000125	0.0135	-8.033289170793772e-05	0	-8.033289170793772e-05
1211	-0.0045	-0.000125	-0.0135	-8.033736953536619e-05	0	-8.033736953536619e-05
1212	-0.0045	-0.000125	-0.0105	-8.140037528019459e-05	0	-8.140037528019459e-05
1213	-0.0045	-0.000125	-0.0075	-8.131726641656778e-05	0	-8.131726641656778e-05
1214	-0.0045	-0.000125	-0.0045	-8.131827279315499e-05	0	-8.131827279315499e-05
1215	-0.0045	-0.000125	-0.0015	-8.131732581815069e-05	0	-8.131732581815069e-05
1216	-0.0045	-0.000125	0.0015	-8.13173258181505e-05	0	-8.13173258181505e-05
1217	-0.0045	-0.000125	0.0045	-8.131827279315395e-05	0	-8.131827279315395e-05
1218	-0.0045	-0.000125	0.0075	-8.131726641656818e-05	0	-8.131726641656818e-05
1219	-0.0045	-0.000125	0.0105	-8.140037528019292e-05	0	-8.140037528019292e-05
1220	-0.0045	-0.000125	0.0135	-8.033736953540252e-05	0	-8.033736953540252e-05
1221	-0.0015	-0.000125	-0.0135	-8.033790635662967e-05	0	-8.033790635662967e-05
1222	-0.0015	-0.000125	-0.0105	-8.139929110414303e-05	0	-8.139929110414303e-05
1223	-0.0015	-0.000125	-0.0075	-8.131634694609103e-05	0	-8.131634694609103e-05
1224	-0.0015	-0.000125	-0.0045	-8.131732581814843e-05	0	-8.131732581814843e-05
1225	-0.0015	-0.000125	-0.0015	-8.131637134760102e-05	0	-8.131637134760102e-05
1226	-0.0015	-0.000125	0.0015	-8.131637134760104e-05	0	-8.131637134760104e-05
1227	-0.0015	-0.000125	0.0045	-8.13173258181484e-05	0	-8.13173258181484e-05
1228	-0.0015	-0.000125	0.0075	-8.131634694609164e-05	0	-8.131634694609164e-05
1229	-0.0015	-0.000125	0.0105	-8.139929110414407e-05	0	-8.139929110414407e-05
1230	-0.0015	-0.000125	0.0135	-8.033790635665436e-05	0	-8.033790635665436e-05
1231	0.0015	-0.000125	-0.0135	-8.033790635665446e-05	0	-8.033790635665446e-05
1232	0.0015	-0.000125	-0.0105	-8.139929110414543e-05	0	-8.139929110414543e-05
1233	0.0015	-0.000125	-0.0075	-8.13163469460936e-05	0	-8.13163469460936e-05
1234	0.0015	-0.000125	-0.0045	-8.131732581815212e-05	0	-8.131732581815212e-05
1235	0.0015	-0.000125	-0.0015	-8.131637134760297e-05	0	-8.131637134760297e-05
1236	0.0015	-0.000125	0.0015	-8.131637134760304e-05	0	-8.131637134760304e-05
1237	0.0015	-0.000125	0.0045	-8.131732581815145e-05	0	-8.131732581815145e-05
1238	0.0015	-0.000125	0.0075	-8.131634694609316e-05	0	-8.131634694609316e-05
1239	0.0015	-0.000125	0.0105	-8.139929110414452e-05	0	-8.139929110414452e-05
1240	0.0015	-0.000125	0.0135	-8.033790635662917e-05	0	-8.033790635662917e-05
1241	0.0045	-0.000125	-0.0135	-8.033736953540189e-05	0	-8.033736953540189e-05
1242	0.0045	-0.000125	-0.0105	-8.140037528019108e-05	0	-8.140037528019108e-05
1243	0.0045	-0.000125	-0.0075	-8.131726641656759e-05	0	-8.131726641656759e-05
1244	0.0045	-0.000125	-0.0045	-8.131827279315484e-05	0	-8.131827279315484e-05
1245	0.0045	-0.000125	-0.0015	-8.131732581814957e-05	0	-8.131732581814957e-05
1246	0.0045	-0.000125	0.0015	-8.131732581815035e-05	0	-8.131732581815035e-05
1247	0.0045	-0.000125	0.0045	-8.131827279315437e-05	0	-8.131827279315437e-05
1248	0.0045	-0.000125	0.0075	-8.131726641656772e-05	0	-8.131726641656772e-05
1249	0.0045	-0.000125	0.0105	-8.140037528019068e-05	0	-8.140037528019068e-05
1250	0.0045	-0.000125	0.0135	-8.033736953535993e-05	0	-8.033736953535993e-05
1251	0.0075	-0.000125	-0.0135	-8.033289170794117e-05	0	-8.033289170794117e-05
1252	0.0075	-0.000125	-0.0105	-8.13996177620889e-05	0	-8.13996177620889e-05
1253	0.0075	-0.000125	-0.0075	-8.131614208783533e-05	0	-8.131614208783533e-05
1254	0.0075	-0.000125	-0.0045	-8.131726641656899e-05	0	-8.131726641656899e-05
1255	0.0075	-0.000125	-0.0015	-8.131634694609279e-05	0	-8.131634694609279e-05
1256	0.0075	-0.000125	0.0015	-8.131634694609291e-05	0	-8.131634694609291e-05
1257	0.0075	-0.000125	0.0045	-8.131726641656879e-05	0	-8.131726641656879e-05
1258	0.0075	-0.000125	0.0075	-8.131614208783577e-05	0	-8.131614208783577e-05
1259	0.0075	-0.000125	0.0105	-8.139961776208919e-05	0	-8.139961776208919e-05
1260	0.0075	-0.000125	0.0135	-8.033289170790748e-05	0	-8.033289170790748e-05
1261	0.0105	-0.000125	-0.0135	-8.040400545114867e-05	0	-8.040400545114867e-05
1262	0.0105	-0.000125	-0.0105	-8.148604258890067e-05	0	-8.148604258890067e-05
1263	0.0105	-0.000125	-0.0075	-8.139961776208829e-05	0	-8.139961776208829e-05
1264	0.0105	-0.000125	-0.0045	-8.14003752801909e-05	0	-8.14003752801909e-05
1265	0.0105	-0.000125	-0.0015	-8.139929110414288e-05	0	-8.139929110414288e-05
1266	0.0105	-0.000125	0.0015	-8.139929110414461e-05	0	-8.139929110414461e-05
1267	0.0105	-0.000125	0.0045	-8.140037528019136e-05	0	-8.140037528019136e-05
1268	0.0105	-0.000125	0.0075	-8.139961776208808e-05	0	-8.139961776208808e-05
1269	0.0105	-0.000125	0.0105	-8.14860425889042e-05	0	-8.14860425889042e-05
1270	0.0105	-0.000125	0.0135	-8.040400545118488e-05	0	-8.040400545118488e-05
1271	0.0135	-0.000125	-0.0135	-7.915919211459668e-05	0	-7.915919211459668e-05
1272	0.0135	-0.000125	-0.0105	-8.040400545118186e-05	0	-8.040400545118186e-05
1273	0.0135	-0.000125	-0.0075	-8.033289170790512e-05	0	-8.033289170790512e-05
1274	0.0135	-0.000125	-0.0045	-8.033736953536296e-05	0	-8.033736953536296e-05
1275	0.0135	-0.000125	-0.0015	-8.033790635663013e-05	0	-8.033790635663013e-05
1276	0.0135	-0.000125	0.0015	-8.033790635665481e-05	0	-8.033790635665481e-05
1277	0.0135	-0.000125	0.0045	-8.03373695354011e-05	0	-8.03373695354011e-05
1278	0.0135	-0.000125	0.0075	-8.03328917079385e-05	0	-8.03328917079385e-05
1279	0.0135	-0.000125	0.0105	-8.040400545114934e-05	0	-8.040400545114934e-05
1280	0.0135	-0.000125	0.0135	-7.915919211459686e-05	0	-7.915919211459686e-05
#NbSystemChargeZero	VSystemChargeZero
1281	6.0254e-12
