#Row	GivenPot	Error
1	0	3.58646e-08
2	0	7.24635e-08
3	0	1.1134e-08
4	0	6.94126e-08
5	0	1.40026e-08
6	0	1.14042e-08
7	0	8.92896e-08
8	0	3.26299e-08
9	0	1.64446e-08
10	0	9.96351e-09
11	0	6.57506e-08
12	0	8.80536e-08
13	0	4.38376e-10
14	0	1.11153e-07
15	0	5.86169e-08
16	0	2.96768e-08
17	0	3.34276e-08
18	0	8.40128e-08
19	0	1.32004e-08
20	0	1.12098e-07
21	2500	2.00998e-10
22	2500	1.94632e-10
23	2500	1.31877e-11
24	2500	2.30557e-10
25	2500	1.09139e-11
26	2500	1.95541e-11
27	2500	1.40972e-11
28	2500	4.3201e-11
29	2500	4.36557e-11
30	2500	2.10093e-10
31	-2500	7.9126e-11
32	-2500	2.18279e-11
33	-2500	4.54747e-11
34	-2500	1.38243e-10
35	-2500	1.23237e-10
36	-2500	6.59384e-11
37	-2500	1.46883e-10
38	-2500	1.27784e-10
39	-2500	1.19144e-10
40	-2500	1.47793e-10
41	0	1.55478e-09
42	0	4.72755e-09
43	0	1.01227e-08
44	0	1.92358e-08
45	0	1.51513e-08
46	0	2.65936e-09
47	0	8.45284e-09
48	0	3.66081e-08
49	0	2.18088e-08
50	0	3.74566e-08
51	0	1.71885e-08
52	0	1.48198e-08
53	0	1.72995e-08
54	0	8.74934e-10
55	0	1.24674e-08
56	0	3.08946e-08
57	0	1.47174e-08
58	0	3.07655e-08
59	0	2.7454e-08
60	0	1.38289e-08
61	0	1.20567e-08
62	0	1.42713e-08
63	0	1.06438e-08
64	0	1.6089e-08
65	0	1.9555e-08
66	0	1.96997e-08
67	0	1.91076e-08
68	0	2.08956e-08
69	0	2.3847e-09
70	0	5.3391e-08
71	0	2.87023e-08
72	0	1.00381e-07
73	0	5.18048e-09
74	0	1.64191e-08
75	0	1.55187e-08
76	0	1.20035e-07
77	0	3.78413e-08
78	0	3.68664e-08
79	0	1.41485e-07
80	0	1.34751e-07
81	0	5.86606e-08
82	0	4.37144e-08
83	0	4.75839e-08
84	0	1.12906e-07
85	0	6.83804e-08
86	0	9.31632e-08
87	0	5.16284e-08
88	0	1.09929e-07
89	0	2.60879e-08
90	0	3.13457e-08
91	0	4.06299e-08
92	0	1.92367e-08
93	0	3.3484e-08
94	0	3.07928e-08
95	0	1.92949e-08
96	0	4.63751e-08
97	0	1.33905e-08
98	0	2.72403e-08
99	0	3.95312e-08
100	0	1.66174e-08
101	0	2.87123e-08
102	0	1.35924e-08
103	0	1.36488e-08
104	0	4.95183e-08
105	0	2.02726e-09
106	0	1.62099e-08
107	0	3.66344e-09
108	0	9.01437e-08
109	0	1.42791e-09
110	0	2.22881e-08
111	0	1.16506e-09
112	0	5.09776e-08
113	0	2.80234e-08
114	0	1.63509e-08
115	0	2.23181e-08
116	0	4.0227e-09
117	0	4.97184e-08
118	0	6.35737e-10
119	0	1.34769e-08
120	0	2.60115e-10
121	0	1.71131e-08
122	0	2.27592e-08
123	0	5.93354e-08
124	0	5.539e-08
125	0	3.32366e-08
126	0	9.10763e-08
127	0	7.70842e-08
128	0	1.00786e-07
129	0	2.24588e-07
130	0	4.08981e-08
131	0	8.46339e-08
132	0	4.25789e-08
133	0	3.88318e-08
134	0	8.08814e-08
135	0	4.18931e-08
136	0	1.10712e-07
137	0	9.42541e-08
138	0	3.56852e-08
139	0	5.65001e-08
140	0	4.3522e-08
141	2500	2.50111e-11
142	2500	1.68257e-11
143	2500	7.00311e-11
144	2500	1.15051e-10
145	2500	8.6402e-11
146	2500	1.5325e-10
147	2500	3.18323e-12
148	2500	3.7744e-10
149	2500	4.04725e-11
150	2500	2.71029e-10
151	-2500	7.7307e-12
152	-2500	4.1382e-11
153	-2500	1.1778e-10
154	-2500	4.27463e-11
155	-2500	2.04636e-11
156	-2500	2.03272e-10
157	-2500	1.437e-10
158	-2500	2.07365e-10
159	-2500	1.22782e-10
160	-2500	6.59384e-11
161	0	2.28174e-08
162	0	1.39698e-09
163	0	3.24508e-08
164	0	4.05416e-08
165	0	1.94714e-08
166	0	1.69621e-08
167	0	4.30648e-08
168	0	4.35498e-08
169	0	3.02575e-08
170	0	2.91404e-08
171	0	4.19095e-09
172	0	9.98261e-09
173	0	1.75278e-08
174	0	1.41881e-10
175	0	4.57867e-08
176	0	1.39653e-09
177	0	2.58617e-08
178	0	6.92999e-08
179	0	2.49579e-08
180	0	9.94135e-09
181	0	2.15368e-08
182	0	1.33878e-08
183	0	1.66619e-09
184	0	3.04735e-08
185	0	7.61884e-09
186	0	2.41466e-08
187	0	2.78958e-08
188	0	7.08669e-08
189	0	2.08536e-09
190	0	1.4067e-08
191	0	9.12696e-08
192	0	2.52912e-08
193	0	1.77824e-08
194	0	6.92762e-08
195	0	4.66216e-08
196	0	2.34622e-08
197	0	6.96559e-09
198	0	1.66522e-07
199	0	1.14354e-08
200	0	1.41707e-07
201	0	7.41566e-08
202	0	2.93949e-09
203	0	7.54517e-08
204	0	1.92675e-07
205	0	9.84364e-08
206	0	1.70121e-09
207	0	9.30136e-08
208	0	4.27012e-08
209	0	1.04937e-08
210	0	7.97334e-08
211	0	1.07102e-08
212	0	1.35042e-08
213	0	5.86297e-08
214	0	3.54612e-08
215	0	1.05501e-08
216	0	1.82658e-08
217	0	4.78426e-08
218	0	5.30918e-08
219	0	1.66797e-08
220	0	3.54752e-08
221	0	7.21775e-09
222	0	5.2969e-09
223	0	5.07061e-08
224	0	1.45719e-08
225	0	1.0521e-08
226	0	5.43696e-09
227	0	3.11688e-08
228	0	4.75291e-08
229	0	2.31503e-08
230	0	3.90156e-08
231	0	2.79397e-09
232	0	3.49246e-09
233	0	5.18703e-08
234	0	4.60259e-08
235	0	7.87895e-09
236	0	2.33322e-08
237	0	3.89275e-08
238	0	5.7951e-08
239	0	5.67127e-09
240	0	3.52645e-08
241	0	5.69177e-08
242	0	1.11885e-07
243	0	2.91946e-08
244	0	1.06668e-08
245	0	2.88196e-10
246	0	4.35222e-08
247	0	3.80763e-08
248	0	1.14639e-08
249	0	2.20984e-08
250	0	1.25216e-08
251	0	6.44434e-09
252	0	1.24874e-09
253	0	6.73572e-09
254	0	2.88458e-08
255	0	5.31128e-08
256	0	4.01376e-08
257	0	4.06557e-08
258	0	1.598e-07
259	0	1.5959e-08
260	0	3.35276e-08
261	0	1.20303e-09
262	0	3.09731e-08
263	0	7.54351e-08
264	0	7.52482e-09
265	0	1.60228e-07
266	0	1.03756e-07
267	0	4.71192e-08
268	0	1.32338e-07
269	0	5.68118e-08
270	0	8.21648e-08
271	0	8.02024e-08
272	0	9.21091e-08
273	0	3.58207e-08
274	0	1.51977e-08
275	0	1.23649e-07
276	0	1.02761e-07
277	0	5.64725e-08
278	0	7.81074e-09
279	0	2.09766e-08
280	0	6.026e-08
281	0	2.6937e-08
282	0	8.31983e-08
283	0	1.33449e-07
284	0	4.82923e-08
285	0	6.79158e-08
286	0	1.0087e-08
287	0	6.19649e-08
288	0	9.88432e-08
289	0	1.18051e-08
290	0	4.39999e-08
291	0	1.56242e-08
292	0	2.55095e-08
293	0	9.73969e-08
294	0	5.29599e-09
295	0	1.30269e-07
296	0	2.56296e-08
297	0	9.81663e-08
298	0	1.08325e-07
299	0	1.29216e-07
300	0	5.2486e-08
301	0	1.03499e-07
302	0	5.16429e-08
303	0	3.24526e-08
304	0	1.25556e-08
305	0	1.90767e-09
306	0	1.79512e-08
307	0	9.09206e-08
308	0	5.67301e-08
309	0	3.14159e-08
310	0	6.01278e-08
311	0	5.05024e-08
312	0	1.3526e-08
313	0	1.42922e-07
314	0	2.63044e-08
315	0	8.75298e-08
316	0	7.47041e-08
317	0	4.73194e-08
318	0	4.41198e-08
319	0	4.58676e-08
320	0	4.31801e-08
321	0	8.184e-08
322	0	3.46627e-08
323	0	7.7911e-08
324	0	3.91428e-08
325	0	2.40198e-09
326	0	6.66068e-09
327	0	1.19787e-08
328	0	7.54439e-08
329	0	2.70245e-09
330	0	4.42984e-08
331	0	2.72412e-08
332	0	1.12865e-07
333	0	9.00327e-08
334	0	3.28237e-08
335	0	1.22727e-08
336	0	5.35433e-08
337	0	8.22135e-08
338	0	2.72385e-08
339	0	3.56928e-08
340	0	1.2787e-07
341	0	6.79192e-08
342	0	2.77578e-09
343	0	7.01184e-08
344	0	1.98424e-08
345	0	5.59403e-08
346	0	2.12953e-07
347	0	1.40408e-08
348	0	8.19819e-08
349	0	5.98038e-09
350	0	4.56153e-08
351	0	7.96535e-08
352	0	8.31742e-08
353	0	1.65337e-08
354	0	1.54455e-07
355	0	2.28065e-08
356	0	1.1085e-07
357	0	5.04961e-08
358	0	1.17197e-08
359	0	7.19115e-08
360	0	5.3923e-08
361	2500	8.54925e-11
362	2500	2.12367e-10
363	2500	1.14596e-10
364	2500	3.3242e-10
365	2500	6.36646e-12
366	2500	1.58707e-10
367	2500	2.0691e-10
368	2500	7.95808e-11
369	2500	1.21418e-10
370	2500	1.89175e-10
371	-2500	1.60981e-10
372	-2500	7.68523e-11
373	-2500	7.50333e-11
374	-2500	1.51886e-10
375	-2500	2.58296e-10
376	-2500	3.31966e-11
377	-2500	1.54614e-10
378	-2500	4.8658e-11
379	-2500	4.8658e-11
380	-2500	4.8658e-11
381	0	2.65918e-08
382	0	4.66025e-09
383	0	1.78716e-08
384	0	2.59906e-08
385	0	9.5406e-09
386	0	2.90474e-08
387	0	1.95541e-08
388	0	1.1325e-08
389	0	1.22554e-08
390	0	4.62182e-08
391	0	4.19141e-08
392	0	2.13695e-08
393	0	3.266e-09
394	0	3.0308e-08
395	0	6.19284e-08
396	0	6.11199e-08
397	0	3.50519e-09
398	0	1.72859e-08
399	0	1.30422e-08
400	0	7.54053e-08
401	0	8.03311e-08
402	0	2.82853e-08
403	0	2.26328e-08
404	0	3.13448e-08
405	0	3.93075e-08
406	0	6.72053e-08
407	0	4.6095e-08
408	0	2.95222e-08
409	0	2.07624e-08
410	0	1.61435e-09
411	0	1.14851e-08
412	0	3.62306e-08
413	0	4.71846e-09
414	0	2.56441e-08
415	0	6.15883e-08
416	0	6.78901e-08
417	0	1.86692e-08
418	0	5.76802e-08
419	0	2.39656e-08
420	0	7.50219e-08
421	0	1.38371e-08
422	0	2.4268e-08
423	0	1.0974e-07
424	0	1.13741e-08
425	0	2.92257e-08
426	0	7.67241e-08
427	0	3.7845e-08
428	0	2.55568e-08
429	0	1.91544e-08
430	0	1.21463e-09
431	0	2.43554e-08
432	0	3.23325e-09
433	0	5.61522e-09
434	0	4.68972e-08
435	0	2.33831e-08
436	0	1.72195e-08
437	0	2.14141e-08
438	0	1.39636e-07
439	0	1.38293e-08
440	0	5.66474e-08
441	0	7.4624e-09
442	0	3.21479e-08
443	0	3.78077e-08
444	0	1.09931e-08
445	0	6.58674e-08
446	0	6.91007e-08
447	0	8.43102e-09
448	0	1.78707e-08
449	0	1.17984e-08
450	0	1.84295e-08
451	0	2.47201e-09
452	0	8.75752e-09
453	0	1.64437e-08
454	0	7.34872e-09
455	0	3.88636e-08
456	0	2.26883e-08
457	0	5.13301e-08
458	0	1.01199e-08
459	0	1.45592e-08
460	0	3.53089e-08
461	0	3.38474e-08
462	0	3.59393e-08
463	0	5.26537e-08
464	0	1.21386e-08
465	0	8.61241e-08
466	0	6.72007e-08
467	0	1.72204e-08
468	0	2.77287e-08
469	0	3.52156e-09
470	0	2.68919e-08
471	0	4.25783e-08
472	0	4.68417e-08
473	0	1.04775e-07
474	0	1.01356e-07
475	0	1.14938e-07
476	0	1.31648e-07
477	0	4.21551e-08
478	0	4.37649e-08
479	0	9.1386e-09
480	0	2.70084e-08
481	2500	1.75532e-10
482	2500	3.50155e-11
483	2500	2.5284e-10
484	2500	2.11003e-10
485	2500	1.10504e-10
486	2500	2.22371e-10
487	2500	1.23691e-10
488	2500	1.79625e-10
489	2500	3.50155e-11
490	2500	1.18234e-10
491	-2500	1.41426e-10
492	-2500	2.0782e-10
493	-2500	5.22959e-11
494	-2500	8.77662e-11
495	-2500	1.11413e-10
496	-2500	5.09317e-11
497	-2500	4.72937e-11
498	-2500	1.27329e-11
499	-2500	1.40517e-10
500	-2500	3.86535e-11
501	0	1.62314e-08
502	0	4.90788e-08
503	0	1.65089e-08
504	0	3.84375e-08
505	0	4.42924e-10
506	0	7.26523e-08
507	0	3.84171e-08
508	0	6.19038e-08
509	0	6.51926e-09
510	0	1.02445e-08
511	0	1.68137e-08
512	0	3.07052e-08
513	0	7.371e-09
514	0	1.97563e-08
515	0	4.0302e-08
516	0	1.4611e-08
517	0	3.52775e-08
518	0	2.40107e-09
519	0	3.94357e-08
520	0	3.53903e-08
521	0	1.36057e-08
522	0	8.00022e-08
523	0	1.09828e-08
524	0	3.78834e-08
525	0	2.86445e-09
526	0	2.07019e-08
527	0	4.84579e-08
528	0	2.73139e-08
529	0	1.83936e-08
530	0	2.89874e-08
531	0	1.05963e-07
532	0	8.09588e-08
533	0	9.51113e-08
534	0	4.21589e-08
535	0	5.75756e-08
536	0	5.19522e-08
537	0	5.32746e-08
538	0	3.91374e-08
539	0	9.19972e-08
540	0	7.04313e-08
541	0	9.44397e-09
542	0	1.46485e-07
543	0	9.82866e-08
544	0	3.7573e-08
545	0	8.65834e-08
546	0	9.10823e-08
547	0	4.47053e-08
548	0	9.20263e-08
549	0	8.0996e-08
550	0	3.62052e-08
551	0	2.84205e-08
552	0	1.34746e-08
553	0	1.56899e-08
554	0	8.30228e-08
555	0	4.20141e-09
556	0	2.17569e-08
557	0	8.86812e-08
558	0	9.35906e-08
559	0	2.93658e-08
560	0	2.86382e-08
561	0	1.18544e-08
562	0	5.15843e-08
563	0	2.87516e-08
564	0	7.70722e-08
565	0	1.68911e-08
566	0	6.19639e-09
567	0	4.12947e-08
568	0	2.32612e-08
569	0	2.2992e-08
570	0	1.62981e-09
571	0	2.45691e-08
572	0	2.10802e-08
573	0	4.64138e-09
574	0	8.3988e-08
575	0	1.06729e-08
576	0	9.83528e-09
577	0	2.29702e-08
578	0	5.50717e-08
579	0	3.89991e-08
580	0	2.18861e-08
581	0	3.59734e-08
582	0	1.1496e-07
583	0	4.92673e-08
584	0	1.20186e-07
585	0	3.12946e-09
586	0	3.77616e-08
587	0	9.76729e-08
588	0	4.10583e-08
589	0	7.06304e-08
590	0	1.53076e-08
591	0	1.25053e-07
592	0	1.45702e-08
593	0	1.65199e-07
594	0	8.21689e-08
595	0	2.71257e-09
596	0	2.25727e-08
597	0	2.11681e-08
598	0	1.18929e-08
599	0	8.30439e-08
600	0	4.15035e-08
601	0	5.49104e-08
602	0	2.97057e-08
603	0	1.04306e-07
604	0	2.88459e-08
605	0	3.18425e-09
606	0	1.17831e-08
607	0	5.90555e-08
608	0	9.53986e-08
609	0	2.65663e-09
610	0	8.08743e-08
611	0	3.33343e-08
612	0	5.43853e-08
613	0	6.56833e-08
614	0	1.06063e-07
615	0	1.97452e-07
616	0	8.77174e-09
617	0	2.75265e-08
618	0	4.84811e-08
619	0	8.61789e-08
620	0	3.76681e-08
621	0	3.29327e-08
622	0	3.99284e-08
623	0	3.44551e-08
624	0	7.44541e-08
625	0	5.44389e-08
626	0	1.79301e-07
627	0	1.17371e-07
628	0	1.47066e-07
629	0	1.86701e-08
630	0	6.29516e-08
631	0	1.29472e-07
632	0	4.73267e-08
633	0	1.00592e-07
634	0	4.23029e-09
635	0	3.05442e-08
636	0	6.84977e-08
637	0	1.38328e-07
638	0	4.90763e-09
639	0	3.31183e-08
640	0	9.57762e-08
641	0	6.2827e-08
642	0	1.4233e-08
643	0	1.15408e-07
644	0	3.64025e-09
645	0	5.03203e-08
646	0	1.28956e-07
647	0	1.87773e-07
648	0	8.96416e-08
649	0	3.87845e-08
650	0	8.81828e-08
651	0	2.08734e-08
652	0	3.22711e-09
653	0	1.60104e-07
654	0	1.05802e-07
655	0	1.03628e-08
656	0	6.80575e-09
657	0	4.27781e-08
658	0	1.64473e-08
659	0	3.32002e-08
660	0	8.73115e-11
661	0	6.00949e-09
662	0	4.02079e-08
663	0	1.60999e-07
664	0	1.30831e-07
665	0	9.37912e-08
666	0	3.83543e-08
667	0	1.36497e-07
668	0	7.29779e-08
669	0	6.43195e-08
670	0	3.46918e-08
671	0	2.7656e-08
672	0	7.73001e-08
673	0	5.86124e-09
674	0	1.59094e-07
675	0	5.12327e-08
676	0	3.36495e-08
677	0	9.96024e-08
678	0	1.62974e-07
679	0	1.27475e-08
680	0	1.18976e-07
681	2500	1.85992e-10
682	2500	2.06001e-10
683	2500	1.95996e-10
684	2500	1.02773e-10
685	2500	8.6402e-12
686	2500	3.2378e-10
687	2500	2.94676e-10
688	2500	5.18867e-10
689	2500	8.86757e-11
690	2500	1.71894e-10
691	2500	6.36646e-11
692	2500	2.62389e-10
693	2500	4.5975e-10
694	2500	3.63798e-11
695	2500	1.77351e-10
696	2500	2.54659e-10
697	2500	9.23137e-11
698	2500	3.66072e-10
699	2500	5.91172e-12
700	2500	1.42791e-10
701	2500	1.90994e-11
702	2500	2.55113e-10
703	2500	3.86081e-10
704	2500	2.10548e-10
705	2500	2.8831e-10
706	2500	6.04814e-11
707	2500	4.01087e-10
708	2500	1.18689e-10
709	2500	1.47338e-10
710	2500	5.91172e-12
711	2500	1.72349e-10
712	2500	1.92813e-10
713	2500	2.88765e-10
714	2500	4.72937e-11
715	2500	4.46562e-10
716	2500	2.29647e-10
717	2500	4.57931e-10
718	2500	2.00544e-10
719	2500	1.70076e-10
720	2500	2.7967e-10
721	2500	1.06866e-10
722	2500	2.06001e-10
723	2500	2.76941e-10
724	2500	5.59339e-11
725	2500	2.14641e-10
726	2500	2.67391e-10
727	2500	1.63709e-11
728	2500	2.90584e-10
729	2500	5.50244e-11
730	2500	1.60526e-10
731	2500	9.14042e-11
732	2500	3.28782e-10
733	2500	3.06954e-10
734	2500	9.32232e-11
735	2500	1.64619e-10
736	2500	8.54925e-11
737	2500	4.04725e-11
738	2500	1.30512e-10
739	2500	5.59339e-11
740	2500	6.04814e-11
741	2500	2.13277e-10
742	2500	1.77351e-11
743	2500	1.03228e-10
744	2500	5.77529e-11
745	2500	3.67436e-10
746	2500	2.94222e-10
747	2500	4.09273e-11
748	2500	8.6402e-12
749	2500	4.2337e-10
750	2500	1.5234e-10
751	2500	3.72438e-10
752	2500	2.75122e-10
753	2500	3.71529e-10
754	2500	1.41881e-10
755	2500	1.24146e-10
756	2500	6.04814e-11
757	2500	3.56522e-10
758	2500	1.44155e-10
759	2500	2.20552e-10
760	2500	1.22782e-11
761	2500	8.32188e-11
762	2500	4.95675e-11
763	2500	2.74213e-10
764	2500	3.81988e-10
765	2500	2.12822e-10
766	2500	1.09139e-11
767	2500	1.24601e-10
768	2500	8.36735e-11
769	2500	3.38787e-10
770	2500	3.03771e-10
771	2500	1.94177e-10
772	2500	1.13687e-10
773	2500	1.61435e-10
774	2500	3.00588e-10
775	2500	9.77707e-11
776	2500	4.95675e-11
777	2500	1.46429e-10
778	2500	4.67935e-10
779	2500	3.16504e-10
780	2500	1.24146e-10
781	-2500	3.31056e-10
782	-2500	1.45064e-10
783	-2500	1.17325e-10
784	-2500	4.82032e-11
785	-2500	1.1687e-10
786	-2500	2.45564e-11
787	-2500	1.90994e-11
788	-2500	3.66526e-10
789	-2500	9.45874e-11
790	-2500	1.09139e-11
791	-2500	1.33241e-10
792	-2500	2.59206e-10
793	-2500	2.3465e-10
794	-2500	6.50289e-11
795	-2500	8.77662e-11
796	-2500	4.45652e-11
797	-2500	1.40972e-10
798	-2500	3.22871e-11
799	-2500	9.82254e-11
800	-2500	1.64164e-10
801	-2500	1.12323e-10
802	-2500	7.18501e-11
803	-2500	1.29148e-10
804	-2500	1.16415e-10
805	-2500	3.85171e-10
806	-2500	9.004e-11
807	-2500	1.2642e-10
808	-2500	5.47061e-10
809	-2500	3.12411e-10
810	-2500	4.09273e-12
811	-2500	9.59517e-11
812	-2500	1.45519e-10
813	-2500	1.68711e-10
814	-2500	2.81943e-10
815	-2500	5.19776e-10
816	-2500	3.05135e-10
817	-2500	1.60526e-10
818	-2500	1.41426e-10
819	-2500	5.47971e-10
820	-2500	1.45064e-10
821	-2500	6.36646e-12
822	-2500	1.52795e-10
823	-2500	1.09594e-10
824	-2500	8.50378e-11
825	-2500	1.1687e-10
826	-2500	4.6839e-11
827	-2500	2.91948e-10
828	-2500	2.45109e-10
829	-2500	2.4238e-10
830	-2500	6.82121e-12
831	-2500	2.81943e-11
832	-2500	2.44199e-10
833	-2500	8.13998e-11
834	-2500	6.18456e-11
835	-2500	1.57797e-10
836	-2500	2.17824e-10
837	-2500	1.59616e-10
838	-2500	2.01453e-10
839	-2500	3.26054e-10
840	-2500	1.87356e-10
841	-2500	9.73159e-11
842	-2500	2.53749e-10
843	-2500	3.91537e-10
844	-2500	9.59517e-11
845	-2500	1.3506e-10
846	-2500	1.90539e-10
847	-2500	3.48336e-10
848	-2500	2.11912e-10
849	-2500	2.5284e-10
850	-2500	1.83263e-10
851	-2500	1.54614e-10
852	-2500	1.6189e-10
853	-2500	2.85127e-10
854	-2500	1.1687e-10
855	-2500	2.29647e-10
856	-2500	1.05956e-10
857	-2500	4.43379e-10
858	-2500	5.28871e-10
859	-2500	2.38742e-10
860	-2500	2.84672e-10
861	-2500	5.91172e-12
862	-2500	1.01409e-10
863	-2500	5.59339e-10
864	-2500	6.09361e-11
865	-2500	2.251e-10
866	-2500	1.13232e-10
867	-2500	1.07775e-10
868	-2500	1.31877e-10
869	-2500	6.68479e-11
870	-2500	3.53339e-10
871	-2500	4.502e-11
872	-2500	4.41105e-11
873	-2500	2.30557e-10
874	-2500	2.24645e-10
875	-2500	7.32143e-11
876	-2500	1.10958e-10
877	-2500	3.28782e-10
878	-2500	2.30557e-10
879	-2500	3.06954e-10
880	-2500	3.53339e-10
881	2500	1.62345e-10
882	2500	2.30102e-10
883	2500	1.69166e-10
884	2500	8.00355e-11
885	2500	5.54792e-11
886	2500	2.56023e-10
887	2500	2.874e-10
888	2500	4.43833e-10
889	2500	4.502e-11
890	2500	1.49157e-10
891	2500	3.04681e-11
892	2500	2.25555e-10
893	2500	4.52019e-10
894	2500	1.33241e-10
895	2500	2.03727e-10
896	2500	2.36014e-10
897	2500	9.32232e-11
898	2500	3.88354e-10
899	2500	4.45652e-11
900	2500	1.35969e-10
901	2500	3.36513e-11
902	2500	2.6921e-10
903	2500	3.36513e-10
904	2500	1.95541e-10
905	2500	2.90584e-10
906	2500	7.50333e-11
907	2500	4.19732e-10
908	2500	1.18689e-10
909	2500	1.31877e-10
910	2500	5.00222e-12
911	2500	1.96906e-10
912	2500	1.28239e-10
913	2500	2.46473e-10
914	2500	7.32143e-11
915	2500	4.08363e-10
916	2500	2.41471e-10
917	2500	5.02951e-10
918	2500	1.21872e-10
919	2500	2.04636e-10
920	2500	3.28328e-10
921	2500	1.10504e-10
922	2500	2.17369e-10
923	2500	3.26509e-10
924	2500	5.54792e-11
925	2500	2.39197e-10
926	2500	2.0691e-10
927	2500	6.36646e-12
928	2500	1.92813e-10
929	2500	4.77485e-11
930	2500	1.42336e-10
931	2500	1.00499e-10
932	2500	3.12866e-10
933	2500	2.81489e-10
934	2500	7.68523e-11
935	2500	1.10504e-10
936	2500	6.27551e-11
937	2500	1.34605e-10
938	2500	1.56433e-10
939	2500	5.41149e-11
940	2500	2.95586e-11
941	2500	2.86491e-10
942	2500	2.13731e-11
943	2500	2.91038e-11
944	2500	7.95808e-11
945	2500	3.88809e-10
946	2500	2.7012e-10
947	2500	1.90994e-11
948	2500	8.6402e-12
949	2500	4.03816e-10
950	2500	1.73259e-10
951	2500	4.07908e-10
952	2500	2.62389e-10
953	2500	3.688e-10
954	2500	8.04903e-11
955	2500	1.0732e-10
956	2500	4.27463e-11
957	2500	3.13776e-10
958	2500	1.77806e-10
959	2500	1.77806e-10
960	2500	1.81899e-11
961	2500	7.04858e-11
962	2500	4.27463e-11
963	2500	2.42835e-10
964	2500	4.42014e-10
965	2500	1.85082e-10
966	2500	1.31877e-11
967	2500	7.54881e-11
968	2500	5.09317e-11
969	2500	3.58796e-10
970	2500	2.79215e-10
971	2500	2.04182e-10
972	2500	1.14142e-10
973	2500	1.64164e-10
974	2500	2.93312e-10
975	2500	7.68523e-11
976	2500	7.63976e-11
977	2500	1.40062e-10
978	2500	4.75211e-10
979	2500	3.28782e-10
980	2500	4.77485e-11
981	-2500	3.10138e-10
982	-2500	1.41426e-10
983	-2500	1.33241e-10
984	-2500	3.22871e-11
985	-2500	6.54836e-11
986	-2500	3.7744e-11
987	-2500	1.77351e-11
988	-2500	4.22006e-10
989	-2500	1.24146e-10
990	-2500	2.41016e-11
991	-2500	1.23237e-10
992	-2500	2.66482e-10
993	-2500	2.72394e-10
994	-2500	8.32188e-11
995	-2500	1.18689e-10
996	-2500	9.1859e-11
997	-2500	8.73115e-11
998	-2500	4.45652e-11
999	-2500	1.10504e-10
1000	-2500	1.47793e-10
1001	-2500	6.77574e-11
1002	-2500	1.08685e-10
1003	-2500	1.55069e-10
1004	-2500	1.35515e-10
1005	-2500	3.56977e-10
1006	-2500	1.11413e-10
1007	-2500	1.49157e-10
1008	-2500	5.56156e-10
1009	-2500	2.94222e-10
1010	-2500	5.91172e-12
1011	-2500	7.13953e-11
1012	-2500	1.60981e-10
1013	-2500	1.67802e-10
1014	-2500	2.63299e-10
1015	-2500	5.38421e-10
1016	-2500	3.37877e-10
1017	-2500	1.80989e-10
1018	-2500	1.66438e-10
1019	-2500	5.99812e-10
1020	-2500	1.51431e-10
1021	-2500	3.09228e-11
1022	-2500	1.32331e-10
1023	-2500	9.91349e-11
1024	-2500	1.45974e-10
1025	-2500	1.45974e-10
1026	-2500	3.7744e-11
1027	-2500	3.16049e-10
1028	-2500	2.26464e-10
1029	-2500	2.86036e-10
1030	-2500	1.81899e-11
1031	-2500	3.63798e-12
1032	-2500	2.53294e-10
1033	-2500	4.59295e-11
1034	-2500	1.09594e-10
1035	-2500	2.01453e-10
1036	-2500	1.71894e-10
1037	-2500	1.68257e-10
1038	-2500	1.66438e-10
1039	-2500	3.08773e-10
1040	-2500	1.64164e-10
1041	-2500	1.07775e-10
1042	-2500	3.01497e-10
1043	-2500	3.82897e-10
1044	-2500	1.15506e-10
1045	-2500	2.22371e-10
1046	-2500	1.49157e-10
1047	-2500	3.47427e-10
1048	-2500	2.0691e-10
1049	-2500	3.09683e-10
1050	-2500	7.86713e-11
1051	-2500	1.25965e-10
1052	-2500	1.8963e-10
1053	-2500	2.6148e-10
1054	-2500	1.28239e-10
1055	-2500	1.98725e-10
1056	-2500	5.13865e-11
1057	-2500	4.28827e-10
1058	-2500	5.22959e-10
1059	-2500	2.3465e-10
1060	-2500	2.6057e-10
1061	-2500	1.95541e-11
1062	-2500	1.35969e-10
1063	-2500	5.16138e-10
1064	-2500	9.04947e-11
1065	-2500	1.73259e-10
1066	-2500	1.55069e-10
1067	-2500	1.21872e-10
1068	-2500	1.81899e-10
1069	-2500	8.23093e-11
1070	-2500	3.55612e-10
1071	-2500	7.50333e-11
1072	-2500	2.50111e-11
1073	-2500	2.27828e-10
1074	-2500	2.37833e-10
1075	-2500	8.04903e-11
1076	-2500	1.01409e-10
1077	-2500	3.43334e-10
1078	-2500	2.54659e-10
1079	-2500	2.88765e-10
1080	-2500	3.52429e-10
1081	0	5.08452e-08
1082	0	4.28468e-08
1083	0	5.4839e-08
1084	0	1.29906e-08
1085	0	3.10028e-09
1086	0	1.20484e-07
1087	0	1.10666e-07
1088	0	2.05518e-07
1089	0	3.70179e-08
1090	0	4.33896e-08
1091	0	4.67529e-08
1092	0	6.28043e-08
1093	0	1.22753e-07
1094	0	5.37786e-09
1095	0	4.52894e-08
1096	0	4.78887e-08
1097	0	1.88729e-08
1098	0	6.54479e-08
1099	0	6.45586e-08
1100	0	2.43645e-08
1101	0	2.75812e-08
1102	0	2.05091e-08
1103	0	2.30538e-08
1104	0	1.99878e-08
1105	0	4.77539e-08
1106	0	8.93866e-08
1107	0	1.51163e-07
1108	0	6.85284e-08
1109	0	3.03658e-10
1110	0	3.05333e-08
1111	0	4.29407e-09
1112	0	2.19212e-07
1113	0	2.22861e-08
1114	0	4.78988e-08
1115	0	5.3876e-08
1116	0	7.01465e-08
1117	0	7.16304e-08
1118	0	1.01668e-07
1119	0	3.12888e-08
1120	0	7.57517e-08
1121	0	3.72896e-08
1122	0	3.51669e-08
1123	0	1.62133e-08
1124	0	7.69131e-08
1125	0	4.89479e-08
1126	0	2.05847e-08
1127	0	2.7768e-08
1128	0	6.45508e-08
1129	0	1.63416e-08
1130	0	4.20608e-08
1131	0	2.26519e-08
1132	0	1.73517e-07
1133	0	2.80605e-08
1134	0	9.24565e-08
1135	0	1.55464e-08
1136	0	4.1201e-09
1137	0	5.41803e-08
1138	0	8.1191e-08
1139	0	5.03899e-08
1140	0	9.8233e-09
1141	0	1.3575e-07
1142	0	9.02173e-08
1143	0	5.49255e-08
1144	0	1.1312e-07
1145	0	6.80766e-08
1146	0	1.37917e-07
1147	0	5.08993e-08
1148	0	1.23519e-07
1149	0	5.18186e-08
1150	0	2.62295e-08
1151	0	3.70137e-08
1152	0	8.64475e-09
1153	0	3.33398e-08
1154	0	9.96022e-08
1155	0	9.62802e-09
1156	0	6.82801e-08
1157	0	5.02984e-08
1158	0	6.27938e-08
1159	0	1.17975e-07
1160	0	4.75097e-08
1161	0	7.50297e-08
1162	0	1.74878e-08
1163	0	2.63544e-08
1164	0	8.43334e-08
1165	0	1.04157e-07
1166	0	6.3618e-08
1167	0	6.43013e-09
1168	0	1.41334e-07
1169	0	4.8712e-08
1170	0	8.40573e-08
1171	0	5.96046e-08
1172	0	4.1764e-08
1173	0	1.3199e-07
1174	0	6.54381e-09
1175	0	4.78963e-09
1176	0	4.59808e-08
1177	0	9.30947e-09
1178	0	7.92928e-08
1179	0	7.8795e-08
1180	0	1.53809e-08
1181	0	5.7742e-08
1182	0	4.28408e-08
1183	0	2.04891e-07
1184	0	1.11759e-07
1185	0	1.23866e-07
1186	0	1.86265e-09
1187	0	1.39698e-08
1188	0	5.7742e-08
1189	0	3.81842e-08
1190	0	5.7742e-08
1191	0	3.72529e-09
1192	0	7.45058e-08
1193	0	3.53903e-08
1194	0	2.04891e-08
1195	0	4.65661e-08
1196	0	5.02914e-08
1197	0	9.31323e-09
1198	0	1.28523e-07
1199	0	4.65661e-08
1200	0	5.12227e-08
1201	0	2.14204e-08
1202	0	1.39698e-08
1203	0	6.61239e-08
1204	0	1.45286e-07
1205	0	8.84756e-08
1206	0	6.23986e-08
1207	0	3.25963e-08
1208	0	5.30854e-08
1209	0	3.72529e-08
1210	0	1.30385e-08
1211	0	6.61239e-08
1212	0	1.30385e-08
1213	0	9.49949e-08
1214	0	2.79397e-08
1215	0	8.3819e-08
1216	0	2.8871e-08
1217	0	4.28408e-08
1218	0	2.79397e-08
1219	0	2.34693e-07
1220	0	8.3819e-09
1221	0	3.81842e-08
1222	0	2.14204e-08
1223	0	4.65661e-08
1224	0	3.72529e-08
1225	0	3.53903e-08
1226	0	5.58794e-08
1227	0	8.84756e-08
1228	0	2.79397e-09
1229	0	4.19095e-08
1230	0	1.95578e-08
1231	0	1.86265e-09
1232	0	6.51926e-08
1233	0	6.51926e-08
1234	0	4.47035e-08
1235	0	1.39698e-08
1236	0	2.23517e-08
1237	0	7.91624e-08
1238	0	1.58325e-08
1239	0	1.77883e-07
1240	0	3.35276e-08
1241	0	1.30385e-08
1242	0	1.86265e-08
1243	0	1.30385e-07
1244	0	3.91155e-08
1245	0	1.37836e-07
1246	0	5.21541e-08
1247	0	1.21072e-07
1248	0	5.7742e-08
1249	0	7.72998e-08
1250	0	1.08033e-07
1251	0	5.02914e-08
1252	0	1.14553e-07
1253	0	6.61239e-08
1254	0	5.12227e-08
1255	0	6.89179e-08
1256	0	1.95578e-08
1257	0	1.08965e-07
1258	0	5.96046e-08
1259	0	1.02445e-08
1260	0	1.58325e-08
1261	0	9.12696e-08
1262	0	5.12227e-08
1263	0	1.52737e-07
1264	0	7.45058e-09
1265	0	7.82311e-08
1266	0	1.05239e-07
1267	0	7.54371e-08
1268	0	2.8871e-08
1269	0	4.65661e-09
1270	0	9.22009e-08
1271	0	2.51457e-08
1272	0	8.6613e-08
1273	0	5.86733e-08
1274	0	2.04891e-08
1275	0	4.09782e-08
1276	0	3.72529e-09
1277	0	1.95578e-08
1278	0	1.09896e-07
1279	0	5.4948e-08
1280	0	7.26432e-08
1281	0	5.27328e-23
#Error maximum on element 1219 and its magnitude is 2.34693e-07.
