#prim: 20, nvertex: 4
Node1: -0.15	0.001345	0.15
Node2: -0.15	0.001695	0.15
Node3: 0.15	0.001695	0.15
Node4: 0.15	0.001345	0.15
PrimOrigin: 0	0.00152	0.15
Primitive lengths: 0.00035	0.3
Norm: 0	0	1
#volref1: 2, volref2: -1
#NbSegX: 3, NbSegZ: 10
#ParentObj: 1	EType: 4
#SurfX	SurfY	SurfZ	SurfLZ	SurfLZ
0	0.00152	0.15	0.00035	0.3
#DirnCosn: 
0, 1, 0
0, 0, 1
1, 0, 0
#SurfLambda: 0.512195	SurfV: 0
Using the input, the aspect ratio of the elements on prim: 20
NbSegX: 3, SurfElLX: 0.000116667, NbSegZ: 10, SurfElLZ: 0.03, AR: 0.00388889
After analyzing the aspect ratio of the elements
NbSegX: 1, SurfElLX: 0.00035, NbSegZ: 10, SurfElLZ: 0.03, AR: 0.0116667
Element begin: 281, Element end: 290
Number of elements on primitive: 10
