#EleNb	X	Y	Z	Solution	Assigned	Total
1	-0.15	0.00152	-0.135	7.810489164154764e-06	0	7.810489164154764e-06
2	-0.15	0.00152	-0.105	7.682442988309289e-06	0	7.682442988309289e-06
3	-0.15	0.00152	-0.075	7.663036031485232e-06	0	7.663036031485232e-06
4	-0.15	0.00152	-0.045	7.656023176486174e-06	0	7.656023176486174e-06
5	-0.15	0.00152	-0.015	7.653416426437291e-06	0	7.653416426437291e-06
6	-0.15	0.00152	0.015	7.653416426471804e-06	0	7.653416426471804e-06
7	-0.15	0.00152	0.045	7.656023176370112e-06	0	7.656023176370112e-06
8	-0.15	0.00152	0.075	7.663036031212716e-06	0	7.663036031212716e-06
9	-0.15	0.00152	0.105	7.682442988091989e-06	0	7.682442988091989e-06
10	-0.15	0.00152	0.135	7.810489163668272e-06	0	7.810489163668272e-06
11	-0.15	-0.00152	-0.135	-7.810489163664828e-06	0	-7.810489163664828e-06
12	-0.15	-0.00152	-0.105	-7.682442988092616e-06	0	-7.682442988092616e-06
13	-0.15	-0.00152	-0.075	-7.663036031214888e-06	0	-7.663036031214888e-06
14	-0.15	-0.00152	-0.045	-7.656023176403052e-06	0	-7.656023176403052e-06
15	-0.15	-0.00152	-0.015	-7.653416426482494e-06	0	-7.653416426482494e-06
16	-0.15	-0.00152	0.015	-7.653416426435519e-06	0	-7.653416426435519e-06
17	-0.15	-0.00152	0.045	-7.656023176453379e-06	0	-7.656023176453379e-06
18	-0.15	-0.00152	0.075	-7.663036031480802e-06	0	-7.663036031480802e-06
19	-0.15	-0.00152	0.105	-7.682442988519333e-06	0	-7.682442988519333e-06
20	-0.15	-0.00152	0.135	-7.810489164152465e-06	0	-7.810489164152465e-06
21	-0.15	0.001335	-0.135	0.0003913874350003571	0	0.0003913874350003571
22	-0.15	0.001335	-0.105	0.0003903566425688646	0	0.0003903566425688646
23	-0.15	0.001335	-0.075	0.0003898630552291917	0	0.0003898630552291917
24	-0.15	0.001335	-0.045	0.0003896472854102993	0	0.0003896472854102993
25	-0.15	0.001335	-0.015	0.0003895607988862994	0	0.0003895607988862994
26	-0.15	0.001335	0.015	0.0003895607996535705	0	0.0003895607996535705
27	-0.15	0.001335	0.045	0.0003896472879847662	0	0.0003896472879847662
28	-0.15	0.001335	0.075	0.000389863055469249	0	0.000389863055469249
29	-0.15	0.001335	0.105	0.0003903566446792073	0	0.0003903566446792073
30	-0.15	0.001335	0.135	0.0003913874339709191	0	0.0003913874339709191
31	-0.15	-0.001335	-0.135	-0.0003913874350128815	0	-0.0003913874350128815
32	-0.15	-0.001335	-0.105	-0.0003903566425601427	0	-0.0003903566425601427
33	-0.15	-0.001335	-0.075	-0.0003898630552356642	0	-0.0003898630552356642
34	-0.15	-0.001335	-0.045	-0.0003896472854122938	0	-0.0003896472854122938
35	-0.15	-0.001335	-0.015	-0.0003895607988861683	0	-0.0003895607988861683
36	-0.15	-0.001335	0.015	-0.0003895607996536371	0	-0.0003895607996536371
37	-0.15	-0.001335	0.045	-0.0003896472879822601	0	-0.0003896472879822601
38	-0.15	-0.001335	0.075	-0.0003898630554610548	0	-0.0003898630554610548
39	-0.15	-0.001335	0.105	-0.0003903566446778677	0	-0.0003903566446778677
40	-0.15	-0.001335	0.135	-0.000391387433960211	0	-0.000391387433960211
41	-0.15	0.000725	-0.135	1.256987873728093e-05	0	1.256987873728093e-05
42	-0.15	0.000725	-0.105	1.250070539175247e-05	0	1.250070539175247e-05
43	-0.15	0.000725	-0.075	1.248999741990212e-05	0	1.248999741990212e-05
44	-0.15	0.000725	-0.045	1.248611361484045e-05	0	1.248611361484045e-05
45	-0.15	0.000725	-0.015	1.248466750913017e-05	0	1.248466750913017e-05
46	-0.15	0.000725	0.015	1.248466750911348e-05	0	1.248466750911348e-05
47	-0.15	0.000725	0.045	1.248611361475229e-05	0	1.248611361475229e-05
48	-0.15	0.000725	0.075	1.24899974197681e-05	0	1.24899974197681e-05
49	-0.15	0.000725	0.105	1.250070539185422e-05	0	1.250070539185422e-05
50	-0.15	0.000725	0.135	1.256987873707085e-05	0	1.256987873707085e-05
51	-0.15	-0.000725	-0.135	-1.256987873707092e-05	0	-1.256987873707092e-05
52	-0.15	-0.000725	-0.105	-1.250070539206722e-05	0	-1.250070539206722e-05
53	-0.15	-0.000725	-0.075	-1.248999741978831e-05	0	-1.248999741978831e-05
54	-0.15	-0.000725	-0.045	-1.248611361478293e-05	0	-1.248611361478293e-05
55	-0.15	-0.000725	-0.015	-1.248466750912047e-05	0	-1.248466750912047e-05
56	-0.15	-0.000725	0.015	-1.248466750911462e-05	0	-1.248466750911462e-05
57	-0.15	-0.000725	0.045	-1.248611361481827e-05	0	-1.248611361481827e-05
58	-0.15	-0.000725	0.075	-1.24899974198892e-05	0	-1.24899974198892e-05
59	-0.15	-0.000725	0.105	-1.250070539173789e-05	0	-1.250070539173789e-05
60	-0.15	-0.000725	0.135	-1.256987873728105e-05	0	-1.256987873728105e-05
61	0.15	0.00152	0.135	7.81048916367833e-06	0	7.81048916367833e-06
62	0.15	0.00152	0.105	7.682442988109652e-06	0	7.682442988109652e-06
63	0.15	0.00152	0.075	7.663036031225149e-06	0	7.663036031225149e-06
64	0.15	0.00152	0.045	7.656023176406142e-06	0	7.656023176406142e-06
65	0.15	0.00152	0.015	7.653416426481994e-06	0	7.653416426481994e-06
66	0.15	0.00152	-0.015	7.653416426426603e-06	0	7.653416426426603e-06
67	0.15	0.00152	-0.045	7.656023176455644e-06	0	7.656023176455644e-06
68	0.15	0.00152	-0.075	7.663036031490433e-06	0	7.663036031490433e-06
69	0.15	0.00152	-0.105	7.682442988526478e-06	0	7.682442988526478e-06
70	0.15	0.00152	-0.135	7.810489164166561e-06	0	7.810489164166561e-06
71	0.15	-0.00152	0.135	-7.810489164160371e-06	0	-7.810489164160371e-06
72	0.15	-0.00152	0.105	-7.682442988317724e-06	0	-7.682442988317724e-06
73	0.15	-0.00152	0.075	-7.663036031493643e-06	0	-7.663036031493643e-06
74	0.15	-0.00152	0.045	-7.656023176491551e-06	0	-7.656023176491551e-06
75	0.15	-0.00152	0.015	-7.653416426443268e-06	0	-7.653416426443268e-06
76	0.15	-0.00152	-0.015	-7.653416426476319e-06	0	-7.653416426476319e-06
77	0.15	-0.00152	-0.045	-7.656023176371242e-06	0	-7.656023176371242e-06
78	0.15	-0.00152	-0.075	-7.663036031220026e-06	0	-7.663036031220026e-06
79	0.15	-0.00152	-0.105	-7.682442988091622e-06	0	-7.682442988091622e-06
80	0.15	-0.00152	-0.135	-7.810489163677283e-06	0	-7.810489163677283e-06
81	0.15	0.001335	0.135	0.0003913874350122037	0	0.0003913874350122037
82	0.15	0.001335	0.105	0.0003903566425598414	0	0.0003903566425598414
83	0.15	0.001335	0.075	0.0003898630552346499	0	0.0003898630552346499
84	0.15	0.001335	0.045	0.0003896472854130717	0	0.0003896472854130717
85	0.15	0.001335	0.015	0.0003895607988853703	0	0.0003895607988853703
86	0.15	0.001335	-0.015	0.0003895607996534193	0	0.0003895607996534193
87	0.15	0.001335	-0.045	0.0003896472879812177	0	0.0003896472879812177
88	0.15	0.001335	-0.075	0.0003898630554614794	0	0.0003898630554614794
89	0.15	0.001335	-0.105	0.0003903566446775418	0	0.0003903566446775418
90	0.15	0.001335	-0.135	0.0003913874339598512	0	0.0003913874339598512
91	0.15	-0.001335	0.135	-0.0003913874350009507	0	-0.0003913874350009507
92	0.15	-0.001335	0.105	-0.0003903566425684373	0	-0.0003903566425684373
93	0.15	-0.001335	0.075	-0.0003898630552294344	0	-0.0003898630552294344
94	0.15	-0.001335	0.045	-0.0003896472854108071	0	-0.0003896472854108071
95	0.15	-0.001335	0.015	-0.0003895607988852333	0	-0.0003895607988852333
96	0.15	-0.001335	-0.015	-0.0003895607996527847	0	-0.0003895607996527847
97	0.15	-0.001335	-0.045	-0.0003896472879840137	0	-0.0003896472879840137
98	0.15	-0.001335	-0.075	-0.0003898630554669297	0	-0.0003898630554669297
99	0.15	-0.001335	-0.105	-0.0003903566446784226	0	-0.0003903566446784226
100	0.15	-0.001335	-0.135	-0.0003913874339716062	0	-0.0003913874339716062
101	0.15	0.000725	0.135	1.256987873705728e-05	0	1.256987873705728e-05
102	0.15	0.000725	0.105	1.250070539206296e-05	0	1.250070539206296e-05
103	0.15	0.000725	0.075	1.248999741978551e-05	0	1.248999741978551e-05
104	0.15	0.000725	0.045	1.248611361477956e-05	0	1.248611361477956e-05
105	0.15	0.000725	0.015	1.248466750912121e-05	0	1.248466750912121e-05
106	0.15	0.000725	-0.015	1.248466750911679e-05	0	1.248466750911679e-05
107	0.15	0.000725	-0.045	1.248611361481357e-05	0	1.248611361481357e-05
108	0.15	0.000725	-0.075	1.248999741988328e-05	0	1.248999741988328e-05
109	0.15	0.000725	-0.105	1.250070539173217e-05	0	1.250070539173217e-05
110	0.15	0.000725	-0.135	1.25698787372718e-05	0	1.25698787372718e-05
111	0.15	-0.000725	0.135	-1.256987873727462e-05	0	-1.256987873727462e-05
112	0.15	-0.000725	0.105	-1.250070539174048e-05	0	-1.250070539174048e-05
113	0.15	-0.000725	0.075	-1.248999741989985e-05	0	-1.248999741989985e-05
114	0.15	-0.000725	0.045	-1.248611361483739e-05	0	-1.248611361483739e-05
115	0.15	-0.000725	0.015	-1.248466750912665e-05	0	-1.248466750912665e-05
116	0.15	-0.000725	-0.015	-1.248466750910881e-05	0	-1.248466750910881e-05
117	0.15	-0.000725	-0.045	-1.248611361475395e-05	0	-1.248611361475395e-05
118	0.15	-0.000725	-0.075	-1.24899974197771e-05	0	-1.24899974197771e-05
119	0.15	-0.000725	-0.105	-1.250070539185787e-05	0	-1.250070539185787e-05
120	0.15	-0.000725	-0.135	-1.256987873705921e-05	0	-1.256987873705921e-05
121	-0.135	0.001695	0.135	6.650520816867517e-07	0	6.650520816867517e-07
122	-0.135	0.001695	0.105	4.651647444861646e-07	0	4.651647444861646e-07
123	-0.135	0.001695	0.075	4.359372133492833e-07	0	4.359372133492833e-07
124	-0.135	0.001695	0.045	4.25474048779001e-07	0	4.25474048779001e-07
125	-0.135	0.001695	0.015	4.216014278274772e-07	0	4.216014278274772e-07
126	-0.135	0.001695	-0.015	4.216014278465999e-07	0	4.216014278465999e-07
127	-0.135	0.001695	-0.045	4.25474048826098e-07	0	4.25474048826098e-07
128	-0.135	0.001695	-0.075	4.359372133662131e-07	0	4.359372133662131e-07
129	-0.135	0.001695	-0.105	4.651647445255676e-07	0	4.651647445255676e-07
130	-0.135	0.001695	-0.135	6.650520816816818e-07	0	6.650520816816818e-07
131	-0.105	0.001695	0.135	4.65164744524901e-07	0	4.65164744524901e-07
132	-0.105	0.001695	0.105	2.271828186432729e-07	0	2.271828186432729e-07
133	-0.105	0.001695	0.075	1.901989354201343e-07	0	1.901989354201343e-07
134	-0.105	0.001695	0.045	1.772848243339114e-07	0	1.772848243339114e-07
135	-0.105	0.001695	0.015	1.725936195551017e-07	0	1.725936195551017e-07
136	-0.105	0.001695	-0.015	1.725936195564615e-07	0	1.725936195564615e-07
137	-0.105	0.001695	-0.045	1.772848243333074e-07	0	1.772848243333074e-07
138	-0.105	0.001695	-0.075	1.901989354212065e-07	0	1.901989354212065e-07
139	-0.105	0.001695	-0.105	2.271828186432589e-07	0	2.271828186432589e-07
140	-0.105	0.001695	-0.135	4.651647444854033e-07	0	4.651647444854033e-07
141	-0.075	0.001695	0.135	4.359372133676007e-07	0	4.359372133676007e-07
142	-0.075	0.001695	0.105	1.901989354204555e-07	0	1.901989354204555e-07
143	-0.075	0.001695	0.075	1.494627576066371e-07	0	1.494627576066371e-07
144	-0.075	0.001695	0.045	1.349249823591708e-07	0	1.349249823591708e-07
145	-0.075	0.001695	0.015	1.296178938582665e-07	0	1.296178938582665e-07
146	-0.075	0.001695	-0.015	1.296178938548478e-07	0	1.296178938548478e-07
147	-0.075	0.001695	-0.045	1.349249823600966e-07	0	1.349249823600966e-07
148	-0.075	0.001695	-0.075	1.494627576054375e-07	0	1.494627576054375e-07
149	-0.075	0.001695	-0.105	1.90198935418651e-07	0	1.90198935418651e-07
150	-0.075	0.001695	-0.135	4.359372133479028e-07	0	4.359372133479028e-07
151	-0.045	0.001695	0.135	4.254740488298026e-07	0	4.254740488298026e-07
152	-0.045	0.001695	0.105	1.772848243367072e-07	0	1.772848243367072e-07
153	-0.045	0.001695	0.075	1.349249823588818e-07	0	1.349249823588818e-07
154	-0.045	0.001695	0.045	1.195181355393633e-07	0	1.195181355393633e-07
155	-0.045	0.001695	0.015	1.138436968019698e-07	0	1.138436968019698e-07
156	-0.045	0.001695	-0.015	1.138436967999847e-07	0	1.138436967999847e-07
157	-0.045	0.001695	-0.045	1.195181355400752e-07	0	1.195181355400752e-07
158	-0.045	0.001695	-0.075	1.349249823599091e-07	0	1.349249823599091e-07
159	-0.045	0.001695	-0.105	1.772848243317831e-07	0	1.772848243317831e-07
160	-0.045	0.001695	-0.135	4.254740487810504e-07	0	4.254740487810504e-07
161	-0.015	0.001695	0.135	4.216014278458227e-07	0	4.216014278458227e-07
162	-0.015	0.001695	0.105	1.725936195562638e-07	0	1.725936195562638e-07
163	-0.015	0.001695	0.075	1.296178938569725e-07	0	1.296178938569725e-07
164	-0.015	0.001695	0.045	1.138436968008269e-07	0	1.138436968008269e-07
165	-0.015	0.001695	0.015	1.080035256676589e-07	0	1.080035256676589e-07
166	-0.015	0.001695	-0.015	1.080035256685859e-07	0	1.080035256685859e-07
167	-0.015	0.001695	-0.045	1.138436967997907e-07	0	1.138436967997907e-07
168	-0.015	0.001695	-0.075	1.296178938570999e-07	0	1.296178938570999e-07
169	-0.015	0.001695	-0.105	1.72593619554556e-07	0	1.72593619554556e-07
170	-0.015	0.001695	-0.135	4.216014278282735e-07	0	4.216014278282735e-07
171	0.015	0.001695	0.135	4.21601427824848e-07	0	4.21601427824848e-07
172	0.015	0.001695	0.105	1.725936195554617e-07	0	1.725936195554617e-07
173	0.015	0.001695	0.075	1.296178938579508e-07	0	1.296178938579508e-07
174	0.015	0.001695	0.045	1.138436968012543e-07	0	1.138436968012543e-07
175	0.015	0.001695	0.015	1.080035256677434e-07	0	1.080035256677434e-07
176	0.015	0.001695	-0.015	1.080035256671736e-07	0	1.080035256671736e-07
177	0.015	0.001695	-0.045	1.1384369679857e-07	0	1.1384369679857e-07
178	0.015	0.001695	-0.075	1.296178938572753e-07	0	1.296178938572753e-07
179	0.015	0.001695	-0.105	1.72593619555608e-07	0	1.72593619555608e-07
180	0.015	0.001695	-0.135	4.216014278463257e-07	0	4.216014278463257e-07
181	0.045	0.001695	0.135	4.2547404877931e-07	0	4.2547404877931e-07
182	0.045	0.001695	0.105	1.772848243304228e-07	0	1.772848243304228e-07
183	0.045	0.001695	0.075	1.349249823580974e-07	0	1.349249823580974e-07
184	0.045	0.001695	0.045	1.195181355396474e-07	0	1.195181355396474e-07
185	0.045	0.001695	0.015	1.138436968008045e-07	0	1.138436968008045e-07
186	0.045	0.001695	-0.015	1.138436968024432e-07	0	1.138436968024432e-07
187	0.045	0.001695	-0.045	1.195181355407037e-07	0	1.195181355407037e-07
188	0.045	0.001695	-0.075	1.349249823612183e-07	0	1.349249823612183e-07
189	0.045	0.001695	-0.105	1.772848243326864e-07	0	1.772848243326864e-07
190	0.045	0.001695	-0.135	4.254740488295169e-07	0	4.254740488295169e-07
191	0.075	0.001695	0.135	4.359372133494738e-07	0	4.359372133494738e-07
192	0.075	0.001695	0.105	1.901989354192581e-07	0	1.901989354192581e-07
193	0.075	0.001695	0.075	1.494627576052736e-07	0	1.494627576052736e-07
194	0.075	0.001695	0.045	1.3492498235865e-07	0	1.3492498235865e-07
195	0.075	0.001695	0.015	1.296178938591933e-07	0	1.296178938591933e-07
196	0.075	0.001695	-0.015	1.296178938574559e-07	0	1.296178938574559e-07
197	0.075	0.001695	-0.045	1.349249823582528e-07	0	1.349249823582528e-07
198	0.075	0.001695	-0.075	1.494627576066252e-07	0	1.494627576066252e-07
199	0.075	0.001695	-0.105	1.901989354193968e-07	0	1.901989354193968e-07
200	0.075	0.001695	-0.135	4.359372133646665e-07	0	4.359372133646665e-07
201	0.105	0.001695	0.135	4.651647444880709e-07	0	4.651647444880709e-07
202	0.105	0.001695	0.105	2.271828186421408e-07	0	2.271828186421408e-07
203	0.105	0.001695	0.075	1.9019893541951e-07	0	1.9019893541951e-07
204	0.105	0.001695	0.045	1.772848243338101e-07	0	1.772848243338101e-07
205	0.105	0.001695	0.015	1.725936195524116e-07	0	1.725936195524116e-07
206	0.105	0.001695	-0.015	1.725936195539838e-07	0	1.725936195539838e-07
207	0.105	0.001695	-0.045	1.772848243360114e-07	0	1.772848243360114e-07
208	0.105	0.001695	-0.075	1.901989354182081e-07	0	1.901989354182081e-07
209	0.105	0.001695	-0.105	2.271828186421209e-07	0	2.271828186421209e-07
210	0.105	0.001695	-0.135	4.651647445270763e-07	0	4.651647445270763e-07
211	0.135	0.001695	0.135	6.650520816855791e-07	0	6.650520816855791e-07
212	0.135	0.001695	0.105	4.651647445272046e-07	0	4.651647445272046e-07
213	0.135	0.001695	0.075	4.359372133683133e-07	0	4.359372133683133e-07
214	0.135	0.001695	0.045	4.254740488303198e-07	0	4.254740488303198e-07
215	0.135	0.001695	0.015	4.216014278461783e-07	0	4.216014278461783e-07
216	0.135	0.001695	-0.015	4.216014278250047e-07	0	4.216014278250047e-07
217	0.135	0.001695	-0.045	4.254740487758082e-07	0	4.254740487758082e-07
218	0.135	0.001695	-0.075	4.359372133472524e-07	0	4.359372133472524e-07
219	0.135	0.001695	-0.105	4.651647444891408e-07	0	4.651647444891408e-07
220	0.135	0.001695	-0.135	6.650520816833357e-07	0	6.650520816833357e-07
221	0.135	0.00152	-0.15	7.810489164192892e-06	0	7.810489164192892e-06
222	0.105	0.00152	-0.15	7.682442988303378e-06	0	7.682442988303378e-06
223	0.075	0.00152	-0.15	7.663036031483823e-06	0	7.663036031483823e-06
224	0.045	0.00152	-0.15	7.656023176487985e-06	0	7.656023176487985e-06
225	0.015	0.00152	-0.15	7.653416426440515e-06	0	7.653416426440515e-06
226	-0.015	0.00152	-0.15	7.653416426469995e-06	0	7.653416426469995e-06
227	-0.045	0.00152	-0.15	7.656023176366478e-06	0	7.656023176366478e-06
228	-0.075	0.00152	-0.15	7.663036031230607e-06	0	7.663036031230607e-06
229	-0.105	0.00152	-0.15	7.68244298810295e-06	0	7.68244298810295e-06
230	-0.135	0.00152	-0.15	7.810489163639558e-06	0	7.810489163639558e-06
231	0.135	-0.00152	-0.15	-7.810489164188874e-06	0	-7.810489164188874e-06
232	0.105	-0.00152	-0.15	-7.682442988298913e-06	0	-7.682442988298913e-06
233	0.075	-0.00152	-0.15	-7.663036031483826e-06	0	-7.663036031483826e-06
234	0.045	-0.00152	-0.15	-7.656023176490526e-06	0	-7.656023176490526e-06
235	0.015	-0.00152	-0.15	-7.653416426449301e-06	0	-7.653416426449301e-06
236	-0.015	-0.00152	-0.15	-7.653416426477973e-06	0	-7.653416426477973e-06
237	-0.045	-0.00152	-0.15	-7.65602317636681e-06	0	-7.65602317636681e-06
238	-0.075	-0.00152	-0.15	-7.663036031232113e-06	0	-7.663036031232113e-06
239	-0.105	-0.00152	-0.15	-7.68244298808965e-06	0	-7.68244298808965e-06
240	-0.135	-0.00152	-0.15	-7.810489163637886e-06	0	-7.810489163637886e-06
241	0.135	0.001335	-0.15	0.0003913874350085233	0	0.0003913874350085233
242	0.105	0.001335	-0.15	0.0003903566425654791	0	0.0003903566425654791
243	0.075	0.001335	-0.15	0.0003898630552324309	0	0.0003898630552324309
244	0.045	0.001335	-0.15	0.0003896472854103059	0	0.0003896472854103059
245	0.015	0.001335	-0.15	0.0003895607988849477	0	0.0003895607988849477
246	-0.015	0.001335	-0.15	0.0003895607996547148	0	0.0003895607996547148
247	-0.045	0.001335	-0.15	0.0003896472879812276	0	0.0003896472879812276
248	-0.075	0.001335	-0.15	0.0003898630554655161	0	0.0003898630554655161
249	-0.105	0.001335	-0.15	0.0003903566446758469	0	0.0003903566446758469
250	-0.135	0.001335	-0.15	0.0003913874339655491	0	0.0003913874339655491
251	0.135	-0.001335	-0.15	-0.0003913874350080619	0	-0.0003913874350080619
252	0.105	-0.001335	-0.15	-0.0003903566425670008	0	-0.0003903566425670008
253	0.075	-0.001335	-0.15	-0.000389863055232744	0	-0.000389863055232744
254	0.045	-0.001335	-0.15	-0.0003896472854129215	0	-0.0003896472854129215
255	0.015	-0.001335	-0.15	-0.000389560798885476	0	-0.000389560798885476
256	-0.015	-0.001335	-0.15	-0.0003895607996553371	0	-0.0003895607996553371
257	-0.045	-0.001335	-0.15	-0.0003896472879821876	0	-0.0003896472879821876
258	-0.075	-0.001335	-0.15	-0.0003898630554651417	0	-0.0003898630554651417
259	-0.105	-0.001335	-0.15	-0.0003903566446756978	0	-0.0003903566446756978
260	-0.135	-0.001335	-0.15	-0.0003913874339631937	0	-0.0003913874339631937
261	0.135	0.000725	-0.15	1.256987873688631e-05	0	1.256987873688631e-05
262	0.105	0.000725	-0.15	1.250070539169583e-05	0	1.250070539169583e-05
263	0.075	0.000725	-0.15	1.248999741977452e-05	0	1.248999741977452e-05
264	0.045	0.000725	-0.15	1.248611361475182e-05	0	1.248611361475182e-05
265	0.015	0.000725	-0.15	1.248466750922644e-05	0	1.248466750922644e-05
266	-0.015	0.000725	-0.15	1.248466750901706e-05	0	1.248466750901706e-05
267	-0.045	0.000725	-0.15	1.248611361488493e-05	0	1.248611361488493e-05
268	-0.075	0.000725	-0.15	1.248999741990296e-05	0	1.248999741990296e-05
269	-0.105	0.000725	-0.15	1.250070539209697e-05	0	1.250070539209697e-05
270	-0.135	0.000725	-0.15	1.256987873744815e-05	0	1.256987873744815e-05
271	0.135	-0.000725	-0.15	-1.256987873689167e-05	0	-1.256987873689167e-05
272	0.105	-0.000725	-0.15	-1.250070539168444e-05	0	-1.250070539168444e-05
273	0.075	-0.000725	-0.15	-1.248999741977674e-05	0	-1.248999741977674e-05
274	0.045	-0.000725	-0.15	-1.248611361474034e-05	0	-1.248611361474034e-05
275	0.015	-0.000725	-0.15	-1.248466750921668e-05	0	-1.248466750921668e-05
276	-0.015	-0.000725	-0.15	-1.248466750901646e-05	0	-1.248466750901646e-05
277	-0.045	-0.000725	-0.15	-1.24861136148819e-05	0	-1.24861136148819e-05
278	-0.075	-0.000725	-0.15	-1.248999741990091e-05	0	-1.248999741990091e-05
279	-0.105	-0.000725	-0.15	-1.250070539210817e-05	0	-1.250070539210817e-05
280	-0.135	-0.000725	-0.15	-1.256987873745515e-05	0	-1.256987873745515e-05
281	-0.135	0.00152	0.15	7.810489163638113e-06	0	7.810489163638113e-06
282	-0.105	0.00152	0.15	7.682442988115225e-06	0	7.682442988115225e-06
283	-0.075	0.00152	0.15	7.663036031246377e-06	0	7.663036031246377e-06
284	-0.045	0.00152	0.15	7.65602317640584e-06	0	7.65602317640584e-06
285	-0.015	0.00152	0.15	7.65341642648305e-06	0	7.65341642648305e-06
286	0.015	0.00152	0.15	7.653416426432944e-06	0	7.653416426432944e-06
287	0.045	0.00152	0.15	7.656023176457304e-06	0	7.656023176457304e-06
288	0.075	0.00152	0.15	7.663036031476742e-06	0	7.663036031476742e-06
289	0.105	0.00152	0.15	7.682442988517366e-06	0	7.682442988517366e-06
290	0.135	0.00152	0.15	7.810489164194356e-06	0	7.810489164194356e-06
291	-0.135	-0.00152	0.15	-7.810489163632834e-06	0	-7.810489163632834e-06
292	-0.105	-0.00152	0.15	-7.682442988111204e-06	0	-7.682442988111204e-06
293	-0.075	-0.00152	0.15	-7.663036031235464e-06	0	-7.663036031235464e-06
294	-0.045	-0.00152	0.15	-7.65602317639286e-06	0	-7.65602317639286e-06
295	-0.015	-0.00152	0.15	-7.653416426484917e-06	0	-7.653416426484917e-06
296	0.015	-0.00152	0.15	-7.653416426436836e-06	0	-7.653416426436836e-06
297	0.045	-0.00152	0.15	-7.656023176453655e-06	0	-7.656023176453655e-06
298	0.075	-0.00152	0.15	-7.663036031475556e-06	0	-7.663036031475556e-06
299	0.105	-0.00152	0.15	-7.682442988513963e-06	0	-7.682442988513963e-06
300	0.135	-0.00152	0.15	-7.810489164189621e-06	0	-7.810489164189621e-06
301	-0.135	0.001335	0.15	0.0003913874350039467	0	0.0003913874350039467
302	-0.105	0.001335	0.15	0.0003903566425621647	0	0.0003903566425621647
303	-0.075	0.001335	0.15	0.0003898630552315354	0	0.0003898630552315354
304	-0.045	0.001335	0.15	0.0003896472854106165	0	0.0003896472854106165
305	-0.015	0.001335	0.15	0.0003895607988868297	0	0.0003895607988868297
306	0.015	0.001335	0.15	0.0003895607996530572	0	0.0003895607996530572
307	0.045	0.001335	0.15	0.0003896472879838329	0	0.0003896472879838329
308	0.075	0.001335	0.15	0.0003898630554659544	0	0.0003898630554659544
309	0.105	0.001335	0.15	0.0003903566446797105	0	0.0003903566446797105
310	0.135	0.001335	0.15	0.0003913874339677994	0	0.0003913874339677994
311	-0.135	-0.001335	0.15	-0.0003913874350052753	0	-0.0003913874350052753
312	-0.105	-0.001335	0.15	-0.0003903566425621127	0	-0.0003903566425621127
313	-0.075	-0.001335	0.15	-0.00038986305523275	0	-0.00038986305523275
314	-0.045	-0.001335	0.15	-0.0003896472854115439	0	-0.0003896472854115439
315	-0.015	-0.001335	0.15	-0.0003895607988874403	0	-0.0003895607988874403
316	0.015	-0.001335	0.15	-0.0003895607996517674	0	-0.0003895607996517674
317	0.045	-0.001335	0.15	-0.0003896472879839546	0	-0.0003896472879839546
318	0.075	-0.001335	0.15	-0.000389863055465035	0	-0.000389863055465035
319	0.105	-0.001335	0.15	-0.0003903566446807855	0	-0.0003903566446807855
320	0.135	-0.001335	0.15	-0.0003913874339684094	0	-0.0003913874339684094
321	-0.135	0.000725	0.15	1.256987873744898e-05	0	1.256987873744898e-05
322	-0.105	0.000725	0.15	1.250070539212216e-05	0	1.250070539212216e-05
323	-0.075	0.000725	0.15	1.24899974199159e-05	0	1.24899974199159e-05
324	-0.045	0.000725	0.15	1.24861136149105e-05	0	1.24861136149105e-05
325	-0.015	0.000725	0.15	1.248466750902884e-05	0	1.248466750902884e-05
326	0.015	0.000725	0.15	1.248466750920952e-05	0	1.248466750920952e-05
327	0.045	0.000725	0.15	1.248611361471919e-05	0	1.248611361471919e-05
328	0.075	0.000725	0.15	1.248999741975982e-05	0	1.248999741975982e-05
329	0.105	0.000725	0.15	1.250070539149024e-05	0	1.250070539149024e-05
330	0.135	0.000725	0.15	1.256987873689247e-05	0	1.256987873689247e-05
331	-0.135	-0.000725	0.15	-1.256987873744545e-05	0	-1.256987873744545e-05
332	-0.105	-0.000725	0.15	-1.250070539212816e-05	0	-1.250070539212816e-05
333	-0.075	-0.000725	0.15	-1.248999741991737e-05	0	-1.248999741991737e-05
334	-0.045	-0.000725	0.15	-1.2486113614908e-05	0	-1.2486113614908e-05
335	-0.015	-0.000725	0.15	-1.248466750902252e-05	0	-1.248466750902252e-05
336	0.015	-0.000725	0.15	-1.248466750921396e-05	0	-1.248466750921396e-05
337	0.045	-0.000725	0.15	-1.24861136147253e-05	0	-1.24861136147253e-05
338	0.075	-0.000725	0.15	-1.248999741976233e-05	0	-1.248999741976233e-05
339	0.105	-0.000725	0.15	-1.250070539149305e-05	0	-1.250070539149305e-05
340	0.135	-0.000725	0.15	-1.256987873688774e-05	0	-1.256987873688774e-05
341	-0.135	-0.001695	-0.135	-6.650520816883725e-07	0	-6.650520816883725e-07
342	-0.135	-0.001695	-0.105	-4.65164744527968e-07	0	-4.65164744527968e-07
343	-0.135	-0.001695	-0.075	-4.359372133677927e-07	0	-4.359372133677927e-07
344	-0.135	-0.001695	-0.045	-4.254740488274324e-07	0	-4.254740488274324e-07
345	-0.135	-0.001695	-0.015	-4.216014278447977e-07	0	-4.216014278447977e-07
346	-0.135	-0.001695	0.015	-4.216014278268437e-07	0	-4.216014278268437e-07
347	-0.135	-0.001695	0.045	-4.254740487736039e-07	0	-4.254740487736039e-07
348	-0.135	-0.001695	0.075	-4.359372133469211e-07	0	-4.359372133469211e-07
349	-0.135	-0.001695	0.105	-4.651647444923358e-07	0	-4.651647444923358e-07
350	-0.135	-0.001695	0.135	-6.65052081675671e-07	0	-6.65052081675671e-07
351	-0.105	-0.001695	-0.135	-4.651647444900016e-07	0	-4.651647444900016e-07
352	-0.105	-0.001695	-0.105	-2.271828186373343e-07	0	-2.271828186373343e-07
353	-0.105	-0.001695	-0.075	-1.901989354215225e-07	0	-1.901989354215225e-07
354	-0.105	-0.001695	-0.045	-1.772848243324504e-07	0	-1.772848243324504e-07
355	-0.105	-0.001695	-0.015	-1.725936195493979e-07	0	-1.725936195493979e-07
356	-0.105	-0.001695	0.015	-1.725936195509759e-07	0	-1.725936195509759e-07
357	-0.105	-0.001695	0.045	-1.772848243276843e-07	0	-1.772848243276843e-07
358	-0.105	-0.001695	0.075	-1.901989354172626e-07	0	-1.901989354172626e-07
359	-0.105	-0.001695	0.105	-2.271828186404828e-07	0	-2.271828186404828e-07
360	-0.105	-0.001695	0.135	-4.651647445290175e-07	0	-4.651647445290175e-07
361	-0.075	-0.001695	-0.135	-4.359372133455764e-07	0	-4.359372133455764e-07
362	-0.075	-0.001695	-0.105	-1.901989354209405e-07	0	-1.901989354209405e-07
363	-0.075	-0.001695	-0.075	-1.494627576046289e-07	0	-1.494627576046289e-07
364	-0.075	-0.001695	-0.045	-1.349249823550084e-07	0	-1.349249823550084e-07
365	-0.075	-0.001695	-0.015	-1.296178938615309e-07	0	-1.296178938615309e-07
366	-0.075	-0.001695	0.015	-1.296178938584223e-07	0	-1.296178938584223e-07
367	-0.075	-0.001695	0.045	-1.349249823558917e-07	0	-1.349249823558917e-07
368	-0.075	-0.001695	0.075	-1.494627576030533e-07	0	-1.494627576030533e-07
369	-0.075	-0.001695	0.105	-1.90198935420018e-07	0	-1.90198935420018e-07
370	-0.075	-0.001695	0.135	-4.359372133655461e-07	0	-4.359372133655461e-07
371	-0.045	-0.001695	-0.135	-4.254740487770655e-07	0	-4.254740487770655e-07
372	-0.045	-0.001695	-0.105	-1.772848243285925e-07	0	-1.772848243285925e-07
373	-0.045	-0.001695	-0.075	-1.349249823559673e-07	0	-1.349249823559673e-07
374	-0.045	-0.001695	-0.045	-1.195181355434721e-07	0	-1.195181355434721e-07
375	-0.045	-0.001695	-0.015	-1.138436968020167e-07	0	-1.138436968020167e-07
376	-0.045	-0.001695	0.015	-1.13843696800346e-07	0	-1.13843696800346e-07
377	-0.045	-0.001695	0.045	-1.195181355432161e-07	0	-1.195181355432161e-07
378	-0.045	-0.001695	0.075	-1.349249823616304e-07	0	-1.349249823616304e-07
379	-0.045	-0.001695	0.105	-1.772848243349408e-07	0	-1.772848243349408e-07
380	-0.045	-0.001695	0.135	-4.254740488263181e-07	0	-4.254740488263181e-07
381	-0.015	-0.001695	-0.135	-4.216014278272499e-07	0	-4.216014278272499e-07
382	-0.015	-0.001695	-0.105	-1.725936195492546e-07	0	-1.725936195492546e-07
383	-0.015	-0.001695	-0.075	-1.296178938616739e-07	0	-1.296178938616739e-07
384	-0.015	-0.001695	-0.045	-1.138436968010577e-07	0	-1.138436968010577e-07
385	-0.015	-0.001695	-0.015	-1.080035256711416e-07	0	-1.080035256711416e-07
386	-0.015	-0.001695	0.015	-1.080035256731566e-07	0	-1.080035256731566e-07
387	-0.015	-0.001695	0.045	-1.138436968005114e-07	0	-1.138436968005114e-07
388	-0.015	-0.001695	0.075	-1.296178938593159e-07	0	-1.296178938593159e-07
389	-0.015	-0.001695	0.105	-1.725936195517584e-07	0	-1.725936195517584e-07
390	-0.015	-0.001695	0.135	-4.216014278498629e-07	0	-4.216014278498629e-07
391	0.015	-0.001695	-0.135	-4.216014278436668e-07	0	-4.216014278436668e-07
392	0.015	-0.001695	-0.105	-1.72593619550378e-07	0	-1.72593619550378e-07
393	0.015	-0.001695	-0.075	-1.296178938593484e-07	0	-1.296178938593484e-07
394	0.015	-0.001695	-0.045	-1.138436968026038e-07	0	-1.138436968026038e-07
395	0.015	-0.001695	-0.015	-1.080035256688467e-07	0	-1.080035256688467e-07
396	0.015	-0.001695	0.015	-1.080035256691993e-07	0	-1.080035256691993e-07
397	0.015	-0.001695	0.045	-1.138436968007587e-07	0	-1.138436968007587e-07
398	0.015	-0.001695	0.075	-1.29617893857957e-07	0	-1.29617893857957e-07
399	0.015	-0.001695	0.105	-1.725936195533553e-07	0	-1.725936195533553e-07
400	0.015	-0.001695	0.135	-4.216014278283797e-07	0	-4.216014278283797e-07
401	0.045	-0.001695	-0.135	-4.254740488271649e-07	0	-4.254740488271649e-07
402	0.045	-0.001695	-0.105	-1.772848243344851e-07	0	-1.772848243344851e-07
403	0.045	-0.001695	-0.075	-1.349249823554343e-07	0	-1.349249823554343e-07
404	0.045	-0.001695	-0.045	-1.195181355433392e-07	0	-1.195181355433392e-07
405	0.045	-0.001695	-0.015	-1.13843696801545e-07	0	-1.13843696801545e-07
406	0.045	-0.001695	0.015	-1.138436968025609e-07	0	-1.138436968025609e-07
407	0.045	-0.001695	0.045	-1.195181355463229e-07	0	-1.195181355463229e-07
408	0.045	-0.001695	0.075	-1.349249823545974e-07	0	-1.349249823545974e-07
409	0.045	-0.001695	0.105	-1.772848243338515e-07	0	-1.772848243338515e-07
410	0.045	-0.001695	0.135	-4.254740487805208e-07	0	-4.254740487805208e-07
411	0.075	-0.001695	-0.135	-4.359372133660684e-07	0	-4.359372133660684e-07
412	0.075	-0.001695	-0.105	-1.901989354184935e-07	0	-1.901989354184935e-07
413	0.075	-0.001695	-0.075	-1.49462757600712e-07	0	-1.49462757600712e-07
414	0.075	-0.001695	-0.045	-1.349249823537957e-07	0	-1.349249823537957e-07
415	0.075	-0.001695	-0.015	-1.296178938605881e-07	0	-1.296178938605881e-07
416	0.075	-0.001695	0.015	-1.296178938555902e-07	0	-1.296178938555902e-07
417	0.075	-0.001695	0.045	-1.349249823582038e-07	0	-1.349249823582038e-07
418	0.075	-0.001695	0.075	-1.494627576058015e-07	0	-1.494627576058015e-07
419	0.075	-0.001695	0.105	-1.901989354177906e-07	0	-1.901989354177906e-07
420	0.075	-0.001695	0.135	-4.359372133474212e-07	0	-4.359372133474212e-07
421	0.105	-0.001695	-0.135	-4.651647445244687e-07	0	-4.651647445244687e-07
422	0.105	-0.001695	-0.105	-2.271828186400927e-07	0	-2.271828186400927e-07
423	0.105	-0.001695	-0.075	-1.901989354191913e-07	0	-1.901989354191913e-07
424	0.105	-0.001695	-0.045	-1.772848243259477e-07	0	-1.772848243259477e-07
425	0.105	-0.001695	-0.015	-1.725936195456642e-07	0	-1.725936195456642e-07
426	0.105	-0.001695	0.015	-1.7259361955282e-07	0	-1.7259361955282e-07
427	0.105	-0.001695	0.045	-1.772848243307081e-07	0	-1.772848243307081e-07
428	0.105	-0.001695	0.075	-1.901989354171888e-07	0	-1.901989354171888e-07
429	0.105	-0.001695	0.105	-2.271828186415535e-07	0	-2.271828186415535e-07
430	0.105	-0.001695	0.135	-4.651647444917901e-07	0	-4.651647444917901e-07
431	0.135	-0.001695	-0.135	-6.650520816827654e-07	0	-6.650520816827654e-07
432	0.135	-0.001695	-0.105	-4.651647444899398e-07	0	-4.651647444899398e-07
433	0.135	-0.001695	-0.075	-4.359372133519404e-07	0	-4.359372133519404e-07
434	0.135	-0.001695	-0.045	-4.254740487789803e-07	0	-4.254740487789803e-07
435	0.135	-0.001695	-0.015	-4.216014278296984e-07	0	-4.216014278296984e-07
436	0.135	-0.001695	0.015	-4.216014278497896e-07	0	-4.216014278497896e-07
437	0.135	-0.001695	0.045	-4.254740488287711e-07	0	-4.254740488287711e-07
438	0.135	-0.001695	0.075	-4.359372133668281e-07	0	-4.359372133668281e-07
439	0.135	-0.001695	0.105	-4.651647445276589e-07	0	-4.651647445276589e-07
440	0.135	-0.001695	0.135	-6.650520816767963e-07	0	-6.650520816767963e-07
441	-0.135	0.001345	0.135	3.211282632344532e-07	0	3.211282632344532e-07
442	-0.135	0.001345	0.105	2.23863966477699e-07	0	2.23863966477699e-07
443	-0.135	0.001345	0.075	2.099182573408814e-07	0	2.099182573408814e-07
444	-0.135	0.001345	0.045	2.049290624392865e-07	0	2.049290624392865e-07
445	-0.135	0.001345	0.015	2.030830502413523e-07	0	2.030830502413523e-07
446	-0.135	0.001345	-0.015	2.030830506186907e-07	0	2.030830506186907e-07
447	-0.135	0.001345	-0.045	2.049290618884771e-07	0	2.049290618884771e-07
448	-0.135	0.001345	-0.075	2.099182559281682e-07	0	2.099182559281682e-07
449	-0.135	0.001345	-0.105	2.23863965014276e-07	0	2.23863965014276e-07
450	-0.135	0.001345	-0.135	3.211282634873693e-07	0	3.211282634873693e-07
451	-0.105	0.001345	0.135	2.238639660150168e-07	0	2.238639660150168e-07
452	-0.105	0.001345	0.105	1.082765733832336e-07	0	1.082765733832336e-07
453	-0.105	0.001345	0.075	9.0632419391097e-08	0	9.0632419391097e-08
454	-0.105	0.001345	0.045	8.447613653259763e-08	0	8.447613653259763e-08
455	-0.105	0.001345	0.015	8.224056844790869e-08	0	8.224056844790869e-08
456	-0.105	0.001345	-0.015	8.224056843122328e-08	0	8.224056843122328e-08
457	-0.105	0.001345	-0.045	8.447613652162887e-08	0	8.447613652162887e-08
458	-0.105	0.001345	-0.075	9.063241974879766e-08	0	9.063241974879766e-08
459	-0.105	0.001345	-0.105	1.082765736100306e-07	0	1.082765736100306e-07
460	-0.105	0.001345	-0.135	2.238639670145539e-07	0	2.238639670145539e-07
461	-0.075	0.001345	0.135	2.099182572262532e-07	0	2.099182572262532e-07
462	-0.075	0.001345	0.105	9.06324195030996e-08	0	9.06324195030996e-08
463	-0.075	0.001345	0.075	7.119872627629226e-08	0	7.119872627629226e-08
464	-0.075	0.001345	0.045	6.426850304605883e-08	0	6.426850304605883e-08
465	-0.075	0.001345	0.015	6.173944333637984e-08	0	6.173944333637984e-08
466	-0.075	0.001345	-0.015	6.173944332697231e-08	0	6.173944332697231e-08
467	-0.075	0.001345	-0.045	6.42685032120482e-08	0	6.42685032120482e-08
468	-0.075	0.001345	-0.075	7.119872649921823e-08	0	7.119872649921823e-08
469	-0.075	0.001345	-0.105	9.063241974404531e-08	0	9.063241974404531e-08
470	-0.075	0.001345	-0.135	2.099182574368191e-07	0	2.099182574368191e-07
471	-0.045	0.001345	0.135	2.049290625926032e-07	0	2.049290625926032e-07
472	-0.045	0.001345	0.105	8.447613700486805e-08	0	8.447613700486805e-08
473	-0.045	0.001345	0.075	6.426850317997478e-08	0	6.426850317997478e-08
474	-0.045	0.001345	0.045	5.692411173185789e-08	0	5.692411173185789e-08
475	-0.045	0.001345	0.015	5.422000978098907e-08	0	5.422000978098907e-08
476	-0.045	0.001345	-0.015	5.422000976992779e-08	0	5.422000976992779e-08
477	-0.045	0.001345	-0.045	5.692411165206087e-08	0	5.692411165206087e-08
478	-0.045	0.001345	-0.075	6.426850263930426e-08	0	6.426850263930426e-08
479	-0.045	0.001345	-0.105	8.447613660846379e-08	0	8.447613660846379e-08
480	-0.045	0.001345	-0.135	2.049290625498485e-07	0	2.049290625498485e-07
481	-0.015	0.001345	0.135	2.030830505724047e-07	0	2.030830505724047e-07
482	-0.015	0.001345	0.105	8.224056830431837e-08	0	8.224056830431837e-08
483	-0.015	0.001345	0.075	6.173944325485766e-08	0	6.173944325485766e-08
484	-0.015	0.001345	0.045	5.422001004505797e-08	0	5.422001004505797e-08
485	-0.015	0.001345	0.015	5.14369415814036e-08	0	5.14369415814036e-08
486	-0.015	0.001345	-0.015	5.143694170324661e-08	0	5.143694170324661e-08
487	-0.015	0.001345	-0.045	5.422000963544443e-08	0	5.422000963544443e-08
488	-0.015	0.001345	-0.075	6.17394429110533e-08	0	6.17394429110533e-08
489	-0.015	0.001345	-0.105	8.224056829601523e-08	0	8.224056829601523e-08
490	-0.015	0.001345	-0.135	2.030830506817058e-07	0	2.030830506817058e-07
491	0.015	0.001345	0.135	2.030830508831192e-07	0	2.030830508831192e-07
492	0.015	0.001345	0.105	8.224056874415791e-08	0	8.224056874415791e-08
493	0.015	0.001345	0.075	6.173944347649827e-08	0	6.173944347649827e-08
494	0.015	0.001345	0.045	5.422000988437679e-08	0	5.422000988437679e-08
495	0.015	0.001345	0.015	5.143694148148032e-08	0	5.143694148148032e-08
496	0.015	0.001345	-0.015	5.143694177457381e-08	0	5.143694177457381e-08
497	0.015	0.001345	-0.045	5.422000925498458e-08	0	5.422000925498458e-08
498	0.015	0.001345	-0.075	6.173944301489963e-08	0	6.173944301489963e-08
499	0.015	0.001345	-0.105	8.224056816768998e-08	0	8.224056816768998e-08
500	0.015	0.001345	-0.135	2.030830503279926e-07	0	2.030830503279926e-07
501	0.045	0.001345	0.135	2.049290623767073e-07	0	2.049290623767073e-07
502	0.045	0.001345	0.105	8.447613635763045e-08	0	8.447613635763045e-08
503	0.045	0.001345	0.075	6.426850322115529e-08	0	6.426850322115529e-08
504	0.045	0.001345	0.045	5.692411171690709e-08	0	5.692411171690709e-08
505	0.045	0.001345	0.015	5.422000966773311e-08	0	5.422000966773311e-08
506	0.045	0.001345	-0.015	5.422000999264159e-08	0	5.422000999264159e-08
507	0.045	0.001345	-0.045	5.692411195309553e-08	0	5.692411195309553e-08
508	0.045	0.001345	-0.075	6.426850339564658e-08	0	6.426850339564658e-08
509	0.045	0.001345	-0.105	8.447613643161376e-08	0	8.447613643161376e-08
510	0.045	0.001345	-0.135	2.0492906179989e-07	0	2.0492906179989e-07
511	0.075	0.001345	0.135	2.099182566555419e-07	0	2.099182566555419e-07
512	0.075	0.001345	0.105	9.063241948411554e-08	0	9.063241948411554e-08
513	0.075	0.001345	0.075	7.119872624836625e-08	0	7.119872624836625e-08
514	0.075	0.001345	0.045	6.426850304793912e-08	0	6.426850304793912e-08
515	0.075	0.001345	0.015	6.173944278842483e-08	0	6.173944278842483e-08
516	0.075	0.001345	-0.015	6.173944342062183e-08	0	6.173944342062183e-08
517	0.075	0.001345	-0.045	6.426850342866347e-08	0	6.426850342866347e-08
518	0.075	0.001345	-0.075	7.119872651726715e-08	0	7.119872651726715e-08
519	0.075	0.001345	-0.105	9.063241921079353e-08	0	9.063241921079353e-08
520	0.075	0.001345	-0.135	2.099182562466508e-07	0	2.099182562466508e-07
521	0.105	0.001345	0.135	2.238639647467262e-07	0	2.238639647467262e-07
522	0.105	0.001345	0.105	1.082765733169858e-07	0	1.082765733169858e-07
523	0.105	0.001345	0.075	9.063241913169615e-08	0	9.063241913169615e-08
524	0.105	0.001345	0.045	8.447613676386357e-08	0	8.447613676386357e-08
525	0.105	0.001345	0.015	8.224056814264265e-08	0	8.224056814264265e-08
526	0.105	0.001345	-0.015	8.224056818434278e-08	0	8.224056818434278e-08
527	0.105	0.001345	-0.045	8.447613671427652e-08	0	8.447613671427652e-08
528	0.105	0.001345	-0.075	9.063241912309791e-08	0	9.063241912309791e-08
529	0.105	0.001345	-0.105	1.082765720924725e-07	0	1.082765720924725e-07
530	0.105	0.001345	-0.135	2.238639645801742e-07	0	2.238639645801742e-07
531	0.135	0.001345	0.135	3.211282640617284e-07	0	3.211282640617284e-07
532	0.135	0.001345	0.105	2.238639659203849e-07	0	2.238639659203849e-07
533	0.135	0.001345	0.075	2.099182570082658e-07	0	2.099182570082658e-07
534	0.135	0.001345	0.045	2.049290623274408e-07	0	2.049290623274408e-07
535	0.135	0.001345	0.015	2.030830499840246e-07	0	2.030830499840246e-07
536	0.135	0.001345	-0.015	2.03083050731179e-07	0	2.03083050731179e-07
537	0.135	0.001345	-0.045	2.049290624405513e-07	0	2.049290624405513e-07
538	0.135	0.001345	-0.075	2.099182569592195e-07	0	2.099182569592195e-07
539	0.135	0.001345	-0.105	2.238639651676989e-07	0	2.238639651676989e-07
540	0.135	0.001345	-0.135	3.211282641316188e-07	0	3.211282641316188e-07
541	-0.135	-0.001345	-0.135	-3.211282631519919e-07	0	-3.211282631519919e-07
542	-0.135	-0.001345	-0.105	-2.238639649367706e-07	0	-2.238639649367706e-07
543	-0.135	-0.001345	-0.075	-2.099182566309488e-07	0	-2.099182566309488e-07
544	-0.135	-0.001345	-0.045	-2.049290621636048e-07	0	-2.049290621636048e-07
545	-0.135	-0.001345	-0.015	-2.030830502100103e-07	0	-2.030830502100103e-07
546	-0.135	-0.001345	0.015	-2.030830512340642e-07	0	-2.030830512340642e-07
547	-0.135	-0.001345	0.045	-2.049290621344982e-07	0	-2.049290621344982e-07
548	-0.135	-0.001345	0.075	-2.099182564071928e-07	0	-2.099182564071928e-07
549	-0.135	-0.001345	0.105	-2.238639647995847e-07	0	-2.238639647995847e-07
550	-0.135	-0.001345	0.135	-3.211282633477843e-07	0	-3.211282633477843e-07
551	-0.105	-0.001345	-0.135	-2.238639661400858e-07	0	-2.238639661400858e-07
552	-0.105	-0.001345	-0.105	-1.082765729643295e-07	0	-1.082765729643295e-07
553	-0.105	-0.001345	-0.075	-9.063241933714971e-08	0	-9.063241933714971e-08
554	-0.105	-0.001345	-0.045	-8.447613654118886e-08	0	-8.447613654118886e-08
555	-0.105	-0.001345	-0.015	-8.224056832968703e-08	0	-8.224056832968703e-08
556	-0.105	-0.001345	0.015	-8.224056845672436e-08	0	-8.224056845672436e-08
557	-0.105	-0.001345	0.045	-8.447613643602268e-08	0	-8.447613643602268e-08
558	-0.105	-0.001345	0.075	-9.063241965494902e-08	0	-9.063241965494902e-08
559	-0.105	-0.001345	0.105	-1.082765732866046e-07	0	-1.082765732866046e-07
560	-0.105	-0.001345	0.135	-2.238639656826603e-07	0	-2.238639656826603e-07
561	-0.075	-0.001345	-0.135	-2.099182574514581e-07	0	-2.099182574514581e-07
562	-0.075	-0.001345	-0.105	-9.063241945216658e-08	0	-9.063241945216658e-08
563	-0.075	-0.001345	-0.075	-7.119872620017162e-08	0	-7.119872620017162e-08
564	-0.075	-0.001345	-0.045	-6.426850335223447e-08	0	-6.426850335223447e-08
565	-0.075	-0.001345	-0.015	-6.173944351001726e-08	0	-6.173944351001726e-08
566	-0.075	-0.001345	0.015	-6.173944361983224e-08	0	-6.173944361983224e-08
567	-0.075	-0.001345	0.045	-6.426850333825653e-08	0	-6.426850333825653e-08
568	-0.075	-0.001345	0.075	-7.119872644566817e-08	0	-7.119872644566817e-08
569	-0.075	-0.001345	0.105	-9.063241939491928e-08	0	-9.063241939491928e-08
570	-0.075	-0.001345	0.135	-2.09918256780908e-07	0	-2.09918256780908e-07
571	-0.045	-0.001345	-0.135	-2.049290626451257e-07	0	-2.049290626451257e-07
572	-0.045	-0.001345	-0.105	-8.447613669876623e-08	0	-8.447613669876623e-08
573	-0.045	-0.001345	-0.075	-6.426850323606757e-08	0	-6.426850323606757e-08
574	-0.045	-0.001345	-0.045	-5.692411194487322e-08	0	-5.692411194487322e-08
575	-0.045	-0.001345	-0.015	-5.422001012464155e-08	0	-5.422001012464155e-08
576	-0.045	-0.001345	0.015	-5.422000979262372e-08	0	-5.422000979262372e-08
577	-0.045	-0.001345	0.045	-5.692411161407706e-08	0	-5.692411161407706e-08
578	-0.045	-0.001345	0.075	-6.426850304460901e-08	0	-6.426850304460901e-08
579	-0.045	-0.001345	0.105	-8.447613612588106e-08	0	-8.447613612588106e-08
580	-0.045	-0.001345	0.135	-2.049290620667659e-07	0	-2.049290620667659e-07
581	-0.015	-0.001345	-0.135	-2.030830510090769e-07	0	-2.030830510090769e-07
582	-0.015	-0.001345	-0.105	-8.224056823630899e-08	0	-8.224056823630899e-08
583	-0.015	-0.001345	-0.075	-6.173944363802204e-08	0	-6.173944363802204e-08
584	-0.015	-0.001345	-0.045	-5.422001000215503e-08	0	-5.422001000215503e-08
585	-0.015	-0.001345	-0.015	-5.143694169363518e-08	0	-5.143694169363518e-08
586	-0.015	-0.001345	0.015	-5.143694175407146e-08	0	-5.143694175407146e-08
587	-0.015	-0.001345	0.045	-5.422000996121988e-08	0	-5.422000996121988e-08
588	-0.015	-0.001345	0.075	-6.173944311761017e-08	0	-6.173944311761017e-08
589	-0.015	-0.001345	0.105	-8.224056864738725e-08	0	-8.224056864738725e-08
590	-0.015	-0.001345	0.135	-2.030830506052624e-07	0	-2.030830506052624e-07
591	0.015	-0.001345	-0.135	-2.030830509571934e-07	0	-2.030830509571934e-07
592	0.015	-0.001345	-0.105	-8.2240568646331e-08	0	-8.2240568646331e-08
593	0.015	-0.001345	-0.075	-6.173944354942167e-08	0	-6.173944354942167e-08
594	0.015	-0.001345	-0.045	-5.422001010527413e-08	0	-5.422001010527413e-08
595	0.015	-0.001345	-0.015	-5.143694168335257e-08	0	-5.143694168335257e-08
596	0.015	-0.001345	0.015	-5.143694193621416e-08	0	-5.143694193621416e-08
597	0.015	-0.001345	0.045	-5.422000963694103e-08	0	-5.422000963694103e-08
598	0.015	-0.001345	0.075	-6.173944322324972e-08	0	-6.173944322324972e-08
599	0.015	-0.001345	0.105	-8.224056820355846e-08	0	-8.224056820355846e-08
600	0.015	-0.001345	0.135	-2.030830507577442e-07	0	-2.030830507577442e-07
601	0.045	-0.001345	-0.135	-2.049290623090652e-07	0	-2.049290623090652e-07
602	0.045	-0.001345	-0.105	-8.447613645491387e-08	0	-8.447613645491387e-08
603	0.045	-0.001345	-0.075	-6.426850339731752e-08	0	-6.426850339731752e-08
604	0.045	-0.001345	-0.045	-5.692411166785835e-08	0	-5.692411166785835e-08
605	0.045	-0.001345	-0.015	-5.422000970187876e-08	0	-5.422000970187876e-08
606	0.045	-0.001345	0.015	-5.422001000540747e-08	0	-5.422001000540747e-08
607	0.045	-0.001345	0.045	-5.692411201042399e-08	0	-5.692411201042399e-08
608	0.045	-0.001345	0.075	-6.426850340660761e-08	0	-6.426850340660761e-08
609	0.045	-0.001345	0.105	-8.447613609856676e-08	0	-8.447613609856676e-08
610	0.045	-0.001345	0.135	-2.049290619992899e-07	0	-2.049290619992899e-07
611	0.075	-0.001345	-0.135	-2.099182562387043e-07	0	-2.099182562387043e-07
612	0.075	-0.001345	-0.105	-9.06324195287522e-08	0	-9.06324195287522e-08
613	0.075	-0.001345	-0.075	-7.119872624220984e-08	0	-7.119872624220984e-08
614	0.075	-0.001345	-0.045	-6.426850311482571e-08	0	-6.426850311482571e-08
615	0.075	-0.001345	-0.015	-6.173944305571502e-08	0	-6.173944305571502e-08
616	0.075	-0.001345	0.015	-6.173944343776023e-08	0	-6.173944343776023e-08
617	0.075	-0.001345	0.045	-6.426850369235074e-08	0	-6.426850369235074e-08
618	0.075	-0.001345	0.075	-7.119872647917144e-08	0	-7.119872647917144e-08
619	0.075	-0.001345	0.105	-9.063241916570803e-08	0	-9.063241916570803e-08
620	0.075	-0.001345	0.135	-2.099182566763051e-07	0	-2.099182566763051e-07
621	0.105	-0.001345	-0.135	-2.238639648517533e-07	0	-2.238639648517533e-07
622	0.105	-0.001345	-0.105	-1.082765730876551e-07	0	-1.082765730876551e-07
623	0.105	-0.001345	-0.075	-9.063241917563215e-08	0	-9.063241917563215e-08
624	0.105	-0.001345	-0.045	-8.447613627933382e-08	0	-8.447613627933382e-08
625	0.105	-0.001345	-0.015	-8.224056835586484e-08	0	-8.224056835586484e-08
626	0.105	-0.001345	0.015	-8.224056842343367e-08	0	-8.224056842343367e-08
627	0.105	-0.001345	0.045	-8.447613628825689e-08	0	-8.447613628825689e-08
628	0.105	-0.001345	0.075	-9.063241899241707e-08	0	-9.063241899241707e-08
629	0.105	-0.001345	0.105	-1.082765727887975e-07	0	-1.082765727887975e-07
630	0.105	-0.001345	0.135	-2.238639644291919e-07	0	-2.238639644291919e-07
631	0.135	-0.001345	-0.135	-3.211282639825606e-07	0	-3.211282639825606e-07
632	0.135	-0.001345	-0.105	-2.238639662393044e-07	0	-2.238639662393044e-07
633	0.135	-0.001345	-0.075	-2.099182573818685e-07	0	-2.099182573818685e-07
634	0.135	-0.001345	-0.045	-2.049290624641249e-07	0	-2.049290624641249e-07
635	0.135	-0.001345	-0.015	-2.030830503862096e-07	0	-2.030830503862096e-07
636	0.135	-0.001345	0.015	-2.030830508931764e-07	0	-2.030830508931764e-07
637	0.135	-0.001345	0.045	-2.049290622986416e-07	0	-2.049290622986416e-07
638	0.135	-0.001345	0.075	-2.099182562947106e-07	0	-2.099182562947106e-07
639	0.135	-0.001345	0.105	-2.238639654975876e-07	0	-2.238639654975876e-07
640	0.135	-0.001345	0.135	-3.211282639855456e-07	0	-3.211282639855456e-07
641	-0.135	0.001325	0.135	1.084785828752071e-05	0	1.084785828752071e-05
642	-0.135	0.001325	0.105	1.084504555897142e-05	0	1.084504555897142e-05
643	-0.135	0.001325	0.075	1.084500868545023e-05	0	1.084500868545023e-05
644	-0.135	0.001325	0.045	1.084499969371588e-05	0	1.084499969371588e-05
645	-0.135	0.001325	0.015	1.084499714573014e-05	0	1.084499714573014e-05
646	-0.135	0.001325	-0.015	1.084499714536256e-05	0	1.084499714536256e-05
647	-0.135	0.001325	-0.045	1.084499969429401e-05	0	1.084499969429401e-05
648	-0.135	0.001325	-0.075	1.084500868687557e-05	0	1.084500868687557e-05
649	-0.135	0.001325	-0.105	1.084504556045827e-05	0	1.084504556045827e-05
650	-0.135	0.001325	-0.135	1.08478582872701e-05	0	1.08478582872701e-05
651	-0.105	0.001325	0.135	1.084504555945624e-05	0	1.084504555945624e-05
652	-0.105	0.001325	0.105	1.084198753837867e-05	0	1.084198753837867e-05
653	-0.105	0.001325	0.075	1.084194417456798e-05	0	1.084194417456798e-05
654	-0.105	0.001325	0.045	1.084193525193359e-05	0	1.084193525193359e-05
655	-0.105	0.001325	0.015	1.084193304181485e-05	0	1.084193304181485e-05
656	-0.105	0.001325	-0.015	1.084193304183357e-05	0	1.084193304183357e-05
657	-0.105	0.001325	-0.045	1.084193525194481e-05	0	1.084193525194481e-05
658	-0.105	0.001325	-0.075	1.084194417421198e-05	0	1.084194417421198e-05
659	-0.105	0.001325	-0.105	1.084198753814966e-05	0	1.084198753814966e-05
660	-0.105	0.001325	-0.135	1.084504555843417e-05	0	1.084504555843417e-05
661	-0.075	0.001325	0.135	1.084500868557427e-05	0	1.084500868557427e-05
662	-0.075	0.001325	0.105	1.084194417445568e-05	0	1.084194417445568e-05
663	-0.075	0.001325	0.075	1.084189716796674e-05	0	1.084189716796674e-05
664	-0.075	0.001325	0.045	1.084188722584926e-05	0	1.084188722584926e-05
665	-0.075	0.001325	0.015	1.084188473047376e-05	0	1.084188473047376e-05
666	-0.075	0.001325	-0.015	1.084188473047976e-05	0	1.084188473047976e-05
667	-0.075	0.001325	-0.045	1.08418872256888e-05	0	1.08418872256888e-05
668	-0.075	0.001325	-0.075	1.08418971677432e-05	0	1.08418971677432e-05
669	-0.075	0.001325	-0.105	1.084194417421588e-05	0	1.084194417421588e-05
670	-0.075	0.001325	-0.135	1.08450086853529e-05	0	1.08450086853529e-05
671	-0.045	0.001325	0.135	1.084499969359283e-05	0	1.084499969359283e-05
672	-0.045	0.001325	0.105	1.08419352514637e-05	0	1.08419352514637e-05
673	-0.045	0.001325	0.075	1.084188722571845e-05	0	1.084188722571845e-05
674	-0.045	0.001325	0.045	1.084187685090054e-05	0	1.084187685090054e-05
675	-0.045	0.001325	0.015	1.084187420411676e-05	0	1.084187420411676e-05
676	-0.045	0.001325	-0.015	1.084187420412794e-05	0	1.084187420412794e-05
677	-0.045	0.001325	-0.045	1.084187685097724e-05	0	1.084187685097724e-05
678	-0.045	0.001325	-0.075	1.084188722625868e-05	0	1.084188722625868e-05
679	-0.045	0.001325	-0.105	1.084193525185738e-05	0	1.084193525185738e-05
680	-0.045	0.001325	-0.135	1.084499969360349e-05	0	1.084499969360349e-05
681	-0.015	0.001325	0.135	1.084499714540772e-05	0	1.084499714540772e-05
682	-0.015	0.001325	0.105	1.08419330419618e-05	0	1.08419330419618e-05
683	-0.015	0.001325	0.075	1.084188473055e-05	0	1.084188473055e-05
684	-0.015	0.001325	0.045	1.08418742038537e-05	0	1.08418742038537e-05
685	-0.015	0.001325	0.015	1.084187149672323e-05	0	1.084187149672323e-05
686	-0.015	0.001325	-0.015	1.084187149660055e-05	0	1.084187149660055e-05
687	-0.015	0.001325	-0.045	1.084187420426145e-05	0	1.084187420426145e-05
688	-0.015	0.001325	-0.075	1.084188473089796e-05	0	1.084188473089796e-05
689	-0.015	0.001325	-0.105	1.084193304197153e-05	0	1.084193304197153e-05
690	-0.015	0.001325	-0.135	1.084499714528703e-05	0	1.084499714528703e-05
691	0.015	0.001325	0.135	1.084499714508645e-05	0	1.084499714508645e-05
692	0.015	0.001325	0.105	1.084193304152177e-05	0	1.084193304152177e-05
693	0.015	0.001325	0.075	1.08418847303318e-05	0	1.08418847303318e-05
694	0.015	0.001325	0.045	1.084187420401303e-05	0	1.084187420401303e-05
695	0.015	0.001325	0.015	1.084187149682358e-05	0	1.084187149682358e-05
696	0.015	0.001325	-0.015	1.084187149652899e-05	0	1.084187149652899e-05
697	0.015	0.001325	-0.045	1.084187420463804e-05	0	1.084187420463804e-05
698	0.015	0.001325	-0.075	1.084188473079664e-05	0	1.084188473079664e-05
699	0.015	0.001325	-0.105	1.084193304209767e-05	0	1.084193304209767e-05
700	0.015	0.001325	-0.135	1.084499714564828e-05	0	1.084499714564828e-05
701	0.045	0.001325	0.135	1.084499969377947e-05	0	1.084499969377947e-05
702	0.045	0.001325	0.105	1.084193525210837e-05	0	1.084193525210837e-05
703	0.045	0.001325	0.075	1.08418872256734e-05	0	1.08418872256734e-05
704	0.045	0.001325	0.045	1.084187685091375e-05	0	1.084187685091375e-05
705	0.045	0.001325	0.015	1.084187420422834e-05	0	1.084187420422834e-05
706	0.045	0.001325	-0.015	1.084187420390518e-05	0	1.084187420390518e-05
707	0.045	0.001325	-0.045	1.084187685067596e-05	0	1.084187685067596e-05
708	0.045	0.001325	-0.075	1.084188722550224e-05	0	1.084188722550224e-05
709	0.045	0.001325	-0.105	1.084193525203679e-05	0	1.084193525203679e-05
710	0.045	0.001325	-0.135	1.084499969438619e-05	0	1.084499969438619e-05
711	0.075	0.001325	0.135	1.084500868613857e-05	0	1.084500868613857e-05
712	0.075	0.001325	0.105	1.084194417447441e-05	0	1.084194417447441e-05
713	0.075	0.001325	0.075	1.084189716799257e-05	0	1.084189716799257e-05
714	0.075	0.001325	0.045	1.084188722584941e-05	0	1.084188722584941e-05
715	0.075	0.001325	0.015	1.084188473102069e-05	0	1.084188473102069e-05
716	0.075	0.001325	-0.015	1.084188473038801e-05	0	1.084188473038801e-05
717	0.075	0.001325	-0.045	1.084188722546759e-05	0	1.084188722546759e-05
718	0.075	0.001325	-0.075	1.084189716772475e-05	0	1.084189716772475e-05
719	0.075	0.001325	-0.105	1.084194417474816e-05	0	1.084194417474816e-05
720	0.075	0.001325	-0.135	1.084500868655579e-05	0	1.084500868655579e-05
721	0.105	0.001325	0.135	1.084504556070347e-05	0	1.084504556070347e-05
722	0.105	0.001325	0.105	1.084198753844421e-05	0	1.084198753844421e-05
723	0.105	0.001325	0.075	1.084194417482877e-05	0	1.084194417482877e-05
724	0.105	0.001325	0.045	1.08419352517063e-05	0	1.08419352517063e-05
725	0.105	0.001325	0.015	1.084193304212162e-05	0	1.084193304212162e-05
726	0.105	0.001325	-0.015	1.084193304207978e-05	0	1.084193304207978e-05
727	0.105	0.001325	-0.045	1.084193525175373e-05	0	1.084193525175373e-05
728	0.105	0.001325	-0.075	1.08419441748385e-05	0	1.08419441748385e-05
729	0.105	0.001325	-0.105	1.084198753967133e-05	0	1.084198753967133e-05
730	0.105	0.001325	-0.135	1.084504556089532e-05	0	1.084504556089532e-05
731	0.135	0.001325	0.135	1.084785828669122e-05	0	1.084785828669122e-05
732	0.135	0.001325	0.105	1.084504555955107e-05	0	1.084504555955107e-05
733	0.135	0.001325	0.075	1.084500868579578e-05	0	1.084500868579578e-05
734	0.135	0.001325	0.045	1.084499969385843e-05	0	1.084499969385843e-05
735	0.135	0.001325	0.015	1.084499714599767e-05	0	1.084499714599767e-05
736	0.135	0.001325	-0.015	1.084499714524069e-05	0	1.084499714524069e-05
737	0.135	0.001325	-0.045	1.08449996937152e-05	0	1.08449996937152e-05
738	0.135	0.001325	-0.075	1.08450086858319e-05	0	1.08450086858319e-05
739	0.135	0.001325	-0.105	1.084504556028137e-05	0	1.084504556028137e-05
740	0.135	0.001325	-0.135	1.084785828661982e-05	0	1.084785828661982e-05
741	-0.135	-0.001325	-0.135	-1.084785828760432e-05	0	-1.084785828760432e-05
742	-0.135	-0.001325	-0.105	-1.084504556053332e-05	0	-1.084504556053332e-05
743	-0.135	-0.001325	-0.075	-1.084500868617177e-05	0	-1.084500868617177e-05
744	-0.135	-0.001325	-0.045	-1.084499969402367e-05	0	-1.084499969402367e-05
745	-0.135	-0.001325	-0.015	-1.08449971457702e-05	0	-1.08449971457702e-05
746	-0.135	-0.001325	0.015	-1.084499714473909e-05	0	-1.084499714473909e-05
747	-0.135	-0.001325	0.045	-1.084499969402377e-05	0	-1.084499969402377e-05
748	-0.135	-0.001325	0.075	-1.084500868638324e-05	0	-1.084500868638324e-05
749	-0.135	-0.001325	0.105	-1.084504556064406e-05	0	-1.084504556064406e-05
750	-0.135	-0.001325	0.135	-1.084785828741382e-05	0	-1.084785828741382e-05
751	-0.105	-0.001325	-0.135	-1.084504555930387e-05	0	-1.084504555930387e-05
752	-0.105	-0.001325	-0.105	-1.084198753880434e-05	0	-1.084198753880434e-05
753	-0.105	-0.001325	-0.075	-1.08419441746247e-05	0	-1.08419441746247e-05
754	-0.105	-0.001325	-0.045	-1.084193525192979e-05	0	-1.084193525192979e-05
755	-0.105	-0.001325	-0.015	-1.084193304193872e-05	0	-1.084193304193872e-05
756	-0.105	-0.001325	0.015	-1.084193304180994e-05	0	-1.084193304180994e-05
757	-0.105	-0.001325	0.045	-1.084193525203348e-05	0	-1.084193525203348e-05
758	-0.105	-0.001325	0.075	-1.084194417430529e-05	0	-1.084194417430529e-05
759	-0.105	-0.001325	0.105	-1.084198753847548e-05	0	-1.084198753847548e-05
760	-0.105	-0.001325	0.135	-1.084504555978752e-05	0	-1.084504555978752e-05
761	-0.075	-0.001325	-0.135	-1.084500868534139e-05	0	-1.084500868534139e-05
762	-0.075	-0.001325	-0.105	-1.084194417450371e-05	0	-1.084194417450371e-05
763	-0.075	-0.001325	-0.075	-1.084189716804265e-05	0	-1.084189716804265e-05
764	-0.075	-0.001325	-0.045	-1.084188722554702e-05	0	-1.084188722554702e-05
765	-0.075	-0.001325	-0.015	-1.0841884730298e-05	0	-1.0841884730298e-05
766	-0.075	-0.001325	0.015	-1.084188473018743e-05	0	-1.084188473018743e-05
767	-0.075	-0.001325	0.045	-1.084188722555971e-05	0	-1.084188722555971e-05
768	-0.075	-0.001325	0.075	-1.084189716780206e-05	0	-1.084189716780206e-05
769	-0.075	-0.001325	0.105	-1.084194417456838e-05	0	-1.084194417456838e-05
770	-0.075	-0.001325	0.135	-1.084500868602359e-05	0	-1.084500868602359e-05
771	-0.045	-0.001325	-0.135	-1.084499969350956e-05	0	-1.084499969350956e-05
772	-0.045	-0.001325	-0.105	-1.084193525176884e-05	0	-1.084193525176884e-05
773	-0.045	-0.001325	-0.075	-1.084188722566151e-05	0	-1.084188722566151e-05
774	-0.045	-0.001325	-0.045	-1.08418768506846e-05	0	-1.08418768506846e-05
775	-0.045	-0.001325	-0.015	-1.084187420377287e-05	0	-1.084187420377287e-05
776	-0.045	-0.001325	0.015	-1.084187420410202e-05	0	-1.084187420410202e-05
777	-0.045	-0.001325	0.045	-1.084187685101549e-05	0	-1.084187685101549e-05
778	-0.045	-0.001325	0.075	-1.084188722585522e-05	0	-1.084188722585522e-05
779	-0.045	-0.001325	0.105	-1.084193525234007e-05	0	-1.084193525234007e-05
780	-0.045	-0.001325	0.135	-1.084499969411908e-05	0	-1.084499969411908e-05
781	-0.015	-0.001325	-0.135	-1.08449971449601e-05	0	-1.08449971449601e-05
782	-0.015	-0.001325	-0.105	-1.084193304203621e-05	0	-1.084193304203621e-05
783	-0.015	-0.001325	-0.075	-1.084188473016809e-05	0	-1.084188473016809e-05
784	-0.015	-0.001325	-0.045	-1.084187420389129e-05	0	-1.084187420389129e-05
785	-0.015	-0.001325	-0.015	-1.084187149660826e-05	0	-1.084187149660826e-05
786	-0.015	-0.001325	0.015	-1.084187149655004e-05	0	-1.084187149655004e-05
787	-0.015	-0.001325	0.045	-1.084187420393424e-05	0	-1.084187420393424e-05
788	-0.015	-0.001325	0.075	-1.084188473069119e-05	0	-1.084188473069119e-05
789	-0.015	-0.001325	0.105	-1.084193304162094e-05	0	-1.084193304162094e-05
790	-0.015	-0.001325	0.135	-1.084499714537059e-05	0	-1.084499714537059e-05
791	0.015	-0.001325	-0.135	-1.084499714502519e-05	0	-1.084499714502519e-05
792	0.015	-0.001325	-0.105	-1.084193304162568e-05	0	-1.084193304162568e-05
793	0.015	-0.001325	-0.075	-1.084188473025821e-05	0	-1.084188473025821e-05
794	0.015	-0.001325	-0.045	-1.084187420378755e-05	0	-1.084187420378755e-05
795	0.015	-0.001325	-0.015	-1.084187149662398e-05	0	-1.084187149662398e-05
796	0.015	-0.001325	0.015	-1.084187149636754e-05	0	-1.084187149636754e-05
797	0.015	-0.001325	0.045	-1.084187420425633e-05	0	-1.084187420425633e-05
798	0.015	-0.001325	0.075	-1.084188473058728e-05	0	-1.084188473058728e-05
799	0.015	-0.001325	0.105	-1.084193304206421e-05	0	-1.084193304206421e-05
800	0.015	-0.001325	0.135	-1.084499714521181e-05	0	-1.084499714521181e-05
801	0.045	-0.001325	-0.135	-1.084499969387426e-05	0	-1.084499969387426e-05
802	0.045	-0.001325	-0.105	-1.084193525201614e-05	0	-1.084193525201614e-05
803	0.045	-0.001325	-0.075	-1.08418872255027e-05	0	-1.08418872255027e-05
804	0.045	-0.001325	-0.045	-1.084187685096093e-05	0	-1.084187685096093e-05
805	0.045	-0.001325	-0.015	-1.08418742041943e-05	0	-1.08418742041943e-05
806	0.045	-0.001325	0.015	-1.084187420389052e-05	0	-1.084187420389052e-05
807	0.045	-0.001325	0.045	-1.084187685061851e-05	0	-1.084187685061851e-05
808	0.045	-0.001325	0.075	-1.084188722549289e-05	0	-1.084188722549289e-05
809	0.045	-0.001325	0.105	-1.084193525236771e-05	0	-1.084193525236771e-05
810	0.045	-0.001325	0.135	-1.084499969415666e-05	0	-1.084499969415666e-05
811	0.075	-0.001325	-0.135	-1.084500868656642e-05	0	-1.084500868656642e-05
812	0.075	-0.001325	-0.105	-1.084194417443005e-05	0	-1.084194417443005e-05
813	0.075	-0.001325	-0.075	-1.084189716800629e-05	0	-1.084189716800629e-05
814	0.075	-0.001325	-0.045	-1.0841887225784e-05	0	-1.0841887225784e-05
815	0.075	-0.001325	-0.015	-1.084188473075062e-05	0	-1.084188473075062e-05
816	0.075	-0.001325	0.015	-1.084188473037102e-05	0	-1.084188473037102e-05
817	0.075	-0.001325	0.045	-1.084188722520765e-05	0	-1.084188722520765e-05
818	0.075	-0.001325	0.075	-1.084189716776449e-05	0	-1.084189716776449e-05
819	0.075	-0.001325	0.105	-1.084194417479536e-05	0	-1.084194417479536e-05
820	0.075	-0.001325	0.135	-1.084500868611447e-05	0	-1.084500868611447e-05
821	0.105	-0.001325	-0.135	-1.084504556061869e-05	0	-1.084504556061869e-05
822	0.105	-0.001325	-0.105	-1.084198753867842e-05	0	-1.084198753867842e-05
823	0.105	-0.001325	-0.075	-1.084194417478705e-05	0	-1.084194417478705e-05
824	0.105	-0.001325	-0.045	-1.084193525219245e-05	0	-1.084193525219245e-05
825	0.105	-0.001325	-0.015	-1.084193304191593e-05	0	-1.084193304191593e-05
826	0.105	-0.001325	0.015	-1.084193304184505e-05	0	-1.084193304184505e-05
827	0.105	-0.001325	0.045	-1.084193525218499e-05	0	-1.084193525218499e-05
828	0.105	-0.001325	0.075	-1.084194417497071e-05	0	-1.084194417497071e-05
829	0.105	-0.001325	0.105	-1.084198753897307e-05	0	-1.084198753897307e-05
830	0.105	-0.001325	0.135	-1.084504556102105e-05	0	-1.084504556102105e-05
831	0.135	-0.001325	-0.135	-1.084785828677259e-05	0	-1.084785828677259e-05
832	0.135	-0.001325	-0.105	-1.084504555920712e-05	0	-1.084504555920712e-05
833	0.135	-0.001325	-0.075	-1.084500868540861e-05	0	-1.084500868540861e-05
834	0.135	-0.001325	-0.045	-1.084499969369023e-05	0	-1.084499969369023e-05
835	0.135	-0.001325	-0.015	-1.08449971455814e-05	0	-1.08449971455814e-05
836	0.135	-0.001325	0.015	-1.084499714508397e-05	0	-1.084499714508397e-05
837	0.135	-0.001325	0.045	-1.084499969388305e-05	0	-1.084499969388305e-05
838	0.135	-0.001325	0.075	-1.084500868650834e-05	0	-1.084500868650834e-05
839	0.135	-0.001325	0.105	-1.084504555997065e-05	0	-1.084504555997065e-05
840	0.135	-0.001325	0.135	-1.084785828676937e-05	0	-1.084785828676937e-05
841	-0.135	0.000125	0.135	9.756532930808208e-05	0	9.756532930808208e-05
842	-0.135	0.000125	0.105	9.757069484373323e-05	0	9.757069484373323e-05
843	-0.135	0.000125	0.075	9.757076471607619e-05	0	9.757076471607619e-05
844	-0.135	0.000125	0.045	9.757078179832271e-05	0	9.757078179832271e-05
845	-0.135	0.000125	0.015	9.757078664262704e-05	0	9.757078664262704e-05
846	-0.135	0.000125	-0.015	9.757078664266033e-05	0	9.757078664266033e-05
847	-0.135	0.000125	-0.045	9.757078179834968e-05	0	9.757078179834968e-05
848	-0.135	0.000125	-0.075	9.757076471611704e-05	0	9.757076471611704e-05
849	-0.135	0.000125	-0.105	9.757069484375705e-05	0	9.757069484375705e-05
850	-0.135	0.000125	-0.135	9.756532930807941e-05	0	9.756532930807941e-05
851	-0.105	0.000125	0.135	9.757069484374096e-05	0	9.757069484374096e-05
852	-0.105	0.000125	0.105	9.757652711842606e-05	0	9.757652711842606e-05
853	-0.105	0.000125	0.075	9.757660925112923e-05	0	9.757660925112923e-05
854	-0.105	0.000125	0.045	9.75766261812699e-05	0	9.75766261812699e-05
855	-0.105	0.000125	0.015	9.757663037559366e-05	0	9.757663037559366e-05
856	-0.105	0.000125	-0.015	9.757663037560403e-05	0	9.757663037560403e-05
857	-0.105	0.000125	-0.045	9.757662618127699e-05	0	9.757662618127699e-05
858	-0.105	0.000125	-0.075	9.757660925112731e-05	0	9.757660925112731e-05
859	-0.105	0.000125	-0.105	9.757652711842542e-05	0	9.757652711842542e-05
860	-0.105	0.000125	-0.135	9.757069484372034e-05	0	9.757069484372034e-05
861	-0.075	0.000125	0.135	9.757076471610247e-05	0	9.757076471610247e-05
862	-0.075	0.000125	0.105	9.757660925113316e-05	0	9.757660925113316e-05
863	-0.075	0.000125	0.075	9.757669829757524e-05	0	9.757669829757524e-05
864	-0.075	0.000125	0.045	9.757671716467019e-05	0	9.757671716467019e-05
865	-0.075	0.000125	0.015	9.757672189985728e-05	0	9.757672189985728e-05
866	-0.075	0.000125	-0.015	9.757672189986388e-05	0	9.757672189986388e-05
867	-0.075	0.000125	-0.045	9.757671716468109e-05	0	9.757671716468109e-05
868	-0.075	0.000125	-0.075	9.757669829757814e-05	0	9.757669829757814e-05
869	-0.075	0.000125	-0.105	9.757660925112217e-05	0	9.757660925112217e-05
870	-0.075	0.000125	-0.135	9.757076471606628e-05	0	9.757076471606628e-05
871	-0.045	0.000125	0.135	9.757078179833644e-05	0	9.757078179833644e-05
872	-0.045	0.000125	0.105	9.757662618128058e-05	0	9.757662618128058e-05
873	-0.045	0.000125	0.075	9.757671716469009e-05	0	9.757671716469009e-05
874	-0.045	0.000125	0.045	9.757673685285419e-05	0	9.757673685285419e-05
875	-0.045	0.000125	0.015	9.757674187526619e-05	0	9.757674187526619e-05
876	-0.045	0.000125	-0.015	9.757674187526406e-05	0	9.757674187526406e-05
877	-0.045	0.000125	-0.045	9.757673685284205e-05	0	9.757673685284205e-05
878	-0.045	0.000125	-0.075	9.757671716468364e-05	0	9.757671716468364e-05
879	-0.045	0.000125	-0.105	9.757662618126567e-05	0	9.757662618126567e-05
880	-0.045	0.000125	-0.135	9.75707817983124e-05	0	9.75707817983124e-05
881	-0.015	0.000125	0.135	9.757078664264961e-05	0	9.757078664264961e-05
882	-0.015	0.000125	0.105	9.757663037560989e-05	0	9.757663037560989e-05
883	-0.015	0.000125	0.075	9.757672189987868e-05	0	9.757672189987868e-05
884	-0.015	0.000125	0.045	9.757674187525885e-05	0	9.757674187525885e-05
885	-0.015	0.000125	0.015	9.757674701334467e-05	0	9.757674701334467e-05
886	-0.015	0.000125	-0.015	9.757674701334363e-05	0	9.757674701334363e-05
887	-0.015	0.000125	-0.045	9.757674187526328e-05	0	9.757674187526328e-05
888	-0.015	0.000125	-0.075	9.757672189987182e-05	0	9.757672189987182e-05
889	-0.015	0.000125	-0.105	9.757663037561656e-05	0	9.757663037561656e-05
890	-0.015	0.000125	-0.135	9.757078664262414e-05	0	9.757078664262414e-05
891	0.015	0.000125	0.135	9.757078664261948e-05	0	9.757078664261948e-05
892	0.015	0.000125	0.105	9.757663037560189e-05	0	9.757663037560189e-05
893	0.015	0.000125	0.075	9.757672189986576e-05	0	9.757672189986576e-05
894	0.015	0.000125	0.045	9.757674187526958e-05	0	9.757674187526958e-05
895	0.015	0.000125	0.015	9.75767470133467e-05	0	9.75767470133467e-05
896	0.015	0.000125	-0.015	9.757674701334425e-05	0	9.757674701334425e-05
897	0.015	0.000125	-0.045	9.757674187528453e-05	0	9.757674187528453e-05
898	0.015	0.000125	-0.075	9.757672189987727e-05	0	9.757672189987727e-05
899	0.015	0.000125	-0.105	9.757663037560424e-05	0	9.757663037560424e-05
900	0.015	0.000125	-0.135	9.757078664264766e-05	0	9.757078664264766e-05
901	0.045	0.000125	0.135	9.757078179832091e-05	0	9.757078179832091e-05
902	0.045	0.000125	0.105	9.757662618128256e-05	0	9.757662618128256e-05
903	0.045	0.000125	0.075	9.757671716466808e-05	0	9.757671716466808e-05
904	0.045	0.000125	0.045	9.757673685284533e-05	0	9.757673685284533e-05
905	0.045	0.000125	0.015	9.757674187527489e-05	0	9.757674187527489e-05
906	0.045	0.000125	-0.015	9.757674187526559e-05	0	9.757674187526559e-05
907	0.045	0.000125	-0.045	9.757673685284186e-05	0	9.757673685284186e-05
908	0.045	0.000125	-0.075	9.757671716468432e-05	0	9.757671716468432e-05
909	0.045	0.000125	-0.105	9.757662618128478e-05	0	9.757662618128478e-05
910	0.045	0.000125	-0.135	9.757078179833607e-05	0	9.757078179833607e-05
911	0.075	0.000125	0.135	9.757076471608962e-05	0	9.757076471608962e-05
912	0.075	0.000125	0.105	9.757660925112949e-05	0	9.757660925112949e-05
913	0.075	0.000125	0.075	9.7576698297576e-05	0	9.7576698297576e-05
914	0.075	0.000125	0.045	9.757671716467842e-05	0	9.757671716467842e-05
915	0.075	0.000125	0.015	9.757672189988005e-05	0	9.757672189988005e-05
916	0.075	0.000125	-0.015	9.757672189987219e-05	0	9.757672189987219e-05
917	0.075	0.000125	-0.045	9.757671716466647e-05	0	9.757671716466647e-05
918	0.075	0.000125	-0.075	9.757669829757713e-05	0	9.757669829757713e-05
919	0.075	0.000125	-0.105	9.757660925112739e-05	0	9.757660925112739e-05
920	0.075	0.000125	-0.135	9.757076471612508e-05	0	9.757076471612508e-05
921	0.105	0.000125	0.135	9.757069484377276e-05	0	9.757069484377276e-05
922	0.105	0.000125	0.105	9.757652711844311e-05	0	9.757652711844311e-05
923	0.105	0.000125	0.075	9.757660925114238e-05	0	9.757660925114238e-05
924	0.105	0.000125	0.045	9.757662618129222e-05	0	9.757662618129222e-05
925	0.105	0.000125	0.015	9.757663037562113e-05	0	9.757663037562113e-05
926	0.105	0.000125	-0.015	9.757663037561956e-05	0	9.757663037561956e-05
927	0.105	0.000125	-0.045	9.757662618128186e-05	0	9.757662618128186e-05
928	0.105	0.000125	-0.075	9.757660925114303e-05	0	9.757660925114303e-05
929	0.105	0.000125	-0.105	9.757652711845087e-05	0	9.757652711845087e-05
930	0.105	0.000125	-0.135	9.757069484378394e-05	0	9.757069484378394e-05
931	0.135	0.000125	0.135	9.756532930802836e-05	0	9.756532930802836e-05
932	0.135	0.000125	0.105	9.757069484373556e-05	0	9.757069484373556e-05
933	0.135	0.000125	0.075	9.757076471612537e-05	0	9.757076471612537e-05
934	0.135	0.000125	0.045	9.75707817983309e-05	0	9.75707817983309e-05
935	0.135	0.000125	0.015	9.757078664265544e-05	0	9.757078664265544e-05
936	0.135	0.000125	-0.015	9.757078664262863e-05	0	9.757078664262863e-05
937	0.135	0.000125	-0.045	9.757078179830917e-05	0	9.757078179830917e-05
938	0.135	0.000125	-0.075	9.757076471608863e-05	0	9.757076471608863e-05
939	0.135	0.000125	-0.105	9.757069484372851e-05	0	9.757069484372851e-05
940	0.135	0.000125	-0.135	9.756532930802394e-05	0	9.756532930802394e-05
941	-0.135	-0.000125	-0.135	-9.756532930807939e-05	0	-9.756532930807939e-05
942	-0.135	-0.000125	-0.105	-9.757069484375716e-05	0	-9.757069484375716e-05
943	-0.135	-0.000125	-0.075	-9.75707647161169e-05	0	-9.75707647161169e-05
944	-0.135	-0.000125	-0.045	-9.757078179834968e-05	0	-9.757078179834968e-05
945	-0.135	-0.000125	-0.015	-9.757078664266034e-05	0	-9.757078664266034e-05
946	-0.135	-0.000125	0.015	-9.757078664262689e-05	0	-9.757078664262689e-05
947	-0.135	-0.000125	0.045	-9.757078179832253e-05	0	-9.757078179832253e-05
948	-0.135	-0.000125	0.075	-9.75707647160761e-05	0	-9.75707647160761e-05
949	-0.135	-0.000125	0.105	-9.757069484372997e-05	0	-9.757069484372997e-05
950	-0.135	-0.000125	0.135	-9.756532930808203e-05	0	-9.756532930808203e-05
951	-0.105	-0.000125	-0.135	-9.757069484372027e-05	0	-9.757069484372027e-05
952	-0.105	-0.000125	-0.105	-9.757652711842544e-05	0	-9.757652711842544e-05
953	-0.105	-0.000125	-0.075	-9.757660925112741e-05	0	-9.757660925112741e-05
954	-0.105	-0.000125	-0.045	-9.757662618127701e-05	0	-9.757662618127701e-05
955	-0.105	-0.000125	-0.015	-9.757663037560408e-05	0	-9.757663037560408e-05
956	-0.105	-0.000125	0.015	-9.75766303755936e-05	0	-9.75766303755936e-05
957	-0.105	-0.000125	0.045	-9.757662618126991e-05	0	-9.757662618126991e-05
958	-0.105	-0.000125	0.075	-9.757660925112912e-05	0	-9.757660925112912e-05
959	-0.105	-0.000125	0.105	-9.75765271184261e-05	0	-9.75765271184261e-05
960	-0.105	-0.000125	0.135	-9.757069484374088e-05	0	-9.757069484374088e-05
961	-0.075	-0.000125	-0.135	-9.757076471606627e-05	0	-9.757076471606627e-05
962	-0.075	-0.000125	-0.105	-9.757660925112226e-05	0	-9.757660925112226e-05
963	-0.075	-0.000125	-0.075	-9.757669829757803e-05	0	-9.757669829757803e-05
964	-0.075	-0.000125	-0.045	-9.757671716468116e-05	0	-9.757671716468116e-05
965	-0.075	-0.000125	-0.015	-9.757672189986376e-05	0	-9.757672189986376e-05
966	-0.075	-0.000125	0.015	-9.757672189985729e-05	0	-9.757672189985729e-05
967	-0.075	-0.000125	0.045	-9.757671716467013e-05	0	-9.757671716467013e-05
968	-0.075	-0.000125	0.075	-9.757669829757501e-05	0	-9.757669829757501e-05
969	-0.075	-0.000125	0.105	-9.757660925113286e-05	0	-9.757660925113286e-05
970	-0.075	-0.000125	0.135	-9.757076471610247e-05	0	-9.757076471610247e-05
971	-0.045	-0.000125	-0.135	-9.757078179831245e-05	0	-9.757078179831245e-05
972	-0.045	-0.000125	-0.105	-9.757662618126571e-05	0	-9.757662618126571e-05
973	-0.045	-0.000125	-0.075	-9.757671716468364e-05	0	-9.757671716468364e-05
974	-0.045	-0.000125	-0.045	-9.757673685284219e-05	0	-9.757673685284219e-05
975	-0.045	-0.000125	-0.015	-9.757674187526405e-05	0	-9.757674187526405e-05
976	-0.045	-0.000125	0.015	-9.757674187526625e-05	0	-9.757674187526625e-05
977	-0.045	-0.000125	0.045	-9.757673685285421e-05	0	-9.757673685285421e-05
978	-0.045	-0.000125	0.075	-9.75767171646901e-05	0	-9.75767171646901e-05
979	-0.045	-0.000125	0.105	-9.757662618128087e-05	0	-9.757662618128087e-05
980	-0.045	-0.000125	0.135	-9.757078179833628e-05	0	-9.757078179833628e-05
981	-0.015	-0.000125	-0.135	-9.757078664262405e-05	0	-9.757078664262405e-05
982	-0.015	-0.000125	-0.105	-9.75766303756166e-05	0	-9.75766303756166e-05
983	-0.015	-0.000125	-0.075	-9.757672189987172e-05	0	-9.757672189987172e-05
984	-0.015	-0.000125	-0.045	-9.75767418752633e-05	0	-9.75767418752633e-05
985	-0.015	-0.000125	-0.015	-9.75767470133436e-05	0	-9.75767470133436e-05
986	-0.015	-0.000125	0.015	-9.757674701334458e-05	0	-9.757674701334458e-05
987	-0.015	-0.000125	0.045	-9.75767418752589e-05	0	-9.75767418752589e-05
988	-0.015	-0.000125	0.075	-9.757672189987881e-05	0	-9.757672189987881e-05
989	-0.015	-0.000125	0.105	-9.757663037561e-05	0	-9.757663037561e-05
990	-0.015	-0.000125	0.135	-9.757078664264945e-05	0	-9.757078664264945e-05
991	0.015	-0.000125	-0.135	-9.757078664264758e-05	0	-9.757078664264758e-05
992	0.015	-0.000125	-0.105	-9.757663037560414e-05	0	-9.757663037560414e-05
993	0.015	-0.000125	-0.075	-9.757672189987723e-05	0	-9.757672189987723e-05
994	0.015	-0.000125	-0.045	-9.757674187528455e-05	0	-9.757674187528455e-05
995	0.015	-0.000125	-0.015	-9.757674701334418e-05	0	-9.757674701334418e-05
996	0.015	-0.000125	0.015	-9.757674701334662e-05	0	-9.757674701334662e-05
997	0.015	-0.000125	0.045	-9.757674187526969e-05	0	-9.757674187526969e-05
998	0.015	-0.000125	0.075	-9.757672189986584e-05	0	-9.757672189986584e-05
999	0.015	-0.000125	0.105	-9.757663037560191e-05	0	-9.757663037560191e-05
1000	0.015	-0.000125	0.135	-9.757078664261947e-05	0	-9.757078664261947e-05
1001	0.045	-0.000125	-0.135	-9.75707817983361e-05	0	-9.75707817983361e-05
1002	0.045	-0.000125	-0.105	-9.757662618128457e-05	0	-9.757662618128457e-05
1003	0.045	-0.000125	-0.075	-9.757671716468414e-05	0	-9.757671716468414e-05
1004	0.045	-0.000125	-0.045	-9.757673685284201e-05	0	-9.757673685284201e-05
1005	0.045	-0.000125	-0.015	-9.757674187526559e-05	0	-9.757674187526559e-05
1006	0.045	-0.000125	0.015	-9.757674187527507e-05	0	-9.757674187527507e-05
1007	0.045	-0.000125	0.045	-9.757673685284524e-05	0	-9.757673685284524e-05
1008	0.045	-0.000125	0.075	-9.7576717164668e-05	0	-9.7576717164668e-05
1009	0.045	-0.000125	0.105	-9.757662618128253e-05	0	-9.757662618128253e-05
1010	0.045	-0.000125	0.135	-9.757078179832094e-05	0	-9.757078179832094e-05
1011	0.075	-0.000125	-0.135	-9.757076471612514e-05	0	-9.757076471612514e-05
1012	0.075	-0.000125	-0.105	-9.757660925112767e-05	0	-9.757660925112767e-05
1013	0.075	-0.000125	-0.075	-9.757669829757714e-05	0	-9.757669829757714e-05
1014	0.075	-0.000125	-0.045	-9.757671716466656e-05	0	-9.757671716466656e-05
1015	0.075	-0.000125	-0.015	-9.75767218998722e-05	0	-9.75767218998722e-05
1016	0.075	-0.000125	0.015	-9.757672189988005e-05	0	-9.757672189988005e-05
1017	0.075	-0.000125	0.045	-9.757671716467845e-05	0	-9.757671716467845e-05
1018	0.075	-0.000125	0.075	-9.757669829757589e-05	0	-9.757669829757589e-05
1019	0.075	-0.000125	0.105	-9.757660925112954e-05	0	-9.757660925112954e-05
1020	0.075	-0.000125	0.135	-9.757076471608966e-05	0	-9.757076471608966e-05
1021	0.105	-0.000125	-0.135	-9.757069484378389e-05	0	-9.757069484378389e-05
1022	0.105	-0.000125	-0.105	-9.757652711845087e-05	0	-9.757652711845087e-05
1023	0.105	-0.000125	-0.075	-9.757660925114288e-05	0	-9.757660925114288e-05
1024	0.105	-0.000125	-0.045	-9.757662618128207e-05	0	-9.757662618128207e-05
1025	0.105	-0.000125	-0.015	-9.757663037561963e-05	0	-9.757663037561963e-05
1026	0.105	-0.000125	0.015	-9.757663037562112e-05	0	-9.757663037562112e-05
1027	0.105	-0.000125	0.045	-9.757662618129214e-05	0	-9.757662618129214e-05
1028	0.105	-0.000125	0.075	-9.757660925114247e-05	0	-9.757660925114247e-05
1029	0.105	-0.000125	0.105	-9.757652711844322e-05	0	-9.757652711844322e-05
1030	0.105	-0.000125	0.135	-9.75706948437726e-05	0	-9.75706948437726e-05
1031	0.135	-0.000125	-0.135	-9.756532930802386e-05	0	-9.756532930802386e-05
1032	0.135	-0.000125	-0.105	-9.757069484373159e-05	0	-9.757069484373159e-05
1033	0.135	-0.000125	-0.075	-9.757076471608871e-05	0	-9.757076471608871e-05
1034	0.135	-0.000125	-0.045	-9.757078179830924e-05	0	-9.757078179830924e-05
1035	0.135	-0.000125	-0.015	-9.757078664262867e-05	0	-9.757078664262867e-05
1036	0.135	-0.000125	0.015	-9.757078664265533e-05	0	-9.757078664265533e-05
1037	0.135	-0.000125	0.045	-9.757078179833091e-05	0	-9.757078179833091e-05
1038	0.135	-0.000125	0.075	-9.757076471612529e-05	0	-9.757076471612529e-05
1039	0.135	-0.000125	0.105	-9.757069484373534e-05	0	-9.757069484373534e-05
1040	0.135	-0.000125	0.135	-9.756532930802817e-05	0	-9.756532930802817e-05
#NbSystemChargeZero	VSystemChargeZero
1041	4.7951e-11
