#Row	GivenPot	Error
1	0	3.69591e-08
2	0	2.94694e-08
3	0	1.84978e-07
4	0	3.67725e-07
5	0	1.5915e-07
6	0	9.42973e-08
7	0	1.31175e-07
8	0	2.52265e-07
9	0	1.85575e-07
10	0	2.60541e-07
11	0	1.61526e-08
12	0	1.72507e-07
13	0	1.39319e-07
14	0	1.90817e-07
15	0	1.34618e-07
16	0	1.97642e-08
17	0	1.06384e-07
18	0	1.63622e-07
19	0	9.74142e-08
20	0	4.94747e-08
21	3000	2.51612e-09
22	3000	3.82443e-10
23	3000	2.76941e-10
24	3000	1.71758e-09
25	3000	2.51885e-09
26	3000	9.75888e-10
27	3000	8.15362e-10
28	3000	3.16277e-09
29	3000	1.78034e-09
30	3000	4.22733e-09
31	-3000	1.18644e-09
32	-3000	5.74801e-10
33	-3000	6.88942e-10
34	-3000	1.29876e-09
35	-3000	3.20142e-10
36	-3000	4.89308e-10
37	-3000	1.31922e-09
38	-3000	2.9504e-09
39	-3000	7.86713e-10
40	-3000	2.74213e-09
41	0	6.6716e-09
42	0	2.39068e-07
43	0	3.94211e-08
44	0	3.54121e-08
45	0	6.17583e-08
46	0	6.91816e-08
47	0	1.57543e-07
48	0	2.45664e-07
49	0	1.80651e-07
50	0	1.1655e-07
51	0	4.23925e-08
52	0	1.74014e-07
53	0	1.01342e-07
54	0	2.63344e-08
55	0	4.45752e-08
56	0	2.14641e-09
57	0	2.53003e-08
58	0	1.9572e-07
59	0	3.47851e-07
60	0	2.35139e-07
61	0	7.82311e-08
62	0	3.21539e-07
63	0	4.2266e-08
64	0	2.12251e-07
65	0	3.22889e-08
66	0	1.70044e-07
67	0	2.26933e-07
68	0	6.55832e-08
69	0	4.1545e-08
70	0	1.13539e-07
71	0	1.49012e-07
72	0	1.45403e-07
73	0	1.05792e-08
74	0	7.75453e-08
75	0	1.44242e-07
76	0	2.23262e-07
77	0	3.1446e-08
78	0	2.50709e-07
79	0	2.04867e-07
80	0	1.19018e-07
81	3000	2.50566e-10
82	3000	4.15184e-10
83	3000	1.82945e-09
84	3000	1.89038e-09
85	3000	1.34196e-09
86	3000	1.65301e-09
87	3000	2.58751e-10
88	3000	9.3587e-10
89	3000	7.52152e-10
90	3000	2.21735e-09
91	-3000	5.41149e-11
92	-3000	1.79398e-09
93	-3000	1.65664e-09
94	-3000	2.27828e-10
95	-3000	1.56297e-09
96	-3000	1.77761e-09
97	-3000	2.08956e-09
98	-3000	2.33604e-09
99	-3000	1.30512e-10
100	-3000	1.46474e-09
101	0	6.14673e-08
102	0	5.326e-08
103	0	9.2361e-08
104	0	5.34601e-08
105	0	2.61572e-07
106	0	8.82665e-08
107	0	6.41155e-08
108	0	1.74414e-08
109	0	6.38044e-08
110	0	1.1314e-07
111	0	1.99303e-07
112	0	1.57976e-07
113	0	1.70985e-08
114	0	1.03226e-07
115	0	1.00179e-07
116	0	5.66074e-08
117	0	6.06253e-08
118	0	1.93298e-07
119	0	3.27711e-08
120	0	8.80931e-08
121	0	2.07026e-07
122	0	1.14317e-07
123	0	2.19953e-08
124	0	2.43182e-08
125	0	1.23352e-07
126	0	1.02943e-07
127	0	2.16455e-07
128	0	1.15579e-07
129	0	9.32343e-08
130	0	1.83729e-07
131	0	1.84457e-11
132	0	1.40125e-07
133	0	4.5275e-08
134	0	6.57105e-08
135	0	1.46255e-07
136	0	5.7864e-08
137	0	4.30213e-08
138	0	1.42234e-07
139	0	1.55098e-07
140	0	2.10628e-07
141	0	1.34853e-07
142	0	1.78758e-07
143	0	1.30551e-07
144	0	1.45039e-07
145	0	7.22189e-09
146	0	3.75116e-08
147	0	8.85396e-08
148	0	1.30848e-07
149	0	1.69073e-07
150	0	9.99301e-08
151	0	9.58846e-08
152	0	1.18055e-07
153	0	2.48298e-07
154	0	1.69513e-07
155	0	2.72137e-08
156	0	7.79464e-08
157	0	7.7062e-08
158	0	9.26984e-08
159	0	1.98376e-07
160	0	2.78402e-07
161	0	1.09431e-07
162	0	6.00836e-08
163	0	2.84674e-07
164	0	1.92634e-07
165	0	1.17276e-08
166	0	2.35673e-08
167	0	2.49822e-07
168	0	3.58168e-08
169	0	5.18734e-08
170	0	2.1081e-07
171	0	1.26729e-07
172	0	1.7668e-07
173	0	2.20995e-07
174	0	1.21919e-07
175	0	1.86097e-07
176	0	2.63416e-08
177	0	1.29686e-07
178	0	1.36158e-07
179	0	1.32511e-07
180	0	1.8211e-07
181	0	1.82095e-07
182	0	1.49707e-07
183	0	7.72791e-08
184	0	4.84506e-08
185	0	7.9183e-08
186	0	1.30197e-07
187	0	1.30214e-07
188	0	2.20254e-07
189	0	1.25344e-07
190	0	2.05956e-07
191	0	1.24645e-07
192	0	6.91616e-08
193	0	1.86146e-08
194	0	1.03518e-07
195	0	1.18953e-07
196	0	6.27077e-08
197	0	6.41084e-08
198	0	9.49868e-08
199	0	2.10704e-07
200	0	2.03053e-07
201	0	3.66272e-08
202	0	1.66954e-07
203	0	1.10483e-07
204	0	1.76187e-07
205	0	2.18216e-07
206	0	2.75028e-08
207	0	2.27315e-07
208	0	5.80607e-08
209	0	1.30197e-07
210	0	8.81647e-08
211	0	1.42492e-07
212	0	9.06293e-08
213	0	2.56159e-08
214	0	1.29499e-07
215	0	9.65086e-08
216	0	2.62954e-07
217	0	3.49034e-07
218	0	6.57909e-08
219	0	2.46471e-08
220	0	6.53139e-08
221	0	1.48912e-07
222	0	1.29447e-07
223	0	3.59838e-07
224	0	2.54913e-08
225	0	3.65379e-07
226	0	2.42357e-07
227	0	1.7083e-07
228	0	2.69772e-07
229	0	1.47784e-08
230	0	1.56092e-08
231	0	2.22381e-07
232	0	2.73905e-07
233	0	4.0618e-08
234	0	1.60311e-07
235	0	2.00879e-07
236	0	1.10873e-07
237	0	3.42425e-09
238	0	2.02823e-07
239	0	8.28086e-08
240	0	1.50141e-07
241	3000	4.17458e-10
242	3000	3.01952e-10
243	3000	1.68711e-09
244	3000	4.77667e-09
245	3000	4.6839e-10
246	3000	3.08773e-10
247	3000	1.74214e-09
248	3000	1.96906e-10
249	3000	9.64064e-11
250	3000	2.73621e-09
251	-3000	1.91039e-09
252	-3000	1.8731e-09
253	-3000	2.67028e-09
254	-3000	9.50422e-10
255	-3000	3.02634e-09
256	-3000	2.49565e-09
257	-3000	1.21281e-09
258	-3000	8.09905e-10
259	-3000	1.3024e-09
260	-3000	8.93579e-10
261	0	1.71705e-07
262	0	1.78279e-08
263	0	1.13616e-07
264	0	1.35913e-07
265	0	2.93237e-07
266	0	9.18062e-08
267	0	6.24123e-08
268	0	7.02003e-08
269	0	1.05058e-07
270	0	1.56184e-07
271	0	7.23194e-08
272	0	1.07144e-07
273	0	8.54197e-08
274	0	1.345e-07
275	0	2.58005e-07
276	0	3.63437e-07
277	0	2.90729e-08
278	0	1.39506e-07
279	0	2.24691e-08
280	0	2.24813e-08
281	0	7.87689e-08
282	0	2.04578e-07
283	0	3.4499e-07
284	0	9.04924e-09
285	0	8.37686e-08
286	0	1.85137e-08
287	0	2.0675e-07
288	0	2.06368e-07
289	0	3.72529e-08
290	0	1.11759e-07
291	0	2.83815e-07
292	0	5.06452e-08
293	0	2.68401e-07
294	0	1.29033e-07
295	0	9.30736e-08
296	0	2.30011e-07
297	0	9.09076e-08
298	0	1.70112e-07
299	0	9.90112e-08
300	0	2.07685e-07
301	3000	3.64071e-09
302	3000	3.075e-09
303	3000	4.56794e-09
304	3000	5.8435e-10
305	3000	5.4888e-10
306	3000	2.63299e-10
307	3000	7.48969e-10
308	3000	4.47881e-09
309	3000	3.76485e-09
310	3000	1.93222e-09
311	-3000	8.85848e-10
312	-3000	1.63573e-09
313	-3000	2.20962e-09
314	-3000	1.3838e-09
315	-3000	1.94041e-09
316	-3000	1.24646e-09
317	-3000	2.28692e-09
318	-3000	1.40835e-09
319	-3000	2.33877e-09
320	-3000	6.36192e-10
321	0	1.92753e-07
322	0	6.12149e-08
323	0	2.30353e-07
324	0	1.56114e-07
325	0	2.2242e-07
326	0	1.59496e-07
327	0	6.01976e-08
328	0	3.80678e-07
329	0	1.86206e-07
330	0	2.14204e-07
331	0	1.30843e-07
332	0	1.19268e-07
333	0	2.29274e-07
334	0	1.35391e-07
335	0	1.15351e-07
336	0	3.38932e-08
337	0	6.49616e-08
338	0	2.53116e-07
339	0	9.73232e-08
340	0	8.84756e-08
341	0	4.03871e-07
342	0	4.4803e-07
343	0	1.08213e-07
344	0	5.98115e-07
345	0	1.16916e-07
346	0	6.15293e-08
347	0	6.75872e-07
348	0	9.34821e-08
349	0	6.00199e-07
350	0	1.20475e-06
351	0	5.73489e-07
352	0	1.14751e-06
353	0	3.29237e-08
354	0	5.64409e-07
355	0	7.84618e-07
356	0	4.96741e-07
357	0	6.7025e-07
358	0	2.41963e-07
359	0	3.3012e-07
360	0	3.91385e-07
361	0	5.63595e-07
362	0	3.67427e-07
363	0	2.06462e-07
364	0	2.85172e-07
365	0	2.94075e-07
366	0	3.02728e-07
367	0	3.24187e-07
368	0	5.70581e-07
369	0	2.78705e-07
370	0	4.08652e-07
371	0	1.17245e-07
372	0	5.89237e-07
373	0	1.22395e-07
374	0	2.76962e-07
375	0	7.98789e-08
376	0	1.7107e-07
377	0	3.75456e-07
378	0	2.80753e-07
379	0	2.45562e-07
380	0	3.48843e-07
381	0	1.083e-07
382	0	8.18296e-07
383	0	6.49339e-07
384	0	1.71617e-07
385	0	3.32204e-07
386	0	4.46423e-07
387	0	1.05818e-07
388	0	2.02969e-08
389	0	4.86213e-07
390	0	6.06883e-07
391	0	6.03026e-07
392	0	8.69015e-07
393	0	3.9644e-07
394	0	1.3896e-07
395	0	3.02671e-07
396	0	3.35269e-08
397	0	2.41507e-07
398	0	2.08233e-08
399	0	1.47169e-07
400	0	1.08476e-07
401	0	1.08869e-07
402	0	2.56598e-07
403	0	3.63778e-07
404	0	3.10576e-07
405	0	2.28869e-07
406	0	1.88053e-07
407	0	6.61364e-07
408	0	6.65102e-07
409	0	5.39944e-08
410	0	2.70686e-07
411	0	3.72887e-07
412	0	2.85734e-07
413	0	9.3341e-07
414	0	6.1955e-07
415	0	5.10688e-07
416	0	9.50553e-08
417	0	2.07711e-07
418	0	2.19081e-07
419	0	2.89252e-07
420	0	6.92471e-08
421	0	2.50956e-07
422	0	5.01821e-07
423	0	8.57677e-08
424	0	8.28476e-07
425	0	1.36339e-06
426	0	6.11165e-07
427	0	6.77347e-07
428	0	5.36237e-07
429	0	2.83719e-07
430	0	2.33456e-07
431	0	4.2756e-07
432	0	5.60113e-07
433	0	3.09772e-07
434	0	4.27863e-09
435	0	4.76532e-07
436	0	6.07828e-07
437	0	1.79411e-07
438	0	3.24062e-08
439	0	5.15167e-07
440	0	9.2946e-07
441	3000	4.23825e-10
442	3000	6.84395e-10
443	3000	1.95359e-09
444	3000	1.7485e-09
445	3000	1.25419e-09
446	3000	1.49612e-09
447	3000	4.73437e-09
448	3000	1.4893e-09
449	3000	1.49248e-09
450	3000	2.11776e-09
451	3000	2.96177e-09
452	3000	4.16549e-10
453	3000	1.7053e-09
454	3000	2.73485e-09
455	3000	1.25829e-09
456	3000	1.10322e-09
457	3000	3.36377e-09
458	3000	1.76988e-09
459	3000	4.27826e-09
460	3000	5.58884e-10
461	3000	3.41652e-09
462	3000	2.81352e-09
463	3000	1.51931e-09
464	3000	5.07953e-10
465	3000	9.86347e-10
466	3000	4.59477e-09
467	3000	2.60297e-09
468	3000	3.46063e-10
469	3000	8.94488e-10
470	3000	1.32331e-10
471	3000	1.49657e-09
472	3000	1.42018e-09
473	3000	4.71709e-09
474	3000	2.32421e-09
475	3000	1.47338e-09
476	3000	1.81581e-09
477	3000	2.92857e-09
478	3000	2.79306e-09
479	3000	1.12186e-09
480	3000	2.70347e-09
481	3000	8.45375e-10
482	3000	8.53561e-10
483	3000	6.83713e-09
484	3000	5.57975e-10
485	3000	4.50882e-09
486	3000	3.20961e-09
487	3000	5.36147e-10
488	3000	1.33787e-09
489	3000	1.8872e-10
490	3000	7.3851e-10
491	3000	3.23007e-09
492	3000	2.28601e-09
493	3000	3.82852e-09
494	3000	5.97083e-10
495	3000	2.65527e-09
496	3000	5.58839e-09
497	3000	4.7703e-09
498	3000	4.97494e-10
499	3000	8.17636e-10
500	3000	2.79306e-09
501	3000	2.62435e-09
502	3000	5.40922e-09
503	3000	5.13819e-09
504	3000	5.38375e-09
505	3000	2.35787e-09
506	3000	6.66205e-10
507	3000	2.66618e-09
508	3000	5.83441e-10
509	3000	2.7012e-09
510	3000	1.78852e-09
511	3000	1.41381e-09
512	3000	3.57932e-09
513	3000	5.10181e-09
514	3000	3.8558e-09
515	3000	2.66937e-10
516	3000	2.46928e-10
517	3000	5.44333e-10
518	3000	2.60115e-10
519	3000	9.54969e-11
520	3000	1.86492e-09
521	3000	1.77124e-09
522	3000	1.05092e-09
523	3000	1.40017e-09
524	3000	1.17825e-09
525	3000	3.80669e-09
526	3000	5.96174e-10
527	3000	3.69391e-09
528	3000	3.1423e-10
529	3000	7.85349e-10
530	3000	5.28553e-09
531	3000	1.11004e-09
532	3000	2.82716e-09
533	3000	9.33596e-10
534	3000	3.32739e-09
535	3000	1.37015e-09
536	3000	4.54293e-10
537	3000	1.20508e-10
538	3000	9.21318e-10
539	3000	8.30369e-10
540	3000	2.43654e-09
541	-3000	2.95404e-09
542	-3000	1.91312e-09
543	-3000	1.41245e-09
544	-3000	4.07363e-09
545	-3000	1.24919e-09
546	-3000	1.80535e-10
547	-3000	1.24237e-09
548	-3000	1.71713e-09
549	-3000	7.79892e-10
550	-3000	5.88898e-10
551	-3000	1.21372e-09
552	-3000	3.55658e-09
553	-3000	2.98314e-09
554	-3000	3.53566e-09
555	-3000	6.45741e-10
556	-3000	5.98448e-10
557	-3000	2.56523e-09
558	-3000	1.52431e-09
559	-3000	1.01227e-09
560	-3000	3.75667e-09
561	-3000	3.27418e-11
562	-3000	8.9176e-10
563	-3000	6.91671e-10
564	-3000	2.11185e-09
565	-3000	4.62205e-09
566	-3000	1.30012e-09
567	-3000	1.0732e-09
568	-3000	1.30694e-09
569	-3000	2.82671e-09
570	-3000	3.05317e-09
571	-3000	1.60708e-09
572	-3000	1.80398e-09
573	-3000	2.59888e-09
574	-3000	2.28147e-09
575	-3000	3.00133e-09
576	-3000	7.54426e-10
577	-3000	1.61299e-09
578	-3000	4.55702e-09
579	-3000	8.31733e-10
580	-3000	3.22416e-10
581	-3000	2.10548e-10
582	-3000	3.87899e-10
583	-3000	8.82665e-10
584	-3000	1.20508e-10
585	-3000	2.82353e-09
586	-3000	4.01951e-09
587	-3000	4.48836e-10
588	-3000	5.75119e-09
589	-3000	6.77574e-11
590	-3000	8.53561e-10
591	-3000	2.37378e-09
592	-3000	1.7103e-09
593	-3000	5.23869e-10
594	-3000	3.33421e-09
595	-3000	6.01494e-09
596	-3000	2.62253e-09
597	-3000	7.68523e-11
598	-3000	4.66798e-09
599	-3000	3.80305e-09
600	-3000	3.70846e-09
601	-3000	1.76897e-09
602	-3000	3.00361e-09
603	-3000	1.43973e-09
604	-3000	2.44381e-09
605	-3000	1.65846e-09
606	-3000	2.35332e-09
607	-3000	5.98857e-09
608	-3000	4.54429e-09
609	-3000	5.10727e-09
610	-3000	3.66117e-09
611	-3000	1.08093e-09
612	-3000	5.71163e-10
613	-3000	3.80169e-10
614	-3000	1.20099e-09
615	-3000	4.24279e-10
616	-3000	5.67979e-10
617	-3000	3.85671e-09
618	-3000	3.8176e-09
619	-3000	3.0318e-09
620	-3000	1.2501e-09
621	-3000	5.95355e-09
622	-3000	1.015e-09
623	-3000	8.19e-10
624	-3000	3.0991e-09
625	-3000	1.08275e-09
626	-3000	2.77805e-09
627	-3000	1.54023e-09
628	-3000	1.11459e-09
629	-3000	1.40972e-11
630	-3000	1.47656e-09
631	-3000	2.14141e-09
632	-3000	3.78805e-10
633	-3000	1.59116e-09
634	-3000	1.77806e-10
635	-3000	4.41105e-11
636	-3000	1.06184e-09
637	-3000	2.51066e-09
638	-3000	1.0391e-09
639	-3000	2.53249e-09
640	-3000	1.47384e-09
641	3000	8.34916e-10
642	3000	6.14818e-10
643	3000	1.27284e-09
644	3000	2.21871e-09
645	3000	1.31695e-09
646	3000	1.20644e-09
647	3000	4.51746e-09
648	3000	7.7398e-10
649	3000	9.79071e-10
650	3000	2.01044e-09
651	3000	3.39924e-09
652	3000	9.79526e-10
653	3000	1.63845e-09
654	3000	3.09774e-09
655	3000	9.49512e-10
656	3000	1.86947e-09
657	3000	3.06864e-09
658	3000	2.46291e-09
659	3000	3.35513e-09
660	3000	6.6666e-10
661	3000	3.43789e-09
662	3000	3.34057e-09
663	3000	1.03682e-09
664	3000	3.07864e-10
665	3000	1.57524e-09
666	3000	4.99949e-09
667	3000	1.90948e-09
668	3000	1.22327e-10
669	3000	4.97948e-10
670	3000	3.98359e-10
671	3000	7.25322e-10
672	3000	2.64208e-10
673	3000	5.0436e-09
674	3000	1.77261e-09
675	3000	1.36788e-09
676	3000	3.0841e-09
677	3000	2.93085e-09
678	3000	3.11093e-09
679	3000	1.38971e-09
680	3000	2.10912e-09
681	3000	1.05456e-09
682	3000	2.51475e-10
683	3000	6.10135e-09
684	3000	3.71529e-10
685	3000	3.96312e-09
686	3000	3.55931e-09
687	3000	9.65883e-10
688	3000	6.82121e-11
689	3000	1.97815e-10
690	3000	5.72982e-10
691	3000	3.69027e-09
692	3000	1.63573e-09
693	3000	4.3442e-09
694	3000	6.59384e-11
695	3000	2.69711e-09
696	3000	6.61339e-09
697	3000	4.37376e-09
698	3000	4.76575e-10
699	3000	1.53295e-09
700	3000	2.14322e-09
701	3000	2.59342e-09
702	3000	4.40514e-09
703	3000	5.5029e-09
704	3000	5.40012e-09
705	3000	2.95813e-09
706	3000	2.9695e-10
707	3000	2.33649e-09
708	3000	7.95808e-10
709	3000	2.98587e-09
710	3000	2.15596e-09
711	3000	1.47202e-09
712	3000	2.75531e-09
713	3000	4.08681e-09
714	3000	3.71483e-09
715	3000	6.82121e-12
716	3000	8.13998e-11
717	3000	2.55113e-10
718	3000	3.81988e-11
719	3000	3.50155e-10
720	3000	1.27693e-09
721	3000	2.09138e-09
722	3000	1.05456e-09
723	3000	6.87123e-10
724	3000	1.05092e-09
725	3000	3.61933e-09
726	3000	1.0964e-09
727	3000	3.89582e-09
728	3000	3.92902e-10
729	3000	1.15506e-10
730	3000	5.05179e-09
731	3000	1.44473e-09
732	3000	3.5584e-09
733	3000	6.80757e-10
734	3000	3.32557e-09
735	3000	1.33923e-09
736	3000	1.04546e-09
737	3000	2.89674e-10
738	3000	1.17006e-09
739	3000	1.11595e-09
740	3000	2.21507e-09
741	-3000	2.3183e-09
742	-3000	2.20052e-09
743	-3000	1.84673e-09
744	-3000	4.59249e-09
745	-3000	1.30012e-09
746	-3000	4.04725e-10
747	-3000	1.86401e-09
748	-3000	2.39743e-09
749	-3000	4.64297e-10
750	-3000	1.33696e-10
751	-3000	1.35151e-09
752	-3000	2.7967e-09
753	-3000	2.61389e-09
754	-3000	3.38832e-09
755	-3000	1.32832e-09
756	-3000	1.14596e-09
757	-3000	2.34104e-09
758	-3000	2.04727e-09
759	-3000	1.53113e-09
760	-3000	3.30601e-09
761	-3000	1.67802e-10
762	-3000	6.95309e-10
763	-3000	7.42602e-10
764	-3000	2.74349e-09
765	-3000	4.37922e-09
766	-3000	1.10504e-09
767	-3000	1.23191e-09
768	-3000	1.22827e-09
769	-3000	2.92403e-09
770	-3000	3.37786e-09
771	-3000	1.44519e-09
772	-3000	1.83809e-09
773	-3000	2.98633e-09
774	-3000	2.46564e-09
775	-3000	3.24462e-09
776	-3000	8.88122e-10
777	-3000	2.15414e-09
778	-3000	4.12138e-09
779	-3000	1.11913e-09
780	-3000	1.28694e-10
781	-3000	6.85304e-10
782	-3000	6.68933e-10
783	-3000	8.97671e-10
784	-3000	5.29781e-10
785	-3000	2.58433e-09
786	-3000	4.66525e-09
787	-3000	4.86125e-10
788	-3000	5.99948e-09
789	-3000	2.05091e-10
790	-3000	1.0009e-09
791	-3000	1.69666e-09
792	-3000	2.03818e-09
793	-3000	4.69299e-10
794	-3000	3.55703e-09
795	-3000	5.70026e-09
796	-3000	2.86718e-09
797	-3000	5.26143e-10
798	-3000	3.65208e-09
799	-3000	3.24917e-09
800	-3000	4.05225e-09
801	-3000	1.638e-09
802	-3000	3.32193e-09
803	-3000	5.67979e-10
804	-3000	2.50338e-09
805	-3000	9.97261e-10
806	-3000	3.34649e-09
807	-3000	6.18957e-09
808	-3000	4.04862e-09
809	-3000	4.86716e-09
810	-3000	3.8649e-09
811	-3000	3.28782e-10
812	-3000	6.30735e-10
813	-3000	1.34605e-10
814	-3000	1.6712e-09
815	-3000	8.25366e-10
816	-3000	5.90717e-10
817	-3000	2.92357e-09
818	-3000	4.09409e-09
819	-3000	3.17186e-09
820	-3000	1.70303e-09
821	-3000	5.75528e-09
822	-3000	8.79936e-10
823	-3000	1.34423e-09
824	-3000	3.60114e-09
825	-3000	1.25465e-09
826	-3000	2.69074e-09
827	-3000	1.442e-09
828	-3000	3.21506e-10
829	-3000	1.50067e-11
830	-3000	2.32421e-09
831	-3000	2.68301e-09
832	-3000	6.0254e-10
833	-3000	7.67614e-10
834	-3000	3.10592e-10
835	-3000	1.96906e-10
836	-3000	1.33923e-09
837	-3000	3.65299e-09
838	-3000	7.73525e-10
839	-3000	2.79806e-09
840	-3000	1.5757e-09
841	0	2.16011e-07
842	0	5.61311e-08
843	0	5.07934e-08
844	0	8.07109e-08
845	0	3.39156e-07
846	0	8.53867e-08
847	0	2.46092e-07
848	0	7.48255e-08
849	0	1.72301e-07
850	0	4.55288e-08
851	0	2.39286e-07
852	0	2.71057e-07
853	0	4.51617e-08
854	0	1.09189e-08
855	0	7.01539e-08
856	0	2.43087e-08
857	0	1.026e-07
858	0	2.86607e-07
859	0	1.81817e-07
860	0	1.34823e-07
861	0	7.00963e-08
862	0	7.38134e-08
863	0	6.1913e-08
864	0	2.36069e-07
865	0	2.49066e-07
866	0	9.02257e-09
867	0	7.75391e-08
868	0	2.36752e-07
869	0	8.67527e-08
870	0	6.00464e-08
871	0	1.16676e-07
872	0	1.91164e-08
873	0	1.13844e-09
874	0	1.75389e-08
875	0	1.2315e-07
876	0	2.45628e-07
877	0	4.47967e-08
878	0	2.20467e-07
879	0	1.17512e-07
880	0	1.99553e-07
881	0	3.67563e-08
882	0	7.22206e-08
883	0	2.15673e-07
884	0	2.20332e-07
885	0	8.51428e-08
886	0	1.14527e-07
887	0	3.56939e-08
888	0	6.50346e-08
889	0	2.27231e-07
890	0	8.61549e-08
891	0	1.05253e-07
892	0	3.17302e-07
893	0	1.95347e-07
894	0	1.55975e-08
895	0	1.35404e-07
896	0	5.18382e-08
897	0	5.24497e-07
898	0	7.77341e-08
899	0	2.00172e-07
900	0	1.65593e-07
901	0	4.15903e-07
902	0	1.70234e-07
903	0	3.11277e-07
904	0	1.49319e-07
905	0	2.40117e-08
906	0	2.82489e-07
907	0	2.81772e-08
908	0	1.87909e-07
909	0	1.28239e-08
910	0	7.17894e-08
911	0	2.53476e-09
912	0	5.99234e-08
913	0	2.04911e-07
914	0	1.18885e-07
915	0	9.13057e-08
916	0	2.04509e-08
917	0	2.53517e-07
918	0	9.81313e-08
919	0	2.2884e-07
920	0	2.92609e-07
921	0	9.83327e-08
922	0	5.22259e-07
923	0	1.39858e-07
924	0	4.57765e-08
925	0	2.91935e-07
926	0	2.42954e-07
927	0	9.09902e-08
928	0	1.73775e-07
929	0	2.87792e-07
930	0	1.18818e-07
931	0	9.12696e-08
932	0	2.60641e-07
933	0	1.42528e-07
934	0	1.47596e-07
935	0	6.04841e-08
936	0	1.01724e-07
937	0	1.88998e-07
938	0	1.00183e-07
939	0	2.40998e-07
940	0	8.09584e-08
941	0	5.7742e-08
942	0	1.69501e-07
943	0	5.7742e-08
944	0	2.42144e-07
945	0	9.22009e-08
946	0	3.57628e-07
947	0	9.87202e-08
948	0	4.19095e-08
949	0	7.26432e-08
950	0	2.12342e-07
951	0	1.41561e-07
952	0	1.84402e-07
953	0	2.71015e-07
954	0	1.06171e-07
955	0	3.1665e-08
956	0	7.54371e-08
957	0	3.72529e-09
958	0	5.86733e-08
959	0	2.70084e-07
960	0	2.48663e-07
961	0	5.7742e-08
962	0	6.51926e-08
963	0	2.2538e-07
964	0	9.59262e-08
965	0	1.39698e-08
966	0	2.48663e-07
967	0	2.33762e-07
968	0	9.03383e-08
969	0	7.35745e-08
970	0	7.07805e-08
971	0	1.85333e-07
972	0	1.31316e-07
973	0	2.2538e-07
974	0	3.72529e-08
975	0	2.49594e-07
976	0	1.15484e-07
977	0	2.14204e-08
978	0	9.31323e-10
979	0	1.86265e-09
980	0	1.31316e-07
981	0	9.49949e-08
982	0	2.2538e-07
983	0	8.00937e-08
984	0	4.09782e-08
985	0	1.10827e-07
986	0	9.96515e-08
987	0	2.09548e-07
988	0	2.26311e-07
989	0	6.61239e-08
990	0	1.76951e-08
991	0	1.50874e-07
992	0	2.02097e-07
993	0	7.82311e-08
994	0	5.27129e-07
995	0	4.00469e-08
996	0	1.27591e-07
997	0	3.91155e-08
998	0	1.83471e-07
999	0	3.11993e-07
1000	0	1.14553e-07
1001	0	6.61239e-08
1002	0	6.51926e-09
1003	0	1.71363e-07
1004	0	1.02445e-08
1005	0	2.75671e-07
1006	0	9.31323e-10
1007	0	1.62981e-07
1008	0	3.01749e-07
1009	0	1.56462e-07
1010	0	4.17233e-07
1011	0	2.94298e-07
1012	0	2.24449e-07
1013	0	9.49949e-08
1014	0	2.61702e-07
1015	0	1.95578e-08
1016	0	9.68575e-08
1017	0	1.16415e-07
1018	0	1.90921e-07
1019	0	6.23986e-08
1020	0	6.51926e-09
1021	0	1.17347e-07
1022	0	2.90573e-07
1023	0	1.93715e-07
1024	0	6.51926e-08
1025	0	2.5332e-07
1026	0	2.87779e-07
1027	0	3.35276e-08
1028	0	1.50874e-07
1029	0	5.4203e-07
1030	0	7.63685e-08
1031	0	9.77889e-08
1032	0	2.44938e-07
1033	0	1.06171e-07
1034	0	1.85333e-07
1035	0	9.77889e-08
1036	0	7.54371e-08
1037	0	1.43424e-07
1038	0	1.33179e-07
1039	0	2.7474e-07
1040	0	7.63685e-08
1041	0	3.40137e-21
#Error maximum on element 425 and its magnitude is 1.36339e-06.
