#BCondn Vector
#elefld	Assigned	BC	KnCh	ChUp	RHValue
1	-0.15	0.004195	-0.135	0	0	0	0	0
2	-0.15	0.004195	-0.105	0	0	0	0	0
3	-0.15	0.004195	-0.075	0	0	0	0	0
4	-0.15	0.004195	-0.045	0	0	0	0	0
5	-0.15	0.004195	-0.015	0	0	0	0	0
6	-0.15	0.004195	0.015	0	0	0	0	0
7	-0.15	0.004195	0.045	0	0	0	0	0
8	-0.15	0.004195	0.075	0	0	0	0	0
9	-0.15	0.004195	0.105	0	0	0	0	0
10	-0.15	0.004195	0.135	0	0	0	0	0
11	-0.15	-0.004195	-0.135	0	0	0	0	0
12	-0.15	-0.004195	-0.105	0	0	0	0	0
13	-0.15	-0.004195	-0.075	0	0	0	0	0
14	-0.15	-0.004195	-0.045	0	0	0	0	0
15	-0.15	-0.004195	-0.015	0	0	0	0	0
16	-0.15	-0.004195	0.015	0	0	0	0	0
17	-0.15	-0.004195	0.045	0	0	0	0	0
18	-0.15	-0.004195	0.075	0	0	0	0	0
19	-0.15	-0.004195	0.105	0	0	0	0	0
20	-0.15	-0.004195	0.135	0	0	0	0	0
21	-0.15	0.00152	-0.135	0	0	0	0	0
22	-0.15	0.00152	-0.105	0	0	0	0	0
23	-0.15	0.00152	-0.075	0	0	0	0	0
24	-0.15	0.00152	-0.045	0	0	0	0	0
25	-0.15	0.00152	-0.015	0	0	0	0	0
26	-0.15	0.00152	0.015	0	0	0	0	0
27	-0.15	0.00152	0.045	0	0	0	0	0
28	-0.15	0.00152	0.075	0	0	0	0	0
29	-0.15	0.00152	0.105	0	0	0	0	0
30	-0.15	0.00152	0.135	0	0	0	0	0
31	-0.15	-0.00152	-0.135	0	0	0	0	0
32	-0.15	-0.00152	-0.105	0	0	0	0	0
33	-0.15	-0.00152	-0.075	0	0	0	0	0
34	-0.15	-0.00152	-0.045	0	0	0	0	0
35	-0.15	-0.00152	-0.015	0	0	0	0	0
36	-0.15	-0.00152	0.015	0	0	0	0	0
37	-0.15	-0.00152	0.045	0	0	0	0	0
38	-0.15	-0.00152	0.075	0	0	0	0	0
39	-0.15	-0.00152	0.105	0	0	0	0	0
40	-0.15	-0.00152	0.135	0	0	0	0	0
41	-0.15	0.001335	-0.135	0	3000	0	0	3000
42	-0.15	0.001335	-0.105	0	3000	0	0	3000
43	-0.15	0.001335	-0.075	0	3000	0	0	3000
44	-0.15	0.001335	-0.045	0	3000	0	0	3000
45	-0.15	0.001335	-0.015	0	3000	0	0	3000
46	-0.15	0.001335	0.015	0	3000	0	0	3000
47	-0.15	0.001335	0.045	0	3000	0	0	3000
48	-0.15	0.001335	0.075	0	3000	0	0	3000
49	-0.15	0.001335	0.105	0	3000	0	0	3000
50	-0.15	0.001335	0.135	0	3000	0	0	3000
51	-0.15	-0.001335	-0.135	0	-3000	0	0	-3000
52	-0.15	-0.001335	-0.105	0	-3000	0	0	-3000
53	-0.15	-0.001335	-0.075	0	-3000	0	0	-3000
54	-0.15	-0.001335	-0.045	0	-3000	0	0	-3000
55	-0.15	-0.001335	-0.015	0	-3000	0	0	-3000
56	-0.15	-0.001335	0.015	0	-3000	0	0	-3000
57	-0.15	-0.001335	0.045	0	-3000	0	0	-3000
58	-0.15	-0.001335	0.075	0	-3000	0	0	-3000
59	-0.15	-0.001335	0.105	0	-3000	0	0	-3000
60	-0.15	-0.001335	0.135	0	-3000	0	0	-3000
61	-0.15	0.000725	-0.135	0	0	0	0	0
62	-0.15	0.000725	-0.105	0	0	0	0	0
63	-0.15	0.000725	-0.075	0	0	0	0	0
64	-0.15	0.000725	-0.045	0	0	0	0	0
65	-0.15	0.000725	-0.015	0	0	0	0	0
66	-0.15	0.000725	0.015	0	0	0	0	0
67	-0.15	0.000725	0.045	0	0	0	0	0
68	-0.15	0.000725	0.075	0	0	0	0	0
69	-0.15	0.000725	0.105	0	0	0	0	0
70	-0.15	0.000725	0.135	0	0	0	0	0
71	-0.15	-0.000725	-0.135	0	0	0	0	0
72	-0.15	-0.000725	-0.105	0	0	0	0	0
73	-0.15	-0.000725	-0.075	0	0	0	0	0
74	-0.15	-0.000725	-0.045	0	0	0	0	0
75	-0.15	-0.000725	-0.015	0	0	0	0	0
76	-0.15	-0.000725	0.015	0	0	0	0	0
77	-0.15	-0.000725	0.045	0	0	0	0	0
78	-0.15	-0.000725	0.075	0	0	0	0	0
79	-0.15	-0.000725	0.105	0	0	0	0	0
80	-0.15	-0.000725	0.135	0	0	0	0	0
81	0.15	0.004195	0.135	0	0	0	0	0
82	0.15	0.004195	0.105	0	0	0	0	0
83	0.15	0.004195	0.075	0	0	0	0	0
84	0.15	0.004195	0.045	0	0	0	0	0
85	0.15	0.004195	0.015	0	0	0	0	0
86	0.15	0.004195	-0.015	0	0	0	0	0
87	0.15	0.004195	-0.045	0	0	0	0	0
88	0.15	0.004195	-0.075	0	0	0	0	0
89	0.15	0.004195	-0.105	0	0	0	0	0
90	0.15	0.004195	-0.135	0	0	0	0	0
91	0.15	-0.004195	0.135	0	0	0	0	0
92	0.15	-0.004195	0.105	0	0	0	0	0
93	0.15	-0.004195	0.075	0	0	0	0	0
94	0.15	-0.004195	0.045	0	0	0	0	0
95	0.15	-0.004195	0.015	0	0	0	0	0
96	0.15	-0.004195	-0.015	0	0	0	0	0
97	0.15	-0.004195	-0.045	0	0	0	0	0
98	0.15	-0.004195	-0.075	0	0	0	0	0
99	0.15	-0.004195	-0.105	0	0	0	0	0
100	0.15	-0.004195	-0.135	0	0	0	0	0
101	0.15	0.00152	0.135	0	0	0	0	0
102	0.15	0.00152	0.105	0	0	0	0	0
103	0.15	0.00152	0.075	0	0	0	0	0
104	0.15	0.00152	0.045	0	0	0	0	0
105	0.15	0.00152	0.015	0	0	0	0	0
106	0.15	0.00152	-0.015	0	0	0	0	0
107	0.15	0.00152	-0.045	0	0	0	0	0
108	0.15	0.00152	-0.075	0	0	0	0	0
109	0.15	0.00152	-0.105	0	0	0	0	0
110	0.15	0.00152	-0.135	0	0	0	0	0
111	0.15	-0.00152	0.135	0	0	0	0	0
112	0.15	-0.00152	0.105	0	0	0	0	0
113	0.15	-0.00152	0.075	0	0	0	0	0
114	0.15	-0.00152	0.045	0	0	0	0	0
115	0.15	-0.00152	0.015	0	0	0	0	0
116	0.15	-0.00152	-0.015	0	0	0	0	0
117	0.15	-0.00152	-0.045	0	0	0	0	0
118	0.15	-0.00152	-0.075	0	0	0	0	0
119	0.15	-0.00152	-0.105	0	0	0	0	0
120	0.15	-0.00152	-0.135	0	0	0	0	0
121	0.15	0.001335	0.135	0	3000	0	0	3000
122	0.15	0.001335	0.105	0	3000	0	0	3000
123	0.15	0.001335	0.075	0	3000	0	0	3000
124	0.15	0.001335	0.045	0	3000	0	0	3000
125	0.15	0.001335	0.015	0	3000	0	0	3000
126	0.15	0.001335	-0.015	0	3000	0	0	3000
127	0.15	0.001335	-0.045	0	3000	0	0	3000
128	0.15	0.001335	-0.075	0	3000	0	0	3000
129	0.15	0.001335	-0.105	0	3000	0	0	3000
130	0.15	0.001335	-0.135	0	3000	0	0	3000
131	0.15	-0.001335	0.135	0	-3000	0	0	-3000
132	0.15	-0.001335	0.105	0	-3000	0	0	-3000
133	0.15	-0.001335	0.075	0	-3000	0	0	-3000
134	0.15	-0.001335	0.045	0	-3000	0	0	-3000
135	0.15	-0.001335	0.015	0	-3000	0	0	-3000
136	0.15	-0.001335	-0.015	0	-3000	0	0	-3000
137	0.15	-0.001335	-0.045	0	-3000	0	0	-3000
138	0.15	-0.001335	-0.075	0	-3000	0	0	-3000
139	0.15	-0.001335	-0.105	0	-3000	0	0	-3000
140	0.15	-0.001335	-0.135	0	-3000	0	0	-3000
141	0.15	0.000725	0.135	0	0	0	0	0
142	0.15	0.000725	0.105	0	0	0	0	0
143	0.15	0.000725	0.075	0	0	0	0	0
144	0.15	0.000725	0.045	0	0	0	0	0
145	0.15	0.000725	0.015	0	0	0	0	0
146	0.15	0.000725	-0.015	0	0	0	0	0
147	0.15	0.000725	-0.045	0	0	0	0	0
148	0.15	0.000725	-0.075	0	0	0	0	0
149	0.15	0.000725	-0.105	0	0	0	0	0
150	0.15	0.000725	-0.135	0	0	0	0	0
151	0.15	-0.000725	0.135	0	0	0	0	0
152	0.15	-0.000725	0.105	0	0	0	0	0
153	0.15	-0.000725	0.075	0	0	0	0	0
154	0.15	-0.000725	0.045	0	0	0	0	0
155	0.15	-0.000725	0.015	0	0	0	0	0
156	0.15	-0.000725	-0.015	0	0	0	0	0
157	0.15	-0.000725	-0.045	0	0	0	0	0
158	0.15	-0.000725	-0.075	0	0	0	0	0
159	0.15	-0.000725	-0.105	0	0	0	0	0
160	0.15	-0.000725	-0.135	0	0	0	0	0
161	-0.135	0.001695	0.135	0	0	0	0	0
162	-0.135	0.001695	0.105	0	0	0	0	0
163	-0.135	0.001695	0.075	0	0	0	0	0
164	-0.135	0.001695	0.045	0	0	0	0	0
165	-0.135	0.001695	0.015	0	0	0	0	0
166	-0.135	0.001695	-0.015	0	0	0	0	0
167	-0.135	0.001695	-0.045	0	0	0	0	0
168	-0.135	0.001695	-0.075	0	0	0	0	0
169	-0.135	0.001695	-0.105	0	0	0	0	0
170	-0.135	0.001695	-0.135	0	0	0	0	0
171	-0.105	0.001695	0.135	0	0	0	0	0
172	-0.105	0.001695	0.105	0	0	0	0	0
173	-0.105	0.001695	0.075	0	0	0	0	0
174	-0.105	0.001695	0.045	0	0	0	0	0
175	-0.105	0.001695	0.015	0	0	0	0	0
176	-0.105	0.001695	-0.015	0	0	0	0	0
177	-0.105	0.001695	-0.045	0	0	0	0	0
178	-0.105	0.001695	-0.075	0	0	0	0	0
179	-0.105	0.001695	-0.105	0	0	0	0	0
180	-0.105	0.001695	-0.135	0	0	0	0	0
181	-0.075	0.001695	0.135	0	0	0	0	0
182	-0.075	0.001695	0.105	0	0	0	0	0
183	-0.075	0.001695	0.075	0	0	0	0	0
184	-0.075	0.001695	0.045	0	0	0	0	0
185	-0.075	0.001695	0.015	0	0	0	0	0
186	-0.075	0.001695	-0.015	0	0	0	0	0
187	-0.075	0.001695	-0.045	0	0	0	0	0
188	-0.075	0.001695	-0.075	0	0	0	0	0
189	-0.075	0.001695	-0.105	0	0	0	0	0
190	-0.075	0.001695	-0.135	0	0	0	0	0
191	-0.045	0.001695	0.135	0	0	0	0	0
192	-0.045	0.001695	0.105	0	0	0	0	0
193	-0.045	0.001695	0.075	0	0	0	0	0
194	-0.045	0.001695	0.045	0	0	0	0	0
195	-0.045	0.001695	0.015	0	0	0	0	0
196	-0.045	0.001695	-0.015	0	0	0	0	0
197	-0.045	0.001695	-0.045	0	0	0	0	0
198	-0.045	0.001695	-0.075	0	0	0	0	0
199	-0.045	0.001695	-0.105	0	0	0	0	0
200	-0.045	0.001695	-0.135	0	0	0	0	0
201	-0.015	0.001695	0.135	0	0	0	0	0
202	-0.015	0.001695	0.105	0	0	0	0	0
203	-0.015	0.001695	0.075	0	0	0	0	0
204	-0.015	0.001695	0.045	0	0	0	0	0
205	-0.015	0.001695	0.015	0	0	0	0	0
206	-0.015	0.001695	-0.015	0	0	0	0	0
207	-0.015	0.001695	-0.045	0	0	0	0	0
208	-0.015	0.001695	-0.075	0	0	0	0	0
209	-0.015	0.001695	-0.105	0	0	0	0	0
210	-0.015	0.001695	-0.135	0	0	0	0	0
211	0.015	0.001695	0.135	0	0	0	0	0
212	0.015	0.001695	0.105	0	0	0	0	0
213	0.015	0.001695	0.075	0	0	0	0	0
214	0.015	0.001695	0.045	0	0	0	0	0
215	0.015	0.001695	0.015	0	0	0	0	0
216	0.015	0.001695	-0.015	0	0	0	0	0
217	0.015	0.001695	-0.045	0	0	0	0	0
218	0.015	0.001695	-0.075	0	0	0	0	0
219	0.015	0.001695	-0.105	0	0	0	0	0
220	0.015	0.001695	-0.135	0	0	0	0	0
221	0.045	0.001695	0.135	0	0	0	0	0
222	0.045	0.001695	0.105	0	0	0	0	0
223	0.045	0.001695	0.075	0	0	0	0	0
224	0.045	0.001695	0.045	0	0	0	0	0
225	0.045	0.001695	0.015	0	0	0	0	0
226	0.045	0.001695	-0.015	0	0	0	0	0
227	0.045	0.001695	-0.045	0	0	0	0	0
228	0.045	0.001695	-0.075	0	0	0	0	0
229	0.045	0.001695	-0.105	0	0	0	0	0
230	0.045	0.001695	-0.135	0	0	0	0	0
231	0.075	0.001695	0.135	0	0	0	0	0
232	0.075	0.001695	0.105	0	0	0	0	0
233	0.075	0.001695	0.075	0	0	0	0	0
234	0.075	0.001695	0.045	0	0	0	0	0
235	0.075	0.001695	0.015	0	0	0	0	0
236	0.075	0.001695	-0.015	0	0	0	0	0
237	0.075	0.001695	-0.045	0	0	0	0	0
238	0.075	0.001695	-0.075	0	0	0	0	0
239	0.075	0.001695	-0.105	0	0	0	0	0
240	0.075	0.001695	-0.135	0	0	0	0	0
241	0.105	0.001695	0.135	0	0	0	0	0
242	0.105	0.001695	0.105	0	0	0	0	0
243	0.105	0.001695	0.075	0	0	0	0	0
244	0.105	0.001695	0.045	0	0	0	0	0
245	0.105	0.001695	0.015	0	0	0	0	0
246	0.105	0.001695	-0.015	0	0	0	0	0
247	0.105	0.001695	-0.045	0	0	0	0	0
248	0.105	0.001695	-0.075	0	0	0	0	0
249	0.105	0.001695	-0.105	0	0	0	0	0
250	0.105	0.001695	-0.135	0	0	0	0	0
251	0.135	0.001695	0.135	0	0	0	0	0
252	0.135	0.001695	0.105	0	0	0	0	0
253	0.135	0.001695	0.075	0	0	0	0	0
254	0.135	0.001695	0.045	0	0	0	0	0
255	0.135	0.001695	0.015	0	0	0	0	0
256	0.135	0.001695	-0.015	0	0	0	0	0
257	0.135	0.001695	-0.045	0	0	0	0	0
258	0.135	0.001695	-0.075	0	0	0	0	0
259	0.135	0.001695	-0.105	0	0	0	0	0
260	0.135	0.001695	-0.135	0	0	0	0	0
261	-0.135	0.006695	-0.135	0	0	0	0	0
262	-0.135	0.006695	-0.105	0	0	0	0	0
263	-0.135	0.006695	-0.075	0	0	0	0	0
264	-0.135	0.006695	-0.045	0	0	0	0	0
265	-0.135	0.006695	-0.015	0	0	0	0	0
266	-0.135	0.006695	0.015	0	0	0	0	0
267	-0.135	0.006695	0.045	0	0	0	0	0
268	-0.135	0.006695	0.075	0	0	0	0	0
269	-0.135	0.006695	0.105	0	0	0	0	0
270	-0.135	0.006695	0.135	0	0	0	0	0
271	-0.105	0.006695	-0.135	0	0	0	0	0
272	-0.105	0.006695	-0.105	0	0	0	0	0
273	-0.105	0.006695	-0.075	0	0	0	0	0
274	-0.105	0.006695	-0.045	0	0	0	0	0
275	-0.105	0.006695	-0.015	0	0	0	0	0
276	-0.105	0.006695	0.015	0	0	0	0	0
277	-0.105	0.006695	0.045	0	0	0	0	0
278	-0.105	0.006695	0.075	0	0	0	0	0
279	-0.105	0.006695	0.105	0	0	0	0	0
280	-0.105	0.006695	0.135	0	0	0	0	0
281	-0.075	0.006695	-0.135	0	0	0	0	0
282	-0.075	0.006695	-0.105	0	0	0	0	0
283	-0.075	0.006695	-0.075	0	0	0	0	0
284	-0.075	0.006695	-0.045	0	0	0	0	0
285	-0.075	0.006695	-0.015	0	0	0	0	0
286	-0.075	0.006695	0.015	0	0	0	0	0
287	-0.075	0.006695	0.045	0	0	0	0	0
288	-0.075	0.006695	0.075	0	0	0	0	0
289	-0.075	0.006695	0.105	0	0	0	0	0
290	-0.075	0.006695	0.135	0	0	0	0	0
291	-0.045	0.006695	-0.135	0	0	0	0	0
292	-0.045	0.006695	-0.105	0	0	0	0	0
293	-0.045	0.006695	-0.075	0	0	0	0	0
294	-0.045	0.006695	-0.045	0	0	0	0	0
295	-0.045	0.006695	-0.015	0	0	0	0	0
296	-0.045	0.006695	0.015	0	0	0	0	0
297	-0.045	0.006695	0.045	0	0	0	0	0
298	-0.045	0.006695	0.075	0	0	0	0	0
299	-0.045	0.006695	0.105	0	0	0	0	0
300	-0.045	0.006695	0.135	0	0	0	0	0
301	-0.015	0.006695	-0.135	0	0	0	0	0
302	-0.015	0.006695	-0.105	0	0	0	0	0
303	-0.015	0.006695	-0.075	0	0	0	0	0
304	-0.015	0.006695	-0.045	0	0	0	0	0
305	-0.015	0.006695	-0.015	0	0	0	0	0
306	-0.015	0.006695	0.015	0	0	0	0	0
307	-0.015	0.006695	0.045	0	0	0	0	0
308	-0.015	0.006695	0.075	0	0	0	0	0
309	-0.015	0.006695	0.105	0	0	0	0	0
310	-0.015	0.006695	0.135	0	0	0	0	0
311	0.015	0.006695	-0.135	0	0	0	0	0
312	0.015	0.006695	-0.105	0	0	0	0	0
313	0.015	0.006695	-0.075	0	0	0	0	0
314	0.015	0.006695	-0.045	0	0	0	0	0
315	0.015	0.006695	-0.015	0	0	0	0	0
316	0.015	0.006695	0.015	0	0	0	0	0
317	0.015	0.006695	0.045	0	0	0	0	0
318	0.015	0.006695	0.075	0	0	0	0	0
319	0.015	0.006695	0.105	0	0	0	0	0
320	0.015	0.006695	0.135	0	0	0	0	0
321	0.045	0.006695	-0.135	0	0	0	0	0
322	0.045	0.006695	-0.105	0	0	0	0	0
323	0.045	0.006695	-0.075	0	0	0	0	0
324	0.045	0.006695	-0.045	0	0	0	0	0
325	0.045	0.006695	-0.015	0	0	0	0	0
326	0.045	0.006695	0.015	0	0	0	0	0
327	0.045	0.006695	0.045	0	0	0	0	0
328	0.045	0.006695	0.075	0	0	0	0	0
329	0.045	0.006695	0.105	0	0	0	0	0
330	0.045	0.006695	0.135	0	0	0	0	0
331	0.075	0.006695	-0.135	0	0	0	0	0
332	0.075	0.006695	-0.105	0	0	0	0	0
333	0.075	0.006695	-0.075	0	0	0	0	0
334	0.075	0.006695	-0.045	0	0	0	0	0
335	0.075	0.006695	-0.015	0	0	0	0	0
336	0.075	0.006695	0.015	0	0	0	0	0
337	0.075	0.006695	0.045	0	0	0	0	0
338	0.075	0.006695	0.075	0	0	0	0	0
339	0.075	0.006695	0.105	0	0	0	0	0
340	0.075	0.006695	0.135	0	0	0	0	0
341	0.105	0.006695	-0.135	0	0	0	0	0
342	0.105	0.006695	-0.105	0	0	0	0	0
343	0.105	0.006695	-0.075	0	0	0	0	0
344	0.105	0.006695	-0.045	0	0	0	0	0
345	0.105	0.006695	-0.015	0	0	0	0	0
346	0.105	0.006695	0.015	0	0	0	0	0
347	0.105	0.006695	0.045	0	0	0	0	0
348	0.105	0.006695	0.075	0	0	0	0	0
349	0.105	0.006695	0.105	0	0	0	0	0
350	0.105	0.006695	0.135	0	0	0	0	0
351	0.135	0.006695	-0.135	0	0	0	0	0
352	0.135	0.006695	-0.105	0	0	0	0	0
353	0.135	0.006695	-0.075	0	0	0	0	0
354	0.135	0.006695	-0.045	0	0	0	0	0
355	0.135	0.006695	-0.015	0	0	0	0	0
356	0.135	0.006695	0.015	0	0	0	0	0
357	0.135	0.006695	0.045	0	0	0	0	0
358	0.135	0.006695	0.075	0	0	0	0	0
359	0.135	0.006695	0.105	0	0	0	0	0
360	0.135	0.006695	0.135	0	0	0	0	0
361	0.135	0.004195	-0.15	0	0	0	0	0
362	0.105	0.004195	-0.15	0	0	0	0	0
363	0.075	0.004195	-0.15	0	0	0	0	0
364	0.045	0.004195	-0.15	0	0	0	0	0
365	0.015	0.004195	-0.15	0	0	0	0	0
366	-0.015	0.004195	-0.15	0	0	0	0	0
367	-0.045	0.004195	-0.15	0	0	0	0	0
368	-0.075	0.004195	-0.15	0	0	0	0	0
369	-0.105	0.004195	-0.15	0	0	0	0	0
370	-0.135	0.004195	-0.15	0	0	0	0	0
371	0.135	-0.004195	-0.15	0	0	0	0	0
372	0.105	-0.004195	-0.15	0	0	0	0	0
373	0.075	-0.004195	-0.15	0	0	0	0	0
374	0.045	-0.004195	-0.15	0	0	0	0	0
375	0.015	-0.004195	-0.15	0	0	0	0	0
376	-0.015	-0.004195	-0.15	0	0	0	0	0
377	-0.045	-0.004195	-0.15	0	0	0	0	0
378	-0.075	-0.004195	-0.15	0	0	0	0	0
379	-0.105	-0.004195	-0.15	0	0	0	0	0
380	-0.135	-0.004195	-0.15	0	0	0	0	0
381	0.135	0.00152	-0.15	0	0	0	0	0
382	0.105	0.00152	-0.15	0	0	0	0	0
383	0.075	0.00152	-0.15	0	0	0	0	0
384	0.045	0.00152	-0.15	0	0	0	0	0
385	0.015	0.00152	-0.15	0	0	0	0	0
386	-0.015	0.00152	-0.15	0	0	0	0	0
387	-0.045	0.00152	-0.15	0	0	0	0	0
388	-0.075	0.00152	-0.15	0	0	0	0	0
389	-0.105	0.00152	-0.15	0	0	0	0	0
390	-0.135	0.00152	-0.15	0	0	0	0	0
391	0.135	-0.00152	-0.15	0	0	0	0	0
392	0.105	-0.00152	-0.15	0	0	0	0	0
393	0.075	-0.00152	-0.15	0	0	0	0	0
394	0.045	-0.00152	-0.15	0	0	0	0	0
395	0.015	-0.00152	-0.15	0	0	0	0	0
396	-0.015	-0.00152	-0.15	0	0	0	0	0
397	-0.045	-0.00152	-0.15	0	0	0	0	0
398	-0.075	-0.00152	-0.15	0	0	0	0	0
399	-0.105	-0.00152	-0.15	0	0	0	0	0
400	-0.135	-0.00152	-0.15	0	0	0	0	0
401	0.135	0.001335	-0.15	0	3000	0	0	3000
402	0.105	0.001335	-0.15	0	3000	0	0	3000
403	0.075	0.001335	-0.15	0	3000	0	0	3000
404	0.045	0.001335	-0.15	0	3000	0	0	3000
405	0.015	0.001335	-0.15	0	3000	0	0	3000
406	-0.015	0.001335	-0.15	0	3000	0	0	3000
407	-0.045	0.001335	-0.15	0	3000	0	0	3000
408	-0.075	0.001335	-0.15	0	3000	0	0	3000
409	-0.105	0.001335	-0.15	0	3000	0	0	3000
410	-0.135	0.001335	-0.15	0	3000	0	0	3000
411	0.135	-0.001335	-0.15	0	-3000	0	0	-3000
412	0.105	-0.001335	-0.15	0	-3000	0	0	-3000
413	0.075	-0.001335	-0.15	0	-3000	0	0	-3000
414	0.045	-0.001335	-0.15	0	-3000	0	0	-3000
415	0.015	-0.001335	-0.15	0	-3000	0	0	-3000
416	-0.015	-0.001335	-0.15	0	-3000	0	0	-3000
417	-0.045	-0.001335	-0.15	0	-3000	0	0	-3000
418	-0.075	-0.001335	-0.15	0	-3000	0	0	-3000
419	-0.105	-0.001335	-0.15	0	-3000	0	0	-3000
420	-0.135	-0.001335	-0.15	0	-3000	0	0	-3000
421	0.135	0.000725	-0.15	0	0	0	0	0
422	0.105	0.000725	-0.15	0	0	0	0	0
423	0.075	0.000725	-0.15	0	0	0	0	0
424	0.045	0.000725	-0.15	0	0	0	0	0
425	0.015	0.000725	-0.15	0	0	0	0	0
426	-0.015	0.000725	-0.15	0	0	0	0	0
427	-0.045	0.000725	-0.15	0	0	0	0	0
428	-0.075	0.000725	-0.15	0	0	0	0	0
429	-0.105	0.000725	-0.15	0	0	0	0	0
430	-0.135	0.000725	-0.15	0	0	0	0	0
431	0.135	-0.000725	-0.15	0	0	0	0	0
432	0.105	-0.000725	-0.15	0	0	0	0	0
433	0.075	-0.000725	-0.15	0	0	0	0	0
434	0.045	-0.000725	-0.15	0	0	0	0	0
435	0.015	-0.000725	-0.15	0	0	0	0	0
436	-0.015	-0.000725	-0.15	0	0	0	0	0
437	-0.045	-0.000725	-0.15	0	0	0	0	0
438	-0.075	-0.000725	-0.15	0	0	0	0	0
439	-0.105	-0.000725	-0.15	0	0	0	0	0
440	-0.135	-0.000725	-0.15	0	0	0	0	0
441	-0.135	0.004195	0.15	0	0	0	0	0
442	-0.105	0.004195	0.15	0	0	0	0	0
443	-0.075	0.004195	0.15	0	0	0	0	0
444	-0.045	0.004195	0.15	0	0	0	0	0
445	-0.015	0.004195	0.15	0	0	0	0	0
446	0.015	0.004195	0.15	0	0	0	0	0
447	0.045	0.004195	0.15	0	0	0	0	0
448	0.075	0.004195	0.15	0	0	0	0	0
449	0.105	0.004195	0.15	0	0	0	0	0
450	0.135	0.004195	0.15	0	0	0	0	0
451	-0.135	-0.004195	0.15	0	0	0	0	0
452	-0.105	-0.004195	0.15	0	0	0	0	0
453	-0.075	-0.004195	0.15	0	0	0	0	0
454	-0.045	-0.004195	0.15	0	0	0	0	0
455	-0.015	-0.004195	0.15	0	0	0	0	0
456	0.015	-0.004195	0.15	0	0	0	0	0
457	0.045	-0.004195	0.15	0	0	0	0	0
458	0.075	-0.004195	0.15	0	0	0	0	0
459	0.105	-0.004195	0.15	0	0	0	0	0
460	0.135	-0.004195	0.15	0	0	0	0	0
461	-0.135	0.00152	0.15	0	0	0	0	0
462	-0.105	0.00152	0.15	0	0	0	0	0
463	-0.075	0.00152	0.15	0	0	0	0	0
464	-0.045	0.00152	0.15	0	0	0	0	0
465	-0.015	0.00152	0.15	0	0	0	0	0
466	0.015	0.00152	0.15	0	0	0	0	0
467	0.045	0.00152	0.15	0	0	0	0	0
468	0.075	0.00152	0.15	0	0	0	0	0
469	0.105	0.00152	0.15	0	0	0	0	0
470	0.135	0.00152	0.15	0	0	0	0	0
471	-0.135	-0.00152	0.15	0	0	0	0	0
472	-0.105	-0.00152	0.15	0	0	0	0	0
473	-0.075	-0.00152	0.15	0	0	0	0	0
474	-0.045	-0.00152	0.15	0	0	0	0	0
475	-0.015	-0.00152	0.15	0	0	0	0	0
476	0.015	-0.00152	0.15	0	0	0	0	0
477	0.045	-0.00152	0.15	0	0	0	0	0
478	0.075	-0.00152	0.15	0	0	0	0	0
479	0.105	-0.00152	0.15	0	0	0	0	0
480	0.135	-0.00152	0.15	0	0	0	0	0
481	-0.135	0.001335	0.15	0	3000	0	0	3000
482	-0.105	0.001335	0.15	0	3000	0	0	3000
483	-0.075	0.001335	0.15	0	3000	0	0	3000
484	-0.045	0.001335	0.15	0	3000	0	0	3000
485	-0.015	0.001335	0.15	0	3000	0	0	3000
486	0.015	0.001335	0.15	0	3000	0	0	3000
487	0.045	0.001335	0.15	0	3000	0	0	3000
488	0.075	0.001335	0.15	0	3000	0	0	3000
489	0.105	0.001335	0.15	0	3000	0	0	3000
490	0.135	0.001335	0.15	0	3000	0	0	3000
491	-0.135	-0.001335	0.15	0	-3000	0	0	-3000
492	-0.105	-0.001335	0.15	0	-3000	0	0	-3000
493	-0.075	-0.001335	0.15	0	-3000	0	0	-3000
494	-0.045	-0.001335	0.15	0	-3000	0	0	-3000
495	-0.015	-0.001335	0.15	0	-3000	0	0	-3000
496	0.015	-0.001335	0.15	0	-3000	0	0	-3000
497	0.045	-0.001335	0.15	0	-3000	0	0	-3000
498	0.075	-0.001335	0.15	0	-3000	0	0	-3000
499	0.105	-0.001335	0.15	0	-3000	0	0	-3000
500	0.135	-0.001335	0.15	0	-3000	0	0	-3000
501	-0.135	0.000725	0.15	0	0	0	0	0
502	-0.105	0.000725	0.15	0	0	0	0	0
503	-0.075	0.000725	0.15	0	0	0	0	0
504	-0.045	0.000725	0.15	0	0	0	0	0
505	-0.015	0.000725	0.15	0	0	0	0	0
506	0.015	0.000725	0.15	0	0	0	0	0
507	0.045	0.000725	0.15	0	0	0	0	0
508	0.075	0.000725	0.15	0	0	0	0	0
509	0.105	0.000725	0.15	0	0	0	0	0
510	0.135	0.000725	0.15	0	0	0	0	0
511	-0.135	-0.000725	0.15	0	0	0	0	0
512	-0.105	-0.000725	0.15	0	0	0	0	0
513	-0.075	-0.000725	0.15	0	0	0	0	0
514	-0.045	-0.000725	0.15	0	0	0	0	0
515	-0.015	-0.000725	0.15	0	0	0	0	0
516	0.015	-0.000725	0.15	0	0	0	0	0
517	0.045	-0.000725	0.15	0	0	0	0	0
518	0.075	-0.000725	0.15	0	0	0	0	0
519	0.105	-0.000725	0.15	0	0	0	0	0
520	0.135	-0.000725	0.15	0	0	0	0	0
521	-0.135	-0.006695	0.135	0	0	0	0	0
522	-0.135	-0.006695	0.105	0	0	0	0	0
523	-0.135	-0.006695	0.075	0	0	0	0	0
524	-0.135	-0.006695	0.045	0	0	0	0	0
525	-0.135	-0.006695	0.015	0	0	0	0	0
526	-0.135	-0.006695	-0.015	0	0	0	0	0
527	-0.135	-0.006695	-0.045	0	0	0	0	0
528	-0.135	-0.006695	-0.075	0	0	0	0	0
529	-0.135	-0.006695	-0.105	0	0	0	0	0
530	-0.135	-0.006695	-0.135	0	0	0	0	0
531	-0.105	-0.006695	0.135	0	0	0	0	0
532	-0.105	-0.006695	0.105	0	0	0	0	0
533	-0.105	-0.006695	0.075	0	0	0	0	0
534	-0.105	-0.006695	0.045	0	0	0	0	0
535	-0.105	-0.006695	0.015	0	0	0	0	0
536	-0.105	-0.006695	-0.015	0	0	0	0	0
537	-0.105	-0.006695	-0.045	0	0	0	0	0
538	-0.105	-0.006695	-0.075	0	0	0	0	0
539	-0.105	-0.006695	-0.105	0	0	0	0	0
540	-0.105	-0.006695	-0.135	0	0	0	0	0
541	-0.075	-0.006695	0.135	0	0	0	0	0
542	-0.075	-0.006695	0.105	0	0	0	0	0
543	-0.075	-0.006695	0.075	0	0	0	0	0
544	-0.075	-0.006695	0.045	0	0	0	0	0
545	-0.075	-0.006695	0.015	0	0	0	0	0
546	-0.075	-0.006695	-0.015	0	0	0	0	0
547	-0.075	-0.006695	-0.045	0	0	0	0	0
548	-0.075	-0.006695	-0.075	0	0	0	0	0
549	-0.075	-0.006695	-0.105	0	0	0	0	0
550	-0.075	-0.006695	-0.135	0	0	0	0	0
551	-0.045	-0.006695	0.135	0	0	0	0	0
552	-0.045	-0.006695	0.105	0	0	0	0	0
553	-0.045	-0.006695	0.075	0	0	0	0	0
554	-0.045	-0.006695	0.045	0	0	0	0	0
555	-0.045	-0.006695	0.015	0	0	0	0	0
556	-0.045	-0.006695	-0.015	0	0	0	0	0
557	-0.045	-0.006695	-0.045	0	0	0	0	0
558	-0.045	-0.006695	-0.075	0	0	0	0	0
559	-0.045	-0.006695	-0.105	0	0	0	0	0
560	-0.045	-0.006695	-0.135	0	0	0	0	0
561	-0.015	-0.006695	0.135	0	0	0	0	0
562	-0.015	-0.006695	0.105	0	0	0	0	0
563	-0.015	-0.006695	0.075	0	0	0	0	0
564	-0.015	-0.006695	0.045	0	0	0	0	0
565	-0.015	-0.006695	0.015	0	0	0	0	0
566	-0.015	-0.006695	-0.015	0	0	0	0	0
567	-0.015	-0.006695	-0.045	0	0	0	0	0
568	-0.015	-0.006695	-0.075	0	0	0	0	0
569	-0.015	-0.006695	-0.105	0	0	0	0	0
570	-0.015	-0.006695	-0.135	0	0	0	0	0
571	0.015	-0.006695	0.135	0	0	0	0	0
572	0.015	-0.006695	0.105	0	0	0	0	0
573	0.015	-0.006695	0.075	0	0	0	0	0
574	0.015	-0.006695	0.045	0	0	0	0	0
575	0.015	-0.006695	0.015	0	0	0	0	0
576	0.015	-0.006695	-0.015	0	0	0	0	0
577	0.015	-0.006695	-0.045	0	0	0	0	0
578	0.015	-0.006695	-0.075	0	0	0	0	0
579	0.015	-0.006695	-0.105	0	0	0	0	0
580	0.015	-0.006695	-0.135	0	0	0	0	0
581	0.045	-0.006695	0.135	0	0	0	0	0
582	0.045	-0.006695	0.105	0	0	0	0	0
583	0.045	-0.006695	0.075	0	0	0	0	0
584	0.045	-0.006695	0.045	0	0	0	0	0
585	0.045	-0.006695	0.015	0	0	0	0	0
586	0.045	-0.006695	-0.015	0	0	0	0	0
587	0.045	-0.006695	-0.045	0	0	0	0	0
588	0.045	-0.006695	-0.075	0	0	0	0	0
589	0.045	-0.006695	-0.105	0	0	0	0	0
590	0.045	-0.006695	-0.135	0	0	0	0	0
591	0.075	-0.006695	0.135	0	0	0	0	0
592	0.075	-0.006695	0.105	0	0	0	0	0
593	0.075	-0.006695	0.075	0	0	0	0	0
594	0.075	-0.006695	0.045	0	0	0	0	0
595	0.075	-0.006695	0.015	0	0	0	0	0
596	0.075	-0.006695	-0.015	0	0	0	0	0
597	0.075	-0.006695	-0.045	0	0	0	0	0
598	0.075	-0.006695	-0.075	0	0	0	0	0
599	0.075	-0.006695	-0.105	0	0	0	0	0
600	0.075	-0.006695	-0.135	0	0	0	0	0
601	0.105	-0.006695	0.135	0	0	0	0	0
602	0.105	-0.006695	0.105	0	0	0	0	0
603	0.105	-0.006695	0.075	0	0	0	0	0
604	0.105	-0.006695	0.045	0	0	0	0	0
605	0.105	-0.006695	0.015	0	0	0	0	0
606	0.105	-0.006695	-0.015	0	0	0	0	0
607	0.105	-0.006695	-0.045	0	0	0	0	0
608	0.105	-0.006695	-0.075	0	0	0	0	0
609	0.105	-0.006695	-0.105	0	0	0	0	0
610	0.105	-0.006695	-0.135	0	0	0	0	0
611	0.135	-0.006695	0.135	0	0	0	0	0
612	0.135	-0.006695	0.105	0	0	0	0	0
613	0.135	-0.006695	0.075	0	0	0	0	0
614	0.135	-0.006695	0.045	0	0	0	0	0
615	0.135	-0.006695	0.015	0	0	0	0	0
616	0.135	-0.006695	-0.015	0	0	0	0	0
617	0.135	-0.006695	-0.045	0	0	0	0	0
618	0.135	-0.006695	-0.075	0	0	0	0	0
619	0.135	-0.006695	-0.105	0	0	0	0	0
620	0.135	-0.006695	-0.135	0	0	0	0	0
621	-0.135	-0.001695	-0.135	0	0	0	0	0
622	-0.135	-0.001695	-0.105	0	0	0	0	0
623	-0.135	-0.001695	-0.075	0	0	0	0	0
624	-0.135	-0.001695	-0.045	0	0	0	0	0
625	-0.135	-0.001695	-0.015	0	0	0	0	0
626	-0.135	-0.001695	0.015	0	0	0	0	0
627	-0.135	-0.001695	0.045	0	0	0	0	0
628	-0.135	-0.001695	0.075	0	0	0	0	0
629	-0.135	-0.001695	0.105	0	0	0	0	0
630	-0.135	-0.001695	0.135	0	0	0	0	0
631	-0.105	-0.001695	-0.135	0	0	0	0	0
632	-0.105	-0.001695	-0.105	0	0	0	0	0
633	-0.105	-0.001695	-0.075	0	0	0	0	0
634	-0.105	-0.001695	-0.045	0	0	0	0	0
635	-0.105	-0.001695	-0.015	0	0	0	0	0
636	-0.105	-0.001695	0.015	0	0	0	0	0
637	-0.105	-0.001695	0.045	0	0	0	0	0
638	-0.105	-0.001695	0.075	0	0	0	0	0
639	-0.105	-0.001695	0.105	0	0	0	0	0
640	-0.105	-0.001695	0.135	0	0	0	0	0
641	-0.075	-0.001695	-0.135	0	0	0	0	0
642	-0.075	-0.001695	-0.105	0	0	0	0	0
643	-0.075	-0.001695	-0.075	0	0	0	0	0
644	-0.075	-0.001695	-0.045	0	0	0	0	0
645	-0.075	-0.001695	-0.015	0	0	0	0	0
646	-0.075	-0.001695	0.015	0	0	0	0	0
647	-0.075	-0.001695	0.045	0	0	0	0	0
648	-0.075	-0.001695	0.075	0	0	0	0	0
649	-0.075	-0.001695	0.105	0	0	0	0	0
650	-0.075	-0.001695	0.135	0	0	0	0	0
651	-0.045	-0.001695	-0.135	0	0	0	0	0
652	-0.045	-0.001695	-0.105	0	0	0	0	0
653	-0.045	-0.001695	-0.075	0	0	0	0	0
654	-0.045	-0.001695	-0.045	0	0	0	0	0
655	-0.045	-0.001695	-0.015	0	0	0	0	0
656	-0.045	-0.001695	0.015	0	0	0	0	0
657	-0.045	-0.001695	0.045	0	0	0	0	0
658	-0.045	-0.001695	0.075	0	0	0	0	0
659	-0.045	-0.001695	0.105	0	0	0	0	0
660	-0.045	-0.001695	0.135	0	0	0	0	0
661	-0.015	-0.001695	-0.135	0	0	0	0	0
662	-0.015	-0.001695	-0.105	0	0	0	0	0
663	-0.015	-0.001695	-0.075	0	0	0	0	0
664	-0.015	-0.001695	-0.045	0	0	0	0	0
665	-0.015	-0.001695	-0.015	0	0	0	0	0
666	-0.015	-0.001695	0.015	0	0	0	0	0
667	-0.015	-0.001695	0.045	0	0	0	0	0
668	-0.015	-0.001695	0.075	0	0	0	0	0
669	-0.015	-0.001695	0.105	0	0	0	0	0
670	-0.015	-0.001695	0.135	0	0	0	0	0
671	0.015	-0.001695	-0.135	0	0	0	0	0
672	0.015	-0.001695	-0.105	0	0	0	0	0
673	0.015	-0.001695	-0.075	0	0	0	0	0
674	0.015	-0.001695	-0.045	0	0	0	0	0
675	0.015	-0.001695	-0.015	0	0	0	0	0
676	0.015	-0.001695	0.015	0	0	0	0	0
677	0.015	-0.001695	0.045	0	0	0	0	0
678	0.015	-0.001695	0.075	0	0	0	0	0
679	0.015	-0.001695	0.105	0	0	0	0	0
680	0.015	-0.001695	0.135	0	0	0	0	0
681	0.045	-0.001695	-0.135	0	0	0	0	0
682	0.045	-0.001695	-0.105	0	0	0	0	0
683	0.045	-0.001695	-0.075	0	0	0	0	0
684	0.045	-0.001695	-0.045	0	0	0	0	0
685	0.045	-0.001695	-0.015	0	0	0	0	0
686	0.045	-0.001695	0.015	0	0	0	0	0
687	0.045	-0.001695	0.045	0	0	0	0	0
688	0.045	-0.001695	0.075	0	0	0	0	0
689	0.045	-0.001695	0.105	0	0	0	0	0
690	0.045	-0.001695	0.135	0	0	0	0	0
691	0.075	-0.001695	-0.135	0	0	0	0	0
692	0.075	-0.001695	-0.105	0	0	0	0	0
693	0.075	-0.001695	-0.075	0	0	0	0	0
694	0.075	-0.001695	-0.045	0	0	0	0	0
695	0.075	-0.001695	-0.015	0	0	0	0	0
696	0.075	-0.001695	0.015	0	0	0	0	0
697	0.075	-0.001695	0.045	0	0	0	0	0
698	0.075	-0.001695	0.075	0	0	0	0	0
699	0.075	-0.001695	0.105	0	0	0	0	0
700	0.075	-0.001695	0.135	0	0	0	0	0
701	0.105	-0.001695	-0.135	0	0	0	0	0
702	0.105	-0.001695	-0.105	0	0	0	0	0
703	0.105	-0.001695	-0.075	0	0	0	0	0
704	0.105	-0.001695	-0.045	0	0	0	0	0
705	0.105	-0.001695	-0.015	0	0	0	0	0
706	0.105	-0.001695	0.015	0	0	0	0	0
707	0.105	-0.001695	0.045	0	0	0	0	0
708	0.105	-0.001695	0.075	0	0	0	0	0
709	0.105	-0.001695	0.105	0	0	0	0	0
710	0.105	-0.001695	0.135	0	0	0	0	0
711	0.135	-0.001695	-0.135	0	0	0	0	0
712	0.135	-0.001695	-0.105	0	0	0	0	0
713	0.135	-0.001695	-0.075	0	0	0	0	0
714	0.135	-0.001695	-0.045	0	0	0	0	0
715	0.135	-0.001695	-0.015	0	0	0	0	0
716	0.135	-0.001695	0.015	0	0	0	0	0
717	0.135	-0.001695	0.045	0	0	0	0	0
718	0.135	-0.001695	0.075	0	0	0	0	0
719	0.135	-0.001695	0.105	0	0	0	0	0
720	0.135	-0.001695	0.135	0	0	0	0	0
721	-0.135	0.001345	0.135	0	3000	0	0	3000
722	-0.135	0.001345	0.105	0	3000	0	0	3000
723	-0.135	0.001345	0.075	0	3000	0	0	3000
724	-0.135	0.001345	0.045	0	3000	0	0	3000
725	-0.135	0.001345	0.015	0	3000	0	0	3000
726	-0.135	0.001345	-0.015	0	3000	0	0	3000
727	-0.135	0.001345	-0.045	0	3000	0	0	3000
728	-0.135	0.001345	-0.075	0	3000	0	0	3000
729	-0.135	0.001345	-0.105	0	3000	0	0	3000
730	-0.135	0.001345	-0.135	0	3000	0	0	3000
731	-0.105	0.001345	0.135	0	3000	0	0	3000
732	-0.105	0.001345	0.105	0	3000	0	0	3000
733	-0.105	0.001345	0.075	0	3000	0	0	3000
734	-0.105	0.001345	0.045	0	3000	0	0	3000
735	-0.105	0.001345	0.015	0	3000	0	0	3000
736	-0.105	0.001345	-0.015	0	3000	0	0	3000
737	-0.105	0.001345	-0.045	0	3000	0	0	3000
738	-0.105	0.001345	-0.075	0	3000	0	0	3000
739	-0.105	0.001345	-0.105	0	3000	0	0	3000
740	-0.105	0.001345	-0.135	0	3000	0	0	3000
741	-0.075	0.001345	0.135	0	3000	0	0	3000
742	-0.075	0.001345	0.105	0	3000	0	0	3000
743	-0.075	0.001345	0.075	0	3000	0	0	3000
744	-0.075	0.001345	0.045	0	3000	0	0	3000
745	-0.075	0.001345	0.015	0	3000	0	0	3000
746	-0.075	0.001345	-0.015	0	3000	0	0	3000
747	-0.075	0.001345	-0.045	0	3000	0	0	3000
748	-0.075	0.001345	-0.075	0	3000	0	0	3000
749	-0.075	0.001345	-0.105	0	3000	0	0	3000
750	-0.075	0.001345	-0.135	0	3000	0	0	3000
751	-0.045	0.001345	0.135	0	3000	0	0	3000
752	-0.045	0.001345	0.105	0	3000	0	0	3000
753	-0.045	0.001345	0.075	0	3000	0	0	3000
754	-0.045	0.001345	0.045	0	3000	0	0	3000
755	-0.045	0.001345	0.015	0	3000	0	0	3000
756	-0.045	0.001345	-0.015	0	3000	0	0	3000
757	-0.045	0.001345	-0.045	0	3000	0	0	3000
758	-0.045	0.001345	-0.075	0	3000	0	0	3000
759	-0.045	0.001345	-0.105	0	3000	0	0	3000
760	-0.045	0.001345	-0.135	0	3000	0	0	3000
761	-0.015	0.001345	0.135	0	3000	0	0	3000
762	-0.015	0.001345	0.105	0	3000	0	0	3000
763	-0.015	0.001345	0.075	0	3000	0	0	3000
764	-0.015	0.001345	0.045	0	3000	0	0	3000
765	-0.015	0.001345	0.015	0	3000	0	0	3000
766	-0.015	0.001345	-0.015	0	3000	0	0	3000
767	-0.015	0.001345	-0.045	0	3000	0	0	3000
768	-0.015	0.001345	-0.075	0	3000	0	0	3000
769	-0.015	0.001345	-0.105	0	3000	0	0	3000
770	-0.015	0.001345	-0.135	0	3000	0	0	3000
771	0.015	0.001345	0.135	0	3000	0	0	3000
772	0.015	0.001345	0.105	0	3000	0	0	3000
773	0.015	0.001345	0.075	0	3000	0	0	3000
774	0.015	0.001345	0.045	0	3000	0	0	3000
775	0.015	0.001345	0.015	0	3000	0	0	3000
776	0.015	0.001345	-0.015	0	3000	0	0	3000
777	0.015	0.001345	-0.045	0	3000	0	0	3000
778	0.015	0.001345	-0.075	0	3000	0	0	3000
779	0.015	0.001345	-0.105	0	3000	0	0	3000
780	0.015	0.001345	-0.135	0	3000	0	0	3000
781	0.045	0.001345	0.135	0	3000	0	0	3000
782	0.045	0.001345	0.105	0	3000	0	0	3000
783	0.045	0.001345	0.075	0	3000	0	0	3000
784	0.045	0.001345	0.045	0	3000	0	0	3000
785	0.045	0.001345	0.015	0	3000	0	0	3000
786	0.045	0.001345	-0.015	0	3000	0	0	3000
787	0.045	0.001345	-0.045	0	3000	0	0	3000
788	0.045	0.001345	-0.075	0	3000	0	0	3000
789	0.045	0.001345	-0.105	0	3000	0	0	3000
790	0.045	0.001345	-0.135	0	3000	0	0	3000
791	0.075	0.001345	0.135	0	3000	0	0	3000
792	0.075	0.001345	0.105	0	3000	0	0	3000
793	0.075	0.001345	0.075	0	3000	0	0	3000
794	0.075	0.001345	0.045	0	3000	0	0	3000
795	0.075	0.001345	0.015	0	3000	0	0	3000
796	0.075	0.001345	-0.015	0	3000	0	0	3000
797	0.075	0.001345	-0.045	0	3000	0	0	3000
798	0.075	0.001345	-0.075	0	3000	0	0	3000
799	0.075	0.001345	-0.105	0	3000	0	0	3000
800	0.075	0.001345	-0.135	0	3000	0	0	3000
801	0.105	0.001345	0.135	0	3000	0	0	3000
802	0.105	0.001345	0.105	0	3000	0	0	3000
803	0.105	0.001345	0.075	0	3000	0	0	3000
804	0.105	0.001345	0.045	0	3000	0	0	3000
805	0.105	0.001345	0.015	0	3000	0	0	3000
806	0.105	0.001345	-0.015	0	3000	0	0	3000
807	0.105	0.001345	-0.045	0	3000	0	0	3000
808	0.105	0.001345	-0.075	0	3000	0	0	3000
809	0.105	0.001345	-0.105	0	3000	0	0	3000
810	0.105	0.001345	-0.135	0	3000	0	0	3000
811	0.135	0.001345	0.135	0	3000	0	0	3000
812	0.135	0.001345	0.105	0	3000	0	0	3000
813	0.135	0.001345	0.075	0	3000	0	0	3000
814	0.135	0.001345	0.045	0	3000	0	0	3000
815	0.135	0.001345	0.015	0	3000	0	0	3000
816	0.135	0.001345	-0.015	0	3000	0	0	3000
817	0.135	0.001345	-0.045	0	3000	0	0	3000
818	0.135	0.001345	-0.075	0	3000	0	0	3000
819	0.135	0.001345	-0.105	0	3000	0	0	3000
820	0.135	0.001345	-0.135	0	3000	0	0	3000
821	-0.135	-0.001345	-0.135	0	-3000	0	0	-3000
822	-0.135	-0.001345	-0.105	0	-3000	0	0	-3000
823	-0.135	-0.001345	-0.075	0	-3000	0	0	-3000
824	-0.135	-0.001345	-0.045	0	-3000	0	0	-3000
825	-0.135	-0.001345	-0.015	0	-3000	0	0	-3000
826	-0.135	-0.001345	0.015	0	-3000	0	0	-3000
827	-0.135	-0.001345	0.045	0	-3000	0	0	-3000
828	-0.135	-0.001345	0.075	0	-3000	0	0	-3000
829	-0.135	-0.001345	0.105	0	-3000	0	0	-3000
830	-0.135	-0.001345	0.135	0	-3000	0	0	-3000
831	-0.105	-0.001345	-0.135	0	-3000	0	0	-3000
832	-0.105	-0.001345	-0.105	0	-3000	0	0	-3000
833	-0.105	-0.001345	-0.075	0	-3000	0	0	-3000
834	-0.105	-0.001345	-0.045	0	-3000	0	0	-3000
835	-0.105	-0.001345	-0.015	0	-3000	0	0	-3000
836	-0.105	-0.001345	0.015	0	-3000	0	0	-3000
837	-0.105	-0.001345	0.045	0	-3000	0	0	-3000
838	-0.105	-0.001345	0.075	0	-3000	0	0	-3000
839	-0.105	-0.001345	0.105	0	-3000	0	0	-3000
840	-0.105	-0.001345	0.135	0	-3000	0	0	-3000
841	-0.075	-0.001345	-0.135	0	-3000	0	0	-3000
842	-0.075	-0.001345	-0.105	0	-3000	0	0	-3000
843	-0.075	-0.001345	-0.075	0	-3000	0	0	-3000
844	-0.075	-0.001345	-0.045	0	-3000	0	0	-3000
845	-0.075	-0.001345	-0.015	0	-3000	0	0	-3000
846	-0.075	-0.001345	0.015	0	-3000	0	0	-3000
847	-0.075	-0.001345	0.045	0	-3000	0	0	-3000
848	-0.075	-0.001345	0.075	0	-3000	0	0	-3000
849	-0.075	-0.001345	0.105	0	-3000	0	0	-3000
850	-0.075	-0.001345	0.135	0	-3000	0	0	-3000
851	-0.045	-0.001345	-0.135	0	-3000	0	0	-3000
852	-0.045	-0.001345	-0.105	0	-3000	0	0	-3000
853	-0.045	-0.001345	-0.075	0	-3000	0	0	-3000
854	-0.045	-0.001345	-0.045	0	-3000	0	0	-3000
855	-0.045	-0.001345	-0.015	0	-3000	0	0	-3000
856	-0.045	-0.001345	0.015	0	-3000	0	0	-3000
857	-0.045	-0.001345	0.045	0	-3000	0	0	-3000
858	-0.045	-0.001345	0.075	0	-3000	0	0	-3000
859	-0.045	-0.001345	0.105	0	-3000	0	0	-3000
860	-0.045	-0.001345	0.135	0	-3000	0	0	-3000
861	-0.015	-0.001345	-0.135	0	-3000	0	0	-3000
862	-0.015	-0.001345	-0.105	0	-3000	0	0	-3000
863	-0.015	-0.001345	-0.075	0	-3000	0	0	-3000
864	-0.015	-0.001345	-0.045	0	-3000	0	0	-3000
865	-0.015	-0.001345	-0.015	0	-3000	0	0	-3000
866	-0.015	-0.001345	0.015	0	-3000	0	0	-3000
867	-0.015	-0.001345	0.045	0	-3000	0	0	-3000
868	-0.015	-0.001345	0.075	0	-3000	0	0	-3000
869	-0.015	-0.001345	0.105	0	-3000	0	0	-3000
870	-0.015	-0.001345	0.135	0	-3000	0	0	-3000
871	0.015	-0.001345	-0.135	0	-3000	0	0	-3000
872	0.015	-0.001345	-0.105	0	-3000	0	0	-3000
873	0.015	-0.001345	-0.075	0	-3000	0	0	-3000
874	0.015	-0.001345	-0.045	0	-3000	0	0	-3000
875	0.015	-0.001345	-0.015	0	-3000	0	0	-3000
876	0.015	-0.001345	0.015	0	-3000	0	0	-3000
877	0.015	-0.001345	0.045	0	-3000	0	0	-3000
878	0.015	-0.001345	0.075	0	-3000	0	0	-3000
879	0.015	-0.001345	0.105	0	-3000	0	0	-3000
880	0.015	-0.001345	0.135	0	-3000	0	0	-3000
881	0.045	-0.001345	-0.135	0	-3000	0	0	-3000
882	0.045	-0.001345	-0.105	0	-3000	0	0	-3000
883	0.045	-0.001345	-0.075	0	-3000	0	0	-3000
884	0.045	-0.001345	-0.045	0	-3000	0	0	-3000
885	0.045	-0.001345	-0.015	0	-3000	0	0	-3000
886	0.045	-0.001345	0.015	0	-3000	0	0	-3000
887	0.045	-0.001345	0.045	0	-3000	0	0	-3000
888	0.045	-0.001345	0.075	0	-3000	0	0	-3000
889	0.045	-0.001345	0.105	0	-3000	0	0	-3000
890	0.045	-0.001345	0.135	0	-3000	0	0	-3000
891	0.075	-0.001345	-0.135	0	-3000	0	0	-3000
892	0.075	-0.001345	-0.105	0	-3000	0	0	-3000
893	0.075	-0.001345	-0.075	0	-3000	0	0	-3000
894	0.075	-0.001345	-0.045	0	-3000	0	0	-3000
895	0.075	-0.001345	-0.015	0	-3000	0	0	-3000
896	0.075	-0.001345	0.015	0	-3000	0	0	-3000
897	0.075	-0.001345	0.045	0	-3000	0	0	-3000
898	0.075	-0.001345	0.075	0	-3000	0	0	-3000
899	0.075	-0.001345	0.105	0	-3000	0	0	-3000
900	0.075	-0.001345	0.135	0	-3000	0	0	-3000
901	0.105	-0.001345	-0.135	0	-3000	0	0	-3000
902	0.105	-0.001345	-0.105	0	-3000	0	0	-3000
903	0.105	-0.001345	-0.075	0	-3000	0	0	-3000
904	0.105	-0.001345	-0.045	0	-3000	0	0	-3000
905	0.105	-0.001345	-0.015	0	-3000	0	0	-3000
906	0.105	-0.001345	0.015	0	-3000	0	0	-3000
907	0.105	-0.001345	0.045	0	-3000	0	0	-3000
908	0.105	-0.001345	0.075	0	-3000	0	0	-3000
909	0.105	-0.001345	0.105	0	-3000	0	0	-3000
910	0.105	-0.001345	0.135	0	-3000	0	0	-3000
911	0.135	-0.001345	-0.135	0	-3000	0	0	-3000
912	0.135	-0.001345	-0.105	0	-3000	0	0	-3000
913	0.135	-0.001345	-0.075	0	-3000	0	0	-3000
914	0.135	-0.001345	-0.045	0	-3000	0	0	-3000
915	0.135	-0.001345	-0.015	0	-3000	0	0	-3000
916	0.135	-0.001345	0.015	0	-3000	0	0	-3000
917	0.135	-0.001345	0.045	0	-3000	0	0	-3000
918	0.135	-0.001345	0.075	0	-3000	0	0	-3000
919	0.135	-0.001345	0.105	0	-3000	0	0	-3000
920	0.135	-0.001345	0.135	0	-3000	0	0	-3000
921	-0.135	0.001325	0.135	0	3000	0	0	3000
922	-0.135	0.001325	0.105	0	3000	0	0	3000
923	-0.135	0.001325	0.075	0	3000	0	0	3000
924	-0.135	0.001325	0.045	0	3000	0	0	3000
925	-0.135	0.001325	0.015	0	3000	0	0	3000
926	-0.135	0.001325	-0.015	0	3000	0	0	3000
927	-0.135	0.001325	-0.045	0	3000	0	0	3000
928	-0.135	0.001325	-0.075	0	3000	0	0	3000
929	-0.135	0.001325	-0.105	0	3000	0	0	3000
930	-0.135	0.001325	-0.135	0	3000	0	0	3000
931	-0.105	0.001325	0.135	0	3000	0	0	3000
932	-0.105	0.001325	0.105	0	3000	0	0	3000
933	-0.105	0.001325	0.075	0	3000	0	0	3000
934	-0.105	0.001325	0.045	0	3000	0	0	3000
935	-0.105	0.001325	0.015	0	3000	0	0	3000
936	-0.105	0.001325	-0.015	0	3000	0	0	3000
937	-0.105	0.001325	-0.045	0	3000	0	0	3000
938	-0.105	0.001325	-0.075	0	3000	0	0	3000
939	-0.105	0.001325	-0.105	0	3000	0	0	3000
940	-0.105	0.001325	-0.135	0	3000	0	0	3000
941	-0.075	0.001325	0.135	0	3000	0	0	3000
942	-0.075	0.001325	0.105	0	3000	0	0	3000
943	-0.075	0.001325	0.075	0	3000	0	0	3000
944	-0.075	0.001325	0.045	0	3000	0	0	3000
945	-0.075	0.001325	0.015	0	3000	0	0	3000
946	-0.075	0.001325	-0.015	0	3000	0	0	3000
947	-0.075	0.001325	-0.045	0	3000	0	0	3000
948	-0.075	0.001325	-0.075	0	3000	0	0	3000
949	-0.075	0.001325	-0.105	0	3000	0	0	3000
950	-0.075	0.001325	-0.135	0	3000	0	0	3000
951	-0.045	0.001325	0.135	0	3000	0	0	3000
952	-0.045	0.001325	0.105	0	3000	0	0	3000
953	-0.045	0.001325	0.075	0	3000	0	0	3000
954	-0.045	0.001325	0.045	0	3000	0	0	3000
955	-0.045	0.001325	0.015	0	3000	0	0	3000
956	-0.045	0.001325	-0.015	0	3000	0	0	3000
957	-0.045	0.001325	-0.045	0	3000	0	0	3000
958	-0.045	0.001325	-0.075	0	3000	0	0	3000
959	-0.045	0.001325	-0.105	0	3000	0	0	3000
960	-0.045	0.001325	-0.135	0	3000	0	0	3000
961	-0.015	0.001325	0.135	0	3000	0	0	3000
962	-0.015	0.001325	0.105	0	3000	0	0	3000
963	-0.015	0.001325	0.075	0	3000	0	0	3000
964	-0.015	0.001325	0.045	0	3000	0	0	3000
965	-0.015	0.001325	0.015	0	3000	0	0	3000
966	-0.015	0.001325	-0.015	0	3000	0	0	3000
967	-0.015	0.001325	-0.045	0	3000	0	0	3000
968	-0.015	0.001325	-0.075	0	3000	0	0	3000
969	-0.015	0.001325	-0.105	0	3000	0	0	3000
970	-0.015	0.001325	-0.135	0	3000	0	0	3000
971	0.015	0.001325	0.135	0	3000	0	0	3000
972	0.015	0.001325	0.105	0	3000	0	0	3000
973	0.015	0.001325	0.075	0	3000	0	0	3000
974	0.015	0.001325	0.045	0	3000	0	0	3000
975	0.015	0.001325	0.015	0	3000	0	0	3000
976	0.015	0.001325	-0.015	0	3000	0	0	3000
977	0.015	0.001325	-0.045	0	3000	0	0	3000
978	0.015	0.001325	-0.075	0	3000	0	0	3000
979	0.015	0.001325	-0.105	0	3000	0	0	3000
980	0.015	0.001325	-0.135	0	3000	0	0	3000
981	0.045	0.001325	0.135	0	3000	0	0	3000
982	0.045	0.001325	0.105	0	3000	0	0	3000
983	0.045	0.001325	0.075	0	3000	0	0	3000
984	0.045	0.001325	0.045	0	3000	0	0	3000
985	0.045	0.001325	0.015	0	3000	0	0	3000
986	0.045	0.001325	-0.015	0	3000	0	0	3000
987	0.045	0.001325	-0.045	0	3000	0	0	3000
988	0.045	0.001325	-0.075	0	3000	0	0	3000
989	0.045	0.001325	-0.105	0	3000	0	0	3000
990	0.045	0.001325	-0.135	0	3000	0	0	3000
991	0.075	0.001325	0.135	0	3000	0	0	3000
992	0.075	0.001325	0.105	0	3000	0	0	3000
993	0.075	0.001325	0.075	0	3000	0	0	3000
994	0.075	0.001325	0.045	0	3000	0	0	3000
995	0.075	0.001325	0.015	0	3000	0	0	3000
996	0.075	0.001325	-0.015	0	3000	0	0	3000
997	0.075	0.001325	-0.045	0	3000	0	0	3000
998	0.075	0.001325	-0.075	0	3000	0	0	3000
999	0.075	0.001325	-0.105	0	3000	0	0	3000
1000	0.075	0.001325	-0.135	0	3000	0	0	3000
1001	0.105	0.001325	0.135	0	3000	0	0	3000
1002	0.105	0.001325	0.105	0	3000	0	0	3000
1003	0.105	0.001325	0.075	0	3000	0	0	3000
1004	0.105	0.001325	0.045	0	3000	0	0	3000
1005	0.105	0.001325	0.015	0	3000	0	0	3000
1006	0.105	0.001325	-0.015	0	3000	0	0	3000
1007	0.105	0.001325	-0.045	0	3000	0	0	3000
1008	0.105	0.001325	-0.075	0	3000	0	0	3000
1009	0.105	0.001325	-0.105	0	3000	0	0	3000
1010	0.105	0.001325	-0.135	0	3000	0	0	3000
1011	0.135	0.001325	0.135	0	3000	0	0	3000
1012	0.135	0.001325	0.105	0	3000	0	0	3000
1013	0.135	0.001325	0.075	0	3000	0	0	3000
1014	0.135	0.001325	0.045	0	3000	0	0	3000
1015	0.135	0.001325	0.015	0	3000	0	0	3000
1016	0.135	0.001325	-0.015	0	3000	0	0	3000
1017	0.135	0.001325	-0.045	0	3000	0	0	3000
1018	0.135	0.001325	-0.075	0	3000	0	0	3000
1019	0.135	0.001325	-0.105	0	3000	0	0	3000
1020	0.135	0.001325	-0.135	0	3000	0	0	3000
1021	-0.135	-0.001325	-0.135	0	-3000	0	0	-3000
1022	-0.135	-0.001325	-0.105	0	-3000	0	0	-3000
1023	-0.135	-0.001325	-0.075	0	-3000	0	0	-3000
1024	-0.135	-0.001325	-0.045	0	-3000	0	0	-3000
1025	-0.135	-0.001325	-0.015	0	-3000	0	0	-3000
1026	-0.135	-0.001325	0.015	0	-3000	0	0	-3000
1027	-0.135	-0.001325	0.045	0	-3000	0	0	-3000
1028	-0.135	-0.001325	0.075	0	-3000	0	0	-3000
1029	-0.135	-0.001325	0.105	0	-3000	0	0	-3000
1030	-0.135	-0.001325	0.135	0	-3000	0	0	-3000
1031	-0.105	-0.001325	-0.135	0	-3000	0	0	-3000
1032	-0.105	-0.001325	-0.105	0	-3000	0	0	-3000
1033	-0.105	-0.001325	-0.075	0	-3000	0	0	-3000
1034	-0.105	-0.001325	-0.045	0	-3000	0	0	-3000
1035	-0.105	-0.001325	-0.015	0	-3000	0	0	-3000
1036	-0.105	-0.001325	0.015	0	-3000	0	0	-3000
1037	-0.105	-0.001325	0.045	0	-3000	0	0	-3000
1038	-0.105	-0.001325	0.075	0	-3000	0	0	-3000
1039	-0.105	-0.001325	0.105	0	-3000	0	0	-3000
1040	-0.105	-0.001325	0.135	0	-3000	0	0	-3000
1041	-0.075	-0.001325	-0.135	0	-3000	0	0	-3000
1042	-0.075	-0.001325	-0.105	0	-3000	0	0	-3000
1043	-0.075	-0.001325	-0.075	0	-3000	0	0	-3000
1044	-0.075	-0.001325	-0.045	0	-3000	0	0	-3000
1045	-0.075	-0.001325	-0.015	0	-3000	0	0	-3000
1046	-0.075	-0.001325	0.015	0	-3000	0	0	-3000
1047	-0.075	-0.001325	0.045	0	-3000	0	0	-3000
1048	-0.075	-0.001325	0.075	0	-3000	0	0	-3000
1049	-0.075	-0.001325	0.105	0	-3000	0	0	-3000
1050	-0.075	-0.001325	0.135	0	-3000	0	0	-3000
1051	-0.045	-0.001325	-0.135	0	-3000	0	0	-3000
1052	-0.045	-0.001325	-0.105	0	-3000	0	0	-3000
1053	-0.045	-0.001325	-0.075	0	-3000	0	0	-3000
1054	-0.045	-0.001325	-0.045	0	-3000	0	0	-3000
1055	-0.045	-0.001325	-0.015	0	-3000	0	0	-3000
1056	-0.045	-0.001325	0.015	0	-3000	0	0	-3000
1057	-0.045	-0.001325	0.045	0	-3000	0	0	-3000
1058	-0.045	-0.001325	0.075	0	-3000	0	0	-3000
1059	-0.045	-0.001325	0.105	0	-3000	0	0	-3000
1060	-0.045	-0.001325	0.135	0	-3000	0	0	-3000
1061	-0.015	-0.001325	-0.135	0	-3000	0	0	-3000
1062	-0.015	-0.001325	-0.105	0	-3000	0	0	-3000
1063	-0.015	-0.001325	-0.075	0	-3000	0	0	-3000
1064	-0.015	-0.001325	-0.045	0	-3000	0	0	-3000
1065	-0.015	-0.001325	-0.015	0	-3000	0	0	-3000
1066	-0.015	-0.001325	0.015	0	-3000	0	0	-3000
1067	-0.015	-0.001325	0.045	0	-3000	0	0	-3000
1068	-0.015	-0.001325	0.075	0	-3000	0	0	-3000
1069	-0.015	-0.001325	0.105	0	-3000	0	0	-3000
1070	-0.015	-0.001325	0.135	0	-3000	0	0	-3000
1071	0.015	-0.001325	-0.135	0	-3000	0	0	-3000
1072	0.015	-0.001325	-0.105	0	-3000	0	0	-3000
1073	0.015	-0.001325	-0.075	0	-3000	0	0	-3000
1074	0.015	-0.001325	-0.045	0	-3000	0	0	-3000
1075	0.015	-0.001325	-0.015	0	-3000	0	0	-3000
1076	0.015	-0.001325	0.015	0	-3000	0	0	-3000
1077	0.015	-0.001325	0.045	0	-3000	0	0	-3000
1078	0.015	-0.001325	0.075	0	-3000	0	0	-3000
1079	0.015	-0.001325	0.105	0	-3000	0	0	-3000
1080	0.015	-0.001325	0.135	0	-3000	0	0	-3000
1081	0.045	-0.001325	-0.135	0	-3000	0	0	-3000
1082	0.045	-0.001325	-0.105	0	-3000	0	0	-3000
1083	0.045	-0.001325	-0.075	0	-3000	0	0	-3000
1084	0.045	-0.001325	-0.045	0	-3000	0	0	-3000
1085	0.045	-0.001325	-0.015	0	-3000	0	0	-3000
1086	0.045	-0.001325	0.015	0	-3000	0	0	-3000
1087	0.045	-0.001325	0.045	0	-3000	0	0	-3000
1088	0.045	-0.001325	0.075	0	-3000	0	0	-3000
1089	0.045	-0.001325	0.105	0	-3000	0	0	-3000
1090	0.045	-0.001325	0.135	0	-3000	0	0	-3000
1091	0.075	-0.001325	-0.135	0	-3000	0	0	-3000
1092	0.075	-0.001325	-0.105	0	-3000	0	0	-3000
1093	0.075	-0.001325	-0.075	0	-3000	0	0	-3000
1094	0.075	-0.001325	-0.045	0	-3000	0	0	-3000
1095	0.075	-0.001325	-0.015	0	-3000	0	0	-3000
1096	0.075	-0.001325	0.015	0	-3000	0	0	-3000
1097	0.075	-0.001325	0.045	0	-3000	0	0	-3000
1098	0.075	-0.001325	0.075	0	-3000	0	0	-3000
1099	0.075	-0.001325	0.105	0	-3000	0	0	-3000
1100	0.075	-0.001325	0.135	0	-3000	0	0	-3000
1101	0.105	-0.001325	-0.135	0	-3000	0	0	-3000
1102	0.105	-0.001325	-0.105	0	-3000	0	0	-3000
1103	0.105	-0.001325	-0.075	0	-3000	0	0	-3000
1104	0.105	-0.001325	-0.045	0	-3000	0	0	-3000
1105	0.105	-0.001325	-0.015	0	-3000	0	0	-3000
1106	0.105	-0.001325	0.015	0	-3000	0	0	-3000
1107	0.105	-0.001325	0.045	0	-3000	0	0	-3000
1108	0.105	-0.001325	0.075	0	-3000	0	0	-3000
1109	0.105	-0.001325	0.105	0	-3000	0	0	-3000
1110	0.105	-0.001325	0.135	0	-3000	0	0	-3000
1111	0.135	-0.001325	-0.135	0	-3000	0	0	-3000
1112	0.135	-0.001325	-0.105	0	-3000	0	0	-3000
1113	0.135	-0.001325	-0.075	0	-3000	0	0	-3000
1114	0.135	-0.001325	-0.045	0	-3000	0	0	-3000
1115	0.135	-0.001325	-0.015	0	-3000	0	0	-3000
1116	0.135	-0.001325	0.015	0	-3000	0	0	-3000
1117	0.135	-0.001325	0.045	0	-3000	0	0	-3000
1118	0.135	-0.001325	0.075	0	-3000	0	0	-3000
1119	0.135	-0.001325	0.105	0	-3000	0	0	-3000
1120	0.135	-0.001325	0.135	0	-3000	0	0	-3000
1121	-0.135	0.000125	0.135	0	0	0	0	0
1122	-0.135	0.000125	0.105	0	0	0	0	0
1123	-0.135	0.000125	0.075	0	0	0	0	0
1124	-0.135	0.000125	0.045	0	0	0	0	0
1125	-0.135	0.000125	0.015	0	0	0	0	0
1126	-0.135	0.000125	-0.015	0	0	0	0	0
1127	-0.135	0.000125	-0.045	0	0	0	0	0
1128	-0.135	0.000125	-0.075	0	0	0	0	0
1129	-0.135	0.000125	-0.105	0	0	0	0	0
1130	-0.135	0.000125	-0.135	0	0	0	0	0
1131	-0.105	0.000125	0.135	0	0	0	0	0
1132	-0.105	0.000125	0.105	0	0	0	0	0
1133	-0.105	0.000125	0.075	0	0	0	0	0
1134	-0.105	0.000125	0.045	0	0	0	0	0
1135	-0.105	0.000125	0.015	0	0	0	0	0
1136	-0.105	0.000125	-0.015	0	0	0	0	0
1137	-0.105	0.000125	-0.045	0	0	0	0	0
1138	-0.105	0.000125	-0.075	0	0	0	0	0
1139	-0.105	0.000125	-0.105	0	0	0	0	0
1140	-0.105	0.000125	-0.135	0	0	0	0	0
1141	-0.075	0.000125	0.135	0	0	0	0	0
1142	-0.075	0.000125	0.105	0	0	0	0	0
1143	-0.075	0.000125	0.075	0	0	0	0	0
1144	-0.075	0.000125	0.045	0	0	0	0	0
1145	-0.075	0.000125	0.015	0	0	0	0	0
1146	-0.075	0.000125	-0.015	0	0	0	0	0
1147	-0.075	0.000125	-0.045	0	0	0	0	0
1148	-0.075	0.000125	-0.075	0	0	0	0	0
1149	-0.075	0.000125	-0.105	0	0	0	0	0
1150	-0.075	0.000125	-0.135	0	0	0	0	0
1151	-0.045	0.000125	0.135	0	0	0	0	0
1152	-0.045	0.000125	0.105	0	0	0	0	0
1153	-0.045	0.000125	0.075	0	0	0	0	0
1154	-0.045	0.000125	0.045	0	0	0	0	0
1155	-0.045	0.000125	0.015	0	0	0	0	0
1156	-0.045	0.000125	-0.015	0	0	0	0	0
1157	-0.045	0.000125	-0.045	0	0	0	0	0
1158	-0.045	0.000125	-0.075	0	0	0	0	0
1159	-0.045	0.000125	-0.105	0	0	0	0	0
1160	-0.045	0.000125	-0.135	0	0	0	0	0
1161	-0.015	0.000125	0.135	0	0	0	0	0
1162	-0.015	0.000125	0.105	0	0	0	0	0
1163	-0.015	0.000125	0.075	0	0	0	0	0
1164	-0.015	0.000125	0.045	0	0	0	0	0
1165	-0.015	0.000125	0.015	0	0	0	0	0
1166	-0.015	0.000125	-0.015	0	0	0	0	0
1167	-0.015	0.000125	-0.045	0	0	0	0	0
1168	-0.015	0.000125	-0.075	0	0	0	0	0
1169	-0.015	0.000125	-0.105	0	0	0	0	0
1170	-0.015	0.000125	-0.135	0	0	0	0	0
1171	0.015	0.000125	0.135	0	0	0	0	0
1172	0.015	0.000125	0.105	0	0	0	0	0
1173	0.015	0.000125	0.075	0	0	0	0	0
1174	0.015	0.000125	0.045	0	0	0	0	0
1175	0.015	0.000125	0.015	0	0	0	0	0
1176	0.015	0.000125	-0.015	0	0	0	0	0
1177	0.015	0.000125	-0.045	0	0	0	0	0
1178	0.015	0.000125	-0.075	0	0	0	0	0
1179	0.015	0.000125	-0.105	0	0	0	0	0
1180	0.015	0.000125	-0.135	0	0	0	0	0
1181	0.045	0.000125	0.135	0	0	0	0	0
1182	0.045	0.000125	0.105	0	0	0	0	0
1183	0.045	0.000125	0.075	0	0	0	0	0
1184	0.045	0.000125	0.045	0	0	0	0	0
1185	0.045	0.000125	0.015	0	0	0	0	0
1186	0.045	0.000125	-0.015	0	0	0	0	0
1187	0.045	0.000125	-0.045	0	0	0	0	0
1188	0.045	0.000125	-0.075	0	0	0	0	0
1189	0.045	0.000125	-0.105	0	0	0	0	0
1190	0.045	0.000125	-0.135	0	0	0	0	0
1191	0.075	0.000125	0.135	0	0	0	0	0
1192	0.075	0.000125	0.105	0	0	0	0	0
1193	0.075	0.000125	0.075	0	0	0	0	0
1194	0.075	0.000125	0.045	0	0	0	0	0
1195	0.075	0.000125	0.015	0	0	0	0	0
1196	0.075	0.000125	-0.015	0	0	0	0	0
1197	0.075	0.000125	-0.045	0	0	0	0	0
1198	0.075	0.000125	-0.075	0	0	0	0	0
1199	0.075	0.000125	-0.105	0	0	0	0	0
1200	0.075	0.000125	-0.135	0	0	0	0	0
1201	0.105	0.000125	0.135	0	0	0	0	0
1202	0.105	0.000125	0.105	0	0	0	0	0
1203	0.105	0.000125	0.075	0	0	0	0	0
1204	0.105	0.000125	0.045	0	0	0	0	0
1205	0.105	0.000125	0.015	0	0	0	0	0
1206	0.105	0.000125	-0.015	0	0	0	0	0
1207	0.105	0.000125	-0.045	0	0	0	0	0
1208	0.105	0.000125	-0.075	0	0	0	0	0
1209	0.105	0.000125	-0.105	0	0	0	0	0
1210	0.105	0.000125	-0.135	0	0	0	0	0
1211	0.135	0.000125	0.135	0	0	0	0	0
1212	0.135	0.000125	0.105	0	0	0	0	0
1213	0.135	0.000125	0.075	0	0	0	0	0
1214	0.135	0.000125	0.045	0	0	0	0	0
1215	0.135	0.000125	0.015	0	0	0	0	0
1216	0.135	0.000125	-0.015	0	0	0	0	0
1217	0.135	0.000125	-0.045	0	0	0	0	0
1218	0.135	0.000125	-0.075	0	0	0	0	0
1219	0.135	0.000125	-0.105	0	0	0	0	0
1220	0.135	0.000125	-0.135	0	0	0	0	0
1221	-0.135	-0.000125	-0.135	0	0	0	0	0
1222	-0.135	-0.000125	-0.105	0	0	0	0	0
1223	-0.135	-0.000125	-0.075	0	0	0	0	0
1224	-0.135	-0.000125	-0.045	0	0	0	0	0
1225	-0.135	-0.000125	-0.015	0	0	0	0	0
1226	-0.135	-0.000125	0.015	0	0	0	0	0
1227	-0.135	-0.000125	0.045	0	0	0	0	0
1228	-0.135	-0.000125	0.075	0	0	0	0	0
1229	-0.135	-0.000125	0.105	0	0	0	0	0
1230	-0.135	-0.000125	0.135	0	0	0	0	0
1231	-0.105	-0.000125	-0.135	0	0	0	0	0
1232	-0.105	-0.000125	-0.105	0	0	0	0	0
1233	-0.105	-0.000125	-0.075	0	0	0	0	0
1234	-0.105	-0.000125	-0.045	0	0	0	0	0
1235	-0.105	-0.000125	-0.015	0	0	0	0	0
1236	-0.105	-0.000125	0.015	0	0	0	0	0
1237	-0.105	-0.000125	0.045	0	0	0	0	0
1238	-0.105	-0.000125	0.075	0	0	0	0	0
1239	-0.105	-0.000125	0.105	0	0	0	0	0
1240	-0.105	-0.000125	0.135	0	0	0	0	0
1241	-0.075	-0.000125	-0.135	0	0	0	0	0
1242	-0.075	-0.000125	-0.105	0	0	0	0	0
1243	-0.075	-0.000125	-0.075	0	0	0	0	0
1244	-0.075	-0.000125	-0.045	0	0	0	0	0
1245	-0.075	-0.000125	-0.015	0	0	0	0	0
1246	-0.075	-0.000125	0.015	0	0	0	0	0
1247	-0.075	-0.000125	0.045	0	0	0	0	0
1248	-0.075	-0.000125	0.075	0	0	0	0	0
1249	-0.075	-0.000125	0.105	0	0	0	0	0
1250	-0.075	-0.000125	0.135	0	0	0	0	0
1251	-0.045	-0.000125	-0.135	0	0	0	0	0
1252	-0.045	-0.000125	-0.105	0	0	0	0	0
1253	-0.045	-0.000125	-0.075	0	0	0	0	0
1254	-0.045	-0.000125	-0.045	0	0	0	0	0
1255	-0.045	-0.000125	-0.015	0	0	0	0	0
1256	-0.045	-0.000125	0.015	0	0	0	0	0
1257	-0.045	-0.000125	0.045	0	0	0	0	0
1258	-0.045	-0.000125	0.075	0	0	0	0	0
1259	-0.045	-0.000125	0.105	0	0	0	0	0
1260	-0.045	-0.000125	0.135	0	0	0	0	0
1261	-0.015	-0.000125	-0.135	0	0	0	0	0
1262	-0.015	-0.000125	-0.105	0	0	0	0	0
1263	-0.015	-0.000125	-0.075	0	0	0	0	0
1264	-0.015	-0.000125	-0.045	0	0	0	0	0
1265	-0.015	-0.000125	-0.015	0	0	0	0	0
1266	-0.015	-0.000125	0.015	0	0	0	0	0
1267	-0.015	-0.000125	0.045	0	0	0	0	0
1268	-0.015	-0.000125	0.075	0	0	0	0	0
1269	-0.015	-0.000125	0.105	0	0	0	0	0
1270	-0.015	-0.000125	0.135	0	0	0	0	0
1271	0.015	-0.000125	-0.135	0	0	0	0	0
1272	0.015	-0.000125	-0.105	0	0	0	0	0
1273	0.015	-0.000125	-0.075	0	0	0	0	0
1274	0.015	-0.000125	-0.045	0	0	0	0	0
1275	0.015	-0.000125	-0.015	0	0	0	0	0
1276	0.015	-0.000125	0.015	0	0	0	0	0
1277	0.015	-0.000125	0.045	0	0	0	0	0
1278	0.015	-0.000125	0.075	0	0	0	0	0
1279	0.015	-0.000125	0.105	0	0	0	0	0
1280	0.015	-0.000125	0.135	0	0	0	0	0
1281	0.045	-0.000125	-0.135	0	0	0	0	0
1282	0.045	-0.000125	-0.105	0	0	0	0	0
1283	0.045	-0.000125	-0.075	0	0	0	0	0
1284	0.045	-0.000125	-0.045	0	0	0	0	0
1285	0.045	-0.000125	-0.015	0	0	0	0	0
1286	0.045	-0.000125	0.015	0	0	0	0	0
1287	0.045	-0.000125	0.045	0	0	0	0	0
1288	0.045	-0.000125	0.075	0	0	0	0	0
1289	0.045	-0.000125	0.105	0	0	0	0	0
1290	0.045	-0.000125	0.135	0	0	0	0	0
1291	0.075	-0.000125	-0.135	0	0	0	0	0
1292	0.075	-0.000125	-0.105	0	0	0	0	0
1293	0.075	-0.000125	-0.075	0	0	0	0	0
1294	0.075	-0.000125	-0.045	0	0	0	0	0
1295	0.075	-0.000125	-0.015	0	0	0	0	0
1296	0.075	-0.000125	0.015	0	0	0	0	0
1297	0.075	-0.000125	0.045	0	0	0	0	0
1298	0.075	-0.000125	0.075	0	0	0	0	0
1299	0.075	-0.000125	0.105	0	0	0	0	0
1300	0.075	-0.000125	0.135	0	0	0	0	0
1301	0.105	-0.000125	-0.135	0	0	0	0	0
1302	0.105	-0.000125	-0.105	0	0	0	0	0
1303	0.105	-0.000125	-0.075	0	0	0	0	0
1304	0.105	-0.000125	-0.045	0	0	0	0	0
1305	0.105	-0.000125	-0.015	0	0	0	0	0
1306	0.105	-0.000125	0.015	0	0	0	0	0
1307	0.105	-0.000125	0.045	0	0	0	0	0
1308	0.105	-0.000125	0.075	0	0	0	0	0
1309	0.105	-0.000125	0.105	0	0	0	0	0
1310	0.105	-0.000125	0.135	0	0	0	0	0
1311	0.135	-0.000125	-0.135	0	0	0	0	0
1312	0.135	-0.000125	-0.105	0	0	0	0	0
1313	0.135	-0.000125	-0.075	0	0	0	0	0
1314	0.135	-0.000125	-0.045	0	0	0	0	0
1315	0.135	-0.000125	-0.015	0	0	0	0	0
1316	0.135	-0.000125	0.015	0	0	0	0	0
1317	0.135	-0.000125	0.045	0	0	0	0	0
1318	0.135	-0.000125	0.075	0	0	0	0	0
1319	0.135	-0.000125	0.105	0	0	0	0	0
1320	0.135	-0.000125	0.135	0	0	0	0	0
