#EleNb	X	Y	Z	Solution	Assigned	Total
1	-0.15	0.004195	-0.135	-1.295467106404971e-06	0	-1.295467106404971e-06
2	-0.15	0.004195	-0.105	-1.297475593284214e-06	0	-1.297475593284214e-06
3	-0.15	0.004195	-0.075	-1.297499982436744e-06	0	-1.297499982436744e-06
4	-0.15	0.004195	-0.045	-1.297502954841602e-06	0	-1.297502954841602e-06
5	-0.15	0.004195	-0.015	-1.297503318453313e-06	0	-1.297503318453313e-06
6	-0.15	0.004195	0.015	-1.297503319412648e-06	0	-1.297503319412648e-06
7	-0.15	0.004195	0.045	-1.297502957969072e-06	0	-1.297502957969072e-06
8	-0.15	0.004195	0.075	-1.297499982626886e-06	0	-1.297499982626886e-06
9	-0.15	0.004195	0.105	-1.297475595789928e-06	0	-1.297475595789928e-06
10	-0.15	0.004195	0.135	-1.295467105095571e-06	0	-1.295467105095571e-06
11	-0.15	-0.004195	-0.135	1.295467106363803e-06	0	1.295467106363803e-06
12	-0.15	-0.004195	-0.105	1.297475593277382e-06	0	1.297475593277382e-06
13	-0.15	-0.004195	-0.075	1.297499982428762e-06	0	1.297499982428762e-06
14	-0.15	-0.004195	-0.045	1.297502954833993e-06	0	1.297502954833993e-06
15	-0.15	-0.004195	-0.015	1.297503318471634e-06	0	1.297503318471634e-06
16	-0.15	-0.004195	0.015	1.297503319402045e-06	0	1.297503319402045e-06
17	-0.15	-0.004195	0.045	1.297502957975652e-06	0	1.297502957975652e-06
18	-0.15	-0.004195	0.075	1.297499982642677e-06	0	1.297499982642677e-06
19	-0.15	-0.004195	0.105	1.297475595828853e-06	0	1.297475595828853e-06
20	-0.15	-0.004195	0.135	1.295467105125967e-06	0	1.295467105125967e-06
21	-0.15	0.00152	-0.135	5.93373324927417e-06	0	5.93373324927417e-06
22	-0.15	0.00152	-0.105	5.933836851520128e-06	0	5.933836851520128e-06
23	-0.15	0.00152	-0.075	5.933834884776441e-06	0	5.933834884776441e-06
24	-0.15	0.00152	-0.045	5.933834959247335e-06	0	5.933834959247335e-06
25	-0.15	0.00152	-0.015	5.93383501131379e-06	0	5.93383501131379e-06
26	-0.15	0.00152	0.015	5.933835011362191e-06	0	5.933835011362191e-06
27	-0.15	0.00152	0.045	5.933834959146701e-06	0	5.933834959146701e-06
28	-0.15	0.00152	0.075	5.933834884496799e-06	0	5.933834884496799e-06
29	-0.15	0.00152	0.105	5.933836851312769e-06	0	5.933836851312769e-06
30	-0.15	0.00152	0.135	5.933733248811682e-06	0	5.933733248811682e-06
31	-0.15	-0.00152	-0.135	-5.933733248815443e-06	0	-5.933733248815443e-06
32	-0.15	-0.00152	-0.105	-5.933836851295411e-06	0	-5.933836851295411e-06
33	-0.15	-0.00152	-0.075	-5.933834884488675e-06	0	-5.933834884488675e-06
34	-0.15	-0.00152	-0.045	-5.933834959149845e-06	0	-5.933834959149845e-06
35	-0.15	-0.00152	-0.015	-5.933835011359517e-06	0	-5.933835011359517e-06
36	-0.15	-0.00152	0.015	-5.933835011320177e-06	0	-5.933835011320177e-06
37	-0.15	-0.00152	0.045	-5.933834959242573e-06	0	-5.933834959242573e-06
38	-0.15	-0.00152	0.075	-5.933834884772835e-06	0	-5.933834884772835e-06
39	-0.15	-0.00152	0.105	-5.933836851754372e-06	0	-5.933836851754372e-06
40	-0.15	-0.00152	0.135	-5.933733249265649e-06	0	-5.933733249265649e-06
41	-0.15	0.001335	-0.135	0.0003827608411508257	0	0.0003827608411508257
42	-0.15	0.001335	-0.105	0.0003827564664311579	0	0.0003827564664311579
43	-0.15	0.001335	-0.075	0.0003827566267077465	0	0.0003827566267077465
44	-0.15	0.001335	-0.045	0.0003827566362715452	0	0.0003827566362715452
45	-0.15	0.001335	-0.015	0.0003827566379370954	0	0.0003827566379370954
46	-0.15	0.001335	0.015	0.0003827566386955443	0	0.0003827566386955443
47	-0.15	0.001335	0.045	0.0003827566388909181	0	0.0003827566388909181
48	-0.15	0.001335	0.075	0.0003827566269376821	0	0.0003827566269376821
49	-0.15	0.001335	0.105	0.0003827564685638476	0	0.0003827564685638476
50	-0.15	0.001335	0.135	0.0003827608401597772	0	0.0003827608401597772
51	-0.15	-0.001335	-0.135	-0.0003827608411639462	0	-0.0003827608411639462
52	-0.15	-0.001335	-0.105	-0.0003827564664354348	0	-0.0003827564664354348
53	-0.15	-0.001335	-0.075	-0.0003827566267138098	0	-0.0003827566267138098
54	-0.15	-0.001335	-0.045	-0.0003827566362768036	0	-0.0003827566362768036
55	-0.15	-0.001335	-0.015	-0.0003827566379336508	0	-0.0003827566379336508
56	-0.15	-0.001335	0.015	-0.0003827566386989924	0	-0.0003827566386989924
57	-0.15	-0.001335	0.045	-0.0003827566388862304	0	-0.0003827566388862304
58	-0.15	-0.001335	0.075	-0.0003827566269321945	0	-0.0003827566269321945
59	-0.15	-0.001335	0.105	-0.0003827564685523196	0	-0.0003827564685523196
60	-0.15	-0.001335	0.135	-0.000382760840145619	0	-0.000382760840145619
61	-0.15	0.000725	-0.135	1.807915812616399e-05	0	1.807915812616399e-05
62	-0.15	0.000725	-0.105	1.807918419235541e-05	0	1.807918419235541e-05
63	-0.15	0.000725	-0.075	1.807918295456513e-05	0	1.807918295456513e-05
64	-0.15	0.000725	-0.045	1.807918300142522e-05	0	1.807918300142522e-05
65	-0.15	0.000725	-0.015	1.807918304015463e-05	0	1.807918304015463e-05
66	-0.15	0.000725	0.015	1.807918304028371e-05	0	1.807918304028371e-05
67	-0.15	0.000725	0.045	1.807918300128872e-05	0	1.807918300128872e-05
68	-0.15	0.000725	0.075	1.807918295445636e-05	0	1.807918295445636e-05
69	-0.15	0.000725	0.105	1.80791841920572e-05	0	1.80791841920572e-05
70	-0.15	0.000725	0.135	1.8079158125824e-05	0	1.8079158125824e-05
71	-0.15	-0.000725	-0.135	-1.807915812582832e-05	0	-1.807915812582832e-05
72	-0.15	-0.000725	-0.105	-1.807918419225133e-05	0	-1.807918419225133e-05
73	-0.15	-0.000725	-0.075	-1.807918295446037e-05	0	-1.807918295446037e-05
74	-0.15	-0.000725	-0.045	-1.807918300129126e-05	0	-1.807918300129126e-05
75	-0.15	-0.000725	-0.015	-1.807918304029593e-05	0	-1.807918304029593e-05
76	-0.15	-0.000725	0.015	-1.807918304015107e-05	0	-1.807918304015107e-05
77	-0.15	-0.000725	0.045	-1.807918300142144e-05	0	-1.807918300142144e-05
78	-0.15	-0.000725	0.075	-1.807918295455969e-05	0	-1.807918295455969e-05
79	-0.15	-0.000725	0.105	-1.807918419235092e-05	0	-1.807918419235092e-05
80	-0.15	-0.000725	0.135	-1.807915812616886e-05	0	-1.807915812616886e-05
81	0.15	0.004195	0.135	-1.295467106364101e-06	0	-1.295467106364101e-06
82	0.15	0.004195	0.105	-1.297475593271607e-06	0	-1.297475593271607e-06
83	0.15	0.004195	0.075	-1.297499982429925e-06	0	-1.297499982429925e-06
84	0.15	0.004195	0.045	-1.297502954828361e-06	0	-1.297502954828361e-06
85	0.15	0.004195	0.015	-1.297503318452203e-06	0	-1.297503318452203e-06
86	0.15	0.004195	-0.015	-1.297503319389854e-06	0	-1.297503319389854e-06
87	0.15	0.004195	-0.045	-1.297502957983597e-06	0	-1.297502957983597e-06
88	0.15	0.004195	-0.075	-1.297499982636777e-06	0	-1.297499982636777e-06
89	0.15	0.004195	-0.105	-1.297475595814922e-06	0	-1.297475595814922e-06
90	0.15	0.004195	-0.135	-1.295467105131978e-06	0	-1.295467105131978e-06
91	0.15	-0.004195	0.135	1.2954671064042e-06	0	1.2954671064042e-06
92	0.15	-0.004195	0.105	1.297475593283144e-06	0	1.297475593283144e-06
93	0.15	-0.004195	0.075	1.297499982439798e-06	0	1.297499982439798e-06
94	0.15	-0.004195	0.045	1.297502954840573e-06	0	1.297502954840573e-06
95	0.15	-0.004195	0.015	1.297503318445346e-06	0	1.297503318445346e-06
96	0.15	-0.004195	-0.015	1.297503319409869e-06	0	1.297503319409869e-06
97	0.15	-0.004195	-0.045	1.297502957971486e-06	0	1.297502957971486e-06
98	0.15	-0.004195	-0.075	1.297499982627392e-06	0	1.297499982627392e-06
99	0.15	-0.004195	-0.105	1.297475595789736e-06	0	1.297475595789736e-06
100	0.15	-0.004195	-0.135	1.295467105101621e-06	0	1.295467105101621e-06
101	0.15	0.00152	0.135	5.9337332488392e-06	0	5.9337332488392e-06
102	0.15	0.00152	0.105	5.933836851305307e-06	0	5.933836851305307e-06
103	0.15	0.00152	0.075	5.933834884501713e-06	0	5.933834884501713e-06
104	0.15	0.00152	0.045	5.933834959151439e-06	0	5.933834959151439e-06
105	0.15	0.00152	0.015	5.933835011338747e-06	0	5.933835011338747e-06
106	0.15	0.00152	-0.015	5.933835011307837e-06	0	5.933835011307837e-06
107	0.15	0.00152	-0.045	5.933834959253742e-06	0	5.933834959253742e-06
108	0.15	0.00152	-0.075	5.933834884784268e-06	0	5.933834884784268e-06
109	0.15	0.00152	-0.105	5.933836851765965e-06	0	5.933836851765965e-06
110	0.15	0.00152	-0.135	5.933733249298832e-06	0	5.933733249298832e-06
111	0.15	-0.00152	0.135	-5.933733249301367e-06	0	-5.933733249301367e-06
112	0.15	-0.00152	0.105	-5.933836851532085e-06	0	-5.933836851532085e-06
113	0.15	-0.00152	0.075	-5.933834884783324e-06	0	-5.933834884783324e-06
114	0.15	-0.00152	0.045	-5.933834959258442e-06	0	-5.933834959258442e-06
115	0.15	-0.00152	0.015	-5.933835011315602e-06	0	-5.933835011315602e-06
116	0.15	-0.00152	-0.015	-5.933835011355457e-06	0	-5.933835011355457e-06
117	0.15	-0.00152	-0.045	-5.933834959153958e-06	0	-5.933834959153958e-06
118	0.15	-0.00152	-0.075	-5.933834884496639e-06	0	-5.933834884496639e-06
119	0.15	-0.00152	-0.105	-5.93383685130391e-06	0	-5.93383685130391e-06
120	0.15	-0.00152	-0.135	-5.933733248837895e-06	0	-5.933733248837895e-06
121	0.15	0.001335	0.135	0.0003827608411636336	0	0.0003827608411636336
122	0.15	0.001335	0.105	0.0003827564664351401	0	0.0003827564664351401
123	0.15	0.001335	0.075	0.0003827566267127513	0	0.0003827566267127513
124	0.15	0.001335	0.045	0.0003827566362758292	0	0.0003827566362758292
125	0.15	0.001335	0.015	0.0003827566379324021	0	0.0003827566379324021
126	0.15	0.001335	-0.015	0.0003827566386977893	0	0.0003827566386977893
127	0.15	0.001335	-0.045	0.0003827566388861564	0	0.0003827566388861564
128	0.15	0.001335	-0.075	0.0003827566269320767	0	0.0003827566269320767
129	0.15	0.001335	-0.105	0.0003827564685514016	0	0.0003827564685514016
130	0.15	0.001335	-0.135	0.0003827608401451323	0	0.0003827608401451323
131	0.15	-0.001335	0.135	-0.0003827608411502036	0	-0.0003827608411502036
132	0.15	-0.001335	0.105	-0.000382756466431286	0	-0.000382756466431286
133	0.15	-0.001335	0.075	-0.0003827566267082275	0	-0.0003827566267082275
134	0.15	-0.001335	0.045	-0.0003827566362715928	0	-0.0003827566362715928
135	0.15	-0.001335	0.015	-0.0003827566379358543	0	-0.0003827566379358543
136	0.15	-0.001335	-0.015	-0.0003827566386940747	0	-0.0003827566386940747
137	0.15	-0.001335	-0.045	-0.0003827566388909594	0	-0.0003827566388909594
138	0.15	-0.001335	-0.075	-0.000382756626937799	0	-0.000382756626937799
139	0.15	-0.001335	-0.105	-0.0003827564685634859	0	-0.0003827564685634859
140	0.15	-0.001335	-0.135	-0.0003827608401586174	0	-0.0003827608401586174
141	0.15	0.000725	0.135	1.807915812580045e-05	0	1.807915812580045e-05
142	0.15	0.000725	0.105	1.80791841922438e-05	0	1.80791841922438e-05
143	0.15	0.000725	0.075	1.807918295447105e-05	0	1.807918295447105e-05
144	0.15	0.000725	0.045	1.807918300129073e-05	0	1.807918300129073e-05
145	0.15	0.000725	0.015	1.807918304029993e-05	0	1.807918304029993e-05
146	0.15	0.000725	-0.015	1.807918304015234e-05	0	1.807918304015234e-05
147	0.15	0.000725	-0.045	1.807918300141058e-05	0	1.807918300141058e-05
148	0.15	0.000725	-0.075	1.807918295455936e-05	0	1.807918295455936e-05
149	0.15	0.000725	-0.105	1.807918419234843e-05	0	1.807918419234843e-05
150	0.15	0.000725	-0.135	1.807915812614178e-05	0	1.807915812614178e-05
151	0.15	-0.000725	0.135	-1.807915812613797e-05	0	-1.807915812613797e-05
152	0.15	-0.000725	0.105	-1.807918419234992e-05	0	-1.807918419234992e-05
153	0.15	-0.000725	0.075	-1.807918295455768e-05	0	-1.807918295455768e-05
154	0.15	-0.000725	0.045	-1.807918300141732e-05	0	-1.807918300141732e-05
155	0.15	-0.000725	0.015	-1.807918304016058e-05	0	-1.807918304016058e-05
156	0.15	-0.000725	-0.015	-1.807918304029503e-05	0	-1.807918304029503e-05
157	0.15	-0.000725	-0.045	-1.807918300127631e-05	0	-1.807918300127631e-05
158	0.15	-0.000725	-0.075	-1.807918295445958e-05	0	-1.807918295445958e-05
159	0.15	-0.000725	-0.105	-1.807918419205459e-05	0	-1.807918419205459e-05
160	0.15	-0.000725	-0.135	-1.807915812579605e-05	0	-1.807915812579605e-05
161	-0.135	0.001695	0.135	-7.589379990098738e-05	0	-7.589379990098738e-05
162	-0.135	0.001695	0.105	-7.589344894082642e-05	0	-7.589344894082642e-05
163	-0.135	0.001695	0.075	-7.589345080825076e-05	0	-7.589345080825076e-05
164	-0.135	0.001695	0.045	-7.589345076534658e-05	0	-7.589345076534658e-05
165	-0.135	0.001695	0.015	-7.589345076702512e-05	0	-7.589345076702512e-05
166	-0.135	0.001695	-0.015	-7.589345076704996e-05	0	-7.589345076704996e-05
167	-0.135	0.001695	-0.045	-7.589345076539612e-05	0	-7.589345076539612e-05
168	-0.135	0.001695	-0.075	-7.589345080822384e-05	0	-7.589345080822384e-05
169	-0.135	0.001695	-0.105	-7.589344894075978e-05	0	-7.589344894075978e-05
170	-0.135	0.001695	-0.135	-7.589379990086348e-05	0	-7.589379990086348e-05
171	-0.105	0.001695	0.135	-7.58934489408015e-05	0	-7.58934489408015e-05
172	-0.105	0.001695	0.105	-7.589303133906184e-05	0	-7.589303133906184e-05
173	-0.105	0.001695	0.075	-7.589303485763512e-05	0	-7.589303485763512e-05
174	-0.105	0.001695	0.045	-7.589303476877172e-05	0	-7.589303476877172e-05
175	-0.105	0.001695	0.015	-7.589303477335897e-05	0	-7.589303477335897e-05
176	-0.105	0.001695	-0.015	-7.589303477337771e-05	0	-7.589303477337771e-05
177	-0.105	0.001695	-0.045	-7.589303476878311e-05	0	-7.589303476878311e-05
178	-0.105	0.001695	-0.075	-7.589303485761998e-05	0	-7.589303485761998e-05
179	-0.105	0.001695	-0.105	-7.589303133906432e-05	0	-7.589303133906432e-05
180	-0.105	0.001695	-0.135	-7.589344894085187e-05	0	-7.589344894085187e-05
181	-0.075	0.001695	0.135	-7.589345080828836e-05	0	-7.589345080828836e-05
182	-0.075	0.001695	0.105	-7.58930348576314e-05	0	-7.58930348576314e-05
183	-0.075	0.001695	0.075	-7.589303852135245e-05	0	-7.589303852135245e-05
184	-0.075	0.001695	0.045	-7.58930384270787e-05	0	-7.58930384270787e-05
185	-0.075	0.001695	0.015	-7.589303843216813e-05	0	-7.589303843216813e-05
186	-0.075	0.001695	-0.015	-7.589303843220287e-05	0	-7.589303843220287e-05
187	-0.075	0.001695	-0.045	-7.589303842711854e-05	0	-7.589303842711854e-05
188	-0.075	0.001695	-0.075	-7.589303852135215e-05	0	-7.589303852135215e-05
189	-0.075	0.001695	-0.105	-7.589303485761246e-05	0	-7.589303485761246e-05
190	-0.075	0.001695	-0.135	-7.589345080824676e-05	0	-7.589345080824676e-05
191	-0.045	0.001695	0.135	-7.589345076541115e-05	0	-7.589345076541115e-05
192	-0.045	0.001695	0.105	-7.589303476876712e-05	0	-7.589303476876712e-05
193	-0.045	0.001695	0.075	-7.589303842712738e-05	0	-7.589303842712738e-05
194	-0.045	0.001695	0.045	-7.589303833242754e-05	0	-7.589303833242754e-05
195	-0.045	0.001695	0.015	-7.589303833751887e-05	0	-7.589303833751887e-05
196	-0.045	0.001695	-0.015	-7.589303833752644e-05	0	-7.589303833752644e-05
197	-0.045	0.001695	-0.045	-7.589303833241478e-05	0	-7.589303833241478e-05
198	-0.045	0.001695	-0.075	-7.589303842710168e-05	0	-7.589303842710168e-05
199	-0.045	0.001695	-0.105	-7.589303476876729e-05	0	-7.589303476876729e-05
200	-0.045	0.001695	-0.135	-7.589345076536159e-05	0	-7.589345076536159e-05
201	-0.015	0.001695	0.135	-7.589345076706406e-05	0	-7.589345076706406e-05
202	-0.015	0.001695	0.105	-7.589303477337422e-05	0	-7.589303477337422e-05
203	-0.015	0.001695	0.075	-7.589303843220386e-05	0	-7.589303843220386e-05
204	-0.015	0.001695	0.045	-7.589303833752669e-05	0	-7.589303833752669e-05
205	-0.015	0.001695	0.015	-7.589303834265247e-05	0	-7.589303834265247e-05
206	-0.015	0.001695	-0.015	-7.589303834267983e-05	0	-7.589303834267983e-05
207	-0.015	0.001695	-0.045	-7.589303833749888e-05	0	-7.589303833749888e-05
208	-0.015	0.001695	-0.075	-7.58930384321603e-05	0	-7.58930384321603e-05
209	-0.015	0.001695	-0.105	-7.58930347733962e-05	0	-7.58930347733962e-05
210	-0.015	0.001695	-0.135	-7.58934507670604e-05	0	-7.58934507670604e-05
211	0.015	0.001695	0.135	-7.58934507670728e-05	0	-7.58934507670728e-05
212	0.015	0.001695	0.105	-7.589303477336123e-05	0	-7.589303477336123e-05
213	0.015	0.001695	0.075	-7.589303843220153e-05	0	-7.589303843220153e-05
214	0.015	0.001695	0.045	-7.589303833751879e-05	0	-7.589303833751879e-05
215	0.015	0.001695	0.015	-7.589303834265394e-05	0	-7.589303834265394e-05
216	0.015	0.001695	-0.015	-7.589303834266594e-05	0	-7.589303834266594e-05
217	0.015	0.001695	-0.045	-7.589303833751864e-05	0	-7.589303833751864e-05
218	0.015	0.001695	-0.075	-7.589303843215306e-05	0	-7.589303843215306e-05
219	0.015	0.001695	-0.105	-7.589303477336992e-05	0	-7.589303477336992e-05
220	0.015	0.001695	-0.135	-7.58934507670542e-05	0	-7.58934507670542e-05
221	0.045	0.001695	0.135	-7.589345076535344e-05	0	-7.589345076535344e-05
222	0.045	0.001695	0.105	-7.589303476876942e-05	0	-7.589303476876942e-05
223	0.045	0.001695	0.075	-7.589303842707776e-05	0	-7.589303842707776e-05
224	0.045	0.001695	0.045	-7.589303833239624e-05	0	-7.589303833239624e-05
225	0.045	0.001695	0.015	-7.589303833751907e-05	0	-7.589303833751907e-05
226	0.045	0.001695	-0.015	-7.589303833751056e-05	0	-7.589303833751056e-05
227	0.045	0.001695	-0.045	-7.589303833243252e-05	0	-7.589303833243252e-05
228	0.045	0.001695	-0.075	-7.589303842709931e-05	0	-7.589303842709931e-05
229	0.045	0.001695	-0.105	-7.589303476877775e-05	0	-7.589303476877775e-05
230	0.045	0.001695	-0.135	-7.589345076534485e-05	0	-7.589345076534485e-05
231	0.075	0.001695	0.135	-7.589345080821496e-05	0	-7.589345080821496e-05
232	0.075	0.001695	0.105	-7.58930348576095e-05	0	-7.58930348576095e-05
233	0.075	0.001695	0.075	-7.589303852137991e-05	0	-7.589303852137991e-05
234	0.075	0.001695	0.045	-7.589303842712331e-05	0	-7.589303842712331e-05
235	0.075	0.001695	0.015	-7.589303843212916e-05	0	-7.589303843212916e-05
236	0.075	0.001695	-0.015	-7.589303843214953e-05	0	-7.589303843214953e-05
237	0.075	0.001695	-0.045	-7.589303842708428e-05	0	-7.589303842708428e-05
238	0.075	0.001695	-0.075	-7.589303852138767e-05	0	-7.589303852138767e-05
239	0.075	0.001695	-0.105	-7.589303485756306e-05	0	-7.589303485756306e-05
240	0.075	0.001695	-0.135	-7.589345080819776e-05	0	-7.589345080819776e-05
241	0.105	0.001695	0.135	-7.589344894077552e-05	0	-7.589344894077552e-05
242	0.105	0.001695	0.105	-7.589303133905371e-05	0	-7.589303133905371e-05
243	0.105	0.001695	0.075	-7.589303485761678e-05	0	-7.589303485761678e-05
244	0.105	0.001695	0.045	-7.589303476877866e-05	0	-7.589303476877866e-05
245	0.105	0.001695	0.015	-7.589303477336028e-05	0	-7.589303477336028e-05
246	0.105	0.001695	-0.015	-7.589303477334367e-05	0	-7.589303477334367e-05
247	0.105	0.001695	-0.045	-7.589303476879829e-05	0	-7.589303476879829e-05
248	0.105	0.001695	-0.075	-7.589303485761774e-05	0	-7.589303485761774e-05
249	0.105	0.001695	-0.105	-7.58930313390007e-05	0	-7.58930313390007e-05
250	0.105	0.001695	-0.135	-7.589344894082757e-05	0	-7.589344894082757e-05
251	0.135	0.001695	0.135	-7.589379990095675e-05	0	-7.589379990095675e-05
252	0.135	0.001695	0.105	-7.589344894073448e-05	0	-7.589344894073448e-05
253	0.135	0.001695	0.075	-7.589345080826387e-05	0	-7.589345080826387e-05
254	0.135	0.001695	0.045	-7.589345076535276e-05	0	-7.589345076535276e-05
255	0.135	0.001695	0.015	-7.589345076703194e-05	0	-7.589345076703194e-05
256	0.135	0.001695	-0.015	-7.589345076706235e-05	0	-7.589345076706235e-05
257	0.135	0.001695	-0.045	-7.589345076537366e-05	0	-7.589345076537366e-05
258	0.135	0.001695	-0.075	-7.589345080824149e-05	0	-7.589345080824149e-05
259	0.135	0.001695	-0.105	-7.589344894080529e-05	0	-7.589344894080529e-05
260	0.135	0.001695	-0.135	-7.589379990084662e-05	0	-7.589379990084662e-05
261	-0.135	0.006695	-0.135	-1.066901112746383e-09	0	-1.066901112746383e-09
262	-0.135	0.006695	-0.105	-8.411212728950834e-10	0	-8.411212728950834e-10
263	-0.135	0.006695	-0.075	-8.41493592307025e-10	0	-8.41493592307025e-10
264	-0.135	0.006695	-0.045	-8.364789354657253e-10	0	-8.364789354657253e-10
265	-0.135	0.006695	-0.015	-8.346798674761376e-10	0	-8.346798674761376e-10
266	-0.135	0.006695	0.015	-8.346798789833781e-10	0	-8.346798789833781e-10
267	-0.135	0.006695	0.045	-8.364789455827103e-10	0	-8.364789455827103e-10
268	-0.135	0.006695	0.075	-8.414935940034992e-10	0	-8.414935940034992e-10
269	-0.135	0.006695	0.105	-8.411212756993178e-10	0	-8.411212756993178e-10
270	-0.135	0.006695	0.135	-1.066901104833055e-09	0	-1.066901104833055e-09
271	-0.105	0.006695	-0.135	-8.411212806365777e-10	0	-8.411212806365777e-10
272	-0.105	0.006695	-0.105	-1.50635827859524e-10	0	-1.50635827859524e-10
273	-0.105	0.006695	-0.075	-1.307072150644675e-10	0	-1.307072150644675e-10
274	-0.105	0.006695	-0.045	-1.180709679193399e-10	0	-1.180709679193399e-10
275	-0.105	0.006695	-0.015	-1.142196870051833e-10	0	-1.142196870051833e-10
276	-0.105	0.006695	0.015	-1.142196887752108e-10	0	-1.142196887752108e-10
277	-0.105	0.006695	0.045	-1.180709662206965e-10	0	-1.180709662206965e-10
278	-0.105	0.006695	0.075	-1.307072156432773e-10	0	-1.307072156432773e-10
279	-0.105	0.006695	0.105	-1.506358280515785e-10	0	-1.506358280515785e-10
280	-0.105	0.006695	0.135	-8.411212752655703e-10	0	-8.411212752655703e-10
281	-0.075	0.006695	-0.135	-8.414935965379126e-10	0	-8.414935965379126e-10
282	-0.075	0.006695	-0.105	-1.307072140201691e-10	0	-1.307072140201691e-10
283	-0.075	0.006695	-0.075	-9.997338399205508e-11	0	-9.997338399205508e-11
284	-0.075	0.006695	-0.045	-8.269198792781968e-11	0	-8.269198792781968e-11
285	-0.075	0.006695	-0.015	-7.72658209121136e-11	0	-7.72658209121136e-11
286	-0.075	0.006695	0.015	-7.726581983985799e-11	0	-7.726581983985799e-11
287	-0.075	0.006695	0.045	-8.269198929543153e-11	0	-8.269198929543153e-11
288	-0.075	0.006695	0.075	-9.99733829836359e-11	0	-9.99733829836359e-11
289	-0.075	0.006695	0.105	-1.307072135312475e-10	0	-1.307072135312475e-10
290	-0.075	0.006695	0.135	-8.414935874411249e-10	0	-8.414935874411249e-10
291	-0.045	0.006695	-0.135	-8.364789435302108e-10	0	-8.364789435302108e-10
292	-0.045	0.006695	-0.105	-1.18070965496363e-10	0	-1.18070965496363e-10
293	-0.045	0.006695	-0.075	-8.269198899518985e-11	0	-8.269198899518985e-11
294	-0.045	0.006695	-0.045	-6.307517678311305e-11	0	-6.307517678311305e-11
295	-0.045	0.006695	-0.015	-5.672089238200265e-11	0	-5.672089238200265e-11
296	-0.045	0.006695	0.015	-5.672089442473568e-11	0	-5.672089442473568e-11
297	-0.045	0.006695	0.045	-6.307517629556082e-11	0	-6.307517629556082e-11
298	-0.045	0.006695	0.075	-8.269198861694189e-11	0	-8.269198861694189e-11
299	-0.045	0.006695	0.105	-1.180709674664406e-10	0	-1.180709674664406e-10
300	-0.045	0.006695	0.135	-8.364789325359509e-10	0	-8.364789325359509e-10
301	-0.015	0.006695	-0.135	-8.34679878849773e-10	0	-8.34679878849773e-10
302	-0.015	0.006695	-0.105	-1.142196881883479e-10	0	-1.142196881883479e-10
303	-0.015	0.006695	-0.075	-7.726582047351206e-11	0	-7.726582047351206e-11
304	-0.015	0.006695	-0.045	-5.672089275938103e-11	0	-5.672089275938103e-11
305	-0.015	0.006695	-0.015	-4.995845470762246e-11	0	-4.995845470762246e-11
306	-0.015	0.006695	0.015	-4.995845565372118e-11	0	-4.995845565372118e-11
307	-0.015	0.006695	0.045	-5.672089348286232e-11	0	-5.672089348286232e-11
308	-0.015	0.006695	0.075	-7.726582119892049e-11	0	-7.726582119892049e-11
309	-0.015	0.006695	0.105	-1.142196891664387e-10	0	-1.142196891664387e-10
310	-0.015	0.006695	0.135	-8.346798706047671e-10	0	-8.346798706047671e-10
311	0.015	0.006695	-0.135	-8.346798674354522e-10	0	-8.346798674354522e-10
312	0.015	0.006695	-0.105	-1.142196872225585e-10	0	-1.142196872225585e-10
313	0.015	0.006695	-0.075	-7.726582064390218e-11	0	-7.726582064390218e-11
314	0.015	0.006695	-0.045	-5.672089414959057e-11	0	-5.672089414959057e-11
315	0.015	0.006695	-0.015	-4.995845380499284e-11	0	-4.995845380499284e-11
316	0.015	0.006695	0.015	-4.99584565803382e-11	0	-4.99584565803382e-11
317	0.015	0.006695	0.045	-5.672089338194933e-11	0	-5.672089338194933e-11
318	0.015	0.006695	0.075	-7.726582119764619e-11	0	-7.726582119764619e-11
319	0.015	0.006695	0.105	-1.142196880280296e-10	0	-1.142196880280296e-10
320	0.015	0.006695	0.135	-8.346798731978749e-10	0	-8.346798731978749e-10
321	0.045	0.006695	-0.135	-8.364789363183214e-10	0	-8.364789363183214e-10
322	0.045	0.006695	-0.105	-1.18070967240836e-10	0	-1.18070967240836e-10
323	0.045	0.006695	-0.075	-8.269198905380796e-11	0	-8.269198905380796e-11
324	0.045	0.006695	-0.045	-6.307517696415007e-11	0	-6.307517696415007e-11
325	0.045	0.006695	-0.015	-5.672089336403258e-11	0	-5.672089336403258e-11
326	0.045	0.006695	0.015	-5.672089369806235e-11	0	-5.672089369806235e-11
327	0.045	0.006695	0.045	-6.307517777262007e-11	0	-6.307517777262007e-11
328	0.045	0.006695	0.075	-8.269198852786116e-11	0	-8.269198852786116e-11
329	0.045	0.006695	0.105	-1.180709680678375e-10	0	-1.180709680678375e-10
330	0.045	0.006695	0.135	-8.364789458087313e-10	0	-8.364789458087313e-10
331	0.075	0.006695	-0.135	-8.414935912449939e-10	0	-8.414935912449939e-10
332	0.075	0.006695	-0.105	-1.307072176154969e-10	0	-1.307072176154969e-10
333	0.075	0.006695	-0.075	-9.997338239480337e-11	0	-9.997338239480337e-11
334	0.075	0.006695	-0.045	-8.269199022441875e-11	0	-8.269199022441875e-11
335	0.075	0.006695	-0.015	-7.726582369855132e-11	0	-7.726582369855132e-11
336	0.075	0.006695	0.015	-7.726582191034478e-11	0	-7.726582191034478e-11
337	0.075	0.006695	0.045	-8.269198839259167e-11	0	-8.269198839259167e-11
338	0.075	0.006695	0.075	-9.997338171811269e-11	0	-9.997338171811269e-11
339	0.075	0.006695	0.105	-1.307072142865759e-10	0	-1.307072142865759e-10
340	0.075	0.006695	0.135	-8.414935959834833e-10	0	-8.414935959834833e-10
341	0.105	0.006695	-0.135	-8.411212670608691e-10	0	-8.411212670608691e-10
342	0.105	0.006695	-0.105	-1.506358287218058e-10	0	-1.506358287218058e-10
343	0.105	0.006695	-0.075	-1.307072102580023e-10	0	-1.307072102580023e-10
344	0.105	0.006695	-0.045	-1.18070967818981e-10	0	-1.18070967818981e-10
345	0.105	0.006695	-0.015	-1.142196879355936e-10	0	-1.142196879355936e-10
346	0.105	0.006695	0.015	-1.142196920547271e-10	0	-1.142196920547271e-10
347	0.105	0.006695	0.045	-1.180709664679284e-10	0	-1.180709664679284e-10
348	0.105	0.006695	0.075	-1.307072123397052e-10	0	-1.307072123397052e-10
349	0.105	0.006695	0.105	-1.506358243359776e-10	0	-1.506358243359776e-10
350	0.105	0.006695	0.135	-8.41121273669069e-10	0	-8.41121273669069e-10
351	0.135	0.006695	-0.135	-1.066901119680896e-09	0	-1.066901119680896e-09
352	0.135	0.006695	-0.105	-8.411212768816918e-10	0	-8.411212768816918e-10
353	0.135	0.006695	-0.075	-8.414935958512126e-10	0	-8.414935958512126e-10
354	0.135	0.006695	-0.045	-8.364789475295542e-10	0	-8.364789475295542e-10
355	0.135	0.006695	-0.015	-8.346798721830746e-10	0	-8.346798721830746e-10
356	0.135	0.006695	0.015	-8.346798724490414e-10	0	-8.346798724490414e-10
357	0.135	0.006695	0.045	-8.364789342517173e-10	0	-8.364789342517173e-10
358	0.135	0.006695	0.075	-8.414935949244401e-10	0	-8.414935949244401e-10
359	0.135	0.006695	0.105	-8.411212776994089e-10	0	-8.411212776994089e-10
360	0.135	0.006695	0.135	-1.066901107571818e-09	0	-1.066901107571818e-09
361	0.135	0.004195	-0.15	-1.295467106384097e-06	0	-1.295467106384097e-06
362	0.105	0.004195	-0.15	-1.297475593285472e-06	0	-1.297475593285472e-06
363	0.075	0.004195	-0.15	-1.29749998243495e-06	0	-1.29749998243495e-06
364	0.045	0.004195	-0.15	-1.297502954834829e-06	0	-1.297502954834829e-06
365	0.015	0.004195	-0.15	-1.297503318453666e-06	0	-1.297503318453666e-06
366	-0.015	0.004195	-0.15	-1.297503319392667e-06	0	-1.297503319392667e-06
367	-0.045	0.004195	-0.15	-1.297502957970908e-06	0	-1.297502957970908e-06
368	-0.075	0.004195	-0.15	-1.297499982626551e-06	0	-1.297499982626551e-06
369	-0.105	0.004195	-0.15	-1.297475595798627e-06	0	-1.297475595798627e-06
370	-0.135	0.004195	-0.15	-1.295467105112411e-06	0	-1.295467105112411e-06
371	0.135	-0.004195	-0.15	1.295467106397951e-06	0	1.295467106397951e-06
372	0.105	-0.004195	-0.15	1.297475593292214e-06	0	1.297475593292214e-06
373	0.075	-0.004195	-0.15	1.297499982443302e-06	0	1.297499982443302e-06
374	0.045	-0.004195	-0.15	1.297502954841456e-06	0	1.297502954841456e-06
375	0.015	-0.004195	-0.15	1.297503318457073e-06	0	1.297503318457073e-06
376	-0.015	-0.004195	-0.15	1.297503319398151e-06	0	1.297503319398151e-06
377	-0.045	-0.004195	-0.15	1.297502957978836e-06	0	1.297502957978836e-06
378	-0.075	-0.004195	-0.15	1.297499982636929e-06	0	1.297499982636929e-06
379	-0.105	-0.004195	-0.15	1.29747559581156e-06	0	1.29747559581156e-06
380	-0.135	-0.004195	-0.15	1.295467105118831e-06	0	1.295467105118831e-06
381	0.135	0.00152	-0.15	5.933733249324095e-06	0	5.933733249324095e-06
382	0.105	0.00152	-0.15	5.933836851513151e-06	0	5.933836851513151e-06
383	0.075	0.00152	-0.15	5.933834884767521e-06	0	5.933834884767521e-06
384	0.045	0.00152	-0.15	5.933834959246751e-06	0	5.933834959246751e-06
385	0.015	0.00152	-0.15	5.933835011313926e-06	0	5.933835011313926e-06
386	-0.015	0.00152	-0.15	5.933835011363696e-06	0	5.933835011363696e-06
387	-0.045	0.00152	-0.15	5.933834959142293e-06	0	5.933834959142293e-06
388	-0.075	0.00152	-0.15	5.933834884506464e-06	0	5.933834884506464e-06
389	-0.105	0.00152	-0.15	5.933836851349449e-06	0	5.933836851349449e-06
390	-0.135	0.00152	-0.15	5.93373324879064e-06	0	5.93373324879064e-06
391	0.135	-0.00152	-0.15	-5.933733249321275e-06	0	-5.933733249321275e-06
392	0.105	-0.00152	-0.15	-5.933836851502401e-06	0	-5.933836851502401e-06
393	0.075	-0.00152	-0.15	-5.933834884765992e-06	0	-5.933834884765992e-06
394	0.045	-0.00152	-0.15	-5.933834959248001e-06	0	-5.933834959248001e-06
395	0.015	-0.00152	-0.15	-5.933835011321719e-06	0	-5.933835011321719e-06
396	-0.015	-0.00152	-0.15	-5.933835011368187e-06	0	-5.933835011368187e-06
397	-0.045	-0.00152	-0.15	-5.933834959142834e-06	0	-5.933834959142834e-06
398	-0.075	-0.00152	-0.15	-5.933834884504452e-06	0	-5.933834884504452e-06
399	-0.105	-0.00152	-0.15	-5.933836851325248e-06	0	-5.933836851325248e-06
400	-0.135	-0.00152	-0.15	-5.933733248786895e-06	0	-5.933733248786895e-06
401	0.135	0.001335	-0.15	0.0003827608411571929	0	0.0003827608411571929
402	0.105	0.001335	-0.15	0.0003827564664322327	0	0.0003827564664322327
403	0.075	0.001335	-0.15	0.0003827566267111466	0	0.0003827566267111466
404	0.045	0.001335	-0.15	0.0003827566362740445	0	0.0003827566362740445
405	0.015	0.001335	-0.15	0.0003827566379347822	0	0.0003827566379347822
406	-0.015	0.001335	-0.15	0.0003827566386965239	0	0.0003827566386965239
407	-0.045	0.001335	-0.15	0.0003827566388877459	0	0.0003827566388877459
408	-0.075	0.001335	-0.15	0.0003827566269345788	0	0.0003827566269345788
409	-0.105	0.001335	-0.15	0.0003827564685577396	0	0.0003827564685577396
410	-0.135	0.001335	-0.15	0.0003827608401513703	0	0.0003827608401513703
411	0.135	-0.001335	-0.15	-0.0003827608411582988	0	-0.0003827608411582988
412	0.105	-0.001335	-0.15	-0.0003827564664325803	0	-0.0003827564664325803
413	0.075	-0.001335	-0.15	-0.0003827566267117861	0	-0.0003827566267117861
414	0.045	-0.001335	-0.15	-0.0003827566362745872	0	-0.0003827566362745872
415	0.015	-0.001335	-0.15	-0.000382756637935017	0	-0.000382756637935017
416	-0.015	-0.001335	-0.15	-0.0003827566386968802	0	-0.0003827566386968802
417	-0.045	-0.001335	-0.15	-0.0003827566388887292	0	-0.0003827566388887292
418	-0.075	-0.001335	-0.15	-0.0003827566269353634	0	-0.0003827566269353634
419	-0.105	-0.001335	-0.15	-0.0003827564685585488	0	-0.0003827564685585488
420	-0.135	-0.001335	-0.15	-0.0003827608401517066	0	-0.0003827608401517066
421	0.135	0.000725	-0.15	1.807915812582821e-05	0	1.807915812582821e-05
422	0.105	0.000725	-0.15	1.807918419229488e-05	0	1.807918419229488e-05
423	0.075	0.000725	-0.15	1.80791829544316e-05	0	1.80791829544316e-05
424	0.045	0.000725	-0.15	1.80791830013338e-05	0	1.80791830013338e-05
425	0.015	0.000725	-0.15	1.807918304025111e-05	0	1.807918304025111e-05
426	-0.015	0.000725	-0.15	1.807918304017923e-05	0	1.807918304017923e-05
427	-0.045	0.000725	-0.15	1.807918300141215e-05	0	1.807918300141215e-05
428	-0.075	0.000725	-0.15	1.807918295460302e-05	0	1.807918295460302e-05
429	-0.105	0.000725	-0.15	1.807918419228862e-05	0	1.807918419228862e-05
430	-0.135	0.000725	-0.15	1.80791581261384e-05	0	1.80791581261384e-05
431	0.135	-0.000725	-0.15	-1.807915812584632e-05	0	-1.807915812584632e-05
432	0.105	-0.000725	-0.15	-1.80791841923006e-05	0	-1.80791841923006e-05
433	0.075	-0.000725	-0.15	-1.807918295443135e-05	0	-1.807918295443135e-05
434	0.045	-0.000725	-0.15	-1.807918300133224e-05	0	-1.807918300133224e-05
435	0.015	-0.000725	-0.15	-1.807918304025175e-05	0	-1.807918304025175e-05
436	-0.015	-0.000725	-0.15	-1.807918304017708e-05	0	-1.807918304017708e-05
437	-0.045	-0.000725	-0.15	-1.807918300141625e-05	0	-1.807918300141625e-05
438	-0.075	-0.000725	-0.15	-1.807918295460288e-05	0	-1.807918295460288e-05
439	-0.105	-0.000725	-0.15	-1.807918419230485e-05	0	-1.807918419230485e-05
440	-0.135	-0.000725	-0.15	-1.807915812615718e-05	0	-1.807915812615718e-05
441	-0.135	0.004195	0.15	-1.295467106389014e-06	0	-1.295467106389014e-06
442	-0.105	0.004195	0.15	-1.297475593285725e-06	0	-1.297475593285725e-06
443	-0.075	0.004195	0.15	-1.297499982435e-06	0	-1.297499982435e-06
444	-0.045	0.004195	0.15	-1.297502954839523e-06	0	-1.297502954839523e-06
445	-0.015	0.004195	0.15	-1.297503318450419e-06	0	-1.297503318450419e-06
446	0.015	0.004195	0.15	-1.297503319401826e-06	0	-1.297503319401826e-06
447	0.045	0.004195	0.15	-1.29750295797922e-06	0	-1.29750295797922e-06
448	0.075	0.004195	0.15	-1.297499982634709e-06	0	-1.297499982634709e-06
449	0.105	0.004195	0.15	-1.297475595815348e-06	0	-1.297475595815348e-06
450	0.135	0.004195	0.15	-1.29546710513528e-06	0	-1.29546710513528e-06
451	-0.135	-0.004195	0.15	1.295467106373435e-06	0	1.295467106373435e-06
452	-0.105	-0.004195	0.15	1.297475593278844e-06	0	1.297475593278844e-06
453	-0.075	-0.004195	0.15	1.297499982428975e-06	0	1.297499982428975e-06
454	-0.045	-0.004195	0.15	1.297502954830373e-06	0	1.297502954830373e-06
455	-0.015	-0.004195	0.15	1.29750331845257e-06	0	1.29750331845257e-06
456	0.015	-0.004195	0.15	1.297503319399828e-06	0	1.297503319399828e-06
457	0.045	-0.004195	0.15	1.297502957967772e-06	0	1.297502957967772e-06
458	0.075	-0.004195	0.15	1.297499982635818e-06	0	1.297499982635818e-06
459	0.105	-0.004195	0.15	1.297475595803578e-06	0	1.297475595803578e-06
460	0.135	-0.004195	0.15	1.295467105112616e-06	0	1.295467105112616e-06
461	-0.135	0.00152	0.15	5.933733248785765e-06	0	5.933733248785765e-06
462	-0.105	0.00152	0.15	5.933836851321675e-06	0	5.933836851321675e-06
463	-0.075	0.00152	0.15	5.933834884503673e-06	0	5.933834884503673e-06
464	-0.045	0.00152	0.15	5.933834959144286e-06	0	5.933834959144286e-06
465	-0.015	0.00152	0.15	5.933835011363368e-06	0	5.933835011363368e-06
466	0.015	0.00152	0.15	5.933835011316938e-06	0	5.933835011316938e-06
467	0.045	0.00152	0.15	5.933834959250214e-06	0	5.933834959250214e-06
468	0.075	0.00152	0.15	5.933834884771907e-06	0	5.933834884771907e-06
469	0.105	0.00152	0.15	5.933836851732987e-06	0	5.933836851732987e-06
470	0.135	0.00152	0.15	5.933733249324807e-06	0	5.933733249324807e-06
471	-0.135	-0.00152	0.15	-5.933733248783014e-06	0	-5.933733248783014e-06
472	-0.105	-0.00152	0.15	-5.933836851332063e-06	0	-5.933836851332063e-06
473	-0.075	-0.00152	0.15	-5.933834884496979e-06	0	-5.933834884496979e-06
474	-0.045	-0.00152	0.15	-5.933834959138185e-06	0	-5.933834959138185e-06
475	-0.015	-0.00152	0.15	-5.933835011363705e-06	0	-5.933835011363705e-06
476	0.015	-0.00152	0.15	-5.933835011316718e-06	0	-5.933835011316718e-06
477	0.045	-0.00152	0.15	-5.933834959244961e-06	0	-5.933834959244961e-06
478	0.075	-0.00152	0.15	-5.933834884771913e-06	0	-5.933834884771913e-06
479	0.105	-0.00152	0.15	-5.933836851745684e-06	0	-5.933836851745684e-06
480	0.135	-0.00152	0.15	-5.93373324933023e-06	0	-5.93373324933023e-06
481	-0.135	0.001335	0.15	0.0003827608411569394	0	0.0003827608411569394
482	-0.105	0.001335	0.15	0.0003827564664340221	0	0.0003827564664340221
483	-0.075	0.001335	0.15	0.0003827566267106942	0	0.0003827566267106942
484	-0.045	0.001335	0.15	0.0003827566362738868	0	0.0003827566362738868
485	-0.015	0.001335	0.15	0.0003827566379350682	0	0.0003827566379350682
486	0.015	0.001335	0.15	0.000382756638696672	0	0.000382756638696672
487	0.045	0.001335	0.15	0.000382756638889074	0	0.000382756638889074
488	0.075	0.001335	0.15	0.0003827566269354652	0	0.0003827566269354652
489	0.105	0.001335	0.15	0.0003827564685579887	0	0.0003827564685579887
490	0.135	0.001335	0.15	0.000382760840153221	0	0.000382760840153221
491	-0.135	-0.001335	0.15	-0.0003827608411561342	0	-0.0003827608411561342
492	-0.105	-0.001335	0.15	-0.0003827564664339657	0	-0.0003827564664339657
493	-0.075	-0.001335	0.15	-0.0003827566267106267	0	-0.0003827566267106267
494	-0.045	-0.001335	0.15	-0.0003827566362733777	0	-0.0003827566362733777
495	-0.015	-0.001335	0.15	-0.0003827566379350441	0	-0.0003827566379350441
496	0.015	-0.001335	0.15	-0.0003827566386965783	0	-0.0003827566386965783
497	0.045	-0.001335	0.15	-0.0003827566388885277	0	-0.0003827566388885277
498	0.075	-0.001335	0.15	-0.0003827566269355845	0	-0.0003827566269355845
499	0.105	-0.001335	0.15	-0.0003827564685566173	0	-0.0003827564685566173
500	0.135	-0.001335	0.15	-0.0003827608401520442	0	-0.0003827608401520442
501	-0.135	0.000725	0.15	1.807915812615574e-05	0	1.807915812615574e-05
502	-0.105	0.000725	0.15	1.807918419230939e-05	0	1.807918419230939e-05
503	-0.075	0.000725	0.15	1.807918295461085e-05	0	1.807918295461085e-05
504	-0.045	0.000725	0.15	1.80791830014227e-05	0	1.80791830014227e-05
505	-0.015	0.000725	0.15	1.807918304018187e-05	0	1.807918304018187e-05
506	0.015	0.000725	0.15	1.807918304024871e-05	0	1.807918304024871e-05
507	0.045	0.000725	0.15	1.807918300132442e-05	0	1.807918300132442e-05
508	0.075	0.000725	0.15	1.807918295442951e-05	0	1.807918295442951e-05
509	0.105	0.000725	0.15	1.807918419213447e-05	0	1.807918419213447e-05
510	0.135	0.000725	0.15	1.807915812584691e-05	0	1.807915812584691e-05
511	-0.135	-0.000725	0.15	-1.807915812614011e-05	0	-1.807915812614011e-05
512	-0.105	-0.000725	0.15	-1.807918419229921e-05	0	-1.807918419229921e-05
513	-0.075	-0.000725	0.15	-1.807918295460757e-05	0	-1.807918295460757e-05
514	-0.045	-0.000725	0.15	-1.807918300141953e-05	0	-1.807918300141953e-05
515	-0.015	-0.000725	0.15	-1.807918304018136e-05	0	-1.807918304018136e-05
516	0.015	-0.000725	0.15	-1.807918304024708e-05	0	-1.807918304024708e-05
517	0.045	-0.000725	0.15	-1.807918300132586e-05	0	-1.807918300132586e-05
518	0.075	-0.000725	0.15	-1.807918295442529e-05	0	-1.807918295442529e-05
519	0.105	-0.000725	0.15	-1.807918419212881e-05	0	-1.807918419212881e-05
520	0.135	-0.000725	0.15	-1.807915812582921e-05	0	-1.807915812582921e-05
521	-0.135	-0.006695	0.135	1.066901124706062e-09	0	1.066901124706062e-09
522	-0.135	-0.006695	0.105	8.411212762041357e-10	0	8.411212762041357e-10
523	-0.135	-0.006695	0.075	8.414935999648412e-10	0	8.414935999648412e-10
524	-0.135	-0.006695	0.045	8.364789460547538e-10	0	8.364789460547538e-10
525	-0.135	-0.006695	0.015	8.346798672341658e-10	0	8.346798672341658e-10
526	-0.135	-0.006695	-0.015	8.346798658113622e-10	0	8.346798658113622e-10
527	-0.135	-0.006695	-0.045	8.364789360356537e-10	0	8.364789360356537e-10
528	-0.135	-0.006695	-0.075	8.414935894847431e-10	0	8.414935894847431e-10
529	-0.135	-0.006695	-0.105	8.411212735176951e-10	0	8.411212735176951e-10
530	-0.135	-0.006695	-0.135	1.066901110543881e-09	0	1.066901110543881e-09
531	-0.105	-0.006695	0.135	8.411212724165492e-10	0	8.411212724165492e-10
532	-0.105	-0.006695	0.105	1.506358275349284e-10	0	1.506358275349284e-10
533	-0.105	-0.006695	0.075	1.307072179308877e-10	0	1.307072179308877e-10
534	-0.105	-0.006695	0.045	1.180709680883505e-10	0	1.180709680883505e-10
535	-0.105	-0.006695	0.015	1.142196908842281e-10	0	1.142196908842281e-10
536	-0.105	-0.006695	-0.015	1.142196893731825e-10	0	1.142196893731825e-10
537	-0.105	-0.006695	-0.045	1.180709700585018e-10	0	1.180709700585018e-10
538	-0.105	-0.006695	-0.075	1.307072130869135e-10	0	1.307072130869135e-10
539	-0.105	-0.006695	-0.105	1.506358288386633e-10	0	1.506358288386633e-10
540	-0.105	-0.006695	-0.135	8.411212781468599e-10	0	8.411212781468599e-10
541	-0.075	-0.006695	0.135	8.414935990262012e-10	0	8.414935990262012e-10
542	-0.075	-0.006695	0.105	1.307072141722036e-10	0	1.307072141722036e-10
543	-0.075	-0.006695	0.075	9.997338407614108e-11	0	9.997338407614108e-11
544	-0.075	-0.006695	0.045	8.26919895781365e-11	0	8.26919895781365e-11
545	-0.075	-0.006695	0.015	7.726582361412629e-11	0	7.726582361412629e-11
546	-0.075	-0.006695	-0.015	7.726582530228992e-11	0	7.726582530228992e-11
547	-0.075	-0.006695	-0.045	8.269199567938489e-11	0	8.269199567938489e-11
548	-0.075	-0.006695	-0.075	9.99733859515041e-11	0	9.99733859515041e-11
549	-0.075	-0.006695	-0.105	1.307072152374383e-10	0	1.307072152374383e-10
550	-0.075	-0.006695	-0.135	8.414935940519949e-10	0	8.414935940519949e-10
551	-0.045	-0.006695	0.135	8.364789330234018e-10	0	8.364789330234018e-10
552	-0.045	-0.006695	0.105	1.180709663730463e-10	0	1.180709663730463e-10
553	-0.045	-0.006695	0.075	8.269199320160964e-11	0	8.269199320160964e-11
554	-0.045	-0.006695	0.045	6.307518188355879e-11	0	6.307518188355879e-11
555	-0.045	-0.006695	0.015	5.672088817089251e-11	0	5.672088817089251e-11
556	-0.045	-0.006695	-0.015	5.672089682886082e-11	0	5.672089682886082e-11
557	-0.045	-0.006695	-0.045	6.30751802154877e-11	0	6.30751802154877e-11
558	-0.045	-0.006695	-0.075	8.269198835837508e-11	0	8.269198835837508e-11
559	-0.045	-0.006695	-0.105	1.180709691201495e-10	0	1.180709691201495e-10
560	-0.045	-0.006695	-0.135	8.364789429047926e-10	0	8.364789429047926e-10
561	-0.015	-0.006695	0.135	8.346798653757671e-10	0	8.346798653757671e-10
562	-0.015	-0.006695	0.105	1.142196888671361e-10	0	1.142196888671361e-10
563	-0.015	-0.006695	0.075	7.726582173488969e-11	0	7.726582173488969e-11
564	-0.015	-0.006695	0.045	5.672089247635515e-11	0	5.672089247635515e-11
565	-0.015	-0.006695	0.015	4.995845344542495e-11	0	4.995845344542495e-11
566	-0.015	-0.006695	-0.015	4.995845197664009e-11	0	4.995845197664009e-11
567	-0.015	-0.006695	-0.045	5.672089273810828e-11	0	5.672089273810828e-11
568	-0.015	-0.006695	-0.075	7.726582008689316e-11	0	7.726582008689316e-11
569	-0.015	-0.006695	-0.105	1.142196877827375e-10	0	1.142196877827375e-10
570	-0.015	-0.006695	-0.135	8.346798741567094e-10	0	8.346798741567094e-10
571	0.015	-0.006695	0.135	8.346798744491141e-10	0	8.346798744491141e-10
572	0.015	-0.006695	0.105	1.142196890205966e-10	0	1.142196890205966e-10
573	0.015	-0.006695	0.075	7.726582403328801e-11	0	7.726582403328801e-11
574	0.015	-0.006695	0.045	5.6720895249931e-11	0	5.6720895249931e-11
575	0.015	-0.006695	0.015	4.99584526785715e-11	0	4.99584526785715e-11
576	0.015	-0.006695	-0.015	4.995845770191486e-11	0	4.995845770191486e-11
577	0.015	-0.006695	-0.045	5.672089127413915e-11	0	5.672089127413915e-11
578	0.015	-0.006695	-0.075	7.726582267407571e-11	0	7.726582267407571e-11
579	0.015	-0.006695	-0.105	1.142196846087619e-10	0	1.142196846087619e-10
580	0.015	-0.006695	-0.135	8.346798668756691e-10	0	8.346798668756691e-10
581	0.045	-0.006695	0.135	8.364789502374805e-10	0	8.364789502374805e-10
582	0.045	-0.006695	0.105	1.180709644181902e-10	0	1.180709644181902e-10
583	0.045	-0.006695	0.075	8.269199707208402e-11	0	8.269199707208402e-11
584	0.045	-0.006695	0.045	6.307518086219027e-11	0	6.307518086219027e-11
585	0.045	-0.006695	0.015	5.672089553135459e-11	0	5.672089553135459e-11
586	0.045	-0.006695	-0.015	5.672089213577636e-11	0	5.672089213577636e-11
587	0.045	-0.006695	-0.045	6.307518286248652e-11	0	6.307518286248652e-11
588	0.045	-0.006695	-0.075	8.269199109907169e-11	0	8.269199109907169e-11
589	0.045	-0.006695	-0.105	1.180709674745444e-10	0	1.180709674745444e-10
590	0.045	-0.006695	-0.135	8.364789332108187e-10	0	8.364789332108187e-10
591	0.075	-0.006695	0.135	8.414936000922803e-10	0	8.414936000922803e-10
592	0.075	-0.006695	0.105	1.307072234291775e-10	0	1.307072234291775e-10
593	0.075	-0.006695	0.075	9.997338639290474e-11	0	9.997338639290474e-11
594	0.075	-0.006695	0.045	8.269199471892216e-11	0	8.269199471892216e-11
595	0.075	-0.006695	0.015	7.726582486718841e-11	0	7.726582486718841e-11
596	0.075	-0.006695	-0.015	7.726582322630764e-11	0	7.726582322630764e-11
597	0.075	-0.006695	-0.045	8.269199191807111e-11	0	8.269199191807111e-11
598	0.075	-0.006695	-0.075	9.997337994370475e-11	0	9.997337994370475e-11
599	0.075	-0.006695	-0.105	1.307072170515341e-10	0	1.307072170515341e-10
600	0.075	-0.006695	-0.135	8.414935902391456e-10	0	8.414935902391456e-10
601	0.105	-0.006695	0.135	8.411212718412116e-10	0	8.411212718412116e-10
602	0.105	-0.006695	0.105	1.506358256917547e-10	0	1.506358256917547e-10
603	0.105	-0.006695	0.075	1.307072134078647e-10	0	1.307072134078647e-10
604	0.105	-0.006695	0.045	1.180709684612365e-10	0	1.180709684612365e-10
605	0.105	-0.006695	0.015	1.142196837229129e-10	0	1.142196837229129e-10
606	0.105	-0.006695	-0.015	1.142196867768818e-10	0	1.142196867768818e-10
607	0.105	-0.006695	-0.045	1.180709675448437e-10	0	1.180709675448437e-10
608	0.105	-0.006695	-0.075	1.307072165994907e-10	0	1.307072165994907e-10
609	0.105	-0.006695	-0.105	1.506358240336376e-10	0	1.506358240336376e-10
610	0.105	-0.006695	-0.135	8.411212671942226e-10	0	8.411212671942226e-10
611	0.135	-0.006695	0.135	1.066901119701661e-09	0	1.066901119701661e-09
612	0.135	-0.006695	0.105	8.41121268603898e-10	0	8.41121268603898e-10
613	0.135	-0.006695	0.075	8.414935952738505e-10	0	8.414935952738505e-10
614	0.135	-0.006695	0.045	8.364789404883465e-10	0	8.364789404883465e-10
615	0.135	-0.006695	0.015	8.346798659414927e-10	0	8.346798659414927e-10
616	0.135	-0.006695	-0.015	8.346798770427504e-10	0	8.346798770427504e-10
617	0.135	-0.006695	-0.045	8.364789453914128e-10	0	8.364789453914128e-10
618	0.135	-0.006695	-0.075	8.414935951217894e-10	0	8.414935951217894e-10
619	0.135	-0.006695	-0.105	8.411212779417537e-10	0	8.411212779417537e-10
620	0.135	-0.006695	-0.135	1.066901110353037e-09	0	1.066901110353037e-09
621	-0.135	-0.001695	-0.135	7.589379990095389e-05	0	7.589379990095389e-05
622	-0.135	-0.001695	-0.105	7.589344894077254e-05	0	7.589344894077254e-05
623	-0.135	-0.001695	-0.075	7.589345080818837e-05	0	7.589345080818837e-05
624	-0.135	-0.001695	-0.045	7.589345076534995e-05	0	7.589345076534995e-05
625	-0.135	-0.001695	-0.015	7.589345076705357e-05	0	7.589345076705357e-05
626	-0.135	-0.001695	0.015	7.589345076708892e-05	0	7.589345076708892e-05
627	-0.135	-0.001695	0.045	7.589345076538342e-05	0	7.589345076538342e-05
628	-0.135	-0.001695	0.075	7.589345080817809e-05	0	7.589345080817809e-05
629	-0.135	-0.001695	0.105	7.589344894076508e-05	0	7.589344894076508e-05
630	-0.135	-0.001695	0.135	7.589379990081358e-05	0	7.589379990081358e-05
631	-0.105	-0.001695	-0.135	7.589344894084381e-05	0	7.589344894084381e-05
632	-0.105	-0.001695	-0.105	7.589303133907798e-05	0	7.589303133907798e-05
633	-0.105	-0.001695	-0.075	7.589303485765303e-05	0	7.589303485765303e-05
634	-0.105	-0.001695	-0.045	7.58930347687811e-05	0	7.58930347687811e-05
635	-0.105	-0.001695	-0.015	7.589303477339705e-05	0	7.589303477339705e-05
636	-0.105	-0.001695	0.015	7.589303477339085e-05	0	7.589303477339085e-05
637	-0.105	-0.001695	0.045	7.589303476879338e-05	0	7.589303476879338e-05
638	-0.105	-0.001695	0.075	7.589303485760416e-05	0	7.589303485760416e-05
639	-0.105	-0.001695	0.105	7.589303133905181e-05	0	7.589303133905181e-05
640	-0.105	-0.001695	0.135	7.589344894080552e-05	0	7.589344894080552e-05
641	-0.075	-0.001695	-0.135	7.589345080823224e-05	0	7.589345080823224e-05
642	-0.075	-0.001695	-0.105	7.589303485761484e-05	0	7.589303485761484e-05
643	-0.075	-0.001695	-0.075	7.589303852136619e-05	0	7.589303852136619e-05
644	-0.075	-0.001695	-0.045	7.589303842708959e-05	0	7.589303842708959e-05
645	-0.075	-0.001695	-0.015	7.589303843217036e-05	0	7.589303843217036e-05
646	-0.075	-0.001695	0.015	7.589303843217906e-05	0	7.589303843217906e-05
647	-0.075	-0.001695	0.045	7.5893038427107e-05	0	7.5893038427107e-05
648	-0.075	-0.001695	0.075	7.589303852138903e-05	0	7.589303852138903e-05
649	-0.075	-0.001695	0.105	7.589303485760125e-05	0	7.589303485760125e-05
650	-0.075	-0.001695	0.135	7.589345080819352e-05	0	7.589345080819352e-05
651	-0.045	-0.001695	-0.135	7.589345076538909e-05	0	7.589345076538909e-05
652	-0.045	-0.001695	-0.105	7.589303476877106e-05	0	7.589303476877106e-05
653	-0.045	-0.001695	-0.075	7.589303842710393e-05	0	7.589303842710393e-05
654	-0.045	-0.001695	-0.045	7.589303833240513e-05	0	7.589303833240513e-05
655	-0.045	-0.001695	-0.015	7.589303833755425e-05	0	7.589303833755425e-05
656	-0.045	-0.001695	0.015	7.589303833755329e-05	0	7.589303833755329e-05
657	-0.045	-0.001695	0.045	7.589303833238296e-05	0	7.589303833238296e-05
658	-0.045	-0.001695	0.075	7.589303842708924e-05	0	7.589303842708924e-05
659	-0.045	-0.001695	0.105	7.589303476875561e-05	0	7.589303476875561e-05
660	-0.045	-0.001695	0.135	7.589345076536431e-05	0	7.589345076536431e-05
661	-0.015	-0.001695	-0.135	7.589345076709279e-05	0	7.589345076709279e-05
662	-0.015	-0.001695	-0.105	7.589303477340719e-05	0	7.589303477340719e-05
663	-0.015	-0.001695	-0.075	7.58930384321896e-05	0	7.58930384321896e-05
664	-0.015	-0.001695	-0.045	7.589303833753729e-05	0	7.589303833753729e-05
665	-0.015	-0.001695	-0.015	7.589303834265894e-05	0	7.589303834265894e-05
666	-0.015	-0.001695	0.015	7.58930383426982e-05	0	7.58930383426982e-05
667	-0.015	-0.001695	0.045	7.589303833752585e-05	0	7.589303833752585e-05
668	-0.015	-0.001695	0.075	7.589303843216006e-05	0	7.589303843216006e-05
669	-0.015	-0.001695	0.105	7.589303477341866e-05	0	7.589303477341866e-05
670	-0.015	-0.001695	0.135	7.589345076707933e-05	0	7.589345076707933e-05
671	0.015	-0.001695	-0.135	7.58934507670974e-05	0	7.58934507670974e-05
672	0.015	-0.001695	-0.105	7.589303477339376e-05	0	7.589303477339376e-05
673	0.015	-0.001695	-0.075	7.589303843219844e-05	0	7.589303843219844e-05
674	0.015	-0.001695	-0.045	7.589303833755385e-05	0	7.589303833755385e-05
675	0.015	-0.001695	-0.015	7.589303834267445e-05	0	7.589303834267445e-05
676	0.015	-0.001695	0.015	7.589303834269603e-05	0	7.589303834269603e-05
677	0.015	-0.001695	0.045	7.589303833755053e-05	0	7.589303833755053e-05
678	0.015	-0.001695	0.075	7.589303843216858e-05	0	7.589303843216858e-05
679	0.015	-0.001695	0.105	7.589303477338935e-05	0	7.589303477338935e-05
680	0.015	-0.001695	0.135	7.589345076705569e-05	0	7.589345076705569e-05
681	0.045	-0.001695	-0.135	7.589345076534161e-05	0	7.589345076534161e-05
682	0.045	-0.001695	-0.105	7.589303476877179e-05	0	7.589303476877179e-05
683	0.045	-0.001695	-0.075	7.589303842707702e-05	0	7.589303842707702e-05
684	0.045	-0.001695	-0.045	7.589303833238757e-05	0	7.589303833238757e-05
685	0.045	-0.001695	-0.015	7.589303833754486e-05	0	7.589303833754486e-05
686	0.045	-0.001695	0.015	7.589303833756423e-05	0	7.589303833756423e-05
687	0.045	-0.001695	0.045	7.589303833240942e-05	0	7.589303833240942e-05
688	0.045	-0.001695	0.075	7.589303842707868e-05	0	7.589303842707868e-05
689	0.045	-0.001695	0.105	7.589303476875285e-05	0	7.589303476875285e-05
690	0.045	-0.001695	0.135	7.589345076533574e-05	0	7.589345076533574e-05
691	0.075	-0.001695	-0.135	7.58934508081664e-05	0	7.58934508081664e-05
692	0.075	-0.001695	-0.105	7.589303485759138e-05	0	7.589303485759138e-05
693	0.075	-0.001695	-0.075	7.589303852137739e-05	0	7.589303852137739e-05
694	0.075	-0.001695	-0.045	7.589303842709663e-05	0	7.589303842709663e-05
695	0.075	-0.001695	-0.015	7.589303843211873e-05	0	7.589303843211873e-05
696	0.075	-0.001695	0.015	7.589303843213839e-05	0	7.589303843213839e-05
697	0.075	-0.001695	0.045	7.589303842707204e-05	0	7.589303842707204e-05
698	0.075	-0.001695	0.075	7.589303852137959e-05	0	7.589303852137959e-05
699	0.075	-0.001695	0.105	7.589303485752217e-05	0	7.589303485752217e-05
700	0.075	-0.001695	0.135	7.58934508081606e-05	0	7.58934508081606e-05
701	0.105	-0.001695	-0.135	7.589344894082146e-05	0	7.589344894082146e-05
702	0.105	-0.001695	-0.105	7.589303133903842e-05	0	7.589303133903842e-05
703	0.105	-0.001695	-0.075	7.589303485762384e-05	0	7.589303485762384e-05
704	0.105	-0.001695	-0.045	7.589303476875718e-05	0	7.589303476875718e-05
705	0.105	-0.001695	-0.015	7.589303477339838e-05	0	7.589303477339838e-05
706	0.105	-0.001695	0.015	7.5893034773402e-05	0	7.5893034773402e-05
707	0.105	-0.001695	0.045	7.589303476877622e-05	0	7.589303476877622e-05
708	0.105	-0.001695	0.075	7.589303485759409e-05	0	7.589303485759409e-05
709	0.105	-0.001695	0.105	7.589303133903377e-05	0	7.589303133903377e-05
710	0.105	-0.001695	0.135	7.589344894081406e-05	0	7.589344894081406e-05
711	0.135	-0.001695	-0.135	7.58937999009107e-05	0	7.58937999009107e-05
712	0.135	-0.001695	-0.105	7.589344894076897e-05	0	7.589344894076897e-05
713	0.135	-0.001695	-0.075	7.589345080822369e-05	0	7.589345080822369e-05
714	0.135	-0.001695	-0.045	7.58934507653254e-05	0	7.58934507653254e-05
715	0.135	-0.001695	-0.015	7.589345076703462e-05	0	7.589345076703462e-05
716	0.135	-0.001695	0.015	7.589345076707598e-05	0	7.589345076707598e-05
717	0.135	-0.001695	0.045	7.589345076537315e-05	0	7.589345076537315e-05
718	0.135	-0.001695	0.075	7.58934508082061e-05	0	7.58934508082061e-05
719	0.135	-0.001695	0.105	7.589344894084512e-05	0	7.589344894084512e-05
720	0.135	-0.001695	0.135	7.589379990080956e-05	0	7.589379990080956e-05
721	-0.135	0.001345	0.135	7.589300357250991e-05	0	7.589300357250991e-05
722	-0.135	0.001345	0.105	7.589301989978856e-05	0	7.589301989978856e-05
723	-0.135	0.001345	0.075	7.589301983667417e-05	0	7.589301983667417e-05
724	-0.135	0.001345	0.045	7.589301983755723e-05	0	7.589301983755723e-05
725	-0.135	0.001345	0.015	7.58930198369285e-05	0	7.58930198369285e-05
726	-0.135	0.001345	-0.015	7.589301983707489e-05	0	7.589301983707489e-05
727	-0.135	0.001345	-0.045	7.589301983732167e-05	0	7.589301983732167e-05
728	-0.135	0.001345	-0.075	7.589301983585412e-05	0	7.589301983585412e-05
729	-0.135	0.001345	-0.105	7.58930198988488e-05	0	7.58930198988488e-05
730	-0.135	0.001345	-0.135	7.589300357257855e-05	0	7.589300357257855e-05
731	-0.105	0.001345	0.135	7.589301989912019e-05	0	7.589301989912019e-05
732	-0.105	0.001345	0.105	7.589303858628734e-05	0	7.589303858628734e-05
733	-0.105	0.001345	0.075	7.589303846550736e-05	0	7.589303846550736e-05
734	-0.105	0.001345	0.045	7.589303846825983e-05	0	7.589303846825983e-05
735	-0.105	0.001345	0.015	7.589303846747759e-05	0	7.589303846747759e-05
736	-0.105	0.001345	-0.015	7.589303846784259e-05	0	7.589303846784259e-05
737	-0.105	0.001345	-0.045	7.589303846841617e-05	0	7.589303846841617e-05
738	-0.105	0.001345	-0.075	7.589303846552985e-05	0	7.589303846552985e-05
739	-0.105	0.001345	-0.105	7.589303858745555e-05	0	7.589303858745555e-05
740	-0.105	0.001345	-0.135	7.589301990122532e-05	0	7.589301990122532e-05
741	-0.075	0.001345	0.135	7.589301983614351e-05	0	7.589301983614351e-05
742	-0.075	0.001345	0.105	7.589303846481076e-05	0	7.589303846481076e-05
743	-0.075	0.001345	0.075	7.589303833938569e-05	0	7.589303833938569e-05
744	-0.075	0.001345	0.045	7.589303834193402e-05	0	7.589303834193402e-05
745	-0.075	0.001345	0.015	7.589303834188982e-05	0	7.589303834188982e-05
746	-0.075	0.001345	-0.015	7.589303834227021e-05	0	7.589303834227021e-05
747	-0.075	0.001345	-0.045	7.589303834232117e-05	0	7.589303834232117e-05
748	-0.075	0.001345	-0.075	7.589303833956149e-05	0	7.589303833956149e-05
749	-0.075	0.001345	-0.105	7.589303846492013e-05	0	7.589303846492013e-05
750	-0.075	0.001345	-0.135	7.589301983626758e-05	0	7.589301983626758e-05
751	-0.045	0.001345	0.135	7.589301983778179e-05	0	7.589301983778179e-05
752	-0.045	0.001345	0.105	7.589303846813509e-05	0	7.589303846813509e-05
753	-0.045	0.001345	0.075	7.589303834216493e-05	0	7.589303834216493e-05
754	-0.045	0.001345	0.045	7.589303834460429e-05	0	7.589303834460429e-05
755	-0.045	0.001345	0.015	7.589303834470834e-05	0	7.589303834470834e-05
756	-0.045	0.001345	-0.015	7.589303834490517e-05	0	7.589303834490517e-05
757	-0.045	0.001345	-0.045	7.58930383448603e-05	0	7.58930383448603e-05
758	-0.045	0.001345	-0.075	7.589303834196567e-05	0	7.589303834196567e-05
759	-0.045	0.001345	-0.105	7.589303846789598e-05	0	7.589303846789598e-05
760	-0.045	0.001345	-0.135	7.589301983780313e-05	0	7.589301983780313e-05
761	-0.015	0.001345	0.135	7.589301983695731e-05	0	7.589301983695731e-05
762	-0.015	0.001345	0.105	7.589303846753612e-05	0	7.589303846753612e-05
763	-0.015	0.001345	0.075	7.589303834227329e-05	0	7.589303834227329e-05
764	-0.015	0.001345	0.045	7.589303834489344e-05	0	7.589303834489344e-05
765	-0.015	0.001345	0.015	7.589303834434177e-05	0	7.589303834434177e-05
766	-0.015	0.001345	-0.015	7.589303834479598e-05	0	7.589303834479598e-05
767	-0.015	0.001345	-0.045	7.589303834441964e-05	0	7.589303834441964e-05
768	-0.015	0.001345	-0.075	7.589303834152689e-05	0	7.589303834152689e-05
769	-0.015	0.001345	-0.105	7.589303846762157e-05	0	7.589303846762157e-05
770	-0.015	0.001345	-0.135	7.589301983704036e-05	0	7.589301983704036e-05
771	0.015	0.001345	0.135	7.589301983750782e-05	0	7.589301983750782e-05
772	0.015	0.001345	0.105	7.589303846805482e-05	0	7.589303846805482e-05
773	0.015	0.001345	0.075	7.589303834240671e-05	0	7.589303834240671e-05
774	0.015	0.001345	0.045	7.589303834467074e-05	0	7.589303834467074e-05
775	0.015	0.001345	0.015	7.589303834428687e-05	0	7.589303834428687e-05
776	0.015	0.001345	-0.015	7.58930383449779e-05	0	7.58930383449779e-05
777	0.015	0.001345	-0.045	7.589303834455554e-05	0	7.589303834455554e-05
778	0.015	0.001345	-0.075	7.589303834174284e-05	0	7.589303834174284e-05
779	0.015	0.001345	-0.105	7.589303846781352e-05	0	7.589303846781352e-05
780	0.015	0.001345	-0.135	7.589301983724143e-05	0	7.589301983724143e-05
781	0.045	0.001345	0.135	7.589301983771686e-05	0	7.589301983771686e-05
782	0.045	0.001345	0.105	7.589303846841256e-05	0	7.589303846841256e-05
783	0.045	0.001345	0.075	7.589303834176967e-05	0	7.589303834176967e-05
784	0.045	0.001345	0.045	7.589303834463889e-05	0	7.589303834463889e-05
785	0.045	0.001345	0.015	7.589303834480056e-05	0	7.589303834480056e-05
786	0.045	0.001345	-0.015	7.589303834477564e-05	0	7.589303834477564e-05
787	0.045	0.001345	-0.045	7.589303834525197e-05	0	7.589303834525197e-05
788	0.045	0.001345	-0.075	7.589303834227076e-05	0	7.589303834227076e-05
789	0.045	0.001345	-0.105	7.589303846825682e-05	0	7.589303846825682e-05
790	0.045	0.001345	-0.135	7.589301983725722e-05	0	7.589301983725722e-05
791	0.075	0.001345	0.135	7.589301983592235e-05	0	7.589301983592235e-05
792	0.075	0.001345	0.105	7.589303846511186e-05	0	7.589303846511186e-05
793	0.075	0.001345	0.075	7.589303833975237e-05	0	7.589303833975237e-05
794	0.075	0.001345	0.045	7.589303834290771e-05	0	7.589303834290771e-05
795	0.075	0.001345	0.015	7.589303834122329e-05	0	7.589303834122329e-05
796	0.075	0.001345	-0.015	7.589303834176776e-05	0	7.589303834176776e-05
797	0.075	0.001345	-0.045	7.58930383423354e-05	0	7.58930383423354e-05
798	0.075	0.001345	-0.075	7.589303834010615e-05	0	7.589303834010615e-05
799	0.075	0.001345	-0.105	7.589303846477561e-05	0	7.589303846477561e-05
800	0.075	0.001345	-0.135	7.589301983561676e-05	0	7.589301983561676e-05
801	0.105	0.001345	0.135	7.589301989826477e-05	0	7.589301989826477e-05
802	0.105	0.001345	0.105	7.589303858634705e-05	0	7.589303858634705e-05
803	0.105	0.001345	0.075	7.589303846529172e-05	0	7.589303846529172e-05
804	0.105	0.001345	0.045	7.589303846876012e-05	0	7.589303846876012e-05
805	0.105	0.001345	0.015	7.589303846745036e-05	0	7.589303846745036e-05
806	0.105	0.001345	-0.015	7.589303846733819e-05	0	7.589303846733819e-05
807	0.105	0.001345	-0.045	7.589303846889934e-05	0	7.589303846889934e-05
808	0.105	0.001345	-0.075	7.589303846538058e-05	0	7.589303846538058e-05
809	0.105	0.001345	-0.105	7.589303858587247e-05	0	7.589303858587247e-05
810	0.105	0.001345	-0.135	7.589301989937073e-05	0	7.589301989937073e-05
811	0.135	0.001345	0.135	7.589300357404252e-05	0	7.589300357404252e-05
812	0.135	0.001345	0.105	7.589301989883036e-05	0	7.589301989883036e-05
813	0.135	0.001345	0.075	7.589301983645933e-05	0	7.589301983645933e-05
814	0.135	0.001345	0.045	7.58930198375097e-05	0	7.58930198375097e-05
815	0.135	0.001345	0.015	7.589301983574913e-05	0	7.589301983574913e-05
816	0.135	0.001345	-0.015	7.58930198370136e-05	0	7.58930198370136e-05
817	0.135	0.001345	-0.045	7.589301983816208e-05	0	7.589301983816208e-05
818	0.135	0.001345	-0.075	7.589301983630381e-05	0	7.589301983630381e-05
819	0.135	0.001345	-0.105	7.589301989953662e-05	0	7.589301989953662e-05
820	0.135	0.001345	-0.135	7.589300357422051e-05	0	7.589300357422051e-05
821	-0.135	-0.001345	-0.135	-7.589300357233999e-05	0	-7.589300357233999e-05
822	-0.135	-0.001345	-0.105	-7.589301989830265e-05	0	-7.589301989830265e-05
823	-0.135	-0.001345	-0.075	-7.589301983584428e-05	0	-7.589301983584428e-05
824	-0.135	-0.001345	-0.045	-7.589301983746835e-05	0	-7.589301983746835e-05
825	-0.135	-0.001345	-0.015	-7.589301983675817e-05	0	-7.589301983675817e-05
826	-0.135	-0.001345	0.015	-7.589301983777117e-05	0	-7.589301983777117e-05
827	-0.135	-0.001345	0.045	-7.589301983725442e-05	0	-7.589301983725442e-05
828	-0.135	-0.001345	0.075	-7.589301983561804e-05	0	-7.589301983561804e-05
829	-0.135	-0.001345	0.105	-7.589301989892393e-05	0	-7.589301989892393e-05
830	-0.135	-0.001345	0.135	-7.589300357203641e-05	0	-7.589300357203641e-05
831	-0.105	-0.001345	-0.135	-7.589301989975318e-05	0	-7.589301989975318e-05
832	-0.105	-0.001345	-0.105	-7.589303858621041e-05	0	-7.589303858621041e-05
833	-0.105	-0.001345	-0.075	-7.589303846548939e-05	0	-7.589303846548939e-05
834	-0.105	-0.001345	-0.045	-7.589303846818382e-05	0	-7.589303846818382e-05
835	-0.105	-0.001345	-0.015	-7.589303846753859e-05	0	-7.589303846753859e-05
836	-0.105	-0.001345	0.015	-7.589303846782067e-05	0	-7.589303846782067e-05
837	-0.105	-0.001345	0.045	-7.589303846836822e-05	0	-7.589303846836822e-05
838	-0.105	-0.001345	0.075	-7.589303846526401e-05	0	-7.589303846526401e-05
839	-0.105	-0.001345	0.105	-7.589303858670161e-05	0	-7.589303858670161e-05
840	-0.105	-0.001345	0.135	-7.589301989993177e-05	0	-7.589301989993177e-05
841	-0.075	-0.001345	-0.135	-7.589301983613297e-05	0	-7.589301983613297e-05
842	-0.075	-0.001345	-0.105	-7.58930384649318e-05	0	-7.58930384649318e-05
843	-0.075	-0.001345	-0.075	-7.589303833942369e-05	0	-7.589303833942369e-05
844	-0.075	-0.001345	-0.045	-7.589303834224812e-05	0	-7.589303834224812e-05
845	-0.075	-0.001345	-0.015	-7.589303834229214e-05	0	-7.589303834229214e-05
846	-0.075	-0.001345	0.015	-7.589303834229375e-05	0	-7.589303834229375e-05
847	-0.075	-0.001345	0.045	-7.589303834243929e-05	0	-7.589303834243929e-05
848	-0.075	-0.001345	0.075	-7.589303833999681e-05	0	-7.589303833999681e-05
849	-0.075	-0.001345	0.105	-7.589303846484749e-05	0	-7.589303846484749e-05
850	-0.075	-0.001345	0.135	-7.589301983547907e-05	0	-7.589301983547907e-05
851	-0.045	-0.001345	-0.135	-7.58930198378403e-05	0	-7.58930198378403e-05
852	-0.045	-0.001345	-0.105	-7.589303846836651e-05	0	-7.589303846836651e-05
853	-0.045	-0.001345	-0.075	-7.589303834212028e-05	0	-7.589303834212028e-05
854	-0.045	-0.001345	-0.045	-7.589303834456315e-05	0	-7.589303834456315e-05
855	-0.045	-0.001345	-0.015	-7.589303834477088e-05	0	-7.589303834477088e-05
856	-0.045	-0.001345	0.015	-7.589303834500083e-05	0	-7.589303834500083e-05
857	-0.045	-0.001345	0.045	-7.589303834461904e-05	0	-7.589303834461904e-05
858	-0.045	-0.001345	0.075	-7.589303834220865e-05	0	-7.589303834220865e-05
859	-0.045	-0.001345	0.105	-7.589303846770802e-05	0	-7.589303846770802e-05
860	-0.045	-0.001345	0.135	-7.589301983734028e-05	0	-7.589301983734028e-05
861	-0.015	-0.001345	-0.135	-7.589301983742661e-05	0	-7.589301983742661e-05
862	-0.015	-0.001345	-0.105	-7.589303846763357e-05	0	-7.589303846763357e-05
863	-0.015	-0.001345	-0.075	-7.589303834244172e-05	0	-7.589303834244172e-05
864	-0.015	-0.001345	-0.045	-7.589303834484495e-05	0	-7.589303834484495e-05
865	-0.015	-0.001345	-0.015	-7.589303834425129e-05	0	-7.589303834425129e-05
866	-0.015	-0.001345	0.015	-7.589303834506654e-05	0	-7.589303834506654e-05
867	-0.015	-0.001345	0.045	-7.589303834462313e-05	0	-7.589303834462313e-05
868	-0.015	-0.001345	0.075	-7.589303834147241e-05	0	-7.589303834147241e-05
869	-0.015	-0.001345	0.105	-7.589303846741153e-05	0	-7.589303846741153e-05
870	-0.015	-0.001345	0.135	-7.589301983706613e-05	0	-7.589301983706613e-05
871	0.015	-0.001345	-0.135	-7.5893019837728e-05	0	-7.5893019837728e-05
872	0.015	-0.001345	-0.105	-7.589303846808572e-05	0	-7.589303846808572e-05
873	0.015	-0.001345	-0.075	-7.589303834243449e-05	0	-7.589303834243449e-05
874	0.015	-0.001345	-0.045	-7.589303834486367e-05	0	-7.589303834486367e-05
875	0.015	-0.001345	-0.015	-7.589303834403281e-05	0	-7.589303834403281e-05
876	0.015	-0.001345	0.015	-7.589303834484753e-05	0	-7.589303834484753e-05
877	0.015	-0.001345	0.045	-7.58930383445777e-05	0	-7.58930383445777e-05
878	0.015	-0.001345	0.075	-7.58930383422699e-05	0	-7.58930383422699e-05
879	0.015	-0.001345	0.105	-7.589303846778899e-05	0	-7.589303846778899e-05
880	0.015	-0.001345	0.135	-7.589301983743042e-05	0	-7.589301983743042e-05
881	0.045	-0.001345	-0.135	-7.589301983730424e-05	0	-7.589301983730424e-05
882	0.045	-0.001345	-0.105	-7.589303846804452e-05	0	-7.589303846804452e-05
883	0.045	-0.001345	-0.075	-7.589303834196563e-05	0	-7.589303834196563e-05
884	0.045	-0.001345	-0.045	-7.589303834470409e-05	0	-7.589303834470409e-05
885	0.045	-0.001345	-0.015	-7.589303834428689e-05	0	-7.589303834428689e-05
886	0.045	-0.001345	0.015	-7.589303834521151e-05	0	-7.589303834521151e-05
887	0.045	-0.001345	0.045	-7.589303834492015e-05	0	-7.589303834492015e-05
888	0.045	-0.001345	0.075	-7.589303834241395e-05	0	-7.589303834241395e-05
889	0.045	-0.001345	0.105	-7.589303846769054e-05	0	-7.589303846769054e-05
890	0.045	-0.001345	0.135	-7.589301983738895e-05	0	-7.589301983738895e-05
891	0.075	-0.001345	-0.135	-7.589301983541398e-05	0	-7.589301983541398e-05
892	0.075	-0.001345	-0.105	-7.589303846493416e-05	0	-7.589303846493416e-05
893	0.075	-0.001345	-0.075	-7.589303833983643e-05	0	-7.589303833983643e-05
894	0.075	-0.001345	-0.045	-7.589303834273678e-05	0	-7.589303834273678e-05
895	0.075	-0.001345	-0.015	-7.589303834154913e-05	0	-7.589303834154913e-05
896	0.075	-0.001345	0.015	-7.589303834160066e-05	0	-7.589303834160066e-05
897	0.075	-0.001345	0.045	-7.58930383428336e-05	0	-7.58930383428336e-05
898	0.075	-0.001345	0.075	-7.589303833999619e-05	0	-7.589303833999619e-05
899	0.075	-0.001345	0.105	-7.589303846443273e-05	0	-7.589303846443273e-05
900	0.075	-0.001345	0.135	-7.589301983581424e-05	0	-7.589301983581424e-05
901	0.105	-0.001345	-0.135	-7.589301989873595e-05	0	-7.589301989873595e-05
902	0.105	-0.001345	-0.105	-7.589303858610583e-05	0	-7.589303858610583e-05
903	0.105	-0.001345	-0.075	-7.589303846526292e-05	0	-7.589303846526292e-05
904	0.105	-0.001345	-0.045	-7.58930384681162e-05	0	-7.58930384681162e-05
905	0.105	-0.001345	-0.015	-7.589303846756157e-05	0	-7.589303846756157e-05
906	0.105	-0.001345	0.015	-7.589303846827217e-05	0	-7.589303846827217e-05
907	0.105	-0.001345	0.045	-7.589303846788273e-05	0	-7.589303846788273e-05
908	0.105	-0.001345	0.075	-7.589303846479609e-05	0	-7.589303846479609e-05
909	0.105	-0.001345	0.105	-7.589303858621541e-05	0	-7.589303858621541e-05
910	0.105	-0.001345	0.135	-7.589301989914846e-05	0	-7.589301989914846e-05
911	0.135	-0.001345	-0.135	-7.589300357395938e-05	0	-7.589300357395938e-05
912	0.135	-0.001345	-0.105	-7.589301989920812e-05	0	-7.589301989920812e-05
913	0.135	-0.001345	-0.075	-7.589301983641956e-05	0	-7.589301983641956e-05
914	0.135	-0.001345	-0.045	-7.589301983791069e-05	0	-7.589301983791069e-05
915	0.135	-0.001345	-0.015	-7.589301983649646e-05	0	-7.589301983649646e-05
916	0.135	-0.001345	0.015	-7.589301983716204e-05	0	-7.589301983716204e-05
917	0.135	-0.001345	0.045	-7.589301983800656e-05	0	-7.589301983800656e-05
918	0.135	-0.001345	0.075	-7.589301983613377e-05	0	-7.589301983613377e-05
919	0.135	-0.001345	0.105	-7.589301989987579e-05	0	-7.589301989987579e-05
920	0.135	-0.001345	0.135	-7.589300357422365e-05	0	-7.589300357422365e-05
921	-0.135	0.001325	0.135	1.084176486542847e-05	0	1.084176486542847e-05
922	-0.135	0.001325	0.105	1.084181082143044e-05	0	1.084181082143044e-05
923	-0.135	0.001325	0.075	1.08418106489231e-05	0	1.08418106489231e-05
924	-0.135	0.001325	0.045	1.084181065339392e-05	0	1.084181065339392e-05
925	-0.135	0.001325	0.015	1.084181065378454e-05	0	1.084181065378454e-05
926	-0.135	0.001325	-0.015	1.084181065366252e-05	0	1.084181065366252e-05
927	-0.135	0.001325	-0.045	1.084181065368242e-05	0	1.084181065368242e-05
928	-0.135	0.001325	-0.075	1.084181064972383e-05	0	1.084181064972383e-05
929	-0.135	0.001325	-0.105	1.084181082231252e-05	0	1.084181082231252e-05
930	-0.135	0.001325	-0.135	1.084176486524178e-05	0	1.084176486524178e-05
931	-0.105	0.001325	0.135	1.084181082207432e-05	0	1.084181082207432e-05
932	-0.105	0.001325	0.105	1.084186325084544e-05	0	1.084186325084544e-05
933	-0.105	0.001325	0.075	1.084186291990502e-05	0	1.084186291990502e-05
934	-0.105	0.001325	0.045	1.084186292759466e-05	0	1.084186292759466e-05
935	-0.105	0.001325	0.015	1.084186292757554e-05	0	1.084186292757554e-05
936	-0.105	0.001325	-0.015	1.084186292722363e-05	0	1.084186292722363e-05
937	-0.105	0.001325	-0.045	1.08418629274513e-05	0	1.08418629274513e-05
938	-0.105	0.001325	-0.075	1.084186291986744e-05	0	1.084186291986744e-05
939	-0.105	0.001325	-0.105	1.084186324967865e-05	0	1.084186324967865e-05
940	-0.105	0.001325	-0.135	1.084181082001627e-05	0	1.084181082001627e-05
941	-0.075	0.001325	0.135	1.084181064949865e-05	0	1.084181064949865e-05
942	-0.075	0.001325	0.105	1.084186292059541e-05	0	1.084186292059541e-05
943	-0.075	0.001325	0.075	1.084186257553028e-05	0	1.084186257553028e-05
944	-0.075	0.001325	0.045	1.084186258381559e-05	0	1.084186258381559e-05
945	-0.075	0.001325	0.015	1.084186258297126e-05	0	1.084186258297126e-05
946	-0.075	0.001325	-0.015	1.084186258262263e-05	0	1.084186258262263e-05
947	-0.075	0.001325	-0.045	1.084186258346673e-05	0	1.084186258346673e-05
948	-0.075	0.001325	-0.075	1.084186257535313e-05	0	1.084186257535313e-05
949	-0.075	0.001325	-0.105	1.084186292046929e-05	0	1.084186292046929e-05
950	-0.075	0.001325	-0.135	1.084181064933613e-05	0	1.084181064933613e-05
951	-0.045	0.001325	0.135	1.084181065323516e-05	0	1.084181065323516e-05
952	-0.045	0.001325	0.105	1.084186292772087e-05	0	1.084186292772087e-05
953	-0.045	0.001325	0.075	1.084186258363891e-05	0	1.084186258363891e-05
954	-0.045	0.001325	0.045	1.084186259196891e-05	0	1.084186259196891e-05
955	-0.045	0.001325	0.015	1.084186259085464e-05	0	1.084186259085464e-05
956	-0.045	0.001325	-0.015	1.084186259066136e-05	0	1.084186259066136e-05
957	-0.045	0.001325	-0.045	1.084186259169901e-05	0	1.084186259169901e-05
958	-0.045	0.001325	-0.075	1.08418625838078e-05	0	1.08418625838078e-05
959	-0.045	0.001325	-0.105	1.08418629279527e-05	0	1.08418629279527e-05
960	-0.045	0.001325	-0.135	1.08418106531581e-05	0	1.08418106531581e-05
961	-0.015	0.001325	0.135	1.084181065379786e-05	0	1.084181065379786e-05
962	-0.015	0.001325	0.105	1.084186292753504e-05	0	1.084186292753504e-05
963	-0.015	0.001325	0.075	1.08418625826251e-05	0	1.08418625826251e-05
964	-0.015	0.001325	0.045	1.08418625906727e-05	0	1.08418625906727e-05
965	-0.015	0.001325	0.015	1.084186259024974e-05	0	1.084186259024974e-05
966	-0.015	0.001325	-0.015	1.084186258982572e-05	0	1.084186258982572e-05
967	-0.015	0.001325	-0.045	1.084186259111946e-05	0	1.084186259111946e-05
968	-0.015	0.001325	-0.075	1.084186258333199e-05	0	1.084186258333199e-05
969	-0.015	0.001325	-0.105	1.084186292746745e-05	0	1.084186292746745e-05
970	-0.015	0.001325	-0.135	1.08418106537143e-05	0	1.08418106537143e-05
971	0.015	0.001325	0.135	1.084181065325052e-05	0	1.084181065325052e-05
972	0.015	0.001325	0.105	1.084186292699514e-05	0	1.084186292699514e-05
973	0.015	0.001325	0.075	1.08418625824871e-05	0	1.08418625824871e-05
974	0.015	0.001325	0.045	1.084186259089314e-05	0	1.084186259089314e-05
975	0.015	0.001325	0.015	1.084186259031121e-05	0	1.084186259031121e-05
976	0.015	0.001325	-0.015	1.08418625896335e-05	0	1.08418625896335e-05
977	0.015	0.001325	-0.045	1.084186259101154e-05	0	1.084186259101154e-05
978	0.015	0.001325	-0.075	1.084186258310212e-05	0	1.084186258310212e-05
979	0.015	0.001325	-0.105	1.084186292724902e-05	0	1.084186292724902e-05
980	0.015	0.001325	-0.135	1.084181065349896e-05	0	1.084181065349896e-05
981	0.045	0.001325	0.135	1.084181065323609e-05	0	1.084181065323609e-05
982	0.045	0.001325	0.105	1.084186292744721e-05	0	1.084186292744721e-05
983	0.045	0.001325	0.075	1.084186258398121e-05	0	1.084186258398121e-05
984	0.045	0.001325	0.045	1.084186259190363e-05	0	1.084186259190363e-05
985	0.045	0.001325	0.015	1.084186259075785e-05	0	1.084186259075785e-05
986	0.045	0.001325	-0.015	1.084186259077733e-05	0	1.084186259077733e-05
987	0.045	0.001325	-0.045	1.084186259132432e-05	0	1.084186259132432e-05
988	0.045	0.001325	-0.075	1.084186258350444e-05	0	1.084186258350444e-05
989	0.045	0.001325	-0.105	1.084186292760542e-05	0	1.084186292760542e-05
990	0.045	0.001325	-0.135	1.084181065370052e-05	0	1.084181065370052e-05
991	0.075	0.001325	0.135	1.084181064964237e-05	0	1.084181064964237e-05
992	0.075	0.001325	0.105	1.084186292027559e-05	0	1.084186292027559e-05
993	0.075	0.001325	0.075	1.08418625751898e-05	0	1.08418625751898e-05
994	0.075	0.001325	0.045	1.084186258288711e-05	0	1.084186258288711e-05
995	0.075	0.001325	0.015	1.084186258360004e-05	0	1.084186258360004e-05
996	0.075	0.001325	-0.015	1.084186258307704e-05	0	1.084186258307704e-05
997	0.075	0.001325	-0.045	1.084186258341543e-05	0	1.084186258341543e-05
998	0.075	0.001325	-0.075	1.084186257484082e-05	0	1.084186257484082e-05
999	0.075	0.001325	-0.105	1.084186292056586e-05	0	1.084186292056586e-05
1000	0.075	0.001325	-0.135	1.084181064993618e-05	0	1.084181064993618e-05
1001	0.105	0.001325	0.135	1.08418108229028e-05	0	1.08418108229028e-05
1002	0.105	0.001325	0.105	1.084186325078039e-05	0	1.084186325078039e-05
1003	0.105	0.001325	0.075	1.084186292009609e-05	0	1.084186292009609e-05
1004	0.105	0.001325	0.045	1.084186292710649e-05	0	1.084186292710649e-05
1005	0.105	0.001325	0.015	1.08418629276055e-05	0	1.08418629276055e-05
1006	0.105	0.001325	-0.015	1.084186292769855e-05	0	1.084186292769855e-05
1007	0.105	0.001325	-0.045	1.084186292697987e-05	0	1.084186292697987e-05
1008	0.105	0.001325	-0.075	1.084186292000661e-05	0	1.084186292000661e-05
1009	0.105	0.001325	-0.105	1.084186325120476e-05	0	1.084186325120476e-05
1010	0.105	0.001325	-0.135	1.084181082185852e-05	0	1.084181082185852e-05
1011	0.135	0.001325	0.135	1.084176486386149e-05	0	1.084176486386149e-05
1012	0.135	0.001325	0.105	1.084181082230997e-05	0	1.084181082230997e-05
1013	0.135	0.001325	0.075	1.084181064916315e-05	0	1.084181064916315e-05
1014	0.135	0.001325	0.045	1.084181065345328e-05	0	1.084181065345328e-05
1015	0.135	0.001325	0.015	1.08418106549708e-05	0	1.08418106549708e-05
1016	0.135	0.001325	-0.015	1.084181065373372e-05	0	1.084181065373372e-05
1017	0.135	0.001325	-0.045	1.08418106528093e-05	0	1.08418106528093e-05
1018	0.135	0.001325	-0.075	1.084181064928922e-05	0	1.084181064928922e-05
1019	0.135	0.001325	-0.105	1.084181082165865e-05	0	1.084181082165865e-05
1020	0.135	0.001325	-0.135	1.084176486357596e-05	0	1.084176486357596e-05
1021	-0.135	-0.001325	-0.135	-1.084176486557438e-05	0	-1.084176486557438e-05
1022	-0.135	-0.001325	-0.105	-1.084181082287257e-05	0	-1.084181082287257e-05
1023	-0.135	-0.001325	-0.075	-1.084181064969503e-05	0	-1.084181064969503e-05
1024	-0.135	-0.001325	-0.045	-1.084181065348918e-05	0	-1.084181065348918e-05
1025	-0.135	-0.001325	-0.015	-1.084181065398517e-05	0	-1.084181065398517e-05
1026	-0.135	-0.001325	0.015	-1.084181065299603e-05	0	-1.084181065299603e-05
1027	-0.135	-0.001325	0.045	-1.08418106537303e-05	0	-1.08418106537303e-05
1028	-0.135	-0.001325	0.075	-1.084181064991409e-05	0	-1.084181064991409e-05
1029	-0.135	-0.001325	0.105	-1.084181082223444e-05	0	-1.084181082223444e-05
1030	-0.135	-0.001325	0.135	-1.084176486573923e-05	0	-1.084176486573923e-05
1031	-0.105	-0.001325	-0.135	-1.084181082147891e-05	0	-1.084181082147891e-05
1032	-0.105	-0.001325	-0.105	-1.084186325093799e-05	0	-1.084186325093799e-05
1033	-0.105	-0.001325	-0.075	-1.08418629199394e-05	0	-1.08418629199394e-05
1034	-0.105	-0.001325	-0.045	-1.084186292768446e-05	0	-1.084186292768446e-05
1035	-0.105	-0.001325	-0.015	-1.084186292754755e-05	0	-1.084186292754755e-05
1036	-0.105	-0.001325	0.015	-1.084186292726146e-05	0	-1.084186292726146e-05
1037	-0.105	-0.001325	0.045	-1.084186292750951e-05	0	-1.084186292750951e-05
1038	-0.105	-0.001325	0.075	-1.084186292011925e-05	0	-1.084186292011925e-05
1039	-0.105	-0.001325	0.105	-1.084186325042268e-05	0	-1.084186325042268e-05
1040	-0.105	-0.001325	0.135	-1.084181082127498e-05	0	-1.084181082127498e-05
1041	-0.075	-0.001325	-0.135	-1.084181064945379e-05	0	-1.084181064945379e-05
1042	-0.075	-0.001325	-0.105	-1.084186292046368e-05	0	-1.084186292046368e-05
1043	-0.075	-0.001325	-0.075	-1.084186257550641e-05	0	-1.084186257550641e-05
1044	-0.075	-0.001325	-0.045	-1.084186258351951e-05	0	-1.084186258351951e-05
1045	-0.075	-0.001325	-0.015	-1.084186258257328e-05	0	-1.084186258257328e-05
1046	-0.075	-0.001325	0.015	-1.084186258257749e-05	0	-1.084186258257749e-05
1047	-0.075	-0.001325	0.045	-1.084186258334042e-05	0	-1.084186258334042e-05
1048	-0.075	-0.001325	0.075	-1.084186257495885e-05	0	-1.084186257495885e-05
1049	-0.075	-0.001325	0.105	-1.084186292053591e-05	0	-1.084186292053591e-05
1050	-0.075	-0.001325	0.135	-1.084181065007374e-05	0	-1.084181065007374e-05
1051	-0.045	-0.001325	-0.135	-1.084181065314774e-05	0	-1.084181065314774e-05
1052	-0.045	-0.001325	-0.105	-1.084186292749115e-05	0	-1.084186292749115e-05
1053	-0.045	-0.001325	-0.075	-1.084186258365775e-05	0	-1.084186258365775e-05
1054	-0.045	-0.001325	-0.045	-1.084186259198978e-05	0	-1.084186259198978e-05
1055	-0.045	-0.001325	-0.015	-1.084186259082561e-05	0	-1.084186259082561e-05
1056	-0.045	-0.001325	0.015	-1.084186259059264e-05	0	-1.084186259059264e-05
1057	-0.045	-0.001325	0.045	-1.084186259191047e-05	0	-1.084186259191047e-05
1058	-0.045	-0.001325	0.075	-1.084186258355799e-05	0	-1.084186258355799e-05
1059	-0.045	-0.001325	0.105	-1.084186292813537e-05	0	-1.084186292813537e-05
1060	-0.045	-0.001325	0.135	-1.08418106536315e-05	0	-1.08418106536315e-05
1061	-0.015	-0.001325	-0.135	-1.084181065335111e-05	0	-1.084181065335111e-05
1062	-0.015	-0.001325	-0.105	-1.084186292746467e-05	0	-1.084186292746467e-05
1063	-0.015	-0.001325	-0.075	-1.084186258244241e-05	0	-1.084186258244241e-05
1064	-0.015	-0.001325	-0.045	-1.084186259073425e-05	0	-1.084186259073425e-05
1065	-0.015	-0.001325	-0.015	-1.084186259035172e-05	0	-1.084186259035172e-05
1066	-0.015	-0.001325	0.015	-1.084186258957069e-05	0	-1.084186258957069e-05
1067	-0.015	-0.001325	0.045	-1.084186259094619e-05	0	-1.084186259094619e-05
1068	-0.015	-0.001325	0.075	-1.084186258338534e-05	0	-1.084186258338534e-05
1069	-0.015	-0.001325	0.105	-1.084186292770066e-05	0	-1.084186292770066e-05
1070	-0.015	-0.001325	0.135	-1.084181065370177e-05	0	-1.084181065370177e-05
1071	0.015	-0.001325	-0.135	-1.084181065305431e-05	0	-1.084181065305431e-05
1072	0.015	-0.001325	-0.105	-1.084186292699545e-05	0	-1.084186292699545e-05
1073	0.015	-0.001325	-0.075	-1.084186258245908e-05	0	-1.084186258245908e-05
1074	0.015	-0.001325	-0.045	-1.084186259073523e-05	0	-1.084186259073523e-05
1075	0.015	-0.001325	-0.015	-1.084186259058791e-05	0	-1.084186259058791e-05
1076	0.015	-0.001325	0.015	-1.084186258979289e-05	0	-1.084186258979289e-05
1077	0.015	-0.001325	0.045	-1.084186259102005e-05	0	-1.084186259102005e-05
1078	0.015	-0.001325	0.075	-1.084186258259622e-05	0	-1.084186258259622e-05
1079	0.015	-0.001325	0.105	-1.084186292729135e-05	0	-1.084186292729135e-05
1080	0.015	-0.001325	0.135	-1.084181065330879e-05	0	-1.084181065330879e-05
1081	0.045	-0.001325	-0.135	-1.084181065364385e-05	0	-1.084181065364385e-05
1082	0.045	-0.001325	-0.105	-1.084186292781195e-05	0	-1.084186292781195e-05
1083	0.045	-0.001325	-0.075	-1.084186258378762e-05	0	-1.084186258378762e-05
1084	0.045	-0.001325	-0.045	-1.084186259182909e-05	0	-1.084186259182909e-05
1085	0.045	-0.001325	-0.015	-1.084186259130119e-05	0	-1.084186259130119e-05
1086	0.045	-0.001325	0.015	-1.084186259039536e-05	0	-1.084186259039536e-05
1087	0.045	-0.001325	0.045	-1.084186259163607e-05	0	-1.084186259163607e-05
1088	0.045	-0.001325	0.075	-1.084186258334311e-05	0	-1.084186258334311e-05
1089	0.045	-0.001325	0.105	-1.084186292814993e-05	0	-1.084186292814993e-05
1090	0.045	-0.001325	0.135	-1.084181065354482e-05	0	-1.084181065354482e-05
1091	0.075	-0.001325	-0.135	-1.084181065011015e-05	0	-1.084181065011015e-05
1092	0.075	-0.001325	-0.105	-1.084186292043548e-05	0	-1.084186292043548e-05
1093	0.075	-0.001325	-0.075	-1.084186257510084e-05	0	-1.084186257510084e-05
1094	0.075	-0.001325	-0.045	-1.084186258303086e-05	0	-1.084186258303086e-05
1095	0.075	-0.001325	-0.015	-1.084186258326499e-05	0	-1.084186258326499e-05
1096	0.075	-0.001325	0.015	-1.084186258323523e-05	0	-1.084186258323523e-05
1097	0.075	-0.001325	0.045	-1.08418625829138e-05	0	-1.08418625829138e-05
1098	0.075	-0.001325	0.075	-1.08418625749497e-05	0	-1.08418625749497e-05
1099	0.075	-0.001325	0.105	-1.084186292087171e-05	0	-1.084186292087171e-05
1100	0.075	-0.001325	0.135	-1.084181064970247e-05	0	-1.084181064970247e-05
1101	0.105	-0.001325	-0.135	-1.084181082248656e-05	0	-1.084181082248656e-05
1102	0.105	-0.001325	-0.105	-1.084186325099888e-05	0	-1.084186325099888e-05
1103	0.105	-0.001325	-0.075	-1.084186292013478e-05	0	-1.084186292013478e-05
1104	0.105	-0.001325	-0.045	-1.084186292772132e-05	0	-1.084186292772132e-05
1105	0.105	-0.001325	-0.015	-1.084186292752995e-05	0	-1.084186292752995e-05
1106	0.105	-0.001325	0.015	-1.084186292682042e-05	0	-1.084186292682042e-05
1107	0.105	-0.001325	0.045	-1.084186292798236e-05	0	-1.084186292798236e-05
1108	0.105	-0.001325	0.075	-1.084186292057062e-05	0	-1.084186292057062e-05
1109	0.105	-0.001325	0.105	-1.084186325089144e-05	0	-1.084186325089144e-05
1110	0.105	-0.001325	0.135	-1.084181082205912e-05	0	-1.084181082205912e-05
1111	0.135	-0.001325	-0.135	-1.084176486389995e-05	0	-1.084176486389995e-05
1112	0.135	-0.001325	-0.105	-1.084181082195047e-05	0	-1.084181082195047e-05
1113	0.135	-0.001325	-0.075	-1.084181064915634e-05	0	-1.084181064915634e-05
1114	0.135	-0.001325	-0.045	-1.084181065301471e-05	0	-1.084181065301471e-05
1115	0.135	-0.001325	-0.015	-1.084181065422799e-05	0	-1.084181065422799e-05
1116	0.135	-0.001325	0.015	-1.084181065360252e-05	0	-1.084181065360252e-05
1117	0.135	-0.001325	0.045	-1.084181065297664e-05	0	-1.084181065297664e-05
1118	0.135	-0.001325	0.075	-1.08418106494291e-05	0	-1.08418106494291e-05
1119	0.135	-0.001325	0.105	-1.084181082136118e-05	0	-1.084181082136118e-05
1120	0.135	-0.001325	0.135	-1.084176486353919e-05	0	-1.084176486353919e-05
1121	-0.135	0.000125	0.135	9.757695218532251e-05	0	9.757695218532251e-05
1122	-0.135	0.000125	0.105	9.757686360096666e-05	0	9.757686360096666e-05
1123	-0.135	0.000125	0.075	9.757686392962458e-05	0	9.757686392962458e-05
1124	-0.135	0.000125	0.045	9.757686392210848e-05	0	9.757686392210848e-05
1125	-0.135	0.000125	0.015	9.75768639224717e-05	0	9.75768639224717e-05
1126	-0.135	0.000125	-0.015	9.757686392251579e-05	0	9.757686392251579e-05
1127	-0.135	0.000125	-0.045	9.757686392211771e-05	0	9.757686392211771e-05
1128	-0.135	0.000125	-0.075	9.757686392964666e-05	0	9.757686392964666e-05
1129	-0.135	0.000125	-0.105	9.75768636009952e-05	0	9.75768636009952e-05
1130	-0.135	0.000125	-0.135	9.757695218532243e-05	0	9.757695218532243e-05
1131	-0.105	0.000125	0.135	9.757686360096009e-05	0	9.757686360096009e-05
1132	-0.105	0.000125	0.105	9.757676265640168e-05	0	9.757676265640168e-05
1133	-0.105	0.000125	0.075	9.757676328724888e-05	0	9.757676328724888e-05
1134	-0.105	0.000125	0.045	9.757676327270615e-05	0	9.757676327270615e-05
1135	-0.105	0.000125	0.015	9.757676327381251e-05	0	9.757676327381251e-05
1136	-0.105	0.000125	-0.015	9.757676327381384e-05	0	9.757676327381384e-05
1137	-0.105	0.000125	-0.045	9.757676327271356e-05	0	9.757676327271356e-05
1138	-0.105	0.000125	-0.075	9.757676328724911e-05	0	9.757676328724911e-05
1139	-0.105	0.000125	-0.105	9.757676265638867e-05	0	9.757676265638867e-05
1140	-0.105	0.000125	-0.135	9.757686360093865e-05	0	9.757686360093865e-05
1141	-0.075	0.000125	0.135	9.757686392968345e-05	0	9.757686392968345e-05
1142	-0.075	0.000125	0.105	9.757676328727506e-05	0	9.757676328727506e-05
1143	-0.075	0.000125	0.075	9.757676394429047e-05	0	9.757676394429047e-05
1144	-0.075	0.000125	0.045	9.75767639292181e-05	0	9.75767639292181e-05
1145	-0.075	0.000125	0.015	9.757676393051478e-05	0	9.757676393051478e-05
1146	-0.075	0.000125	-0.015	9.757676393051396e-05	0	9.757676393051396e-05
1147	-0.075	0.000125	-0.045	9.7576763929233e-05	0	9.7576763929233e-05
1148	-0.075	0.000125	-0.075	9.757676394429132e-05	0	9.757676394429132e-05
1149	-0.075	0.000125	-0.105	9.757676328726517e-05	0	9.757676328726517e-05
1150	-0.075	0.000125	-0.135	9.757686392964754e-05	0	9.757686392964754e-05
1151	-0.045	0.000125	0.135	9.757686392211912e-05	0	9.757686392211912e-05
1152	-0.045	0.000125	0.105	9.757676327273197e-05	0	9.757676327273197e-05
1153	-0.045	0.000125	0.075	9.757676392925135e-05	0	9.757676392925135e-05
1154	-0.045	0.000125	0.045	9.757676391427955e-05	0	9.757676391427955e-05
1155	-0.045	0.000125	0.015	9.757676391560069e-05	0	9.757676391560069e-05
1156	-0.045	0.000125	-0.015	9.757676391560302e-05	0	9.757676391560302e-05
1157	-0.045	0.000125	-0.045	9.757676391427758e-05	0	9.757676391427758e-05
1158	-0.045	0.000125	-0.075	9.757676392924163e-05	0	9.757676392924163e-05
1159	-0.045	0.000125	-0.105	9.757676327271358e-05	0	9.757676327271358e-05
1160	-0.045	0.000125	-0.135	9.757686392209142e-05	0	9.757686392209142e-05
1161	-0.015	0.000125	0.135	9.757686392251941e-05	0	9.757686392251941e-05
1162	-0.015	0.000125	0.105	9.757676327383841e-05	0	9.757676327383841e-05
1163	-0.015	0.000125	0.075	9.757676393054015e-05	0	9.757676393054015e-05
1164	-0.015	0.000125	0.045	9.757676391560505e-05	0	9.757676391560505e-05
1165	-0.015	0.000125	0.015	9.757676391697009e-05	0	9.757676391697009e-05
1166	-0.015	0.000125	-0.015	9.757676391698215e-05	0	9.757676391698215e-05
1167	-0.015	0.000125	-0.045	9.75767639155915e-05	0	9.75767639155915e-05
1168	-0.015	0.000125	-0.075	9.757676393052588e-05	0	9.757676393052588e-05
1169	-0.015	0.000125	-0.105	9.757676327383478e-05	0	9.757676327383478e-05
1170	-0.015	0.000125	-0.135	9.757686392249828e-05	0	9.757686392249828e-05
1171	0.015	0.000125	0.135	9.757686392247828e-05	0	9.757686392247828e-05
1172	0.015	0.000125	0.105	9.757676327380064e-05	0	9.757676327380064e-05
1173	0.015	0.000125	0.075	9.757676393051633e-05	0	9.757676393051633e-05
1174	0.015	0.000125	0.045	9.757676391562299e-05	0	9.757676391562299e-05
1175	0.015	0.000125	0.015	9.757676391698536e-05	0	9.757676391698536e-05
1176	0.015	0.000125	-0.015	9.757676391698581e-05	0	9.757676391698581e-05
1177	0.015	0.000125	-0.045	9.757676391561982e-05	0	9.757676391561982e-05
1178	0.015	0.000125	-0.075	9.757676393051505e-05	0	9.757676393051505e-05
1179	0.015	0.000125	-0.105	9.757676327380893e-05	0	9.757676327380893e-05
1180	0.015	0.000125	-0.135	9.757686392249972e-05	0	9.757686392249972e-05
1181	0.045	0.000125	0.135	9.757686392207985e-05	0	9.757686392207985e-05
1182	0.045	0.000125	0.105	9.757676327271538e-05	0	9.757676327271538e-05
1183	0.045	0.000125	0.075	9.757676392923106e-05	0	9.757676392923106e-05
1184	0.045	0.000125	0.045	9.757676391426232e-05	0	9.757676391426232e-05
1185	0.045	0.000125	0.015	9.757676391560008e-05	0	9.757676391560008e-05
1186	0.045	0.000125	-0.015	9.757676391560748e-05	0	9.757676391560748e-05
1187	0.045	0.000125	-0.045	9.757676391425747e-05	0	9.757676391425747e-05
1188	0.045	0.000125	-0.075	9.757676392923679e-05	0	9.757676392923679e-05
1189	0.045	0.000125	-0.105	9.757676327271768e-05	0	9.757676327271768e-05
1190	0.045	0.000125	-0.135	9.757686392210973e-05	0	9.757686392210973e-05
1191	0.075	0.000125	0.135	9.757686392963717e-05	0	9.757686392963717e-05
1192	0.075	0.000125	0.105	9.757676328724531e-05	0	9.757676328724531e-05
1193	0.075	0.000125	0.075	9.757676394427819e-05	0	9.757676394427819e-05
1194	0.075	0.000125	0.045	9.757676392921083e-05	0	9.757676392921083e-05
1195	0.075	0.000125	0.015	9.757676393053564e-05	0	9.757676393053564e-05
1196	0.075	0.000125	-0.015	9.757676393051892e-05	0	9.757676393051892e-05
1197	0.075	0.000125	-0.045	9.757676392920038e-05	0	9.757676392920038e-05
1198	0.075	0.000125	-0.075	9.757676394427747e-05	0	9.757676394427747e-05
1199	0.075	0.000125	-0.105	9.757676328724643e-05	0	9.757676328724643e-05
1200	0.075	0.000125	-0.135	9.757686392965906e-05	0	9.757686392965906e-05
1201	0.105	0.000125	0.135	9.75768636010029e-05	0	9.75768636010029e-05
1202	0.105	0.000125	0.105	9.757676265641376e-05	0	9.757676265641376e-05
1203	0.105	0.000125	0.075	9.757676328724072e-05	0	9.757676328724072e-05
1204	0.105	0.000125	0.045	9.757676327271423e-05	0	9.757676327271423e-05
1205	0.105	0.000125	0.015	9.757676327381143e-05	0	9.757676327381143e-05
1206	0.105	0.000125	-0.015	9.757676327382391e-05	0	9.757676327382391e-05
1207	0.105	0.000125	-0.045	9.757676327269111e-05	0	9.757676327269111e-05
1208	0.105	0.000125	-0.075	9.757676328723875e-05	0	9.757676328723875e-05
1209	0.105	0.000125	-0.105	9.757676265640341e-05	0	9.757676265640341e-05
1210	0.105	0.000125	-0.135	9.757686360101666e-05	0	9.757686360101666e-05
1211	0.135	0.000125	0.135	9.757695218521571e-05	0	9.757695218521571e-05
1212	0.135	0.000125	0.105	9.757686360097032e-05	0	9.757686360097032e-05
1213	0.135	0.000125	0.075	9.757686392965674e-05	0	9.757686392965674e-05
1214	0.135	0.000125	0.045	9.757686392209893e-05	0	9.757686392209893e-05
1215	0.135	0.000125	0.015	9.757686392253918e-05	0	9.757686392253918e-05
1216	0.135	0.000125	-0.015	9.757686392249622e-05	0	9.757686392249622e-05
1217	0.135	0.000125	-0.045	9.757686392206231e-05	0	9.757686392206231e-05
1218	0.135	0.000125	-0.075	9.757686392963458e-05	0	9.757686392963458e-05
1219	0.135	0.000125	-0.105	9.757686360096287e-05	0	9.757686360096287e-05
1220	0.135	0.000125	-0.135	9.757695218520798e-05	0	9.757695218520798e-05
1221	-0.135	-0.000125	-0.135	-9.757695218532239e-05	0	-9.757695218532239e-05
1222	-0.135	-0.000125	-0.105	-9.757686360099528e-05	0	-9.757686360099528e-05
1223	-0.135	-0.000125	-0.075	-9.75768639296466e-05	0	-9.75768639296466e-05
1224	-0.135	-0.000125	-0.045	-9.757686392211781e-05	0	-9.757686392211781e-05
1225	-0.135	-0.000125	-0.015	-9.75768639225156e-05	0	-9.75768639225156e-05
1226	-0.135	-0.000125	0.015	-9.757686392247176e-05	0	-9.757686392247176e-05
1227	-0.135	-0.000125	0.045	-9.757686392210851e-05	0	-9.757686392210851e-05
1228	-0.135	-0.000125	0.075	-9.757686392962456e-05	0	-9.757686392962456e-05
1229	-0.135	-0.000125	0.105	-9.757686360096352e-05	0	-9.757686360096352e-05
1230	-0.135	-0.000125	0.135	-9.757695218532251e-05	0	-9.757695218532251e-05
1231	-0.105	-0.000125	-0.135	-9.757686360093862e-05	0	-9.757686360093862e-05
1232	-0.105	-0.000125	-0.105	-9.757676265638855e-05	0	-9.757676265638855e-05
1233	-0.105	-0.000125	-0.075	-9.757676328724915e-05	0	-9.757676328724915e-05
1234	-0.105	-0.000125	-0.045	-9.757676327271331e-05	0	-9.757676327271331e-05
1235	-0.105	-0.000125	-0.015	-9.757676327381364e-05	0	-9.757676327381364e-05
1236	-0.105	-0.000125	0.015	-9.757676327381252e-05	0	-9.757676327381252e-05
1237	-0.105	-0.000125	0.045	-9.757676327270607e-05	0	-9.757676327270607e-05
1238	-0.105	-0.000125	0.075	-9.757676328724855e-05	0	-9.757676328724855e-05
1239	-0.105	-0.000125	0.105	-9.757676265640159e-05	0	-9.757676265640159e-05
1240	-0.105	-0.000125	0.135	-9.757686360095998e-05	0	-9.757686360095998e-05
1241	-0.075	-0.000125	-0.135	-9.757686392964737e-05	0	-9.757686392964737e-05
1242	-0.075	-0.000125	-0.105	-9.757676328726497e-05	0	-9.757676328726497e-05
1243	-0.075	-0.000125	-0.075	-9.757676394429128e-05	0	-9.757676394429128e-05
1244	-0.075	-0.000125	-0.045	-9.757676392923297e-05	0	-9.757676392923297e-05
1245	-0.075	-0.000125	-0.015	-9.757676393051377e-05	0	-9.757676393051377e-05
1246	-0.075	-0.000125	0.015	-9.757676393051488e-05	0	-9.757676393051488e-05
1247	-0.075	-0.000125	0.045	-9.7576763929218e-05	0	-9.7576763929218e-05
1248	-0.075	-0.000125	0.075	-9.757676394429026e-05	0	-9.757676394429026e-05
1249	-0.075	-0.000125	0.105	-9.757676328727483e-05	0	-9.757676328727483e-05
1250	-0.075	-0.000125	0.135	-9.757686392968359e-05	0	-9.757686392968359e-05
1251	-0.045	-0.000125	-0.135	-9.75768639220915e-05	0	-9.75768639220915e-05
1252	-0.045	-0.000125	-0.105	-9.757676327271341e-05	0	-9.757676327271341e-05
1253	-0.045	-0.000125	-0.075	-9.75767639292415e-05	0	-9.75767639292415e-05
1254	-0.045	-0.000125	-0.045	-9.757676391427764e-05	0	-9.757676391427764e-05
1255	-0.045	-0.000125	-0.015	-9.75767639156028e-05	0	-9.75767639156028e-05
1256	-0.045	-0.000125	0.015	-9.757676391560063e-05	0	-9.757676391560063e-05
1257	-0.045	-0.000125	0.045	-9.757676391427957e-05	0	-9.757676391427957e-05
1258	-0.045	-0.000125	0.075	-9.757676392925127e-05	0	-9.757676392925127e-05
1259	-0.045	-0.000125	0.105	-9.757676327273201e-05	0	-9.757676327273201e-05
1260	-0.045	-0.000125	0.135	-9.757686392211899e-05	0	-9.757686392211899e-05
1261	-0.015	-0.000125	-0.135	-9.757686392249825e-05	0	-9.757686392249825e-05
1262	-0.015	-0.000125	-0.105	-9.757676327383499e-05	0	-9.757676327383499e-05
1263	-0.015	-0.000125	-0.075	-9.757676393052595e-05	0	-9.757676393052595e-05
1264	-0.015	-0.000125	-0.045	-9.757676391559154e-05	0	-9.757676391559154e-05
1265	-0.015	-0.000125	-0.015	-9.757676391698212e-05	0	-9.757676391698212e-05
1266	-0.015	-0.000125	0.015	-9.757676391697009e-05	0	-9.757676391697009e-05
1267	-0.015	-0.000125	0.045	-9.757676391560496e-05	0	-9.757676391560496e-05
1268	-0.015	-0.000125	0.075	-9.757676393054004e-05	0	-9.757676393054004e-05
1269	-0.015	-0.000125	0.105	-9.757676327383861e-05	0	-9.757676327383861e-05
1270	-0.015	-0.000125	0.135	-9.757686392251933e-05	0	-9.757686392251933e-05
1271	0.015	-0.000125	-0.135	-9.757686392249969e-05	0	-9.757686392249969e-05
1272	0.015	-0.000125	-0.105	-9.757676327380886e-05	0	-9.757676327380886e-05
1273	0.015	-0.000125	-0.075	-9.757676393051507e-05	0	-9.757676393051507e-05
1274	0.015	-0.000125	-0.045	-9.757676391561984e-05	0	-9.757676391561984e-05
1275	0.015	-0.000125	-0.015	-9.757676391698586e-05	0	-9.757676391698586e-05
1276	0.015	-0.000125	0.015	-9.757676391698562e-05	0	-9.757676391698562e-05
1277	0.015	-0.000125	0.045	-9.757676391562302e-05	0	-9.757676391562302e-05
1278	0.015	-0.000125	0.075	-9.757676393051656e-05	0	-9.757676393051656e-05
1279	0.015	-0.000125	0.105	-9.75767632738006e-05	0	-9.75767632738006e-05
1280	0.015	-0.000125	0.135	-9.757686392247825e-05	0	-9.757686392247825e-05
1281	0.045	-0.000125	-0.135	-9.757686392210997e-05	0	-9.757686392210997e-05
1282	0.045	-0.000125	-0.105	-9.757676327271751e-05	0	-9.757676327271751e-05
1283	0.045	-0.000125	-0.075	-9.757676392923668e-05	0	-9.757676392923668e-05
1284	0.045	-0.000125	-0.045	-9.757676391425759e-05	0	-9.757676391425759e-05
1285	0.045	-0.000125	-0.015	-9.757676391560767e-05	0	-9.757676391560767e-05
1286	0.045	-0.000125	0.015	-9.757676391560004e-05	0	-9.757676391560004e-05
1287	0.045	-0.000125	0.045	-9.757676391426235e-05	0	-9.757676391426235e-05
1288	0.045	-0.000125	0.075	-9.757676392923101e-05	0	-9.757676392923101e-05
1289	0.045	-0.000125	0.105	-9.757676327271526e-05	0	-9.757676327271526e-05
1290	0.045	-0.000125	0.135	-9.757686392207991e-05	0	-9.757686392207991e-05
1291	0.075	-0.000125	-0.135	-9.757686392965904e-05	0	-9.757686392965904e-05
1292	0.075	-0.000125	-0.105	-9.757676328724674e-05	0	-9.757676328724674e-05
1293	0.075	-0.000125	-0.075	-9.757676394427744e-05	0	-9.757676394427744e-05
1294	0.075	-0.000125	-0.045	-9.757676392920036e-05	0	-9.757676392920036e-05
1295	0.075	-0.000125	-0.015	-9.757676393051915e-05	0	-9.757676393051915e-05
1296	0.075	-0.000125	0.015	-9.757676393053555e-05	0	-9.757676393053555e-05
1297	0.075	-0.000125	0.045	-9.757676392921079e-05	0	-9.757676392921079e-05
1298	0.075	-0.000125	0.075	-9.757676394427819e-05	0	-9.757676394427819e-05
1299	0.075	-0.000125	0.105	-9.757676328724537e-05	0	-9.757676328724537e-05
1300	0.075	-0.000125	0.135	-9.75768639296372e-05	0	-9.75768639296372e-05
1301	0.105	-0.000125	-0.135	-9.757686360101657e-05	0	-9.757686360101657e-05
1302	0.105	-0.000125	-0.105	-9.757676265640354e-05	0	-9.757676265640354e-05
1303	0.105	-0.000125	-0.075	-9.757676328723878e-05	0	-9.757676328723878e-05
1304	0.105	-0.000125	-0.045	-9.757676327269126e-05	0	-9.757676327269126e-05
1305	0.105	-0.000125	-0.015	-9.757676327382391e-05	0	-9.757676327382391e-05
1306	0.105	-0.000125	0.015	-9.757676327381149e-05	0	-9.757676327381149e-05
1307	0.105	-0.000125	0.045	-9.75767632727144e-05	0	-9.75767632727144e-05
1308	0.105	-0.000125	0.075	-9.757676328724069e-05	0	-9.757676328724069e-05
1309	0.105	-0.000125	0.105	-9.757676265641381e-05	0	-9.757676265641381e-05
1310	0.105	-0.000125	0.135	-9.75768636010029e-05	0	-9.75768636010029e-05
1311	0.135	-0.000125	-0.135	-9.757695218520798e-05	0	-9.757695218520798e-05
1312	0.135	-0.000125	-0.105	-9.757686360096593e-05	0	-9.757686360096593e-05
1313	0.135	-0.000125	-0.075	-9.757686392963432e-05	0	-9.757686392963432e-05
1314	0.135	-0.000125	-0.045	-9.757686392206225e-05	0	-9.757686392206225e-05
1315	0.135	-0.000125	-0.015	-9.7576863922496e-05	0	-9.7576863922496e-05
1316	0.135	-0.000125	0.015	-9.757686392253926e-05	0	-9.757686392253926e-05
1317	0.135	-0.000125	0.045	-9.757686392209886e-05	0	-9.757686392209886e-05
1318	0.135	-0.000125	0.075	-9.757686392965681e-05	0	-9.757686392965681e-05
1319	0.135	-0.000125	0.105	-9.757686360097022e-05	0	-9.757686360097022e-05
1320	0.135	-0.000125	0.135	-9.757695218521584e-05	0	-9.757695218521584e-05
#NbSystemChargeZero	VSystemChargeZero
1321	-6.13356e-11
