#Row	GivenPot	Error
1	0	9.85155e-10
2	0	2.49571e-09
3	0	2.99957e-09
4	0	1.86088e-09
5	0	4.36502e-10
6	0	3.25999e-10
7	0	5.84406e-10
8	0	3.39873e-09
9	0	1.68979e-09
10	0	6.97982e-10
11	0	3.81932e-10
12	0	2.51435e-09
13	0	2.09235e-09
14	0	2.70762e-09
15	0	1.98325e-10
16	0	1.76629e-09
17	0	3.23725e-10
18	0	8.04848e-10
19	0	1.06314e-09
20	0	5.40639e-10
21	0	1.81334e-07
22	0	3.06327e-08
23	0	1.29528e-07
24	0	5.38148e-08
25	0	1.21456e-07
26	0	1.42649e-07
27	0	2.46695e-07
28	0	7.93279e-08
29	0	9.09022e-08
30	0	2.20958e-07
31	0	1.54261e-07
32	0	1.42501e-07
33	0	3.56174e-07
34	0	1.7738e-07
35	0	2.14004e-08
36	0	1.18746e-07
37	0	1.79552e-07
38	0	8.09014e-08
39	0	4.81788e-07
40	0	1.90579e-07
41	3000	1.00272e-09
42	3000	2.02863e-09
43	3000	2.79988e-09
44	3000	1.24874e-09
45	3000	4.09273e-12
46	3000	8.69477e-10
47	3000	2.91948e-10
48	3000	3.09274e-09
49	3000	1.33787e-09
50	3000	1.44928e-09
51	-3000	1.24328e-09
52	-3000	3.02452e-09
53	-3000	2.52339e-09
54	-3000	2.84581e-09
55	-3000	1.60526e-10
56	-3000	1.68029e-09
57	-3000	1.73259e-10
58	-3000	1.45928e-09
59	-3000	1.07821e-09
60	-3000	1.80353e-09
61	0	7.00948e-08
62	0	3.42607e-08
63	0	7.06787e-08
64	0	2.1815e-07
65	0	2.3404e-08
66	0	3.05514e-07
67	0	8.61382e-08
68	0	1.28048e-07
69	0	8.67349e-08
70	0	8.24475e-08
71	0	1.19682e-07
72	0	1.33782e-07
73	0	1.91474e-07
74	0	1.86845e-07
75	0	6.1018e-08
76	0	3.12973e-07
77	0	3.56613e-08
78	0	8.17417e-08
79	0	1.19562e-08
80	0	1.763e-07
81	0	2.1069e-09
82	0	1.53938e-09
83	0	5.32454e-10
84	0	1.37567e-09
85	0	2.43345e-10
86	0	1.25732e-09
87	0	4.32409e-10
88	0	1.38067e-09
89	0	2.46842e-09
90	0	1.67262e-09
91	0	1.00095e-09
92	0	1.15011e-09
93	0	1.46843e-09
94	0	1.86316e-09
95	0	1.01994e-09
96	0	5.44277e-10
97	0	6.88088e-10
98	0	1.57848e-09
99	0	3.90724e-09
100	0	1.76357e-09
101	0	7.26432e-08
102	0	1.53668e-07
103	0	1.35034e-07
104	0	2.60643e-08
105	0	8.09769e-08
106	0	1.3415e-07
107	0	1.42637e-07
108	0	1.68856e-07
109	0	1.80417e-07
110	0	2.63836e-08
111	0	4.93601e-08
112	0	1.18685e-07
113	0	1.74354e-07
114	0	9.8953e-09
115	0	4.53838e-08
116	0	1.40707e-07
117	0	3.68777e-08
118	0	9.85644e-08
119	0	1.27923e-07
120	0	2.0919e-07
121	3000	2.27419e-09
122	3000	2.06683e-09
123	3000	2.00544e-10
124	3000	2.38879e-09
125	3000	4.92491e-10
126	3000	1.56888e-10
127	3000	7.40783e-10
128	3000	2.37151e-09
129	3000	3.57022e-09
130	3000	1.00272e-09
131	-3000	1.56115e-09
132	-3000	2.1796e-09
133	-3000	8.75389e-10
134	-3000	4.53383e-10
135	-3000	4.01542e-10
136	-3000	2.59661e-10
137	-3000	3.35149e-10
138	-3000	2.05409e-09
139	-3000	4.3251e-09
140	-3000	1.75805e-09
141	0	1.00583e-07
142	0	5.50644e-08
143	0	1.25117e-07
144	0	9.70977e-08
145	0	7.52061e-09
146	0	3.91829e-08
147	0	9.14765e-08
148	0	8.95957e-08
149	0	1.36191e-07
150	0	3.73908e-08
151	0	3.07336e-08
152	0	1.44355e-08
153	0	5.20376e-08
154	0	6.23659e-08
155	0	4.60523e-08
156	0	4.36135e-08
157	0	1.74508e-07
158	0	1.00585e-07
159	0	1.54592e-07
160	0	7.34221e-08
161	0	2.28141e-09
162	0	9.00953e-11
163	0	1.74208e-09
164	0	3.00594e-09
165	0	2.86224e-09
166	0	2.30142e-09
167	0	3.36568e-10
168	0	2.97046e-09
169	0	1.41023e-09
170	0	2.34371e-09
171	0	9.00894e-09
172	0	4.21818e-09
173	0	1.68767e-10
174	0	9.7826e-11
175	0	3.58483e-09
176	0	1.729e-09
177	0	4.42869e-10
178	0	1.28183e-10
179	0	7.51753e-10
180	0	1.3311e-09
181	0	3.33006e-09
182	0	5.05128e-09
183	0	3.45784e-09
184	0	2.45619e-10
185	0	2.16238e-09
186	0	1.82848e-09
187	0	3.02538e-09
188	0	3.82953e-10
189	0	2.69523e-09
190	0	2.27652e-09
191	0	2.49423e-09
192	0	8.18146e-10
193	0	1.26562e-09
194	0	2.03369e-09
195	0	2.94166e-10
196	0	4.57986e-10
197	0	3.20996e-10
198	0	4.35138e-10
199	0	1.78801e-09
200	0	9.83674e-10
201	0	1.44741e-09
202	0	7.65395e-10
203	0	2.44967e-09
204	0	4.62245e-09
205	0	4.0522e-09
206	0	3.42965e-09
207	0	1.86759e-09
208	0	2.40067e-09
209	0	1.04416e-09
210	0	6.38062e-09
211	0	3.08006e-09
212	0	5.5701e-10
213	0	1.3028e-09
214	0	1.95945e-09
215	0	3.64656e-09
216	0	4.76176e-10
217	0	2.6908e-09
218	0	6.52507e-10
219	0	5.68349e-09
220	0	3.07551e-09
221	0	2.27788e-09
222	0	2.17784e-09
223	0	1.18744e-10
224	0	1.92318e-09
225	0	2.48059e-09
226	0	2.43239e-09
227	0	3.5107e-09
228	0	3.61621e-09
229	0	1.69126e-09
230	0	4.98591e-09
231	0	1.40193e-09
232	0	5.07185e-09
233	0	8.29969e-10
234	0	3.26196e-09
235	0	2.12134e-09
236	0	1.48924e-09
237	0	3.06813e-09
238	0	5.00167e-10
239	0	1.41296e-09
240	0	6.43068e-10
241	0	1.21094e-09
242	0	3.34381e-09
243	0	1.04461e-09
244	0	8.42702e-10
245	0	2.08678e-09
246	0	1.82485e-09
247	0	6.42503e-10
248	0	2.99734e-10
249	0	4.07687e-09
250	0	1.65761e-09
251	0	4.83341e-10
252	0	4.14417e-09
253	0	3.24377e-09
254	0	3.20375e-09
255	0	3.77389e-09
256	0	3.00537e-09
257	0	1.74117e-09
258	0	1.38794e-09
259	0	1.81268e-09
260	0	4.46162e-10
261	0	1.5138e-09
262	0	7.05368e-10
263	0	2.78493e-09
264	0	6.08809e-11
265	0	1.30518e-09
266	0	1.8577e-09
267	0	2.55169e-10
268	0	1.75436e-09
269	0	8.41682e-10
270	0	2.21093e-09
271	0	1.20741e-09
272	0	1.99124e-10
273	0	1.94956e-09
274	0	9.94022e-10
275	0	1.21741e-09
276	0	3.59165e-09
277	0	1.41023e-09
278	0	1.45605e-09
279	0	4.03083e-09
280	0	7.03125e-09
281	0	2.12373e-09
282	0	1.49667e-10
283	0	8.12123e-10
284	0	2.7927e-10
285	0	7.55433e-11
286	0	2.47252e-09
287	0	3.72948e-10
288	0	1.78665e-09
289	0	3.66339e-09
290	0	1.88942e-09
291	0	9.3638e-10
292	0	5.51226e-12
293	0	1.0736e-09
294	0	4.06489e-10
295	0	2.41011e-09
296	0	4.2691e-11
297	0	1.21741e-09
298	0	1.20013e-09
299	0	7.25267e-10
300	0	1.87942e-09
301	0	5.07822e-09
302	0	2.74173e-09
303	0	2.2074e-09
304	0	2.19865e-09
305	0	1.54472e-09
306	0	3.99945e-09
307	0	3.39463e-09
308	0	1.24186e-09
309	0	9.86292e-10
310	0	8.2815e-10
311	0	3.51662e-09
312	0	3.93044e-09
313	0	3.66926e-10
314	0	1.78085e-09
315	0	5.61558e-10
316	0	3.17363e-09
317	0	2.06313e-09
318	0	1.00084e-09
319	0	7.42658e-10
320	0	9.95497e-10
321	0	4.11916e-09
322	0	7.16737e-10
323	0	2.74309e-09
324	0	2.10281e-09
325	0	1.08088e-09
326	0	1.50288e-09
327	0	2.29703e-10
328	0	1.503e-09
329	0	1.87225e-09
330	0	6.86269e-10
331	0	1.29336e-09
332	0	1.55802e-09
333	0	1.09043e-09
334	0	1.77573e-09
335	0	1.03359e-09
336	0	9.62645e-10
337	0	1.94228e-09
338	0	1.76129e-09
339	0	5.26648e-09
340	0	3.64308e-10
341	0	2.18557e-09
342	0	4.96453e-09
343	0	9.64617e-11
344	0	8.84428e-10
345	0	1.53926e-09
346	0	5.62467e-10
347	0	1.86679e-09
348	0	2.74355e-09
349	0	2.38339e-09
350	0	4.41658e-11
351	0	3.78405e-10
352	0	2.67442e-09
353	0	1.9341e-09
354	0	1.39829e-09
355	0	1.32735e-09
356	0	2.04767e-09
357	0	1.89044e-09
358	0	5.24379e-10
359	0	1.72855e-09
360	0	1.1683e-09
361	0	8.0435e-11
362	0	1.71354e-09
363	0	1.56075e-09
364	0	3.37428e-09
365	0	3.55072e-09
366	0	4.36199e-09
367	0	2.57529e-09
368	0	1.7049e-09
369	0	4.83906e-10
370	0	6.973e-10
371	0	6.49435e-10
372	0	4.51619e-10
373	0	1.72628e-09
374	0	3.2856e-09
375	0	3.37383e-09
376	0	3.92907e-09
377	0	2.42977e-09
378	0	1.79676e-09
379	0	4.62533e-10
380	0	3.87844e-10
381	0	3.35876e-07
382	0	1.61555e-07
383	0	8.02938e-08
384	0	3.52455e-07
385	0	1.5713e-07
386	0	3.76088e-07
387	0	5.04533e-08
388	0	2.29859e-07
389	0	1.20425e-07
390	0	2.08688e-07
391	0	2.59011e-07
392	0	1.21665e-07
393	0	1.54143e-07
394	0	2.95649e-07
395	0	4.43715e-08
396	0	3.01005e-07
397	0	9.12551e-08
398	0	1.80353e-08
399	0	4.93937e-08
400	0	1.97875e-07
401	3000	3.3242e-10
402	3000	1.13187e-09
403	3000	1.76033e-09
404	3000	4.03907e-09
405	3000	2.95313e-09
406	3000	5.30827e-09
407	3000	1.5666e-09
408	3000	1.77033e-09
409	3000	4.36557e-10
410	3000	1.37834e-09
411	-3000	6.63931e-11
412	-3000	1.55478e-09
413	-3000	8.55835e-10
414	-3000	3.20188e-09
415	-3000	3.64616e-09
416	-3000	3.99814e-09
417	-3000	1.35697e-09
418	-3000	1.60344e-09
419	-3000	2.58933e-09
420	-3000	1.45383e-09
421	0	8.64147e-08
422	0	1.61581e-08
423	0	5.6225e-09
424	0	2.15252e-07
425	0	7.05968e-08
426	0	3.10493e-07
427	0	4.60932e-08
428	0	1.48867e-07
429	0	7.11734e-08
430	0	1.66808e-07
431	0	1.54054e-07
432	0	2.35814e-08
433	0	6.84613e-08
434	0	2.61847e-07
435	0	3.05499e-08
436	0	2.56805e-07
437	0	7.92288e-08
438	0	5.7772e-08
439	0	3.5142e-08
440	0	1.25637e-07
441	0	2.17682e-09
442	0	5.83072e-09
443	0	1.57883e-09
444	0	8.69876e-10
445	0	1.85027e-10
446	0	2.31881e-09
447	0	2.26151e-09
448	0	2.15151e-10
449	0	7.05258e-10
450	0	1.04991e-10
451	0	1.84849e-09
452	0	5.12677e-09
453	0	1.35464e-09
454	0	1.19548e-09
455	0	1.64219e-10
456	0	2.14055e-09
457	0	2.22513e-09
458	0	1.01353e-10
459	0	3.63288e-10
460	0	5.20741e-10
461	0	5.2638e-08
462	0	7.67185e-07
463	0	1.26037e-07
464	0	4.3166e-08
465	0	1.85819e-08
466	0	2.29834e-07
467	0	3.58796e-08
468	0	1.80975e-07
469	0	1.59023e-07
470	0	2.6077e-08
471	0	4.6457e-09
472	0	5.9739e-07
473	0	4.9936e-08
474	0	3.82602e-09
475	0	2.21958e-08
476	0	1.87805e-07
477	0	3.52797e-07
478	0	9.29649e-08
479	0	2.22062e-07
480	0	7.91624e-08
481	3000	1.80034e-09
482	3000	6.51562e-09
483	3000	2.50884e-09
484	3000	7.84439e-10
485	3000	8.43556e-10
486	3000	2.14868e-09
487	3000	2.3324e-09
488	3000	1.04592e-11
489	3000	1.33832e-09
490	3000	9.49967e-10
491	-3000	2.52339e-09
492	-3000	5.0286e-09
493	-3000	2.2801e-09
494	-3000	1.52932e-09
495	-3000	7.85349e-10
496	-3000	1.62208e-09
497	-3000	2.94176e-09
498	-3000	8.23093e-11
499	-3000	1.23282e-09
500	-3000	4.62478e-10
501	0	4.53736e-08
502	0	5.30735e-07
503	0	9.17091e-08
504	0	6.6585e-08
505	0	7.17228e-09
506	0	1.5865e-07
507	0	1.35413e-07
508	0	1.12341e-07
509	0	1.97324e-07
510	0	2.27243e-07
511	0	8.57696e-08
512	0	4.90922e-07
513	0	2.89606e-08
514	0	8.6525e-08
515	0	2.10589e-08
516	0	1.46399e-07
517	0	2.48754e-07
518	0	4.21423e-08
519	0	9.3889e-08
520	0	2.07685e-07
521	0	2.87497e-09
522	0	1.79847e-09
523	0	1.53699e-09
524	0	3.85982e-11
525	0	5.84406e-10
526	0	2.54471e-09
527	0	1.37203e-09
528	0	1.70991e-09
529	0	2.68761e-09
530	0	1.95142e-10
531	0	5.78524e-09
532	0	2.67113e-09
533	0	1.53483e-09
534	0	9.03184e-10
535	0	2.60257e-09
536	0	1.79176e-09
537	0	9.26376e-10
538	0	1.08406e-09
539	0	2.19698e-10
540	0	1.38692e-09
541	0	6.76719e-10
542	0	4.48785e-09
543	0	2.65976e-09
544	0	4.40552e-11
545	0	2.81767e-09
546	0	3.40338e-09
547	0	1.29154e-09
548	0	1.70081e-09
549	0	1.54063e-09
550	0	1.04416e-09
551	0	1.49743e-09
552	0	1.81302e-09
553	0	1.57666e-09
554	0	7.02185e-10
555	0	1.67762e-09
556	0	2.39021e-09
557	0	5.44843e-10
558	0	7.95753e-10
559	0	3.63288e-10
560	0	7.59938e-10
561	0	2.91806e-09
562	0	8.58164e-10
563	0	1.92671e-09
564	0	2.93716e-09
565	0	1.753e-09
566	0	2.49287e-09
567	0	4.63787e-10
568	0	6.72516e-10
569	0	2.71672e-09
570	0	3.98819e-09
571	0	3.95681e-09
572	0	6.49889e-10
573	0	8.41835e-11
574	0	2.33871e-09
575	0	2.04949e-09
576	0	4.21496e-10
577	0	3.05646e-10
578	0	3.71943e-09
579	0	2.00958e-09
580	0	3.3811e-09
581	0	4.20056e-09
582	0	2.29703e-10
583	0	3.57755e-09
584	0	9.47294e-10
585	0	6.37955e-10
586	0	1.58929e-09
587	0	1.81723e-09
588	0	1.80404e-09
589	0	1.36748e-09
590	0	1.12237e-09
591	0	5.76976e-11
592	0	5.49204e-09
593	0	4.99545e-09
594	0	2.40976e-09
595	0	1.20002e-09
596	0	1.73203e-10
597	0	1.09543e-09
598	0	8.51797e-10
599	0	1.29204e-10
600	0	6.46294e-11
601	0	7.23448e-10
602	0	1.70308e-09
603	0	4.46067e-09
604	0	1.41205e-09
605	0	2.17318e-09
606	0	1.75391e-09
607	0	2.71429e-10
608	0	1.54347e-09
609	0	3.74581e-09
610	0	2.17769e-10
611	0	1.13287e-10
612	0	3.23467e-09
613	0	3.38383e-09
614	0	2.43068e-09
615	0	1.5138e-09
616	0	1.42649e-09
617	0	3.0945e-09
618	0	1.51073e-09
619	0	2.66806e-09
620	0	2.45619e-10
621	0	1.90443e-09
622	0	8.0996e-10
623	0	2.61895e-09
624	0	2.27015e-09
625	0	2.62789e-10
626	0	1.98776e-09
627	0	1.01733e-09
628	0	1.94808e-09
629	0	2.45376e-09
630	0	1.49015e-09
631	0	4.90728e-10
632	0	1.64624e-09
633	0	1.59531e-09
634	0	8.96405e-11
635	0	3.37883e-09
636	0	4.17736e-09
637	0	8.04049e-10
638	0	2.60656e-09
639	0	3.1036e-09
640	0	8.55693e-09
641	0	1.55984e-09
642	0	2.13453e-09
643	0	4.93911e-10
644	0	1.36237e-09
645	0	2.08371e-09
646	0	3.83494e-09
647	0	6.49324e-10
648	0	2.16181e-09
649	0	5.72976e-09
650	0	2.1318e-09
651	0	1.74037e-09
652	0	1.95031e-10
653	0	9.72606e-11
654	0	5.27562e-10
655	0	2.02914e-09
656	0	1.27274e-10
657	0	1.49117e-09
658	0	1.15739e-09
659	0	4.83341e-10
660	0	1.46196e-09
661	0	6.2351e-09
662	0	3.46614e-09
663	0	2.67215e-09
664	0	1.67023e-09
665	0	2.35144e-09
666	0	2.80801e-09
667	0	4.004e-09
668	0	2.71069e-09
669	0	8.45431e-10
670	0	1.6229e-10
671	0	2.8395e-09
672	0	4.26604e-09
673	0	2.04051e-09
674	0	8.99847e-11
675	0	1.3128e-09
676	0	4.15315e-09
677	0	3.27458e-09
678	0	3.08268e-09
679	0	1.04996e-09
680	0	2.45524e-09
681	0	4.7126e-09
682	0	2.88725e-09
683	0	1.33247e-09
684	0	1.77312e-09
685	0	1.14363e-09
686	0	1.19366e-09
687	0	1.49572e-09
688	0	9.0091e-10
689	0	2.62713e-09
690	0	5.19736e-09
691	0	6.5762e-10
692	0	7.34018e-10
693	0	3.21906e-10
694	0	2.4715e-09
695	0	9.65373e-10
696	0	1.0063e-09
697	0	1.70127e-09
698	0	2.1069e-09
699	0	3.25104e-09
700	0	3.0508e-10
701	0	9.77762e-10
702	0	4.95544e-09
703	0	4.553e-11
704	0	7.79836e-10
705	0	2.28232e-09
706	0	2.41966e-09
707	0	1.04991e-10
708	0	3.03822e-09
709	0	2.08507e-09
710	0	1.66932e-09
711	0	4.60714e-10
712	0	2.25242e-09
713	0	2.05597e-09
714	0	2.05313e-09
715	0	2.64157e-09
716	0	2.37236e-09
717	0	2.08507e-09
718	0	4.00229e-09
719	0	4.30788e-09
720	0	6.95364e-10
721	3000	2.91629e-09
722	3000	1.50021e-09
723	3000	3.43289e-09
724	3000	9.09495e-11
725	3000	1.10367e-09
726	3000	1.50067e-09
727	3000	5.41604e-10
728	3000	3.12139e-09
729	3000	9.87256e-10
730	3000	1.37879e-09
731	3000	9.35643e-09
732	3000	4.85716e-09
733	3000	1.01591e-09
734	3000	1.2169e-09
735	3000	3.20597e-09
736	3000	3.87445e-10
737	3000	4.73847e-10
738	3000	4.311e-10
739	3000	6.08907e-10
740	3000	1.46701e-09
741	3000	2.84081e-09
742	3000	6.42649e-09
743	3000	3.6971e-09
744	3000	2.09275e-09
745	3000	3.50883e-09
746	3000	7.34417e-10
747	3000	3.69937e-09
748	3000	1.50339e-09
749	3000	2.04045e-09
750	3000	2.59297e-09
751	3000	2.63253e-09
752	3000	9.36325e-10
753	3000	1.7003e-09
754	3000	7.08042e-10
755	3000	1.1969e-09
756	3000	5.55247e-10
757	3000	1.28193e-09
758	3000	4.27008e-10
759	3000	1.09958e-09
760	3000	1.38743e-09
761	3000	7.14408e-10
762	3000	1.1155e-09
763	3000	2.40516e-09
764	3000	4.03861e-09
765	3000	4.87535e-09
766	3000	3.13003e-09
767	3000	3.36286e-09
768	3000	3.63025e-09
769	3000	2.27374e-09
770	3000	5.62613e-09
771	3000	2.14504e-09
772	3000	5.37057e-10
773	3000	3.64253e-10
774	3000	3.8558e-09
775	3000	3.58932e-09
776	3000	1.68711e-10
777	3000	6.18456e-10
778	3000	8.23093e-11
779	3000	5.49926e-09
780	3000	3.66026e-09
781	3000	4.21323e-09
782	3000	1.24464e-09
783	3000	1.09003e-09
784	3000	1.28694e-10
785	3000	3.11547e-09
786	3000	2.24236e-09
787	3000	3.09637e-09
788	3000	1.49703e-09
789	3000	2.62844e-09
790	3000	5.88898e-09
791	3000	2.44199e-10
792	3000	3.53111e-09
793	3000	3.05818e-09
794	3000	2.76623e-09
795	3000	1.48839e-09
796	3000	2.63344e-09
797	3000	3.27736e-09
798	3000	1.74941e-09
799	3000	2.17869e-09
800	3000	2.36741e-09
801	3000	5.52518e-10
802	3000	3.52566e-09
803	3000	2.42335e-09
804	3000	1.57206e-09
805	3000	1.98315e-09
806	3000	2.29056e-09
807	3000	1.62345e-10
808	3000	6.68479e-10
809	3000	5.45515e-09
810	3000	1.82627e-09
811	3000	8.40828e-10
812	3000	3.88218e-09
813	3000	2.07956e-09
814	3000	2.16687e-09
815	3000	4.12683e-09
816	3000	1.99952e-09
817	3000	2.89674e-10
818	3000	1.32104e-09
819	3000	2.83717e-09
820	3000	6.80757e-10
821	-3000	1.27238e-09
822	-3000	1.27966e-09
823	-3000	3.37059e-09
824	-3000	2.62116e-09
825	-3000	2.89265e-09
826	-3000	8.40828e-10
827	-3000	1.87629e-09
828	-3000	3.08137e-09
829	-3000	1.26283e-09
830	-3000	1.8872e-10
831	-3000	7.42148e-10
832	-3000	1.52022e-09
833	-3000	1.59162e-10
834	-3000	3.00588e-10
835	-3000	3.78895e-09
836	-3000	2.63344e-09
837	-3000	2.09184e-10
838	-3000	8.92214e-10
839	-3000	3.90764e-09
840	-3000	8.62474e-09
841	-3000	1.52022e-09
842	-3000	6.23459e-10
843	-3000	2.30557e-10
844	-3000	2.55568e-10
845	-3000	3.48791e-10
846	-3000	5.10408e-09
847	-3000	1.20781e-09
848	-3000	1.76669e-09
849	-3000	4.14593e-09
850	-3000	5.1341e-10
851	-3000	1.44564e-09
852	-3000	1.32241e-09
853	-3000	8.68567e-10
854	-3000	1.34423e-09
855	-3000	1.0441e-09
856	-3000	2.18188e-09
857	-3000	2.24372e-09
858	-3000	1.94177e-10
859	-3000	4.81577e-10
860	-3000	9.87256e-10
861	-3000	5.82804e-09
862	-3000	2.6339e-09
863	-3000	2.10457e-09
864	-3000	2.06455e-10
865	-3000	2.56205e-09
866	-3000	2.44518e-09
867	-3000	3.79032e-09
868	-3000	1.36561e-09
869	-3000	1.00181e-09
870	-3000	2.45109e-10
871	-3000	2.27783e-09
872	-3000	2.29602e-09
873	-3000	5.48425e-10
874	-3000	6.59384e-11
875	-3000	1.40972e-11
876	-3000	4.37421e-09
877	-3000	2.56523e-09
878	-3000	2.68528e-09
879	-3000	2.83308e-10
880	-3000	4.80895e-09
881	-3000	3.92538e-09
882	-3000	1.95996e-09
883	-3000	2.56205e-09
884	-3000	1.44655e-09
885	-3000	1.26647e-09
886	-3000	1.88766e-09
887	-3000	9.0904e-10
888	-3000	9.28139e-10
889	-3000	2.92357e-09
890	-3000	5.26825e-09
891	-3000	1.6189e-10
892	-3000	3.3333e-10
893	-3000	1.38789e-09
894	-3000	9.30868e-10
895	-3000	8.50378e-11
896	-3000	7.59883e-10
897	-3000	9.12678e-10
898	-3000	2.28692e-09
899	-3000	3.06727e-09
900	-3000	6.28916e-10
901	-3000	9.98625e-10
902	-3000	4.72437e-09
903	-3000	5.82986e-10
904	-3000	1.65028e-09
905	-3000	3.6448e-09
906	-3000	2.02863e-09
907	-3000	8.0081e-10
908	-3000	2.33786e-09
909	-3000	2.93994e-09
910	-3000	2.28738e-10
911	-3000	1.75305e-09
912	-3000	2.89629e-09
913	-3000	1.90084e-09
914	-3000	7.38964e-10
915	-3000	1.35469e-09
916	-3000	2.49975e-09
917	-3000	1.91767e-09
918	-3000	2.84717e-09
919	-3000	4.99904e-09
920	-3000	1.74305e-09
921	3000	2.11685e-09
922	3000	1.03e-09
923	3000	1.99179e-09
924	3000	1.5234e-09
925	3000	2.11003e-10
926	3000	7.86258e-10
927	3000	1.38152e-09
928	3000	2.39697e-09
929	3000	1.66619e-09
930	3000	1.46065e-09
931	3000	8.36644e-09
932	3000	4.47426e-09
933	3000	1.79443e-09
934	3000	7.90351e-10
935	3000	2.23008e-09
936	3000	1.65073e-09
937	3000	1.7958e-09
938	3000	1.59707e-09
939	3000	1.66165e-09
940	3000	1.49203e-09
941	3000	1.34014e-09
942	3000	5.30463e-09
943	3000	2.45336e-09
944	3000	1.65028e-09
945	3000	2.99906e-09
946	3000	1.0923e-09
947	3000	1.14323e-09
948	3000	1.73532e-09
949	3000	1.80353e-09
950	3000	3.10547e-09
951	3000	2.69347e-09
952	3000	2.17869e-09
953	3000	5.81622e-10
954	3000	1.16461e-09
955	3000	1.03546e-09
956	3000	1.29648e-09
957	3000	2.87218e-09
958	3000	3.09228e-10
959	3000	1.97952e-09
960	3000	2.00089e-11
961	3000	8.25366e-10
962	3000	2.5334e-09
963	3000	3.01725e-09
964	3000	4.58704e-09
965	3000	5.54019e-09
966	3000	2.67937e-09
967	3000	2.53067e-09
968	3000	2.34741e-09
969	3000	1.75805e-09
970	3000	7.53971e-09
971	3000	2.75259e-09
972	3000	1.27784e-10
973	3000	2.98814e-09
974	3000	2.90629e-09
975	3000	4.20141e-09
976	3000	4.88853e-10
977	3000	3.75167e-10
978	3000	1.52932e-09
979	3000	5.19458e-09
980	3000	4.6366e-09
981	3000	3.14367e-09
982	3000	1.61026e-09
983	3000	1.6621e-09
984	3000	1.90948e-09
985	3000	3.88673e-09
986	3000	3.33648e-09
987	3000	1.26056e-09
988	3000	2.38151e-09
989	3000	1.0541e-09
990	3000	4.04134e-09
991	3000	3.688e-10
992	3000	2.47064e-09
993	3000	1.8922e-09
994	3000	2.19325e-09
995	3000	1.9586e-09
996	3000	1.58116e-09
997	3000	3.30556e-09
998	3000	1.41654e-09
999	3000	1.30649e-09
1000	3000	1.29558e-09
1001	3000	1.5857e-09
1002	3000	3.44562e-09
1003	3000	1.72304e-09
1004	3000	1.35014e-09
1005	3000	1.61936e-09
1006	3000	2.95131e-10
1007	3000	8.45375e-10
1008	3000	4.78849e-10
1009	3000	4.31237e-09
1010	3000	2.5002e-09
1011	3000	1.3647e-09
1012	3000	4.00587e-09
1013	3000	1.61026e-09
1014	3000	2.0159e-09
1015	3000	2.69984e-09
1016	3000	1.09821e-09
1017	3000	2.83808e-09
1018	3000	1.77351e-09
1019	3000	3.23371e-09
1020	3000	4.74301e-10
1021	-3000	1.62754e-09
1022	-3000	2.19643e-10
1023	-3000	3.22507e-09
1024	-3000	1.15915e-09
1025	-3000	9.59062e-10
1026	-3000	1.3074e-09
1027	-3000	1.55887e-09
1028	-3000	2.9404e-09
1029	-3000	1.00636e-09
1030	-3000	2.3465e-10
1031	-3000	2.49202e-10
1032	-3000	1.36424e-11
1033	-3000	4.03361e-10
1034	-3000	9.95897e-11
1035	-3000	3.25963e-09
1036	-3000	1.84673e-09
1037	-3000	1.71121e-09
1038	-3000	7.06223e-10
1039	-3000	2.98087e-09
1040	-3000	8.69113e-09
1041	-3000	1.83309e-09
1042	-3000	1.42427e-09
1043	-3000	8.89486e-10
1044	-3000	2.10957e-09
1045	-3000	3.07273e-09
1046	-3000	2.78897e-09
1047	-3000	6.21185e-10
1048	-3000	2.53112e-09
1049	-3000	4.3924e-09
1050	-3000	8.42647e-10
1051	-3000	1.97724e-09
1052	-3000	6.59384e-10
1053	-3000	2.71939e-10
1054	-3000	8.48559e-10
1055	-3000	3.67436e-10
1056	-3000	3.36513e-10
1057	-3000	1.38016e-09
1058	-3000	3.02407e-10
1059	-3000	1.72122e-09
1060	-3000	8.29914e-10
1061	-3000	5.07953e-09
1062	-3000	3.22098e-09
1063	-3000	2.32239e-09
1064	-3000	3.49701e-09
1065	-3000	3.61388e-09
1066	-3000	4.28054e-09
1067	-3000	3.55021e-09
1068	-3000	1.58389e-09
1069	-3000	1.50385e-09
1070	-3000	6.32554e-10
1071	-3000	3.11502e-09
1072	-3000	4.30828e-09
1073	-3000	7.35781e-10
1074	-3000	1.55751e-09
1075	-3000	1.15733e-09
1076	-3000	4.57976e-09
1077	-3000	2.6198e-09
1078	-3000	1.84218e-09
1079	-3000	1.43245e-10
1080	-3000	1.47293e-09
1081	-3000	3.54157e-09
1082	-3000	2.62617e-09
1083	-3000	8.36735e-10
1084	-3000	1.57115e-09
1085	-3000	2.23145e-09
1086	-3000	2.1023e-09
1087	-3000	1.69575e-09
1088	-3000	6.23459e-10
1089	-3000	2.6962e-09
1090	-3000	3.65844e-09
1091	-3000	9.04492e-10
1092	-3000	1.17234e-09
1093	-3000	1.94632e-10
1094	-3000	1.13232e-10
1095	-3000	4.71573e-10
1096	-3000	8.39918e-10
1097	-3000	2.00225e-09
1098	-3000	1.61572e-09
1099	-3000	4.22597e-09
1100	-3000	1.19599e-10
1101	-3000	1.48839e-09
1102	-3000	4.04543e-09
1103	-3000	1.10231e-09
1104	-3000	4.83396e-10
1105	-3000	4.14275e-10
1106	-3000	1.85219e-09
1107	-3000	1.73213e-09
1108	-3000	1.79944e-09
1109	-3000	3.24553e-09
1110	-3000	1.83309e-09
1111	-3000	1.16643e-09
1112	-3000	1.8199e-09
1113	-3000	1.6953e-09
1114	-3000	1.15551e-09
1115	-3000	8.19e-10
1116	-3000	2.79351e-09
1117	-3000	2.60343e-09
1118	-3000	3.9222e-09
1119	-3000	4.71891e-09
1120	-3000	1.11731e-09
1121	0	5.44678e-07
1122	0	2.49831e-07
1123	0	1.43031e-07
1124	0	1.10122e-07
1125	0	8.55517e-08
1126	0	2.22431e-07
1127	0	1.88853e-07
1128	0	9.92863e-08
1129	0	7.56442e-08
1130	0	1.30649e-07
1131	0	2.26433e-07
1132	0	1.11185e-07
1133	0	5.9388e-08
1134	0	8.64092e-08
1135	0	9.65924e-08
1136	0	1.71803e-07
1137	0	7.02752e-08
1138	0	3.36742e-08
1139	0	1.43201e-07
1140	0	1.51767e-07
1141	0	2.20404e-07
1142	0	6.26428e-08
1143	0	1.92406e-09
1144	0	4.3068e-08
1145	0	1.55833e-07
1146	0	2.86847e-07
1147	0	2.08947e-07
1148	0	3.14588e-07
1149	0	1.24732e-10
1150	0	2.95708e-07
1151	0	1.07223e-07
1152	0	1.31397e-07
1153	0	8.07921e-09
1154	0	7.0197e-08
1155	0	8.2029e-08
1156	0	2.51109e-07
1157	0	1.87816e-08
1158	0	1.37319e-07
1159	0	1.3682e-07
1160	0	1.035e-07
1161	0	2.80936e-07
1162	0	2.04278e-07
1163	0	6.47648e-08
1164	0	1.68963e-07
1165	0	2.06795e-07
1166	0	1.17285e-07
1167	0	1.11887e-08
1168	0	2.59767e-07
1169	0	2.39104e-08
1170	0	1.13553e-07
1171	0	5.9162e-08
1172	0	3.6696e-08
1173	0	3.99349e-09
1174	0	3.68437e-08
1175	0	1.49902e-07
1176	0	2.2964e-07
1177	0	2.5598e-07
1178	0	2.85348e-08
1179	0	1.63755e-07
1180	0	1.12979e-07
1181	0	3.67084e-07
1182	0	3.89159e-07
1183	0	5.48885e-08
1184	0	1.4358e-07
1185	0	2.5468e-07
1186	0	8.9113e-09
1187	0	2.11997e-08
1188	0	1.24316e-07
1189	0	5.90514e-08
1190	0	1.58281e-07
1191	0	1.20347e-07
1192	0	4.77427e-08
1193	0	5.42408e-08
1194	0	9.57601e-09
1195	0	2.2094e-07
1196	0	8.02407e-08
1197	0	2.71974e-07
1198	0	2.29905e-07
1199	0	1.61476e-09
1200	0	1.77462e-07
1201	0	1.18205e-07
1202	0	1.32585e-07
1203	0	2.9818e-07
1204	0	3.55529e-07
1205	0	3.05017e-07
1206	0	1.68995e-07
1207	0	2.42657e-07
1208	0	3.1519e-07
1209	0	3.20965e-08
1210	0	7.40053e-08
1211	0	3.25963e-08
1212	0	7.81602e-08
1213	0	3.88987e-08
1214	0	1.12725e-07
1215	0	1.88352e-07
1216	0	1.93394e-09
1217	0	9.68621e-08
1218	0	2.43731e-08
1219	0	1.33128e-07
1220	0	9.03932e-08
1221	0	1.14553e-07
1222	0	5.86733e-08
1223	0	8.3819e-08
1224	0	2.01166e-07
1225	0	2.40281e-07
1226	0	8.10251e-08
1227	0	1.1269e-07
1228	0	1.23866e-07
1229	0	2.57976e-07
1230	0	5.39236e-07
1231	0	1.56462e-07
1232	0	1.42492e-07
1233	0	3.63216e-08
1234	0	4.93601e-08
1235	0	1.66707e-07
1236	0	1.01514e-07
1237	0	9.12696e-08
1238	0	1.39698e-08
1239	0	1.04308e-07
1240	0	2.08616e-07
1241	0	3.19444e-07
1242	0	1.76951e-08
1243	0	3.13856e-07
1244	0	2.08616e-07
1245	0	2.57976e-07
1246	0	1.93715e-07
1247	0	2.42144e-08
1248	0	1.86265e-08
1249	0	6.98492e-08
1250	0	2.38419e-07
1251	0	1.08033e-07
1252	0	1.29454e-07
1253	0	1.13621e-07
1254	0	3.35276e-08
1255	0	2.24449e-07
1256	0	1.17347e-07
1257	0	8.47504e-08
1258	0	1.86265e-09
1259	0	1.38767e-07
1260	0	9.03383e-08
1261	0	1.01514e-07
1262	0	6.33299e-08
1263	0	2.27243e-07
1264	0	1.95578e-08
1265	0	1.25729e-07
1266	0	2.00234e-07
1267	0	1.44355e-07
1268	0	6.33299e-08
1269	0	1.88127e-07
1270	0	2.86847e-07
1271	0	1.25729e-07
1272	0	1.63913e-07
1273	0	1.11759e-08
1274	0	2.33762e-07
1275	0	2.1141e-07
1276	0	8.47504e-08
1277	0	3.53903e-08
1278	0	1.58325e-08
1279	0	4.47035e-08
1280	0	5.30854e-08
1281	0	1.30385e-07
1282	0	5.68107e-08
1283	0	1.21072e-07
1284	0	3.1665e-08
1285	0	1.95578e-08
1286	0	2.57045e-07
1287	0	1.22935e-07
1288	0	5.40167e-08
1289	0	4.11645e-07
1290	0	3.74392e-07
1291	0	1.77883e-07
1292	0	9.31323e-09
1293	0	2.23517e-07
1294	0	2.68221e-07
1295	0	1.1269e-07
1296	0	2.13273e-07
1297	0	9.31323e-09
1298	0	5.21541e-08
1299	0	4.09782e-08
1300	0	1.19209e-07
1301	0	7.82311e-08
1302	0	6.70552e-08
1303	0	3.1013e-07
1304	0	2.62633e-07
1305	0	1.65775e-07
1306	0	2.97092e-07
1307	0	3.29688e-07
1308	0	2.98955e-07
1309	0	1.07102e-07
1310	0	1.16415e-07
1311	0	8.19564e-08
1312	0	1.3411e-07
1313	0	5.7742e-08
1314	0	8.10251e-08
1315	0	1.49012e-08
1316	0	1.92784e-07
1317	0	1.18278e-07
1318	0	2.51457e-08
1319	0	8.56817e-08
1320	0	7.45058e-09
1321	0	6.69685e-21
#Error maximum on element 462 and its magnitude is 7.67185e-07.
