#prim: 4, nvertex: 4
Node1: -0.15	-0.001345	-0.15
Node2: -0.15	-0.001325	-0.15
Node3: -0.15	-0.001325	0.15
Node4: -0.15	-0.001345	0.15
PrimOrigin: -0.15	-0.001335	0
Primitive lengths: 2e-05	0.3
Norm: -1	-0	0
#volref1: 5, volref2: -1
#NbSegX: 1, NbSegZ: 10
#ParentObj: 1	EType: 1
#SurfX	SurfY	SurfZ	SurfLZ	SurfLZ
-0.15	-0.001335	0	2e-05	0.3
#DirnCosn: 
0, 1, 0
-1, -0, 0
0, -0, 1
#SurfLambda: 0	SurfV: -2500
Using the input, the aspect ratio of the elements on prim: 4
NbSegX: 1, SurfElLX: 2e-05, NbSegZ: 10, SurfElLZ: 0.03, AR: 0.000666667
After analyzing the aspect ratio of the elements
NbSegX: 1, SurfElLX: 2e-05, NbSegZ: 10, SurfElLZ: 0.03, AR: 0.000666667
Element begin: 31, Element end: 40
Number of elements on primitive: 10
