#prim: 31, nvertex: 4
Node1: -0.15	0.001325	0.15
Node2: -0.15	0.001345	0.15
Node3: 0.15	0.001345	0.15
Node4: 0.15	0.001325	0.15
PrimOrigin: 0	0.001335	0.15
Primitive lengths: 2e-05	0.3
Norm: 0	0	1
#volref1: 4, volref2: -1
#NbSegX: 1, NbSegZ: 10
#ParentObj: 1	EType: 1
#SurfX	SurfY	SurfZ	SurfLZ	SurfLZ
0	0.001335	0.15	2e-05	0.3
#DirnCosn: 
0, 1, 0
0, 0, 1
1, 0, 0
#SurfLambda: 0	SurfV: 3000
Using the input, the aspect ratio of the elements on prim: 31
NbSegX: 1, SurfElLX: 2e-05, NbSegZ: 10, SurfElLZ: 0.03, AR: 0.000666667
After analyzing the aspect ratio of the elements
NbSegX: 1, SurfElLX: 2e-05, NbSegZ: 10, SurfElLZ: 0.03, AR: 0.000666667
Element begin: 481, Element end: 490
Number of elements on primitive: 10
