#EleNb	X	Y	Z	Solution	Assigned	Total
1	-0.015	0.00152	-0.0135	1.991197922282015e-05	0	1.991197922282015e-05
2	-0.015	0.00152	-0.0105	1.811566318684142e-05	0	1.811566318684142e-05
3	-0.015	0.00152	-0.0075	1.785575977622698e-05	0	1.785575977622698e-05
4	-0.015	0.00152	-0.0045	1.774143680807757e-05	0	1.774143680807757e-05
5	-0.015	0.00152	-0.0015	1.769787913137404e-05	0	1.769787913137404e-05
6	-0.015	0.00152	0.0015	1.769787913139904e-05	0	1.769787913139904e-05
7	-0.015	0.00152	0.0045	1.774143680811512e-05	0	1.774143680811512e-05
8	-0.015	0.00152	0.0075	1.785575977626602e-05	0	1.785575977626602e-05
9	-0.015	0.00152	0.0105	1.811566318680767e-05	0	1.811566318680767e-05
10	-0.015	0.00152	0.0135	1.991197922278422e-05	0	1.991197922278422e-05
11	-0.015	-0.00152	-0.0135	-1.991197922280953e-05	0	-1.991197922280953e-05
12	-0.015	-0.00152	-0.0105	-1.811566318683625e-05	0	-1.811566318683625e-05
13	-0.015	-0.00152	-0.0075	-1.78557597762289e-05	0	-1.78557597762289e-05
14	-0.015	-0.00152	-0.0045	-1.774143680807796e-05	0	-1.774143680807796e-05
15	-0.015	-0.00152	-0.0015	-1.769787913136955e-05	0	-1.769787913136955e-05
16	-0.015	-0.00152	0.0015	-1.769787913139709e-05	0	-1.769787913139709e-05
17	-0.015	-0.00152	0.0045	-1.774143680811053e-05	0	-1.774143680811053e-05
18	-0.015	-0.00152	0.0075	-1.785575977626524e-05	0	-1.785575977626524e-05
19	-0.015	-0.00152	0.0105	-1.811566318680511e-05	0	-1.811566318680511e-05
20	-0.015	-0.00152	0.0135	-1.991197922278599e-05	0	-1.991197922278599e-05
21	-0.015	0.001335	-0.0135	0.0004984492852692846	0	0.0004984492852692846
22	-0.015	0.001335	-0.0105	0.0004587038574484923	0	0.0004587038574484923
23	-0.015	0.001335	-0.0075	0.0004529311492780759	0	0.0004529311492780759
24	-0.015	0.001335	-0.0045	0.0004506583034235174	0	0.0004506583034235174
25	-0.015	0.001335	-0.0015	0.0004497715034858737	0	0.0004497715034858737
26	-0.015	0.001335	0.0015	0.000449771503459066	0	0.000449771503459066
27	-0.015	0.001335	0.0045	0.0004506583033878591	0	0.0004506583033878591
28	-0.015	0.001335	0.0075	0.0004529311492386342	0	0.0004529311492386342
29	-0.015	0.001335	0.0105	0.0004587038574881229	0	0.0004587038574881229
30	-0.015	0.001335	0.0135	0.0004984492853272992	0	0.0004984492853272992
31	-0.015	-0.001335	-0.0135	-0.0004984492852692262	0	-0.0004984492852692262
32	-0.015	-0.001335	-0.0105	-0.0004587038574484431	0	-0.0004587038574484431
33	-0.015	-0.001335	-0.0075	-0.0004529311492778848	0	-0.0004529311492778848
34	-0.015	-0.001335	-0.0045	-0.0004506583034233479	0	-0.0004506583034233479
35	-0.015	-0.001335	-0.0015	-0.0004497715034854114	0	-0.0004497715034854114
36	-0.015	-0.001335	0.0015	-0.0004497715034587033	0	-0.0004497715034587033
37	-0.015	-0.001335	0.0045	-0.0004506583033877613	0	-0.0004506583033877613
38	-0.015	-0.001335	0.0075	-0.0004529311492382738	0	-0.0004529311492382738
39	-0.015	-0.001335	0.0105	-0.0004587038574878317	0	-0.0004587038574878317
40	-0.015	-0.001335	0.0135	-0.0004984492853277267	0	-0.0004984492853277267
41	-0.015	0.000275	-0.0135	4.786930939754765e-05	0	4.786930939754765e-05
42	-0.015	0.000275	-0.0105	4.827947321181665e-05	0	4.827947321181665e-05
43	-0.015	0.000275	-0.0075	4.818196538899682e-05	0	4.818196538899682e-05
44	-0.015	0.000275	-0.0045	4.816303190369311e-05	0	4.816303190369311e-05
45	-0.015	0.000275	-0.0015	4.815505011941388e-05	0	4.815505011941388e-05
46	-0.015	0.000275	0.0015	4.815505011941495e-05	0	4.815505011941495e-05
47	-0.015	0.000275	0.0045	4.816303190367255e-05	0	4.816303190367255e-05
48	-0.015	0.000275	0.0075	4.818196538900573e-05	0	4.818196538900573e-05
49	-0.015	0.000275	0.0105	4.827947321183083e-05	0	4.827947321183083e-05
50	-0.015	0.000275	0.0135	4.786930939759087e-05	0	4.786930939759087e-05
51	-0.015	0.000575	-0.0135	2.753168870176971e-05	0	2.753168870176971e-05
52	-0.015	0.000575	-0.0105	2.717234859510149e-05	0	2.717234859510149e-05
53	-0.015	0.000575	-0.0075	2.703226773705531e-05	0	2.703226773705531e-05
54	-0.015	0.000575	-0.0045	2.698636172582114e-05	0	2.698636172582114e-05
55	-0.015	0.000575	-0.0015	2.696838169143707e-05	0	2.696838169143707e-05
56	-0.015	0.000575	0.0015	2.696838169144667e-05	0	2.696838169144667e-05
57	-0.015	0.000575	0.0045	2.698636172583683e-05	0	2.698636172583683e-05
58	-0.015	0.000575	0.0075	2.703226773706103e-05	0	2.703226773706103e-05
59	-0.015	0.000575	0.0105	2.717234859508553e-05	0	2.717234859508553e-05
60	-0.015	0.000575	0.0135	2.753168870174378e-05	0	2.753168870174378e-05
61	-0.015	0.000875	-0.0135	2.587858206292096e-05	0	2.587858206292096e-05
62	-0.015	0.000875	-0.0105	2.483454697888567e-05	0	2.483454697888567e-05
63	-0.015	0.000875	-0.0075	2.463120974158825e-05	0	2.463120974158825e-05
64	-0.015	0.000875	-0.0045	2.455305068298578e-05	0	2.455305068298578e-05
65	-0.015	0.000875	-0.0015	2.452293035608346e-05	0	2.452293035608346e-05
66	-0.015	0.000875	0.0015	2.452293035609868e-05	0	2.452293035609868e-05
67	-0.015	0.000875	0.0045	2.45530506830095e-05	0	2.45530506830095e-05
68	-0.015	0.000875	0.0075	2.463120974160783e-05	0	2.463120974160783e-05
69	-0.015	0.000875	0.0105	2.483454697886749e-05	0	2.483454697886749e-05
70	-0.015	0.000875	0.0135	2.58785820628814e-05	0	2.58785820628814e-05
71	-0.015	0.001175	-0.0135	3.225014914405968e-05	0	3.225014914405968e-05
72	-0.015	0.001175	-0.0105	2.997316234351961e-05	0	2.997316234351961e-05
73	-0.015	0.001175	-0.0075	2.968683646331101e-05	0	2.968683646331101e-05
74	-0.015	0.001175	-0.0045	2.955717302600228e-05	0	2.955717302600228e-05
75	-0.015	0.001175	-0.0015	2.950797151618016e-05	0	2.950797151618016e-05
76	-0.015	0.001175	0.0015	2.950797151621627e-05	0	2.950797151621627e-05
77	-0.015	0.001175	0.0045	2.955717302604787e-05	0	2.955717302604787e-05
78	-0.015	0.001175	0.0075	2.968683646335665e-05	0	2.968683646335665e-05
79	-0.015	0.001175	0.0105	2.997316234346238e-05	0	2.997316234346238e-05
80	-0.015	0.001175	0.0135	3.225014914402754e-05	0	3.225014914402754e-05
81	-0.015	-0.001175	-0.0135	-3.225014914406391e-05	0	-3.225014914406391e-05
82	-0.015	-0.001175	-0.0105	-2.997316234352571e-05	0	-2.997316234352571e-05
83	-0.015	-0.001175	-0.0075	-2.968683646331489e-05	0	-2.968683646331489e-05
84	-0.015	-0.001175	-0.0045	-2.955717302600498e-05	0	-2.955717302600498e-05
85	-0.015	-0.001175	-0.0015	-2.950797151619064e-05	0	-2.950797151619064e-05
86	-0.015	-0.001175	0.0015	-2.950797151622271e-05	0	-2.950797151622271e-05
87	-0.015	-0.001175	0.0045	-2.955717302605654e-05	0	-2.955717302605654e-05
88	-0.015	-0.001175	0.0075	-2.968683646336874e-05	0	-2.968683646336874e-05
89	-0.015	-0.001175	0.0105	-2.997316234347364e-05	0	-2.997316234347364e-05
90	-0.015	-0.001175	0.0135	-3.2250149144015e-05	0	-3.2250149144015e-05
91	-0.015	-0.000875	-0.0135	-2.587858206291718e-05	0	-2.587858206291718e-05
92	-0.015	-0.000875	-0.0105	-2.483454697889396e-05	0	-2.483454697889396e-05
93	-0.015	-0.000875	-0.0075	-2.463120974159126e-05	0	-2.463120974159126e-05
94	-0.015	-0.000875	-0.0045	-2.455305068298409e-05	0	-2.455305068298409e-05
95	-0.015	-0.000875	-0.0015	-2.45229303560854e-05	0	-2.45229303560854e-05
96	-0.015	-0.000875	0.0015	-2.45229303561033e-05	0	-2.45229303561033e-05
97	-0.015	-0.000875	0.0045	-2.455305068301134e-05	0	-2.455305068301134e-05
98	-0.015	-0.000875	0.0075	-2.463120974161667e-05	0	-2.463120974161667e-05
99	-0.015	-0.000875	0.0105	-2.483454697886115e-05	0	-2.483454697886115e-05
100	-0.015	-0.000875	0.0135	-2.587858206288327e-05	0	-2.587858206288327e-05
101	-0.015	-0.000575	-0.0135	-2.753168870176716e-05	0	-2.753168870176716e-05
102	-0.015	-0.000575	-0.0105	-2.717234859509185e-05	0	-2.717234859509185e-05
103	-0.015	-0.000575	-0.0075	-2.703226773704816e-05	0	-2.703226773704816e-05
104	-0.015	-0.000575	-0.0045	-2.698636172582569e-05	0	-2.698636172582569e-05
105	-0.015	-0.000575	-0.0015	-2.696838169144329e-05	0	-2.696838169144329e-05
106	-0.015	-0.000575	0.0015	-2.6968381691445e-05	0	-2.6968381691445e-05
107	-0.015	-0.000575	0.0045	-2.698636172583009e-05	0	-2.698636172583009e-05
108	-0.015	-0.000575	0.0075	-2.703226773705129e-05	0	-2.703226773705129e-05
109	-0.015	-0.000575	0.0105	-2.717234859509504e-05	0	-2.717234859509504e-05
110	-0.015	-0.000575	0.0135	-2.753168870174339e-05	0	-2.753168870174339e-05
111	-0.015	-0.000275	-0.0135	-4.786930939760007e-05	0	-4.786930939760007e-05
112	-0.015	-0.000275	-0.0105	-4.82794732118297e-05	0	-4.82794732118297e-05
113	-0.015	-0.000275	-0.0075	-4.818196538898413e-05	0	-4.818196538898413e-05
114	-0.015	-0.000275	-0.0045	-4.816303190371808e-05	0	-4.816303190371808e-05
115	-0.015	-0.000275	-0.0015	-4.815505011947601e-05	0	-4.815505011947601e-05
116	-0.015	-0.000275	0.0015	-4.815505011946065e-05	0	-4.815505011946065e-05
117	-0.015	-0.000275	0.0045	-4.816303190370529e-05	0	-4.816303190370529e-05
118	-0.015	-0.000275	0.0075	-4.818196538903627e-05	0	-4.818196538903627e-05
119	-0.015	-0.000275	0.0105	-4.827947321187724e-05	0	-4.827947321187724e-05
120	-0.015	-0.000275	0.0135	-4.786930939753426e-05	0	-4.786930939753426e-05
121	0.015	0.00152	0.0135	1.991197922281702e-05	0	1.991197922281702e-05
122	0.015	0.00152	0.0105	1.811566318683744e-05	0	1.811566318683744e-05
123	0.015	0.00152	0.0075	1.785575977622915e-05	0	1.785575977622915e-05
124	0.015	0.00152	0.0045	1.774143680808003e-05	0	1.774143680808003e-05
125	0.015	0.00152	0.0015	1.769787913137178e-05	0	1.769787913137178e-05
126	0.015	0.00152	-0.0015	1.769787913139459e-05	0	1.769787913139459e-05
127	0.015	0.00152	-0.0045	1.774143680811263e-05	0	1.774143680811263e-05
128	0.015	0.00152	-0.0075	1.785575977626368e-05	0	1.785575977626368e-05
129	0.015	0.00152	-0.0105	1.811566318680947e-05	0	1.811566318680947e-05
130	0.015	0.00152	-0.0135	1.991197922279304e-05	0	1.991197922279304e-05
131	0.015	-0.00152	0.0135	-1.99119792228167e-05	0	-1.99119792228167e-05
132	0.015	-0.00152	0.0105	-1.811566318683731e-05	0	-1.811566318683731e-05
133	0.015	-0.00152	0.0075	-1.785575977622967e-05	0	-1.785575977622967e-05
134	0.015	-0.00152	0.0045	-1.774143680807805e-05	0	-1.774143680807805e-05
135	0.015	-0.00152	0.0015	-1.769787913137284e-05	0	-1.769787913137284e-05
136	0.015	-0.00152	-0.0015	-1.769787913139442e-05	0	-1.769787913139442e-05
137	0.015	-0.00152	-0.0045	-1.77414368081154e-05	0	-1.77414368081154e-05
138	0.015	-0.00152	-0.0075	-1.785575977626422e-05	0	-1.785575977626422e-05
139	0.015	-0.00152	-0.0105	-1.811566318680984e-05	0	-1.811566318680984e-05
140	0.015	-0.00152	-0.0135	-1.991197922278789e-05	0	-1.991197922278789e-05
141	0.015	0.001335	0.0135	0.0004984492852687757	0	0.0004984492852687757
142	0.015	0.001335	0.0105	0.000458703857448096	0	0.000458703857448096
143	0.015	0.001335	0.0075	0.0004529311492778334	0	0.0004529311492778334
144	0.015	0.001335	0.0045	0.0004506583034234742	0	0.0004506583034234742
145	0.015	0.001335	0.0015	0.0004497715034852307	0	0.0004497715034852307
146	0.015	0.001335	-0.0015	0.0004497715034586825	0	0.0004497715034586825
147	0.015	0.001335	-0.0045	0.000450658303387839	0	0.000450658303387839
148	0.015	0.001335	-0.0075	0.0004529311492384249	0	0.0004529311492384249
149	0.015	0.001335	-0.0105	0.0004587038574881672	0	0.0004587038574881672
150	0.015	0.001335	-0.0135	0.0004984492853272347	0	0.0004984492853272347
151	0.015	-0.001335	0.0135	-0.0004984492852694665	0	-0.0004984492852694665
152	0.015	-0.001335	0.0105	-0.00045870385744864	0	-0.00045870385744864
153	0.015	-0.001335	0.0075	-0.000452931149277744	0	-0.000452931149277744
154	0.015	-0.001335	0.0045	-0.0004506583034237918	0	-0.0004506583034237918
155	0.015	-0.001335	0.0015	-0.0004497715034857367	0	-0.0004497715034857367
156	0.015	-0.001335	-0.0015	-0.0004497715034592257	0	-0.0004497715034592257
157	0.015	-0.001335	-0.0045	-0.0004506583033877426	0	-0.0004506583033877426
158	0.015	-0.001335	-0.0075	-0.0004529311492385969	0	-0.0004529311492385969
159	0.015	-0.001335	-0.0105	-0.0004587038574880218	0	-0.0004587038574880218
160	0.015	-0.001335	-0.0135	-0.0004984492853272468	0	-0.0004984492853272468
161	0.015	0.000275	0.0135	4.78693093976024e-05	0	4.78693093976024e-05
162	0.015	0.000275	0.0105	4.827947321182957e-05	0	4.827947321182957e-05
163	0.015	0.000275	0.0075	4.81819653889816e-05	0	4.81819653889816e-05
164	0.015	0.000275	0.0045	4.816303190371777e-05	0	4.816303190371777e-05
165	0.015	0.000275	0.0015	4.815505011947715e-05	0	4.815505011947715e-05
166	0.015	0.000275	-0.0015	4.815505011946107e-05	0	4.815505011946107e-05
167	0.015	0.000275	-0.0045	4.81630319037074e-05	0	4.81630319037074e-05
168	0.015	0.000275	-0.0075	4.818196538903297e-05	0	4.818196538903297e-05
169	0.015	0.000275	-0.0105	4.827947321187476e-05	0	4.827947321187476e-05
170	0.015	0.000275	-0.0135	4.786930939753327e-05	0	4.786930939753327e-05
171	0.015	0.000575	0.0135	2.753168870176886e-05	0	2.753168870176886e-05
172	0.015	0.000575	0.0105	2.717234859509417e-05	0	2.717234859509417e-05
173	0.015	0.000575	0.0075	2.70322677370471e-05	0	2.70322677370471e-05
174	0.015	0.000575	0.0045	2.698636172582651e-05	0	2.698636172582651e-05
175	0.015	0.000575	0.0015	2.69683816914433e-05	0	2.69683816914433e-05
176	0.015	0.000575	-0.0015	2.696838169144476e-05	0	2.696838169144476e-05
177	0.015	0.000575	-0.0045	2.69863617258288e-05	0	2.69863617258288e-05
178	0.015	0.000575	-0.0075	2.703226773705041e-05	0	2.703226773705041e-05
179	0.015	0.000575	-0.0105	2.717234859509258e-05	0	2.717234859509258e-05
180	0.015	0.000575	-0.0135	2.753168870174322e-05	0	2.753168870174322e-05
181	0.015	0.000875	0.0135	2.587858206291986e-05	0	2.587858206291986e-05
182	0.015	0.000875	0.0105	2.483454697889672e-05	0	2.483454697889672e-05
183	0.015	0.000875	0.0075	2.463120974158859e-05	0	2.463120974158859e-05
184	0.015	0.000875	0.0045	2.455305068298483e-05	0	2.455305068298483e-05
185	0.015	0.000875	0.0015	2.452293035608666e-05	0	2.452293035608666e-05
186	0.015	0.000875	-0.0015	2.45229303561018e-05	0	2.45229303561018e-05
187	0.015	0.000875	-0.0045	2.455305068301074e-05	0	2.455305068301074e-05
188	0.015	0.000875	-0.0075	2.46312097416118e-05	0	2.46312097416118e-05
189	0.015	0.000875	-0.0105	2.483454697885782e-05	0	2.483454697885782e-05
190	0.015	0.000875	-0.0135	2.587858206288329e-05	0	2.587858206288329e-05
191	0.015	0.001175	0.0135	3.225014914406262e-05	0	3.225014914406262e-05
192	0.015	0.001175	0.0105	2.997316234353021e-05	0	2.997316234353021e-05
193	0.015	0.001175	0.0075	2.968683646330975e-05	0	2.968683646330975e-05
194	0.015	0.001175	0.0045	2.955717302600449e-05	0	2.955717302600449e-05
195	0.015	0.001175	0.0015	2.950797151619291e-05	0	2.950797151619291e-05
196	0.015	0.001175	-0.0015	2.950797151622107e-05	0	2.950797151622107e-05
197	0.015	0.001175	-0.0045	2.955717302605931e-05	0	2.955717302605931e-05
198	0.015	0.001175	-0.0075	2.968683646336289e-05	0	2.968683646336289e-05
199	0.015	0.001175	-0.0105	2.99731623434641e-05	0	2.99731623434641e-05
200	0.015	0.001175	-0.0135	3.225014914401538e-05	0	3.225014914401538e-05
201	0.015	-0.001175	0.0135	-3.225014914404714e-05	0	-3.225014914404714e-05
202	0.015	-0.001175	0.0105	-2.997316234351809e-05	0	-2.997316234351809e-05
203	0.015	-0.001175	0.0075	-2.968683646332152e-05	0	-2.968683646332152e-05
204	0.015	-0.001175	0.0045	-2.955717302600244e-05	0	-2.955717302600244e-05
205	0.015	-0.001175	0.0015	-2.950797151618275e-05	0	-2.950797151618275e-05
206	0.015	-0.001175	-0.0015	-2.950797151621531e-05	0	-2.950797151621531e-05
207	0.015	-0.001175	-0.0045	-2.955717302604774e-05	0	-2.955717302604774e-05
208	0.015	-0.001175	-0.0075	-2.968683646335723e-05	0	-2.968683646335723e-05
209	0.015	-0.001175	-0.0105	-2.997316234346485e-05	0	-2.997316234346485e-05
210	0.015	-0.001175	-0.0135	-3.225014914402298e-05	0	-3.225014914402298e-05
211	0.015	-0.000875	0.0135	-2.587858206291512e-05	0	-2.587858206291512e-05
212	0.015	-0.000875	0.0105	-2.48345469788835e-05	0	-2.48345469788835e-05
213	0.015	-0.000875	0.0075	-2.463120974159354e-05	0	-2.463120974159354e-05
214	0.015	-0.000875	0.0045	-2.455305068298372e-05	0	-2.455305068298372e-05
215	0.015	-0.000875	0.0015	-2.452293035608631e-05	0	-2.452293035608631e-05
216	0.015	-0.000875	-0.0015	-2.452293035609869e-05	0	-2.452293035609869e-05
217	0.015	-0.000875	-0.0045	-2.455305068300988e-05	0	-2.455305068300988e-05
218	0.015	-0.000875	-0.0075	-2.463120974160961e-05	0	-2.463120974160961e-05
219	0.015	-0.000875	-0.0105	-2.483454697886713e-05	0	-2.483454697886713e-05
220	0.015	-0.000875	-0.0135	-2.587858206288141e-05	0	-2.587858206288141e-05
221	0.015	-0.000575	0.0135	-2.753168870176611e-05	0	-2.753168870176611e-05
222	0.015	-0.000575	0.0105	-2.717234859509887e-05	0	-2.717234859509887e-05
223	0.015	-0.000575	0.0075	-2.703226773705859e-05	0	-2.703226773705859e-05
224	0.015	-0.000575	0.0045	-2.698636172581965e-05	0	-2.698636172581965e-05
225	0.015	-0.000575	0.0015	-2.69683816914375e-05	0	-2.69683816914375e-05
226	0.015	-0.000575	-0.0015	-2.696838169144666e-05	0	-2.696838169144666e-05
227	0.015	-0.000575	-0.0045	-2.698636172583714e-05	0	-2.698636172583714e-05
228	0.015	-0.000575	-0.0075	-2.703226773706131e-05	0	-2.703226773706131e-05
229	0.015	-0.000575	-0.0105	-2.71723485950859e-05	0	-2.71723485950859e-05
230	0.015	-0.000575	-0.0135	-2.753168870174421e-05	0	-2.753168870174421e-05
231	0.015	-0.000275	0.0135	-4.786930939754319e-05	0	-4.786930939754319e-05
232	0.015	-0.000275	0.0105	-4.827947321181438e-05	0	-4.827947321181438e-05
233	0.015	-0.000275	0.0075	-4.818196538899958e-05	0	-4.818196538899958e-05
234	0.015	-0.000275	0.0045	-4.816303190369302e-05	0	-4.816303190369302e-05
235	0.015	-0.000275	0.0015	-4.815505011941561e-05	0	-4.815505011941561e-05
236	0.015	-0.000275	-0.0015	-4.815505011941626e-05	0	-4.815505011941626e-05
237	0.015	-0.000275	-0.0045	-4.816303190367146e-05	0	-4.816303190367146e-05
238	0.015	-0.000275	-0.0075	-4.818196538900565e-05	0	-4.818196538900565e-05
239	0.015	-0.000275	-0.0105	-4.827947321183092e-05	0	-4.827947321183092e-05
240	0.015	-0.000275	-0.0135	-4.786930939758747e-05	0	-4.786930939758747e-05
241	-0.0135	0.001695	0.0135	9.171092322244097e-06	0	9.171092322244097e-06
242	-0.0135	0.001695	0.0105	6.327501575940563e-06	0	6.327501575940563e-06
243	-0.0135	0.001695	0.0075	5.898673698801743e-06	0	5.898673698801743e-06
244	-0.0135	0.001695	0.0045	5.712703176922187e-06	0	5.712703176922187e-06
245	-0.0135	0.001695	0.0015	5.642534249636898e-06	0	5.642534249636898e-06
246	-0.0135	0.001695	-0.0015	5.642534249620066e-06	0	5.642534249620066e-06
247	-0.0135	0.001695	-0.0045	5.712703176894132e-06	0	5.712703176894132e-06
248	-0.0135	0.001695	-0.0075	5.898673698780643e-06	0	5.898673698780643e-06
249	-0.0135	0.001695	-0.0105	6.327501575967469e-06	0	6.327501575967469e-06
250	-0.0135	0.001695	-0.0135	9.171092322245906e-06	0	9.171092322245906e-06
251	-0.0105	0.001695	0.0135	6.327501575966115e-06	0	6.327501575966115e-06
252	-0.0105	0.001695	0.0105	3.380191174084636e-06	0	3.380191174084636e-06
253	-0.0105	0.001695	0.0075	2.921484663560001e-06	0	2.921484663560001e-06
254	-0.0105	0.001695	0.0045	2.724409911869145e-06	0	2.724409911869145e-06
255	-0.0105	0.001695	0.0015	2.650930504617923e-06	0	2.650930504617923e-06
256	-0.0105	0.001695	-0.0015	2.650930504616708e-06	0	2.650930504616708e-06
257	-0.0105	0.001695	-0.0045	2.724409911869293e-06	0	2.724409911869293e-06
258	-0.0105	0.001695	-0.0075	2.921484663564052e-06	0	2.921484663564052e-06
259	-0.0105	0.001695	-0.0105	3.380191174086369e-06	0	3.380191174086369e-06
260	-0.0105	0.001695	-0.0135	6.327501575941746e-06	0	6.327501575941746e-06
261	-0.0075	0.001695	0.0135	5.89867369878472e-06	0	5.89867369878472e-06
262	-0.0075	0.001695	0.0105	2.921484663561946e-06	0	2.921484663561946e-06
263	-0.0075	0.001695	0.0075	2.428462247288238e-06	0	2.428462247288238e-06
264	-0.0075	0.001695	0.0045	2.215738432968447e-06	0	2.215738432968447e-06
265	-0.0075	0.001695	0.0015	2.136045370665875e-06	0	2.136045370665875e-06
266	-0.0075	0.001695	-0.0015	2.136045370669343e-06	0	2.136045370669343e-06
267	-0.0075	0.001695	-0.0045	2.215738432965067e-06	0	2.215738432965067e-06
268	-0.0075	0.001695	-0.0075	2.428462247290851e-06	0	2.428462247290851e-06
269	-0.0075	0.001695	-0.0105	2.921484663563882e-06	0	2.921484663563882e-06
270	-0.0075	0.001695	-0.0135	5.898673698803237e-06	0	5.898673698803237e-06
271	-0.0045	0.001695	0.0135	5.712703176894718e-06	0	5.712703176894718e-06
272	-0.0045	0.001695	0.0105	2.724409911872783e-06	0	2.724409911872783e-06
273	-0.0045	0.001695	0.0075	2.215738432967797e-06	0	2.215738432967797e-06
274	-0.0045	0.001695	0.0045	1.994173483073372e-06	0	1.994173483073372e-06
275	-0.0045	0.001695	0.0015	1.910588216138134e-06	0	1.910588216138134e-06
276	-0.0045	0.001695	-0.0015	1.910588216140103e-06	0	1.910588216140103e-06
277	-0.0045	0.001695	-0.0045	1.994173483069897e-06	0	1.994173483069897e-06
278	-0.0045	0.001695	-0.0075	2.215738432970781e-06	0	2.215738432970781e-06
279	-0.0045	0.001695	-0.0105	2.72440991186626e-06	0	2.72440991186626e-06
280	-0.0045	0.001695	-0.0135	5.712703176917992e-06	0	5.712703176917992e-06
281	-0.0015	0.001695	0.0135	5.642534249622199e-06	0	5.642534249622199e-06
282	-0.0015	0.001695	0.0105	2.650930504617274e-06	0	2.650930504617274e-06
283	-0.0015	0.001695	0.0075	2.136045370665373e-06	0	2.136045370665373e-06
284	-0.0015	0.001695	0.0045	1.910588216138554e-06	0	1.910588216138554e-06
285	-0.0015	0.001695	0.0015	1.825192724297792e-06	0	1.825192724297792e-06
286	-0.0015	0.001695	-0.0015	1.825192724296073e-06	0	1.825192724296073e-06
287	-0.0015	0.001695	-0.0045	1.910588216138405e-06	0	1.910588216138405e-06
288	-0.0015	0.001695	-0.0075	2.136045370669869e-06	0	2.136045370669869e-06
289	-0.0015	0.001695	-0.0105	2.650930504618468e-06	0	2.650930504618468e-06
290	-0.0015	0.001695	-0.0135	5.642534249636882e-06	0	5.642534249636882e-06
291	0.0015	0.001695	0.0135	5.642534249637035e-06	0	5.642534249637035e-06
292	0.0015	0.001695	0.0105	2.650930504620787e-06	0	2.650930504620787e-06
293	0.0015	0.001695	0.0075	2.136045370667725e-06	0	2.136045370667725e-06
294	0.0015	0.001695	0.0045	1.910588216140488e-06	0	1.910588216140488e-06
295	0.0015	0.001695	0.0015	1.82519272429861e-06	0	1.82519272429861e-06
296	0.0015	0.001695	-0.0015	1.825192724296929e-06	0	1.825192724296929e-06
297	0.0015	0.001695	-0.0045	1.910588216137864e-06	0	1.910588216137864e-06
298	0.0015	0.001695	-0.0075	2.1360453706726e-06	0	2.1360453706726e-06
299	0.0015	0.001695	-0.0105	2.650930504620152e-06	0	2.650930504620152e-06
300	0.0015	0.001695	-0.0135	5.642534249621407e-06	0	5.642534249621407e-06
301	0.0045	0.001695	0.0135	5.71270317691917e-06	0	5.71270317691917e-06
302	0.0045	0.001695	0.0105	2.724409911868153e-06	0	2.724409911868153e-06
303	0.0045	0.001695	0.0075	2.215738432968726e-06	0	2.215738432968726e-06
304	0.0045	0.001695	0.0045	1.994173483071251e-06	0	1.994173483071251e-06
305	0.0045	0.001695	0.0015	1.910588216142711e-06	0	1.910588216142711e-06
306	0.0045	0.001695	-0.0015	1.910588216135254e-06	0	1.910588216135254e-06
307	0.0045	0.001695	-0.0045	1.994173483072065e-06	0	1.994173483072065e-06
308	0.0045	0.001695	-0.0075	2.215738432967186e-06	0	2.215738432967186e-06
309	0.0045	0.001695	-0.0105	2.724409911865633e-06	0	2.724409911865633e-06
310	0.0045	0.001695	-0.0135	5.71270317689389e-06	0	5.71270317689389e-06
311	0.0075	0.001695	0.0135	5.89867369880383e-06	0	5.89867369880383e-06
312	0.0075	0.001695	0.0105	2.921484663564765e-06	0	2.921484663564765e-06
313	0.0075	0.001695	0.0075	2.428462247290579e-06	0	2.428462247290579e-06
314	0.0075	0.001695	0.0045	2.215738432967177e-06	0	2.215738432967177e-06
315	0.0075	0.001695	0.0015	2.136045370667963e-06	0	2.136045370667963e-06
316	0.0075	0.001695	-0.0015	2.136045370670681e-06	0	2.136045370670681e-06
317	0.0075	0.001695	-0.0045	2.215738432965976e-06	0	2.215738432965976e-06
318	0.0075	0.001695	-0.0075	2.428462247290698e-06	0	2.428462247290698e-06
319	0.0075	0.001695	-0.0105	2.921484663568066e-06	0	2.921484663568066e-06
320	0.0075	0.001695	-0.0135	5.898673698784037e-06	0	5.898673698784037e-06
321	0.0105	0.001695	0.0135	6.327501575941055e-06	0	6.327501575941055e-06
322	0.0105	0.001695	0.0105	3.380191174084131e-06	0	3.380191174084131e-06
323	0.0105	0.001695	0.0075	2.921484663563664e-06	0	2.921484663563664e-06
324	0.0105	0.001695	0.0045	2.724409911871257e-06	0	2.724409911871257e-06
325	0.0105	0.001695	0.0015	2.650930504619176e-06	0	2.650930504619176e-06
326	0.0105	0.001695	-0.0015	2.650930504617608e-06	0	2.650930504617608e-06
327	0.0105	0.001695	-0.0045	2.724409911868256e-06	0	2.724409911868256e-06
328	0.0105	0.001695	-0.0075	2.921484663563488e-06	0	2.921484663563488e-06
329	0.0105	0.001695	-0.0105	3.380191174083855e-06	0	3.380191174083855e-06
330	0.0105	0.001695	-0.0135	6.327501575966198e-06	0	6.327501575966198e-06
331	0.0135	0.001695	0.0135	9.171092322245762e-06	0	9.171092322245762e-06
332	0.0135	0.001695	0.0105	6.327501575964832e-06	0	6.327501575964832e-06
333	0.0135	0.001695	0.0075	5.898673698780189e-06	0	5.898673698780189e-06
334	0.0135	0.001695	0.0045	5.712703176896886e-06	0	5.712703176896886e-06
335	0.0135	0.001695	0.0015	5.642534249621426e-06	0	5.642534249621426e-06
336	0.0135	0.001695	-0.0015	5.642534249636093e-06	0	5.642534249636093e-06
337	0.0135	0.001695	-0.0045	5.712703176921732e-06	0	5.712703176921732e-06
338	0.0135	0.001695	-0.0075	5.898673698797177e-06	0	5.898673698797177e-06
339	0.0135	0.001695	-0.0105	6.327501575940527e-06	0	6.327501575940527e-06
340	0.0135	0.001695	-0.0135	9.17109232224734e-06	0	9.17109232224734e-06
341	0.0135	0.00152	-0.015	1.991197922281929e-05	0	1.991197922281929e-05
342	0.0105	0.00152	-0.015	1.811566318683754e-05	0	1.811566318683754e-05
343	0.0075	0.00152	-0.015	1.785575977623113e-05	0	1.785575977623113e-05
344	0.0045	0.00152	-0.015	1.77414368080777e-05	0	1.77414368080777e-05
345	0.0015	0.00152	-0.015	1.769787913137645e-05	0	1.769787913137645e-05
346	-0.0015	0.00152	-0.015	1.769787913139533e-05	0	1.769787913139533e-05
347	-0.0045	0.00152	-0.015	1.774143680811284e-05	0	1.774143680811284e-05
348	-0.0075	0.00152	-0.015	1.78557597762661e-05	0	1.78557597762661e-05
349	-0.0105	0.00152	-0.015	1.811566318680841e-05	0	1.811566318680841e-05
350	-0.0135	0.00152	-0.015	1.991197922279055e-05	0	1.991197922279055e-05
351	0.0135	-0.00152	-0.015	-1.991197922281808e-05	0	-1.991197922281808e-05
352	0.0105	-0.00152	-0.015	-1.811566318683211e-05	0	-1.811566318683211e-05
353	0.0075	-0.00152	-0.015	-1.785575977622992e-05	0	-1.785575977622992e-05
354	0.0045	-0.00152	-0.015	-1.774143680808163e-05	0	-1.774143680808163e-05
355	0.0015	-0.00152	-0.015	-1.769787913137326e-05	0	-1.769787913137326e-05
356	-0.0015	-0.00152	-0.015	-1.769787913139748e-05	0	-1.769787913139748e-05
357	-0.0045	-0.00152	-0.015	-1.774143680811303e-05	0	-1.774143680811303e-05
358	-0.0075	-0.00152	-0.015	-1.78557597762639e-05	0	-1.78557597762639e-05
359	-0.0105	-0.00152	-0.015	-1.811566318680993e-05	0	-1.811566318680993e-05
360	-0.0135	-0.00152	-0.015	-1.991197922278114e-05	0	-1.991197922278114e-05
361	0.0135	0.001335	-0.015	0.0004984492852690332	0	0.0004984492852690332
362	0.0105	0.001335	-0.015	0.000458703857448314	0	0.000458703857448314
363	0.0075	0.001335	-0.015	0.0004529311492778043	0	0.0004529311492778043
364	0.0045	0.001335	-0.015	0.0004506583034233572	0	0.0004506583034233572
365	0.0015	0.001335	-0.015	0.0004497715034854906	0	0.0004497715034854906
366	-0.0015	0.001335	-0.015	0.0004497715034591267	0	0.0004497715034591267
367	-0.0045	0.001335	-0.015	0.0004506583033878272	0	0.0004506583033878272
368	-0.0075	0.001335	-0.015	0.000452931149238598	0	0.000452931149238598
369	-0.0105	0.001335	-0.015	0.0004587038574880158	0	0.0004587038574880158
370	-0.0135	0.001335	-0.015	0.0004984492853274677	0	0.0004984492853274677
371	0.0135	-0.001335	-0.015	-0.0004984492852690464	0	-0.0004984492852690464
372	0.0105	-0.001335	-0.015	-0.0004587038574483857	0	-0.0004587038574483857
373	0.0075	-0.001335	-0.015	-0.0004529311492776783	0	-0.0004529311492776783
374	0.0045	-0.001335	-0.015	-0.0004506583034235923	0	-0.0004506583034235923
375	0.0015	-0.001335	-0.015	-0.0004497715034857676	0	-0.0004497715034857676
376	-0.0015	-0.001335	-0.015	-0.0004497715034588733	0	-0.0004497715034588733
377	-0.0045	-0.001335	-0.015	-0.0004506583033878114	0	-0.0004506583033878114
378	-0.0075	-0.001335	-0.015	-0.0004529311492385434	0	-0.0004529311492385434
379	-0.0105	-0.001335	-0.015	-0.0004587038574878764	0	-0.0004587038574878764
380	-0.0135	-0.001335	-0.015	-0.0004984492853275175	0	-0.0004984492853275175
381	0.0135	0.000275	-0.015	4.786930939756423e-05	0	4.786930939756423e-05
382	0.0105	0.000275	-0.015	4.827947321183678e-05	0	4.827947321183678e-05
383	0.0075	0.000275	-0.015	4.818196538903098e-05	0	4.818196538903098e-05
384	0.0045	0.000275	-0.015	4.816303190371791e-05	0	4.816303190371791e-05
385	0.0015	0.000275	-0.015	4.815505011944967e-05	0	4.815505011944967e-05
386	-0.0015	0.000275	-0.015	4.815505011943978e-05	0	4.815505011943978e-05
387	-0.0045	0.000275	-0.015	4.816303190368567e-05	0	4.816303190368567e-05
388	-0.0075	0.000275	-0.015	4.818196538898641e-05	0	4.818196538898641e-05
389	-0.0105	0.000275	-0.015	4.827947321183897e-05	0	4.827947321183897e-05
390	-0.0135	0.000275	-0.015	4.786930939759342e-05	0	4.786930939759342e-05
391	0.0135	0.000575	-0.015	2.753168870177368e-05	0	2.753168870177368e-05
392	0.0105	0.000575	-0.015	2.717234859510236e-05	0	2.717234859510236e-05
393	0.0075	0.000575	-0.015	2.703226773705743e-05	0	2.703226773705743e-05
394	0.0045	0.000575	-0.015	2.698636172582028e-05	0	2.698636172582028e-05
395	0.0015	0.000575	-0.015	2.696838169143927e-05	0	2.696838169143927e-05
396	-0.0015	0.000575	-0.015	2.696838169144224e-05	0	2.696838169144224e-05
397	-0.0045	0.000575	-0.015	2.698636172583228e-05	0	2.698636172583228e-05
398	-0.0075	0.000575	-0.015	2.703226773705697e-05	0	2.703226773705697e-05
399	-0.0105	0.000575	-0.015	2.717234859507895e-05	0	2.717234859507895e-05
400	-0.0135	0.000575	-0.015	2.753168870173615e-05	0	2.753168870173615e-05
401	0.0135	0.000875	-0.015	2.587858206292049e-05	0	2.587858206292049e-05
402	0.0105	0.000875	-0.015	2.483454697888719e-05	0	2.483454697888719e-05
403	0.0075	0.000875	-0.015	2.463120974159377e-05	0	2.463120974159377e-05
404	0.0045	0.000875	-0.015	2.455305068298551e-05	0	2.455305068298551e-05
405	0.0015	0.000875	-0.015	2.452293035608529e-05	0	2.452293035608529e-05
406	-0.0015	0.000875	-0.015	2.452293035609716e-05	0	2.452293035609716e-05
407	-0.0045	0.000875	-0.015	2.455305068300526e-05	0	2.455305068300526e-05
408	-0.0075	0.000875	-0.015	2.463120974160809e-05	0	2.463120974160809e-05
409	-0.0105	0.000875	-0.015	2.483454697886161e-05	0	2.483454697886161e-05
410	-0.0135	0.000875	-0.015	2.587858206288347e-05	0	2.587858206288347e-05
411	0.0135	0.001175	-0.015	3.225014914405852e-05	0	3.225014914405852e-05
412	0.0105	0.001175	-0.015	2.997316234351798e-05	0	2.997316234351798e-05
413	0.0075	0.001175	-0.015	2.968683646332492e-05	0	2.968683646332492e-05
414	0.0045	0.001175	-0.015	2.955717302600298e-05	0	2.955717302600298e-05
415	0.0015	0.001175	-0.015	2.95079715161864e-05	0	2.95079715161864e-05
416	-0.0015	0.001175	-0.015	2.950797151621314e-05	0	2.950797151621314e-05
417	-0.0045	0.001175	-0.015	2.955717302605057e-05	0	2.955717302605057e-05
418	-0.0075	0.001175	-0.015	2.96868364633588e-05	0	2.96868364633588e-05
419	-0.0105	0.001175	-0.015	2.997316234346249e-05	0	2.997316234346249e-05
420	-0.0135	0.001175	-0.015	3.225014914401824e-05	0	3.225014914401824e-05
421	0.0135	-0.001175	-0.015	-3.225014914406449e-05	0	-3.225014914406449e-05
422	0.0105	-0.001175	-0.015	-2.997316234352724e-05	0	-2.997316234352724e-05
423	0.0075	-0.001175	-0.015	-2.968683646332387e-05	0	-2.968683646332387e-05
424	0.0045	-0.001175	-0.015	-2.955717302600383e-05	0	-2.955717302600383e-05
425	0.0015	-0.001175	-0.015	-2.95079715161875e-05	0	-2.95079715161875e-05
426	-0.0015	-0.001175	-0.015	-2.950797151621975e-05	0	-2.950797151621975e-05
427	-0.0045	-0.001175	-0.015	-2.955717302605749e-05	0	-2.955717302605749e-05
428	-0.0075	-0.001175	-0.015	-2.968683646336112e-05	0	-2.968683646336112e-05
429	-0.0105	-0.001175	-0.015	-2.99731623434708e-05	0	-2.99731623434708e-05
430	-0.0135	-0.001175	-0.015	-3.225014914401774e-05	0	-3.225014914401774e-05
431	0.0135	-0.000875	-0.015	-2.587858206292114e-05	0	-2.587858206292114e-05
432	0.0105	-0.000875	-0.015	-2.483454697888981e-05	0	-2.483454697888981e-05
433	0.0075	-0.000875	-0.015	-2.46312097415952e-05	0	-2.46312097415952e-05
434	0.0045	-0.000875	-0.015	-2.455305068298761e-05	0	-2.455305068298761e-05
435	0.0015	-0.000875	-0.015	-2.452293035608546e-05	0	-2.452293035608546e-05
436	-0.0015	-0.000875	-0.015	-2.45229303560995e-05	0	-2.45229303560995e-05
437	-0.0045	-0.000875	-0.015	-2.455305068300927e-05	0	-2.455305068300927e-05
438	-0.0075	-0.000875	-0.015	-2.463120974160671e-05	0	-2.463120974160671e-05
439	-0.0105	-0.000875	-0.015	-2.483454697886577e-05	0	-2.483454697886577e-05
440	-0.0135	-0.000875	-0.015	-2.587858206288243e-05	0	-2.587858206288243e-05
441	0.0135	-0.000575	-0.015	-2.753168870177462e-05	0	-2.753168870177462e-05
442	0.0105	-0.000575	-0.015	-2.717234859510534e-05	0	-2.717234859510534e-05
443	0.0075	-0.000575	-0.015	-2.703226773705708e-05	0	-2.703226773705708e-05
444	0.0045	-0.000575	-0.015	-2.698636172582096e-05	0	-2.698636172582096e-05
445	0.0015	-0.000575	-0.015	-2.696838169143897e-05	0	-2.696838169143897e-05
446	-0.0015	-0.000575	-0.015	-2.696838169144619e-05	0	-2.696838169144619e-05
447	-0.0045	-0.000575	-0.015	-2.698636172583489e-05	0	-2.698636172583489e-05
448	-0.0075	-0.000575	-0.015	-2.703226773705725e-05	0	-2.703226773705725e-05
449	-0.0105	-0.000575	-0.015	-2.717234859508088e-05	0	-2.717234859508088e-05
450	-0.0135	-0.000575	-0.015	-2.753168870173728e-05	0	-2.753168870173728e-05
451	0.0135	-0.000275	-0.015	-4.786930939756596e-05	0	-4.786930939756596e-05
452	0.0105	-0.000275	-0.015	-4.827947321183907e-05	0	-4.827947321183907e-05
453	0.0075	-0.000275	-0.015	-4.818196538903193e-05	0	-4.818196538903193e-05
454	0.0045	-0.000275	-0.015	-4.816303190371774e-05	0	-4.816303190371774e-05
455	0.0015	-0.000275	-0.015	-4.815505011944812e-05	0	-4.815505011944812e-05
456	-0.0015	-0.000275	-0.015	-4.815505011944089e-05	0	-4.815505011944089e-05
457	-0.0045	-0.000275	-0.015	-4.81630319036859e-05	0	-4.81630319036859e-05
458	-0.0075	-0.000275	-0.015	-4.81819653889873e-05	0	-4.81819653889873e-05
459	-0.0105	-0.000275	-0.015	-4.827947321184111e-05	0	-4.827947321184111e-05
460	-0.0135	-0.000275	-0.015	-4.786930939759471e-05	0	-4.786930939759471e-05
461	-0.0135	0.00152	0.015	1.991197922281386e-05	0	1.991197922281386e-05
462	-0.0105	0.00152	0.015	1.811566318683673e-05	0	1.811566318683673e-05
463	-0.0075	0.00152	0.015	1.785575977623141e-05	0	1.785575977623141e-05
464	-0.0045	0.00152	0.015	1.774143680807441e-05	0	1.774143680807441e-05
465	-0.0015	0.00152	0.015	1.769787913137254e-05	0	1.769787913137254e-05
466	0.0015	0.00152	0.015	1.769787913139558e-05	0	1.769787913139558e-05
467	0.0045	0.00152	0.015	1.774143680810717e-05	0	1.774143680810717e-05
468	0.0075	0.00152	0.015	1.785575977626857e-05	0	1.785575977626857e-05
469	0.0105	0.00152	0.015	1.811566318680471e-05	0	1.811566318680471e-05
470	0.0135	0.00152	0.015	1.991197922278769e-05	0	1.991197922278769e-05
471	-0.0135	-0.00152	0.015	-1.991197922281567e-05	0	-1.991197922281567e-05
472	-0.0105	-0.00152	0.015	-1.81156631868388e-05	0	-1.81156631868388e-05
473	-0.0075	-0.00152	0.015	-1.785575977623352e-05	0	-1.785575977623352e-05
474	-0.0045	-0.00152	0.015	-1.774143680807519e-05	0	-1.774143680807519e-05
475	-0.0015	-0.00152	0.015	-1.769787913137158e-05	0	-1.769787913137158e-05
476	0.0015	-0.00152	0.015	-1.769787913139652e-05	0	-1.769787913139652e-05
477	0.0045	-0.00152	0.015	-1.774143680811381e-05	0	-1.774143680811381e-05
478	0.0075	-0.00152	0.015	-1.785575977625987e-05	0	-1.785575977625987e-05
479	0.0105	-0.00152	0.015	-1.811566318680474e-05	0	-1.811566318680474e-05
480	0.0135	-0.00152	0.015	-1.991197922278944e-05	0	-1.991197922278944e-05
481	-0.0135	0.001335	0.015	0.0004984492852688876	0	0.0004984492852688876
482	-0.0105	0.001335	0.015	0.0004587038574481633	0	0.0004587038574481633
483	-0.0075	0.001335	0.015	0.0004529311492780143	0	0.0004529311492780143
484	-0.0045	0.001335	0.015	0.000450658303423504	0	0.000450658303423504
485	-0.0015	0.001335	0.015	0.0004497715034854964	0	0.0004497715034854964
486	0.0015	0.001335	0.015	0.0004497715034590914	0	0.0004497715034590914
487	0.0045	0.001335	0.015	0.0004506583033877223	0	0.0004506583033877223
488	0.0075	0.001335	0.015	0.0004529311492382346	0	0.0004529311492382346
489	0.0105	0.001335	0.015	0.0004587038574877981	0	0.0004587038574877981
490	0.0135	0.001335	0.015	0.0004984492853270403	0	0.0004984492853270403
491	-0.0135	-0.001335	0.015	-0.0004984492852691502	0	-0.0004984492852691502
492	-0.0105	-0.001335	0.015	-0.0004587038574485526	0	-0.0004587038574485526
493	-0.0075	-0.001335	0.015	-0.0004529311492777675	0	-0.0004529311492777675
494	-0.0045	-0.001335	0.015	-0.0004506583034235346	0	-0.0004506583034235346
495	-0.0015	-0.001335	0.015	-0.0004497715034854007	0	-0.0004497715034854007
496	0.0015	-0.001335	0.015	-0.0004497715034590894	0	-0.0004497715034590894
497	0.0045	-0.001335	0.015	-0.0004506583033877589	0	-0.0004506583033877589
498	0.0075	-0.001335	0.015	-0.0004529311492386615	0	-0.0004529311492386615
499	0.0105	-0.001335	0.015	-0.0004587038574880523	0	-0.0004587038574880523
500	0.0135	-0.001335	0.015	-0.0004984492853276801	0	-0.0004984492853276801
501	-0.0135	0.000275	0.015	4.786930939760743e-05	0	4.786930939760743e-05
502	-0.0105	0.000275	0.015	4.827947321183337e-05	0	4.827947321183337e-05
503	-0.0075	0.000275	0.015	4.818196538897983e-05	0	4.818196538897983e-05
504	-0.0045	0.000275	0.015	4.8163031903719e-05	0	4.8163031903719e-05
505	-0.0015	0.000275	0.015	4.81550501194706e-05	0	4.81550501194706e-05
506	0.0015	0.000275	0.015	4.815505011945884e-05	0	4.815505011945884e-05
507	0.0045	0.000275	0.015	4.816303190371593e-05	0	4.816303190371593e-05
508	0.0075	0.000275	0.015	4.818196538905403e-05	0	4.818196538905403e-05
509	0.0105	0.000275	0.015	4.827947321187273e-05	0	4.827947321187273e-05
510	0.0135	0.000275	0.015	4.786930939755462e-05	0	4.786930939755462e-05
511	-0.0135	0.000575	0.015	2.753168870176347e-05	0	2.753168870176347e-05
512	-0.0105	0.000575	0.015	2.717234859509193e-05	0	2.717234859509193e-05
513	-0.0075	0.000575	0.015	2.703226773704945e-05	0	2.703226773704945e-05
514	-0.0045	0.000575	0.015	2.698636172582686e-05	0	2.698636172582686e-05
515	-0.0015	0.000575	0.015	2.696838169144177e-05	0	2.696838169144177e-05
516	0.0015	0.000575	0.015	2.696838169144853e-05	0	2.696838169144853e-05
517	0.0045	0.000575	0.015	2.69863617258316e-05	0	2.69863617258316e-05
518	0.0075	0.000575	0.015	2.703226773705973e-05	0	2.703226773705973e-05
519	0.0105	0.000575	0.015	2.717234859510156e-05	0	2.717234859510156e-05
520	0.0135	0.000575	0.015	2.753168870175038e-05	0	2.753168870175038e-05
521	-0.0135	0.000875	0.015	2.587858206291788e-05	0	2.587858206291788e-05
522	-0.0105	0.000875	0.015	2.483454697889618e-05	0	2.483454697889618e-05
523	-0.0075	0.000875	0.015	2.463120974159133e-05	0	2.463120974159133e-05
524	-0.0045	0.000875	0.015	2.455305068298199e-05	0	2.455305068298199e-05
525	-0.0015	0.000875	0.015	2.452293035608761e-05	0	2.452293035608761e-05
526	0.0015	0.000875	0.015	2.452293035610269e-05	0	2.452293035610269e-05
527	0.0045	0.000875	0.015	2.455305068301318e-05	0	2.455305068301318e-05
528	0.0075	0.000875	0.015	2.463120974161694e-05	0	2.463120974161694e-05
529	0.0105	0.000875	0.015	2.483454697886544e-05	0	2.483454697886544e-05
530	0.0135	0.000875	0.015	2.587858206288587e-05	0	2.587858206288587e-05
531	-0.0135	0.001175	0.015	3.225014914406774e-05	0	3.225014914406774e-05
532	-0.0105	0.001175	0.015	2.997316234353532e-05	0	2.997316234353532e-05
533	-0.0075	0.001175	0.015	2.968683646332261e-05	0	2.968683646332261e-05
534	-0.0045	0.001175	0.015	2.955717302600244e-05	0	2.955717302600244e-05
535	-0.0015	0.001175	0.015	2.950797151619264e-05	0	2.950797151619264e-05
536	0.0015	0.001175	0.015	2.950797151622308e-05	0	2.950797151622308e-05
537	0.0045	0.001175	0.015	2.955717302605659e-05	0	2.955717302605659e-05
538	0.0075	0.001175	0.015	2.968683646336931e-05	0	2.968683646336931e-05
539	0.0105	0.001175	0.015	2.997316234347061e-05	0	2.997316234347061e-05
540	0.0135	0.001175	0.015	3.22501491440214e-05	0	3.22501491440214e-05
541	-0.0135	-0.001175	0.015	-3.22501491440596e-05	0	-3.22501491440596e-05
542	-0.0105	-0.001175	0.015	-2.997316234352319e-05	0	-2.997316234352319e-05
543	-0.0075	-0.001175	0.015	-2.9686836463319e-05	0	-2.9686836463319e-05
544	-0.0045	-0.001175	0.015	-2.955717302600866e-05	0	-2.955717302600866e-05
545	-0.0015	-0.001175	0.015	-2.95079715161871e-05	0	-2.95079715161871e-05
546	0.0015	-0.001175	0.015	-2.950797151622073e-05	0	-2.950797151622073e-05
547	0.0045	-0.001175	0.015	-2.955717302605544e-05	0	-2.955717302605544e-05
548	0.0075	-0.001175	0.015	-2.968683646336961e-05	0	-2.968683646336961e-05
549	0.0105	-0.001175	0.015	-2.997316234347028e-05	0	-2.997316234347028e-05
550	0.0135	-0.001175	0.015	-3.225014914400983e-05	0	-3.225014914400983e-05
551	-0.0135	-0.000875	0.015	-2.587858206291569e-05	0	-2.587858206291569e-05
552	-0.0105	-0.000875	0.015	-2.483454697889268e-05	0	-2.483454697889268e-05
553	-0.0075	-0.000875	0.015	-2.463120974158973e-05	0	-2.463120974158973e-05
554	-0.0045	-0.000875	0.015	-2.455305068298338e-05	0	-2.455305068298338e-05
555	-0.0015	-0.000875	0.015	-2.452293035608602e-05	0	-2.452293035608602e-05
556	0.0015	-0.000875	0.015	-2.452293035610045e-05	0	-2.452293035610045e-05
557	0.0045	-0.000875	0.015	-2.455305068301465e-05	0	-2.455305068301465e-05
558	0.0075	-0.000875	0.015	-2.463120974161683e-05	0	-2.463120974161683e-05
559	0.0105	-0.000875	0.015	-2.483454697886329e-05	0	-2.483454697886329e-05
560	0.0135	-0.000875	0.015	-2.587858206287904e-05	0	-2.587858206287904e-05
561	-0.0135	-0.000575	0.015	-2.753168870176151e-05	0	-2.753168870176151e-05
562	-0.0105	-0.000575	0.015	-2.717234859508865e-05	0	-2.717234859508865e-05
563	-0.0075	-0.000575	0.015	-2.703226773704811e-05	0	-2.703226773704811e-05
564	-0.0045	-0.000575	0.015	-2.698636172582619e-05	0	-2.698636172582619e-05
565	-0.0015	-0.000575	0.015	-2.696838169144165e-05	0	-2.696838169144165e-05
566	0.0015	-0.000575	0.015	-2.696838169144613e-05	0	-2.696838169144613e-05
567	0.0045	-0.000575	0.015	-2.698636172583398e-05	0	-2.698636172583398e-05
568	0.0075	-0.000575	0.015	-2.703226773705686e-05	0	-2.703226773705686e-05
569	0.0105	-0.000575	0.015	-2.717234859510079e-05	0	-2.717234859510079e-05
570	0.0135	-0.000575	0.015	-2.753168870174606e-05	0	-2.753168870174606e-05
571	-0.0135	-0.000275	0.015	-4.786930939760525e-05	0	-4.786930939760525e-05
572	-0.0105	-0.000275	0.015	-4.827947321183054e-05	0	-4.827947321183054e-05
573	-0.0075	-0.000275	0.015	-4.818196538897904e-05	0	-4.818196538897904e-05
574	-0.0045	-0.000275	0.015	-4.816303190371743e-05	0	-4.816303190371743e-05
575	-0.0015	-0.000275	0.015	-4.81550501194703e-05	0	-4.81550501194703e-05
576	0.0015	-0.000275	0.015	-4.815505011945931e-05	0	-4.815505011945931e-05
577	0.0045	-0.000275	0.015	-4.816303190371746e-05	0	-4.816303190371746e-05
578	0.0075	-0.000275	0.015	-4.818196538905481e-05	0	-4.818196538905481e-05
579	0.0105	-0.000275	0.015	-4.827947321187134e-05	0	-4.827947321187134e-05
580	0.0135	-0.000275	0.015	-4.786930939754929e-05	0	-4.786930939754929e-05
581	-0.0135	-0.001695	-0.0135	-9.171092322241792e-06	0	-9.171092322241792e-06
582	-0.0135	-0.001695	-0.0105	-6.327501575962799e-06	0	-6.327501575962799e-06
583	-0.0135	-0.001695	-0.0075	-5.898673698782792e-06	0	-5.898673698782792e-06
584	-0.0135	-0.001695	-0.0045	-5.712703176897012e-06	0	-5.712703176897012e-06
585	-0.0135	-0.001695	-0.0015	-5.642534249620389e-06	0	-5.642534249620389e-06
586	-0.0135	-0.001695	0.0015	-5.642534249637418e-06	0	-5.642534249637418e-06
587	-0.0135	-0.001695	0.0045	-5.712703176918851e-06	0	-5.712703176918851e-06
588	-0.0135	-0.001695	0.0075	-5.898673698802903e-06	0	-5.898673698802903e-06
589	-0.0135	-0.001695	0.0105	-6.327501575941336e-06	0	-6.327501575941336e-06
590	-0.0135	-0.001695	0.0135	-9.17109232224367e-06	0	-9.17109232224367e-06
591	-0.0105	-0.001695	-0.0135	-6.327501575945264e-06	0	-6.327501575945264e-06
592	-0.0105	-0.001695	-0.0105	-3.380191174087247e-06	0	-3.380191174087247e-06
593	-0.0105	-0.001695	-0.0075	-2.921484663567188e-06	0	-2.921484663567188e-06
594	-0.0105	-0.001695	-0.0045	-2.724409911869948e-06	0	-2.724409911869948e-06
595	-0.0105	-0.001695	-0.0015	-2.650930504617999e-06	0	-2.650930504617999e-06
596	-0.0105	-0.001695	0.0015	-2.650930504616745e-06	0	-2.650930504616745e-06
597	-0.0105	-0.001695	0.0045	-2.724409911868606e-06	0	-2.724409911868606e-06
598	-0.0105	-0.001695	0.0075	-2.92148466356147e-06	0	-2.92148466356147e-06
599	-0.0105	-0.001695	0.0105	-3.380191174086693e-06	0	-3.380191174086693e-06
600	-0.0105	-0.001695	0.0135	-6.327501575966245e-06	0	-6.327501575966245e-06
601	-0.0075	-0.001695	-0.0135	-5.898673698799862e-06	0	-5.898673698799862e-06
602	-0.0075	-0.001695	-0.0105	-2.921484663562918e-06	0	-2.921484663562918e-06
603	-0.0075	-0.001695	-0.0075	-2.42846224729248e-06	0	-2.42846224729248e-06
604	-0.0075	-0.001695	-0.0045	-2.215738432966212e-06	0	-2.215738432966212e-06
605	-0.0075	-0.001695	-0.0015	-2.136045370671023e-06	0	-2.136045370671023e-06
606	-0.0075	-0.001695	0.0015	-2.136045370668364e-06	0	-2.136045370668364e-06
607	-0.0075	-0.001695	0.0045	-2.215738432968497e-06	0	-2.215738432968497e-06
608	-0.0075	-0.001695	0.0075	-2.428462247291073e-06	0	-2.428462247291073e-06
609	-0.0075	-0.001695	0.0105	-2.921484663564878e-06	0	-2.921484663564878e-06
610	-0.0075	-0.001695	0.0135	-5.898673698783761e-06	0	-5.898673698783761e-06
611	-0.0045	-0.001695	-0.0135	-5.712703176920815e-06	0	-5.712703176920815e-06
612	-0.0045	-0.001695	-0.0105	-2.72440991186804e-06	0	-2.72440991186804e-06
613	-0.0045	-0.001695	-0.0075	-2.215738432968416e-06	0	-2.215738432968416e-06
614	-0.0045	-0.001695	-0.0045	-1.994173483075646e-06	0	-1.994173483075646e-06
615	-0.0045	-0.001695	-0.0015	-1.910588216138371e-06	0	-1.910588216138371e-06
616	-0.0045	-0.001695	0.0015	-1.910588216139674e-06	0	-1.910588216139674e-06
617	-0.0045	-0.001695	0.0045	-1.99417348307364e-06	0	-1.99417348307364e-06
618	-0.0045	-0.001695	0.0075	-2.215738432966761e-06	0	-2.215738432966761e-06
619	-0.0045	-0.001695	0.0105	-2.724409911871153e-06	0	-2.724409911871153e-06
620	-0.0045	-0.001695	0.0135	-5.712703176894948e-06	0	-5.712703176894948e-06
621	-0.0015	-0.001695	-0.0135	-5.642534249636148e-06	0	-5.642534249636148e-06
622	-0.0015	-0.001695	-0.0105	-2.650930504615469e-06	0	-2.650930504615469e-06
623	-0.0015	-0.001695	-0.0075	-2.136045370668769e-06	0	-2.136045370668769e-06
624	-0.0015	-0.001695	-0.0045	-1.910588216137686e-06	0	-1.910588216137686e-06
625	-0.0015	-0.001695	-0.0015	-1.825192724298909e-06	0	-1.825192724298909e-06
626	-0.0015	-0.001695	0.0015	-1.825192724299241e-06	0	-1.825192724299241e-06
627	-0.0015	-0.001695	0.0045	-1.910588216138671e-06	0	-1.910588216138671e-06
628	-0.0015	-0.001695	0.0075	-2.136045370667322e-06	0	-2.136045370667322e-06
629	-0.0015	-0.001695	0.0105	-2.650930504619307e-06	0	-2.650930504619307e-06
630	-0.0015	-0.001695	0.0135	-5.642534249622022e-06	0	-5.642534249622022e-06
631	0.0015	-0.001695	-0.0135	-5.642534249619674e-06	0	-5.642534249619674e-06
632	0.0015	-0.001695	-0.0105	-2.650930504616282e-06	0	-2.650930504616282e-06
633	0.0015	-0.001695	-0.0075	-2.136045370667377e-06	0	-2.136045370667377e-06
634	0.0015	-0.001695	-0.0045	-1.910588216137991e-06	0	-1.910588216137991e-06
635	0.0015	-0.001695	-0.0015	-1.82519272429906e-06	0	-1.82519272429906e-06
636	0.0015	-0.001695	0.0015	-1.825192724297639e-06	0	-1.825192724297639e-06
637	0.0015	-0.001695	0.0045	-1.910588216137668e-06	0	-1.910588216137668e-06
638	0.0015	-0.001695	0.0075	-2.136045370670216e-06	0	-2.136045370670216e-06
639	0.0015	-0.001695	0.0105	-2.650930504619845e-06	0	-2.650930504619845e-06
640	0.0015	-0.001695	0.0135	-5.64253424963566e-06	0	-5.64253424963566e-06
641	0.0045	-0.001695	-0.0135	-5.712703176896545e-06	0	-5.712703176896545e-06
642	0.0045	-0.001695	-0.0105	-2.72440991187013e-06	0	-2.72440991187013e-06
643	0.0045	-0.001695	-0.0075	-2.215738432969185e-06	0	-2.215738432969185e-06
644	0.0045	-0.001695	-0.0045	-1.994173483072693e-06	0	-1.994173483072693e-06
645	0.0045	-0.001695	-0.0015	-1.910588216137321e-06	0	-1.910588216137321e-06
646	0.0045	-0.001695	0.0015	-1.910588216139417e-06	0	-1.910588216139417e-06
647	0.0045	-0.001695	0.0045	-1.994173483072963e-06	0	-1.994173483072963e-06
648	0.0045	-0.001695	0.0075	-2.21573843296594e-06	0	-2.21573843296594e-06
649	0.0045	-0.001695	0.0105	-2.724409911867639e-06	0	-2.724409911867639e-06
650	0.0045	-0.001695	0.0135	-5.712703176920148e-06	0	-5.712703176920148e-06
651	0.0075	-0.001695	-0.0135	-5.898673698784176e-06	0	-5.898673698784176e-06
652	0.0075	-0.001695	-0.0105	-2.921484663564192e-06	0	-2.921484663564192e-06
653	0.0075	-0.001695	-0.0075	-2.428462247287878e-06	0	-2.428462247287878e-06
654	0.0075	-0.001695	-0.0045	-2.215738432969925e-06	0	-2.215738432969925e-06
655	0.0075	-0.001695	-0.0015	-2.136045370670734e-06	0	-2.136045370670734e-06
656	0.0075	-0.001695	0.0015	-2.136045370668843e-06	0	-2.136045370668843e-06
657	0.0075	-0.001695	0.0045	-2.215738432966199e-06	0	-2.215738432966199e-06
658	0.0075	-0.001695	0.0075	-2.428462247285912e-06	0	-2.428462247285912e-06
659	0.0075	-0.001695	0.0105	-2.921484663563664e-06	0	-2.921484663563664e-06
660	0.0075	-0.001695	0.0135	-5.898673698797958e-06	0	-5.898673698797958e-06
661	0.0105	-0.001695	-0.0135	-6.327501575965318e-06	0	-6.327501575965318e-06
662	0.0105	-0.001695	-0.0105	-3.38019117408466e-06	0	-3.38019117408466e-06
663	0.0105	-0.001695	-0.0075	-2.921484663564505e-06	0	-2.921484663564505e-06
664	0.0105	-0.001695	-0.0045	-2.724409911868959e-06	0	-2.724409911868959e-06
665	0.0105	-0.001695	-0.0015	-2.650930504617234e-06	0	-2.650930504617234e-06
666	0.0105	-0.001695	0.0015	-2.650930504618316e-06	0	-2.650930504618316e-06
667	0.0105	-0.001695	0.0045	-2.724409911867077e-06	0	-2.724409911867077e-06
668	0.0105	-0.001695	0.0075	-2.921484663563507e-06	0	-2.921484663563507e-06
669	0.0105	-0.001695	0.0105	-3.38019117408632e-06	0	-3.38019117408632e-06
670	0.0105	-0.001695	0.0135	-6.327501575940808e-06	0	-6.327501575940808e-06
671	0.0135	-0.001695	-0.0135	-9.171092322244738e-06	0	-9.171092322244738e-06
672	0.0135	-0.001695	-0.0105	-6.327501575943229e-06	0	-6.327501575943229e-06
673	0.0135	-0.001695	-0.0075	-5.898673698801314e-06	0	-5.898673698801314e-06
674	0.0135	-0.001695	-0.0045	-5.71270317691988e-06	0	-5.71270317691988e-06
675	0.0135	-0.001695	-0.0015	-5.642534249636652e-06	0	-5.642534249636652e-06
676	0.0135	-0.001695	0.0015	-5.642534249620759e-06	0	-5.642534249620759e-06
677	0.0135	-0.001695	0.0045	-5.712703176894927e-06	0	-5.712703176894927e-06
678	0.0135	-0.001695	0.0075	-5.898673698785231e-06	0	-5.898673698785231e-06
679	0.0135	-0.001695	0.0105	-6.327501575965216e-06	0	-6.327501575965216e-06
680	0.0135	-0.001695	0.0135	-9.171092322241458e-06	0	-9.171092322241458e-06
681	-0.0135	0.001345	0.0135	5.901464409807039e-06	0	5.901464409807039e-06
682	-0.0135	0.001345	0.0105	3.673873057566638e-06	0	3.673873057566638e-06
683	-0.0135	0.001345	0.0075	3.513224360679903e-06	0	3.513224360679903e-06
684	-0.0135	0.001345	0.0045	3.418284807940517e-06	0	3.418284807940517e-06
685	-0.0135	0.001345	0.0015	3.38346329641999e-06	0	3.38346329641999e-06
686	-0.0135	0.001345	-0.0015	3.383463296233888e-06	0	3.383463296233888e-06
687	-0.0135	0.001345	-0.0045	3.418284807749857e-06	0	3.418284807749857e-06
688	-0.0135	0.001345	-0.0075	3.513224360441814e-06	0	3.513224360441814e-06
689	-0.0135	0.001345	-0.0105	3.673873057474377e-06	0	3.673873057474377e-06
690	-0.0135	0.001345	-0.0135	5.901464409958592e-06	0	5.901464409958592e-06
691	-0.0105	0.001345	0.0135	3.673873057129541e-06	0	3.673873057129541e-06
692	-0.0105	0.001345	0.0105	1.502203126190792e-06	0	1.502203126190792e-06
693	-0.0105	0.001345	0.0075	1.340820984293774e-06	0	1.340820984293774e-06
694	-0.0105	0.001345	0.0045	1.244737273105149e-06	0	1.244737273105149e-06
695	-0.0105	0.001345	0.0015	1.210127104997013e-06	0	1.210127104997013e-06
696	-0.0105	0.001345	-0.0015	1.210127105002986e-06	0	1.210127105002986e-06
697	-0.0105	0.001345	-0.0045	1.244737273152771e-06	0	1.244737273152771e-06
698	-0.0105	0.001345	-0.0075	1.340820984503991e-06	0	1.340820984503991e-06
699	-0.0105	0.001345	-0.0105	1.50220312673507e-06	0	1.50220312673507e-06
700	-0.0105	0.001345	-0.0135	3.673873057618073e-06	0	3.673873057618073e-06
701	-0.0075	0.001345	0.0135	3.513224360391792e-06	0	3.513224360391792e-06
702	-0.0075	0.001345	0.0105	1.340820984386998e-06	0	1.340820984386998e-06
703	-0.0075	0.001345	0.0075	1.1607682203561e-06	0	1.1607682203561e-06
704	-0.0075	0.001345	0.0045	1.056934771038258e-06	0	1.056934771038258e-06
705	-0.0075	0.001345	0.0015	1.019236854726327e-06	0	1.019236854726327e-06
706	-0.0075	0.001345	-0.0015	1.019236854757744e-06	0	1.019236854757744e-06
707	-0.0075	0.001345	-0.0045	1.056934771094196e-06	0	1.056934771094196e-06
708	-0.0075	0.001345	-0.0075	1.16076822042105e-06	0	1.16076822042105e-06
709	-0.0075	0.001345	-0.0105	1.340820984553684e-06	0	1.340820984553684e-06
710	-0.0075	0.001345	-0.0135	3.513224360688275e-06	0	3.513224360688275e-06
711	-0.0045	0.001345	0.0135	3.418284807714099e-06	0	3.418284807714099e-06
712	-0.0045	0.001345	0.0105	1.244737273058062e-06	0	1.244737273058062e-06
713	-0.0045	0.001345	0.0075	1.056934770936501e-06	0	1.056934770936501e-06
714	-0.0045	0.001345	0.0045	9.489414382772646e-07	0	9.489414382772646e-07
715	-0.0045	0.001345	0.0015	9.093965078009512e-07	0	9.093965078009512e-07
716	-0.0045	0.001345	-0.0015	9.093965077698974e-07	0	9.093965077698974e-07
717	-0.0045	0.001345	-0.0045	9.489414383000013e-07	0	9.489414383000013e-07
718	-0.0045	0.001345	-0.0075	1.056934771081263e-06	0	1.056934771081263e-06
719	-0.0045	0.001345	-0.0105	1.244737273054253e-06	0	1.244737273054253e-06
720	-0.0045	0.001345	-0.0135	3.418284807885495e-06	0	3.418284807885495e-06
721	-0.0015	0.001345	0.0135	3.383463296150247e-06	0	3.383463296150247e-06
722	-0.0015	0.001345	0.0105	1.210127105024706e-06	0	1.210127105024706e-06
723	-0.0015	0.001345	0.0075	1.019236854723138e-06	0	1.019236854723138e-06
724	-0.0015	0.001345	0.0045	9.093965078649486e-07	0	9.093965078649486e-07
725	-0.0015	0.001345	0.0015	8.689888412058839e-07	0	8.689888412058839e-07
726	-0.0015	0.001345	-0.0015	8.689888411822476e-07	0	8.689888411822476e-07
727	-0.0015	0.001345	-0.0045	9.093965078508018e-07	0	9.093965078508018e-07
728	-0.0015	0.001345	-0.0075	1.019236854775798e-06	0	1.019236854775798e-06
729	-0.0015	0.001345	-0.0105	1.210127105086533e-06	0	1.210127105086533e-06
730	-0.0015	0.001345	-0.0135	3.38346329643911e-06	0	3.38346329643911e-06
731	0.0015	0.001345	0.0135	3.383463296224819e-06	0	3.383463296224819e-06
732	0.0015	0.001345	0.0105	1.210127104975534e-06	0	1.210127104975534e-06
733	0.0015	0.001345	0.0075	1.019236854668185e-06	0	1.019236854668185e-06
734	0.0015	0.001345	0.0045	9.093965077446664e-07	0	9.093965077446664e-07
735	0.0015	0.001345	0.0015	8.689888411909784e-07	0	8.689888411909784e-07
736	0.0015	0.001345	-0.0015	8.689888410913308e-07	0	8.689888410913308e-07
737	0.0015	0.001345	-0.0045	9.093965076587584e-07	0	9.093965076587584e-07
738	0.0015	0.001345	-0.0075	1.0192368546533e-06	0	1.0192368546533e-06
739	0.0015	0.001345	-0.0105	1.210127104984091e-06	0	1.210127104984091e-06
740	0.0015	0.001345	-0.0135	3.383463296205861e-06	0	3.383463296205861e-06
741	0.0045	0.001345	0.0135	3.418284807674113e-06	0	3.418284807674113e-06
742	0.0045	0.001345	0.0105	1.244737273187606e-06	0	1.244737273187606e-06
743	0.0045	0.001345	0.0075	1.056934770992315e-06	0	1.056934770992315e-06
744	0.0045	0.001345	0.0045	9.489414383837758e-07	0	9.489414383837758e-07
745	0.0045	0.001345	0.0015	9.093965077864871e-07	0	9.093965077864871e-07
746	0.0045	0.001345	-0.0015	9.093965077360398e-07	0	9.093965077360398e-07
747	0.0045	0.001345	-0.0045	9.489414382719291e-07	0	9.489414382719291e-07
748	0.0045	0.001345	-0.0075	1.056934770881201e-06	0	1.056934770881201e-06
749	0.0045	0.001345	-0.0105	1.244737273301696e-06	0	1.244737273301696e-06
750	0.0045	0.001345	-0.0135	3.418284807829187e-06	0	3.418284807829187e-06
751	0.0075	0.001345	0.0135	3.51322436047545e-06	0	3.51322436047545e-06
752	0.0075	0.001345	0.0105	1.340820984421432e-06	0	1.340820984421432e-06
753	0.0075	0.001345	0.0075	1.160768220266886e-06	0	1.160768220266886e-06
754	0.0075	0.001345	0.0045	1.056934770981261e-06	0	1.056934770981261e-06
755	0.0075	0.001345	0.0015	1.019236854693266e-06	0	1.019236854693266e-06
756	0.0075	0.001345	-0.0015	1.019236854602529e-06	0	1.019236854602529e-06
757	0.0075	0.001345	-0.0045	1.056934770800634e-06	0	1.056934770800634e-06
758	0.0075	0.001345	-0.0075	1.160768220427658e-06	0	1.160768220427658e-06
759	0.0075	0.001345	-0.0105	1.340820984560605e-06	0	1.340820984560605e-06
760	0.0075	0.001345	-0.0135	3.513224360412299e-06	0	3.513224360412299e-06
761	0.0105	0.001345	0.0135	3.673873057489362e-06	0	3.673873057489362e-06
762	0.0105	0.001345	0.0105	1.502203126498472e-06	0	1.502203126498472e-06
763	0.0105	0.001345	0.0075	1.340820984439876e-06	0	1.340820984439876e-06
764	0.0105	0.001345	0.0045	1.244737273141355e-06	0	1.244737273141355e-06
765	0.0105	0.001345	0.0015	1.210127104995153e-06	0	1.210127104995153e-06
766	0.0105	0.001345	-0.0015	1.210127105102674e-06	0	1.210127105102674e-06
767	0.0105	0.001345	-0.0045	1.244737273242844e-06	0	1.244737273242844e-06
768	0.0105	0.001345	-0.0075	1.340820984485109e-06	0	1.340820984485109e-06
769	0.0105	0.001345	-0.0105	1.502203126858118e-06	0	1.502203126858118e-06
770	0.0105	0.001345	-0.0135	3.673873057568543e-06	0	3.673873057568543e-06
771	0.0135	0.001345	0.0135	5.901464409891152e-06	0	5.901464409891152e-06
772	0.0135	0.001345	0.0105	3.673873057230576e-06	0	3.673873057230576e-06
773	0.0135	0.001345	0.0075	3.513224360514372e-06	0	3.513224360514372e-06
774	0.0135	0.001345	0.0045	3.418284807801084e-06	0	3.418284807801084e-06
775	0.0135	0.001345	0.0015	3.383463296174866e-06	0	3.383463296174866e-06
776	0.0135	0.001345	-0.0015	3.383463296226901e-06	0	3.383463296226901e-06
777	0.0135	0.001345	-0.0045	3.418284807716105e-06	0	3.418284807716105e-06
778	0.0135	0.001345	-0.0075	3.513224360519833e-06	0	3.513224360519833e-06
779	0.0135	0.001345	-0.0105	3.673873057630617e-06	0	3.673873057630617e-06
780	0.0135	0.001345	-0.0135	5.901464410108247e-06	0	5.901464410108247e-06
781	-0.0135	-0.001345	-0.0135	-5.90146440981727e-06	0	-5.90146440981727e-06
782	-0.0135	-0.001345	-0.0105	-3.673873057236663e-06	0	-3.673873057236663e-06
783	-0.0135	-0.001345	-0.0075	-3.513224360405738e-06	0	-3.513224360405738e-06
784	-0.0135	-0.001345	-0.0045	-3.418284807800186e-06	0	-3.418284807800186e-06
785	-0.0135	-0.001345	-0.0015	-3.383463296188092e-06	0	-3.383463296188092e-06
786	-0.0135	-0.001345	0.0015	-3.383463296258602e-06	0	-3.383463296258602e-06
787	-0.0135	-0.001345	0.0045	-3.418284807750266e-06	0	-3.418284807750266e-06
788	-0.0135	-0.001345	0.0075	-3.513224360403456e-06	0	-3.513224360403456e-06
789	-0.0135	-0.001345	0.0105	-3.673873057494651e-06	0	-3.673873057494651e-06
790	-0.0135	-0.001345	0.0135	-5.901464409966625e-06	0	-5.901464409966625e-06
791	-0.0105	-0.001345	-0.0135	-3.673873057466577e-06	0	-3.673873057466577e-06
792	-0.0105	-0.001345	-0.0105	-1.502203126205885e-06	0	-1.502203126205885e-06
793	-0.0105	-0.001345	-0.0075	-1.340820984310472e-06	0	-1.340820984310472e-06
794	-0.0105	-0.001345	-0.0045	-1.244737273167744e-06	0	-1.244737273167744e-06
795	-0.0105	-0.001345	-0.0015	-1.210127104940655e-06	0	-1.210127104940655e-06
796	-0.0105	-0.001345	0.0015	-1.210127104977055e-06	0	-1.210127104977055e-06
797	-0.0105	-0.001345	0.0045	-1.244737273192768e-06	0	-1.244737273192768e-06
798	-0.0105	-0.001345	0.0075	-1.340820984346234e-06	0	-1.340820984346234e-06
799	-0.0105	-0.001345	0.0105	-1.502203126432291e-06	0	-1.502203126432291e-06
800	-0.0105	-0.001345	0.0135	-3.673873057311825e-06	0	-3.673873057311825e-06
801	-0.0075	-0.001345	-0.0135	-3.513224360509297e-06	0	-3.513224360509297e-06
802	-0.0075	-0.001345	-0.0105	-1.340820984281029e-06	0	-1.340820984281029e-06
803	-0.0075	-0.001345	-0.0075	-1.160768220262302e-06	0	-1.160768220262302e-06
804	-0.0075	-0.001345	-0.0045	-1.056934770986281e-06	0	-1.056934770986281e-06
805	-0.0075	-0.001345	-0.0015	-1.019236854630388e-06	0	-1.019236854630388e-06
806	-0.0075	-0.001345	0.0015	-1.019236854596408e-06	0	-1.019236854596408e-06
807	-0.0075	-0.001345	0.0045	-1.056934771006117e-06	0	-1.056934771006117e-06
808	-0.0075	-0.001345	0.0075	-1.160768220113985e-06	0	-1.160768220113985e-06
809	-0.0075	-0.001345	0.0105	-1.340820984415265e-06	0	-1.340820984415265e-06
810	-0.0075	-0.001345	0.0135	-3.513224360425153e-06	0	-3.513224360425153e-06
811	-0.0045	-0.001345	-0.0135	-3.41828480781084e-06	0	-3.41828480781084e-06
812	-0.0045	-0.001345	-0.0105	-1.2447372731073e-06	0	-1.2447372731073e-06
813	-0.0045	-0.001345	-0.0075	-1.056934770931482e-06	0	-1.056934770931482e-06
814	-0.0045	-0.001345	-0.0045	-9.489414383396369e-07	0	-9.489414383396369e-07
815	-0.0045	-0.001345	-0.0015	-9.093965077459211e-07	0	-9.093965077459211e-07
816	-0.0045	-0.001345	0.0015	-9.093965077439197e-07	0	-9.093965077439197e-07
817	-0.0045	-0.001345	0.0045	-9.489414384755544e-07	0	-9.489414384755544e-07
818	-0.0045	-0.001345	0.0075	-1.056934771085854e-06	0	-1.056934771085854e-06
819	-0.0045	-0.001345	0.0105	-1.244737273156827e-06	0	-1.244737273156827e-06
820	-0.0045	-0.001345	0.0135	-3.418284807734945e-06	0	-3.418284807734945e-06
821	-0.0015	-0.001345	-0.0135	-3.383463296303106e-06	0	-3.383463296303106e-06
822	-0.0015	-0.001345	-0.0105	-1.210127104983115e-06	0	-1.210127104983115e-06
823	-0.0015	-0.001345	-0.0075	-1.019236854651506e-06	0	-1.019236854651506e-06
824	-0.0015	-0.001345	-0.0045	-9.093965078285157e-07	0	-9.093965078285157e-07
825	-0.0015	-0.001345	-0.0015	-8.689888412353926e-07	0	-8.689888412353926e-07
826	-0.0015	-0.001345	0.0015	-8.689888412311334e-07	0	-8.689888412311334e-07
827	-0.0015	-0.001345	0.0045	-9.093965078886903e-07	0	-9.093965078886903e-07
828	-0.0015	-0.001345	0.0075	-1.019236854666993e-06	0	-1.019236854666993e-06
829	-0.0015	-0.001345	0.0105	-1.210127104969755e-06	0	-1.210127104969755e-06
830	-0.0015	-0.001345	0.0135	-3.383463296208248e-06	0	-3.383463296208248e-06
831	0.0015	-0.001345	-0.0135	-3.383463296171313e-06	0	-3.383463296171313e-06
832	0.0015	-0.001345	-0.0105	-1.210127104893654e-06	0	-1.210127104893654e-06
833	0.0015	-0.001345	-0.0075	-1.019236854606968e-06	0	-1.019236854606968e-06
834	0.0015	-0.001345	-0.0045	-9.093965076820468e-07	0	-9.093965076820468e-07
835	0.0015	-0.001345	-0.0015	-8.689888411794245e-07	0	-8.689888411794245e-07
836	0.0015	-0.001345	0.0015	-8.689888411022697e-07	0	-8.689888411022697e-07
837	0.0015	-0.001345	0.0045	-9.093965077299073e-07	0	-9.093965077299073e-07
838	0.0015	-0.001345	0.0075	-1.019236854526915e-06	0	-1.019236854526915e-06
839	0.0015	-0.001345	0.0105	-1.210127104984756e-06	0	-1.210127104984756e-06
840	0.0015	-0.001345	0.0135	-3.383463296208109e-06	0	-3.383463296208109e-06
841	0.0045	-0.001345	-0.0135	-3.418284807806274e-06	0	-3.418284807806274e-06
842	0.0045	-0.001345	-0.0105	-1.244737273183672e-06	0	-1.244737273183672e-06
843	0.0045	-0.001345	-0.0075	-1.056934771041243e-06	0	-1.056934771041243e-06
844	0.0045	-0.001345	-0.0045	-9.489414384045246e-07	0	-9.489414384045246e-07
845	0.0045	-0.001345	-0.0015	-9.093965078577342e-07	0	-9.093965078577342e-07
846	0.0045	-0.001345	0.0015	-9.093965077913486e-07	0	-9.093965077913486e-07
847	0.0045	-0.001345	0.0045	-9.489414383551523e-07	0	-9.489414383551523e-07
848	0.0045	-0.001345	0.0075	-1.056934770863954e-06	0	-1.056934770863954e-06
849	0.0045	-0.001345	0.0105	-1.244737273345483e-06	0	-1.244737273345483e-06
850	0.0045	-0.001345	0.0135	-3.418284807854084e-06	0	-3.418284807854084e-06
851	0.0075	-0.001345	-0.0135	-3.513224360307529e-06	0	-3.513224360307529e-06
852	0.0075	-0.001345	-0.0105	-1.340820984366735e-06	0	-1.340820984366735e-06
853	0.0075	-0.001345	-0.0075	-1.160768220098484e-06	0	-1.160768220098484e-06
854	0.0075	-0.001345	-0.0045	-1.05693477097603e-06	0	-1.05693477097603e-06
855	0.0075	-0.001345	-0.0015	-1.01923685464085e-06	0	-1.01923685464085e-06
856	0.0075	-0.001345	0.0015	-1.019236854606892e-06	0	-1.019236854606892e-06
857	0.0075	-0.001345	0.0045	-1.056934770846459e-06	0	-1.056934770846459e-06
858	0.0075	-0.001345	0.0075	-1.160768220149334e-06	0	-1.160768220149334e-06
859	0.0075	-0.001345	0.0105	-1.340820984365798e-06	0	-1.340820984365798e-06
860	0.0075	-0.001345	0.0135	-3.513224360335023e-06	0	-3.513224360335023e-06
861	0.0105	-0.001345	-0.0135	-3.673873057322999e-06	0	-3.673873057322999e-06
862	0.0105	-0.001345	-0.0105	-1.502203126636305e-06	0	-1.502203126636305e-06
863	0.0105	-0.001345	-0.0075	-1.340820984386395e-06	0	-1.340820984386395e-06
864	0.0105	-0.001345	-0.0045	-1.24473727316615e-06	0	-1.24473727316615e-06
865	0.0105	-0.001345	-0.0015	-1.210127104936618e-06	0	-1.210127104936618e-06
866	0.0105	-0.001345	0.0015	-1.210127104896334e-06	0	-1.210127104896334e-06
867	0.0105	-0.001345	0.0045	-1.244737273216201e-06	0	-1.244737273216201e-06
868	0.0105	-0.001345	0.0075	-1.340820984450864e-06	0	-1.340820984450864e-06
869	0.0105	-0.001345	0.0105	-1.502203126720525e-06	0	-1.502203126720525e-06
870	0.0105	-0.001345	0.0135	-3.673873057580288e-06	0	-3.673873057580288e-06
871	0.0135	-0.001345	-0.0135	-5.901464409917703e-06	0	-5.901464409917703e-06
872	0.0135	-0.001345	-0.0105	-3.673873057588111e-06	0	-3.673873057588111e-06
873	0.0135	-0.001345	-0.0075	-3.513224360613767e-06	0	-3.513224360613767e-06
874	0.0135	-0.001345	-0.0045	-3.418284807939747e-06	0	-3.418284807939747e-06
875	0.0135	-0.001345	-0.0015	-3.383463296311505e-06	0	-3.383463296311505e-06
876	0.0135	-0.001345	0.0015	-3.383463296140533e-06	0	-3.383463296140533e-06
877	0.0135	-0.001345	0.0045	-3.418284807829286e-06	0	-3.418284807829286e-06
878	0.0135	-0.001345	0.0075	-3.51322436034734e-06	0	-3.51322436034734e-06
879	0.0135	-0.001345	0.0105	-3.673873057457752e-06	0	-3.673873057457752e-06
880	0.0135	-0.001345	0.0135	-5.901464410132742e-06	0	-5.901464410132742e-06
881	-0.0135	0.001325	0.0135	2.21756545123127e-05	0	2.21756545123127e-05
882	-0.0135	0.001325	0.0105	2.083770905001435e-05	0	2.083770905001435e-05
883	-0.0135	0.001325	0.0075	2.091992192140774e-05	0	2.091992192140774e-05
884	-0.0135	0.001325	0.0045	2.091372569767171e-05	0	2.091372569767171e-05
885	-0.0135	0.001325	0.0015	2.091274508920319e-05	0	2.091274508920319e-05
886	-0.0135	0.001325	-0.0015	2.091274508933165e-05	0	2.091274508933165e-05
887	-0.0135	0.001325	-0.0045	2.091372569779171e-05	0	2.091372569779171e-05
888	-0.0135	0.001325	-0.0075	2.09199219215703e-05	0	2.09199219215703e-05
889	-0.0135	0.001325	-0.0105	2.083770905018844e-05	0	2.083770905018844e-05
890	-0.0135	0.001325	-0.0135	2.217565451215969e-05	0	2.217565451215969e-05
891	-0.0105	0.001325	0.0135	2.083770905053439e-05	0	2.083770905053439e-05
892	-0.0105	0.001325	0.0105	1.967978279424794e-05	0	1.967978279424794e-05
893	-0.0105	0.001325	0.0075	1.97797874477553e-05	0	1.97797874477553e-05
894	-0.0105	0.001325	0.0045	1.977826547098193e-05	0	1.977826547098193e-05
895	-0.0105	0.001325	0.0015	1.977940115698166e-05	0	1.977940115698166e-05
896	-0.0105	0.001325	-0.0015	1.977940115698384e-05	0	1.977940115698384e-05
897	-0.0105	0.001325	-0.0045	1.977826547093578e-05	0	1.977826547093578e-05
898	-0.0105	0.001325	-0.0075	1.977978744754714e-05	0	1.977978744754714e-05
899	-0.0105	0.001325	-0.0105	1.96797827937075e-05	0	1.96797827937075e-05
900	-0.0105	0.001325	-0.0135	2.083770904995934e-05	0	2.083770904995934e-05
901	-0.0075	0.001325	0.0135	2.09199219216288e-05	0	2.09199219216288e-05
902	-0.0075	0.001325	0.0105	1.977978744766844e-05	0	1.977978744766844e-05
903	-0.0075	0.001325	0.0075	1.987627536073749e-05	0	1.987627536073749e-05
904	-0.0075	0.001325	0.0045	1.98743252786021e-05	0	1.98743252786021e-05
905	-0.0075	0.001325	0.0015	1.98752667593241e-05	0	1.98752667593241e-05
906	-0.0075	0.001325	-0.0015	1.987526675930498e-05	0	1.987526675930498e-05
907	-0.0075	0.001325	-0.0045	1.98743252785366e-05	0	1.98743252785366e-05
908	-0.0075	0.001325	-0.0075	1.987627536067564e-05	0	1.987627536067564e-05
909	-0.0075	0.001325	-0.0105	1.977978744750162e-05	0	1.977978744750162e-05
910	-0.0075	0.001325	-0.0135	2.091992192140413e-05	0	2.091992192140413e-05
911	-0.0045	0.001325	0.0135	2.091372569781715e-05	0	2.091372569781715e-05
912	-0.0045	0.001325	0.0105	1.977826547103616e-05	0	1.977826547103616e-05
913	-0.0045	0.001325	0.0075	1.987432527870319e-05	0	1.987432527870319e-05
914	-0.0045	0.001325	0.0045	1.987250175724532e-05	0	1.987250175724532e-05
915	-0.0045	0.001325	0.0015	1.987347105277224e-05	0	1.987347105277224e-05
916	-0.0045	0.001325	-0.0015	1.987347105280944e-05	0	1.987347105280944e-05
917	-0.0045	0.001325	-0.0045	1.987250175721517e-05	0	1.987250175721517e-05
918	-0.0045	0.001325	-0.0075	1.987432527856793e-05	0	1.987432527856793e-05
919	-0.0045	0.001325	-0.0105	1.977826547102682e-05	0	1.977826547102682e-05
920	-0.0045	0.001325	-0.0135	2.091372569773049e-05	0	2.091372569773049e-05
921	-0.0015	0.001325	0.0135	2.091274508941651e-05	0	2.091274508941651e-05
922	-0.0015	0.001325	0.0105	1.977940115695858e-05	0	1.977940115695858e-05
923	-0.0015	0.001325	0.0075	1.987526675932674e-05	0	1.987526675932674e-05
924	-0.0015	0.001325	0.0045	1.987347105272199e-05	0	1.987347105272199e-05
925	-0.0015	0.001325	0.0015	1.987444709280403e-05	0	1.987444709280403e-05
926	-0.0015	0.001325	-0.0015	1.98744470928299e-05	0	1.98744470928299e-05
927	-0.0015	0.001325	-0.0045	1.987347105272824e-05	0	1.987347105272824e-05
928	-0.0015	0.001325	-0.0075	1.987526675928288e-05	0	1.987526675928288e-05
929	-0.0015	0.001325	-0.0105	1.977940115689702e-05	0	1.977940115689702e-05
930	-0.0015	0.001325	-0.0135	2.091274508917855e-05	0	2.091274508917855e-05
931	0.0015	0.001325	0.0135	2.091274508939289e-05	0	2.091274508939289e-05
932	0.0015	0.001325	0.0105	1.977940115701455e-05	0	1.977940115701455e-05
933	0.0015	0.001325	0.0075	1.987526675938392e-05	0	1.987526675938392e-05
934	0.0015	0.001325	0.0045	1.987347105284408e-05	0	1.987347105284408e-05
935	0.0015	0.001325	0.0015	1.987444709282319e-05	0	1.987444709282319e-05
936	0.0015	0.001325	-0.0015	1.987444709292869e-05	0	1.987444709292869e-05
937	0.0015	0.001325	-0.0045	1.987347105292234e-05	0	1.987347105292234e-05
938	0.0015	0.001325	-0.0075	1.987526675940428e-05	0	1.987526675940428e-05
939	0.0015	0.001325	-0.0105	1.97794011569986e-05	0	1.97794011569986e-05
940	0.0015	0.001325	-0.0135	2.091274508936717e-05	0	2.091274508936717e-05
941	0.0045	0.001325	0.0135	2.0913725697939e-05	0	2.0913725697939e-05
942	0.0045	0.001325	0.0105	1.977826547088903e-05	0	1.977826547088903e-05
943	0.0045	0.001325	0.0075	1.987432527864819e-05	0	1.987432527864819e-05
944	0.0045	0.001325	0.0045	1.987250175713552e-05	0	1.987250175713552e-05
945	0.0045	0.001325	0.0015	1.987347105279706e-05	0	1.987347105279706e-05
946	0.0045	0.001325	-0.0015	1.98734710528376e-05	0	1.98734710528376e-05
947	0.0045	0.001325	-0.0045	1.987250175725279e-05	0	1.987250175725279e-05
948	0.0045	0.001325	-0.0075	1.987432527875697e-05	0	1.987432527875697e-05
949	0.0045	0.001325	-0.0105	1.977826547077255e-05	0	1.977826547077255e-05
950	0.0045	0.001325	-0.0135	2.091372569770365e-05	0	2.091372569770365e-05
951	0.0075	0.001325	0.0135	2.091992192162224e-05	0	2.091992192162224e-05
952	0.0075	0.001325	0.0105	1.977978744762986e-05	0	1.977978744762986e-05
953	0.0075	0.001325	0.0075	1.987627536083092e-05	0	1.987627536083092e-05
954	0.0075	0.001325	0.0045	1.987432527865967e-05	0	1.987432527865967e-05
955	0.0075	0.001325	0.0015	1.987526675936012e-05	0	1.987526675936012e-05
956	0.0075	0.001325	-0.0015	1.987526675945628e-05	0	1.987526675945628e-05
957	0.0075	0.001325	-0.0045	1.98743252788366e-05	0	1.98743252788366e-05
958	0.0075	0.001325	-0.0075	1.987627536066598e-05	0	1.987627536066598e-05
959	0.0075	0.001325	-0.0105	1.977978744750345e-05	0	1.977978744750345e-05
960	0.0075	0.001325	-0.0135	2.091992192160577e-05	0	2.091992192160577e-05
961	0.0105	0.001325	0.0135	2.083770905008624e-05	0	2.083770905008624e-05
962	0.0105	0.001325	0.0105	1.967978279393378e-05	0	1.967978279393378e-05
963	0.0105	0.001325	0.0075	1.977978744761621e-05	0	1.977978744761621e-05
964	0.0105	0.001325	0.0045	1.977826547094681e-05	0	1.977826547094681e-05
965	0.0105	0.001325	0.0015	1.977940115699476e-05	0	1.977940115699476e-05
966	0.0105	0.001325	-0.0015	1.977940115687555e-05	0	1.977940115687555e-05
967	0.0105	0.001325	-0.0045	1.977826547084157e-05	0	1.977826547084157e-05
968	0.0105	0.001325	-0.0075	1.977978744756913e-05	0	1.977978744756913e-05
969	0.0105	0.001325	-0.0105	1.96797827935706e-05	0	1.96797827935706e-05
970	0.0105	0.001325	-0.0135	2.083770905008873e-05	0	2.083770905008873e-05
971	0.0135	0.001325	0.0135	2.217565451222016e-05	0	2.217565451222016e-05
972	0.0135	0.001325	0.0105	2.083770905042613e-05	0	2.083770905042613e-05
973	0.0135	0.001325	0.0075	2.091992192150048e-05	0	2.091992192150048e-05
974	0.0135	0.001325	0.0045	2.091372569773598e-05	0	2.091372569773598e-05
975	0.0135	0.001325	0.0015	2.091274508939263e-05	0	2.091274508939263e-05
976	0.0135	0.001325	-0.0015	2.091274508938805e-05	0	2.091274508938805e-05
977	0.0135	0.001325	-0.0045	2.091372569789594e-05	0	2.091372569789594e-05
978	0.0135	0.001325	-0.0075	2.091992192156801e-05	0	2.091992192156801e-05
979	0.0135	0.001325	-0.0105	2.083770904994696e-05	0	2.083770904994696e-05
980	0.0135	0.001325	-0.0135	2.217565451200675e-05	0	2.217565451200675e-05
981	-0.0135	-0.001325	-0.0135	-2.217565451229403e-05	0	-2.217565451229403e-05
982	-0.0135	-0.001325	-0.0105	-2.083770905041829e-05	0	-2.083770905041829e-05
983	-0.0135	-0.001325	-0.0075	-2.091992192161287e-05	0	-2.091992192161287e-05
984	-0.0135	-0.001325	-0.0045	-2.09137256977367e-05	0	-2.09137256977367e-05
985	-0.0135	-0.001325	-0.0015	-2.091274508937874e-05	0	-2.091274508937874e-05
986	-0.0135	-0.001325	0.0015	-2.091274508935929e-05	0	-2.091274508935929e-05
987	-0.0135	-0.001325	0.0045	-2.091372569786397e-05	0	-2.091372569786397e-05
988	-0.0135	-0.001325	0.0075	-2.091992192168774e-05	0	-2.091992192168774e-05
989	-0.0135	-0.001325	0.0105	-2.083770905008621e-05	0	-2.083770905008621e-05
990	-0.0135	-0.001325	0.0135	-2.217565451215059e-05	0	-2.217565451215059e-05
991	-0.0105	-0.001325	-0.0135	-2.083770905011272e-05	0	-2.083770905011272e-05
992	-0.0105	-0.001325	-0.0105	-1.967978279423841e-05	0	-1.967978279423841e-05
993	-0.0105	-0.001325	-0.0075	-1.977978744775114e-05	0	-1.977978744775114e-05
994	-0.0105	-0.001325	-0.0045	-1.977826547091423e-05	0	-1.977826547091423e-05
995	-0.0105	-0.001325	-0.0015	-1.977940115704146e-05	0	-1.977940115704146e-05
996	-0.0105	-0.001325	0.0015	-1.97794011569982e-05	0	-1.97794011569982e-05
997	-0.0105	-0.001325	0.0045	-1.977826547088675e-05	0	-1.977826547088675e-05
998	-0.0105	-0.001325	0.0075	-1.977978744770292e-05	0	-1.977978744770292e-05
999	-0.0105	-0.001325	0.0105	-1.967978279400715e-05	0	-1.967978279400715e-05
1000	-0.0105	-0.001325	0.0135	-2.083770905034475e-05	0	-2.083770905034475e-05
1001	-0.0075	-0.001325	-0.0135	-2.091992192157898e-05	0	-2.091992192157898e-05
1002	-0.0075	-0.001325	-0.0105	-1.977978744776796e-05	0	-1.977978744776796e-05
1003	-0.0075	-0.001325	-0.0075	-1.98762753608316e-05	0	-1.98762753608316e-05
1004	-0.0075	-0.001325	-0.0045	-1.987432527864697e-05	0	-1.987432527864697e-05
1005	-0.0075	-0.001325	-0.0015	-1.987526675943095e-05	0	-1.987526675943095e-05
1006	-0.0075	-0.001325	0.0015	-1.987526675945501e-05	0	-1.987526675945501e-05
1007	-0.0075	-0.001325	0.0045	-1.987432527863357e-05	0	-1.987432527863357e-05
1008	-0.0075	-0.001325	0.0075	-1.98762753609829e-05	0	-1.98762753609829e-05
1009	-0.0075	-0.001325	0.0105	-1.977978744764364e-05	0	-1.977978744764364e-05
1010	-0.0075	-0.001325	0.0135	-2.091992192159475e-05	0	-2.091992192159475e-05
1011	-0.0045	-0.001325	-0.0135	-2.091372569780077e-05	0	-2.091372569780077e-05
1012	-0.0045	-0.001325	-0.0105	-1.977826547097037e-05	0	-1.977826547097037e-05
1013	-0.0045	-0.001325	-0.0075	-1.987432527871671e-05	0	-1.987432527871671e-05
1014	-0.0045	-0.001325	-0.0045	-1.987250175718588e-05	0	-1.987250175718588e-05
1015	-0.0045	-0.001325	-0.0015	-1.987347105283689e-05	0	-1.987347105283689e-05
1016	-0.0045	-0.001325	0.0015	-1.987347105283957e-05	0	-1.987347105283957e-05
1017	-0.0045	-0.001325	0.0045	-1.9872501757051e-05	0	-1.9872501757051e-05
1018	-0.0045	-0.001325	0.0075	-1.987432527855871e-05	0	-1.987432527855871e-05
1019	-0.0045	-0.001325	0.0105	-1.977826547093428e-05	0	-1.977826547093428e-05
1020	-0.0045	-0.001325	0.0135	-2.091372569779913e-05	0	-2.091372569779913e-05
1021	-0.0015	-0.001325	-0.0135	-2.091274508931709e-05	0	-2.091274508931709e-05
1022	-0.0015	-0.001325	-0.0105	-1.977940115699263e-05	0	-1.977940115699263e-05
1023	-0.0015	-0.001325	-0.0075	-1.987526675940167e-05	0	-1.987526675940167e-05
1024	-0.0015	-0.001325	-0.0045	-1.987347105274792e-05	0	-1.987347105274792e-05
1025	-0.0015	-0.001325	-0.0015	-1.987444709278083e-05	0	-1.987444709278083e-05
1026	-0.0015	-0.001325	0.0015	-1.987444709277999e-05	0	-1.987444709277999e-05
1027	-0.0015	-0.001325	0.0045	-1.987347105269827e-05	0	-1.987347105269827e-05
1028	-0.0015	-0.001325	0.0075	-1.987526675938723e-05	0	-1.987526675938723e-05
1029	-0.0015	-0.001325	0.0105	-1.977940115701888e-05	0	-1.977940115701888e-05
1030	-0.0015	-0.001325	0.0135	-2.091274508936056e-05	0	-2.091274508936056e-05
1031	0.0015	-0.001325	-0.0135	-2.091274508939419e-05	0	-2.091274508939419e-05
1032	0.0015	-0.001325	-0.0105	-1.977940115708799e-05	0	-1.977940115708799e-05
1033	0.0015	-0.001325	-0.0075	-1.987526675945106e-05	0	-1.987526675945106e-05
1034	0.0015	-0.001325	-0.0045	-1.98734710528971e-05	0	-1.98734710528971e-05
1035	0.0015	-0.001325	-0.0015	-1.987444709282981e-05	0	-1.987444709282981e-05
1036	0.0015	-0.001325	0.0015	-1.987444709291046e-05	0	-1.987444709291046e-05
1037	0.0015	-0.001325	0.0045	-1.987347105285173e-05	0	-1.987347105285173e-05
1038	0.0015	-0.001325	0.0075	-1.987526675952772e-05	0	-1.987526675952772e-05
1039	0.0015	-0.001325	0.0105	-1.977940115699815e-05	0	-1.977940115699815e-05
1040	0.0015	-0.001325	0.0135	-2.09127450894101e-05	0	-2.09127450894101e-05
1041	0.0045	-0.001325	-0.0135	-2.09137256977354e-05	0	-2.09137256977354e-05
1042	0.0045	-0.001325	-0.0105	-1.977826547090432e-05	0	-1.977826547090432e-05
1043	0.0045	-0.001325	-0.0075	-1.987432527860746e-05	0	-1.987432527860746e-05
1044	0.0045	-0.001325	-0.0045	-1.987250175711832e-05	0	-1.987250175711832e-05
1045	0.0045	-0.001325	-0.0015	-1.987347105272016e-05	0	-1.987347105272016e-05
1046	0.0045	-0.001325	0.0015	-1.987347105278549e-05	0	-1.987347105278549e-05
1047	0.0045	-0.001325	0.0045	-1.987250175716422e-05	0	-1.987250175716422e-05
1048	0.0045	-0.001325	0.0075	-1.9874325278778e-05	0	-1.9874325278778e-05
1049	0.0045	-0.001325	0.0105	-1.977826547072877e-05	0	-1.977826547072877e-05
1050	0.0045	-0.001325	0.0135	-2.09137256977593e-05	0	-2.09137256977593e-05
1051	0.0075	-0.001325	-0.0135	-2.091992192171177e-05	0	-2.091992192171177e-05
1052	0.0075	-0.001325	-0.0105	-1.977978744769235e-05	0	-1.977978744769235e-05
1053	0.0075	-0.001325	-0.0075	-1.987627536099113e-05	0	-1.987627536099113e-05
1054	0.0075	-0.001325	-0.0045	-1.987432527866729e-05	0	-1.987432527866729e-05
1055	0.0075	-0.001325	-0.0015	-1.987526675942342e-05	0	-1.987526675942342e-05
1056	0.0075	-0.001325	0.0015	-1.987526675944629e-05	0	-1.987526675944629e-05
1057	0.0075	-0.001325	0.0045	-1.987432527879888e-05	0	-1.987432527879888e-05
1058	0.0075	-0.001325	0.0075	-1.98762753609356e-05	0	-1.98762753609356e-05
1059	0.0075	-0.001325	0.0105	-1.977978744769024e-05	0	-1.977978744769024e-05
1060	0.0075	-0.001325	0.0135	-2.091992192175707e-05	0	-2.091992192175707e-05
1061	0.0105	-0.001325	-0.0135	-2.083770905033106e-05	0	-2.083770905033106e-05
1062	0.0105	-0.001325	-0.0105	-1.967978279380143e-05	0	-1.967978279380143e-05
1063	0.0105	-0.001325	-0.0075	-1.977978744767002e-05	0	-1.977978744767002e-05
1064	0.0105	-0.001325	-0.0045	-1.977826547091611e-05	0	-1.977826547091611e-05
1065	0.0105	-0.001325	-0.0015	-1.977940115704576e-05	0	-1.977940115704576e-05
1066	0.0105	-0.001325	0.0015	-1.977940115709099e-05	0	-1.977940115709099e-05
1067	0.0105	-0.001325	0.0045	-1.977826547087095e-05	0	-1.977826547087095e-05
1068	0.0105	-0.001325	0.0075	-1.97797874476041e-05	0	-1.97797874476041e-05
1069	0.0105	-0.001325	0.0105	-1.967978279371859e-05	0	-1.967978279371859e-05
1070	0.0105	-0.001325	0.0135	-2.083770904999463e-05	0	-2.083770904999463e-05
1071	0.0135	-0.001325	-0.0135	-2.217565451219804e-05	0	-2.217565451219804e-05
1072	0.0135	-0.001325	-0.0105	-2.083770904998593e-05	0	-2.083770904998593e-05
1073	0.0135	-0.001325	-0.0075	-2.091992192147515e-05	0	-2.091992192147515e-05
1074	0.0135	-0.001325	-0.0045	-2.09137256976716e-05	0	-2.09137256976716e-05
1075	0.0135	-0.001325	-0.0015	-2.091274508930663e-05	0	-2.091274508930663e-05
1076	0.0135	-0.001325	0.0015	-2.091274508942805e-05	0	-2.091274508942805e-05
1077	0.0135	-0.001325	0.0045	-2.091372569770205e-05	0	-2.091372569770205e-05
1078	0.0135	-0.001325	0.0075	-2.09199219216708e-05	0	-2.09199219216708e-05
1079	0.0135	-0.001325	0.0105	-2.083770905019385e-05	0	-2.083770905019385e-05
1080	0.0135	-0.001325	0.0135	-2.217565451198599e-05	0	-2.217565451198599e-05
1081	-0.0135	0.000125	0.0135	0.0001741502226521188	0	0.0001741502226521188
1082	-0.0135	0.000125	0.0105	0.0001768888119926068	0	0.0001768888119926068
1083	-0.0135	0.000125	0.0075	0.0001767323617573931	0	0.0001767323617573931
1084	-0.0135	0.000125	0.0045	0.0001767422129777997	0	0.0001767422129777997
1085	-0.0135	0.000125	0.0015	0.000176743393984585	0	0.000176743393984585
1086	-0.0135	0.000125	-0.0015	0.0001767433939846391	0	0.0001767433939846391
1087	-0.0135	0.000125	-0.0045	0.0001767422129778849	0	0.0001767422129778849
1088	-0.0135	0.000125	-0.0075	0.0001767323617574654	0	0.0001767323617574654
1089	-0.0135	0.000125	-0.0105	0.0001768888119925303	0	0.0001768888119925303
1090	-0.0135	0.000125	-0.0135	0.0001741502226521183	0	0.0001741502226521183
1091	-0.0105	0.000125	0.0135	0.0001768888119925351	0	0.0001768888119925351
1092	-0.0105	0.000125	0.0105	0.000179269293695605	0	0.000179269293695605
1093	-0.0105	0.000125	0.0075	0.0001790791590765977	0	0.0001790791590765977
1094	-0.0105	0.000125	0.0045	0.0001790808256164249	0	0.0001790808256164249
1095	-0.0105	0.000125	0.0015	0.0001790784404291161	0	0.0001790784404291161
1096	-0.0105	0.000125	-0.0015	0.0001790784404291171	0	0.0001790784404291171
1097	-0.0105	0.000125	-0.0045	0.0001790808256164214	0	0.0001790808256164214
1098	-0.0105	0.000125	-0.0075	0.0001790791590765939	0	0.0001790791590765939
1099	-0.0105	0.000125	-0.0105	0.0001792692936955948	0	0.0001792692936955948
1100	-0.0105	0.000125	-0.0135	0.0001768888119926028	0	0.0001768888119926028
1101	-0.0075	0.000125	0.0135	0.0001767323617574629	0	0.0001767323617574629
1102	-0.0075	0.000125	0.0105	0.0001790791590765954	0	0.0001790791590765954
1103	-0.0075	0.000125	0.0075	0.0001788955125932387	0	0.0001788955125932387
1104	-0.0075	0.000125	0.0045	0.0001788979861164461	0	0.0001788979861164461
1105	-0.0075	0.000125	0.0015	0.0001788959632814019	0	0.0001788959632814019
1106	-0.0075	0.000125	-0.0015	0.0001788959632814019	0	0.0001788959632814019
1107	-0.0075	0.000125	-0.0045	0.0001788979861164465	0	0.0001788979861164465
1108	-0.0075	0.000125	-0.0075	0.0001788955125932354	0	0.0001788955125932354
1109	-0.0075	0.000125	-0.0105	0.0001790791590765954	0	0.0001790791590765954
1110	-0.0075	0.000125	-0.0135	0.0001767323617573908	0	0.0001767323617573908
1111	-0.0045	0.000125	0.0135	0.0001767422129778853	0	0.0001767422129778853
1112	-0.0045	0.000125	0.0105	0.0001790808256164245	0	0.0001790808256164245
1113	-0.0045	0.000125	0.0075	0.00017889798611645	0	0.00017889798611645
1114	-0.0045	0.000125	0.0045	0.0001789002001449387	0	0.0001789002001449387
1115	-0.0045	0.000125	0.0015	0.0001788981167999309	0	0.0001788981167999309
1116	-0.0045	0.000125	-0.0015	0.0001788981167999315	0	0.0001788981167999315
1117	-0.0045	0.000125	-0.0045	0.0001789002001449413	0	0.0001789002001449413
1118	-0.0045	0.000125	-0.0075	0.0001788979861164492	0	0.0001788979861164492
1119	-0.0045	0.000125	-0.0105	0.0001790808256164277	0	0.0001790808256164277
1120	-0.0045	0.000125	-0.0135	0.0001767422129778057	0	0.0001767422129778057
1121	-0.0015	0.000125	0.0135	0.0001767433939846397	0	0.0001767433939846397
1122	-0.0015	0.000125	0.0105	0.0001790784404291167	0	0.0001790784404291167
1123	-0.0015	0.000125	0.0075	0.0001788959632814015	0	0.0001788959632814015
1124	-0.0015	0.000125	0.0045	0.0001788981167999266	0	0.0001788981167999266
1125	-0.0015	0.000125	0.0015	0.0001788960169647224	0	0.0001788960169647224
1126	-0.0015	0.000125	-0.0015	0.000178896016964722	0	0.000178896016964722
1127	-0.0015	0.000125	-0.0045	0.0001788981167999266	0	0.0001788981167999266
1128	-0.0015	0.000125	-0.0075	0.0001788959632814002	0	0.0001788959632814002
1129	-0.0015	0.000125	-0.0105	0.0001790784404291143	0	0.0001790784404291143
1130	-0.0015	0.000125	-0.0135	0.0001767433939845853	0	0.0001767433939845853
1131	0.0015	0.000125	0.0135	0.0001767433939845843	0	0.0001767433939845843
1132	0.0015	0.000125	0.0105	0.0001790784404291178	0	0.0001790784404291178
1133	0.0015	0.000125	0.0075	0.0001788959632814047	0	0.0001788959632814047
1134	0.0015	0.000125	0.0045	0.0001788981167999331	0	0.0001788981167999331
1135	0.0015	0.000125	0.0015	0.0001788960169647265	0	0.0001788960169647265
1136	0.0015	0.000125	-0.0015	0.0001788960169647266	0	0.0001788960169647266
1137	0.0015	0.000125	-0.0045	0.0001788981167999349	0	0.0001788981167999349
1138	0.0015	0.000125	-0.0075	0.0001788959632814058	0	0.0001788959632814058
1139	0.0015	0.000125	-0.0105	0.0001790784404291197	0	0.0001790784404291197
1140	0.0015	0.000125	-0.0135	0.0001767433939846394	0	0.0001767433939846394
1141	0.0045	0.000125	0.0135	0.000176742212977792	0	0.000176742212977792
1142	0.0045	0.000125	0.0105	0.0001790808256164196	0	0.0001790808256164196
1143	0.0045	0.000125	0.0075	0.0001788979861164488	0	0.0001788979861164488
1144	0.0045	0.000125	0.0045	0.0001789002001449397	0	0.0001789002001449397
1145	0.0045	0.000125	0.0015	0.0001788981167999311	0	0.0001788981167999311
1146	0.0045	0.000125	-0.0015	0.0001788981167999291	0	0.0001788981167999291
1147	0.0045	0.000125	-0.0045	0.0001789002001449407	0	0.0001789002001449407
1148	0.0045	0.000125	-0.0075	0.0001788979861164489	0	0.0001788979861164489
1149	0.0045	0.000125	-0.0105	0.0001790808256164203	0	0.0001790808256164203
1150	0.0045	0.000125	-0.0135	0.0001767422129778842	0	0.0001767422129778842
1151	0.0075	0.000125	0.0135	0.0001767323617573964	0	0.0001767323617573964
1152	0.0075	0.000125	0.0105	0.0001790791590765961	0	0.0001790791590765961
1153	0.0075	0.000125	0.0075	0.000178895512593239	0	0.000178895512593239
1154	0.0075	0.000125	0.0045	0.0001788979861164511	0	0.0001788979861164511
1155	0.0075	0.000125	0.0015	0.0001788959632814045	0	0.0001788959632814045
1156	0.0075	0.000125	-0.0015	0.0001788959632814041	0	0.0001788959632814041
1157	0.0075	0.000125	-0.0045	0.0001788979861164519	0	0.0001788979861164519
1158	0.0075	0.000125	-0.0075	0.0001788955125932373	0	0.0001788955125932373
1159	0.0075	0.000125	-0.0105	0.0001790791590765957	0	0.0001790791590765957
1160	0.0075	0.000125	-0.0135	0.0001767323617574707	0	0.0001767323617574707
1161	0.0105	0.000125	0.0135	0.0001768888119926066	0	0.0001768888119926066
1162	0.0105	0.000125	0.0105	0.0001792692936955898	0	0.0001792692936955898
1163	0.0105	0.000125	0.0075	0.0001790791590765934	0	0.0001790791590765934
1164	0.0105	0.000125	0.0045	0.0001790808256164209	0	0.0001790808256164209
1165	0.0105	0.000125	0.0015	0.0001790784404291181	0	0.0001790784404291181
1166	0.0105	0.000125	-0.0015	0.0001790784404291145	0	0.0001790784404291145
1167	0.0105	0.000125	-0.0045	0.0001790808256164204	0	0.0001790808256164204
1168	0.0105	0.000125	-0.0075	0.0001790791590765942	0	0.0001790791590765942
1169	0.0105	0.000125	-0.0105	0.0001792692936955814	0	0.0001792692936955814
1170	0.0105	0.000125	-0.0135	0.000176888811992527	0	0.000176888811992527
1171	0.0135	0.000125	0.0135	0.0001741502226521131	0	0.0001741502226521131
1172	0.0135	0.000125	0.0105	0.0001768888119925291	0	0.0001768888119925291
1173	0.0135	0.000125	0.0075	0.0001767323617574644	0	0.0001767323617574644
1174	0.0135	0.000125	0.0045	0.0001767422129778823	0	0.0001767422129778823
1175	0.0135	0.000125	0.0015	0.0001767433939846401	0	0.0001767433939846401
1176	0.0135	0.000125	-0.0015	0.0001767433939845843	0	0.0001767433939845843
1177	0.0135	0.000125	-0.0045	0.0001767422129777951	0	0.0001767422129777951
1178	0.0135	0.000125	-0.0075	0.0001767323617573904	0	0.0001767323617573904
1179	0.0135	0.000125	-0.0105	0.0001768888119925997	0	0.0001768888119925997
1180	0.0135	0.000125	-0.0135	0.0001741502226521128	0	0.0001741502226521128
1181	-0.0135	-0.000125	-0.0135	-0.0001741502226521182	0	-0.0001741502226521182
1182	-0.0135	-0.000125	-0.0105	-0.0001768888119925309	0	-0.0001768888119925309
1183	-0.0135	-0.000125	-0.0075	-0.0001767323617574649	0	-0.0001767323617574649
1184	-0.0135	-0.000125	-0.0045	-0.0001767422129778846	0	-0.0001767422129778846
1185	-0.0135	-0.000125	-0.0015	-0.0001767433939846388	0	-0.0001767433939846388
1186	-0.0135	-0.000125	0.0015	-0.0001767433939845828	0	-0.0001767433939845828
1187	-0.0135	-0.000125	0.0045	-0.0001767422129777963	0	-0.0001767422129777963
1188	-0.0135	-0.000125	0.0075	-0.0001767323617573922	0	-0.0001767323617573922
1189	-0.0135	-0.000125	0.0105	-0.0001768888119926065	0	-0.0001768888119926065
1190	-0.0135	-0.000125	0.0135	-0.0001741502226521187	0	-0.0001741502226521187
1191	-0.0105	-0.000125	-0.0135	-0.0001768888119926028	0	-0.0001768888119926028
1192	-0.0105	-0.000125	-0.0105	-0.0001792692936955955	0	-0.0001792692936955955
1193	-0.0105	-0.000125	-0.0075	-0.0001790791590765934	0	-0.0001790791590765934
1194	-0.0105	-0.000125	-0.0045	-0.0001790808256164211	0	-0.0001790808256164211
1195	-0.0105	-0.000125	-0.0015	-0.0001790784404291172	0	-0.0001790784404291172
1196	-0.0105	-0.000125	0.0015	-0.0001790784404291156	0	-0.0001790784404291156
1197	-0.0105	-0.000125	0.0045	-0.0001790808256164246	0	-0.0001790808256164246
1198	-0.0105	-0.000125	0.0075	-0.0001790791590765976	0	-0.0001790791590765976
1199	-0.0105	-0.000125	0.0105	-0.0001792692936956049	0	-0.0001792692936956049
1200	-0.0105	-0.000125	0.0135	-0.0001768888119925351	0	-0.0001768888119925351
1201	-0.0075	-0.000125	-0.0135	-0.0001767323617573906	0	-0.0001767323617573906
1202	-0.0075	-0.000125	-0.0105	-0.0001790791590765958	0	-0.0001790791590765958
1203	-0.0075	-0.000125	-0.0075	-0.0001788955125932353	0	-0.0001788955125932353
1204	-0.0075	-0.000125	-0.0045	-0.0001788979861164464	0	-0.0001788979861164464
1205	-0.0075	-0.000125	-0.0015	-0.0001788959632814019	0	-0.0001788959632814019
1206	-0.0075	-0.000125	0.0015	-0.000178895963281402	0	-0.000178895963281402
1207	-0.0075	-0.000125	0.0045	-0.0001788979861164462	0	-0.0001788979861164462
1208	-0.0075	-0.000125	0.0075	-0.0001788955125932389	0	-0.0001788955125932389
1209	-0.0075	-0.000125	0.0105	-0.0001790791590765953	0	-0.0001790791590765953
1210	-0.0075	-0.000125	0.0135	-0.0001767323617574631	0	-0.0001767323617574631
1211	-0.0045	-0.000125	-0.0135	-0.0001767422129778055	0	-0.0001767422129778055
1212	-0.0045	-0.000125	-0.0105	-0.0001790808256164282	0	-0.0001790808256164282
1213	-0.0045	-0.000125	-0.0075	-0.0001788979861164493	0	-0.0001788979861164493
1214	-0.0045	-0.000125	-0.0045	-0.0001789002001449411	0	-0.0001789002001449411
1215	-0.0045	-0.000125	-0.0015	-0.0001788981167999316	0	-0.0001788981167999316
1216	-0.0045	-0.000125	0.0015	-0.0001788981167999311	0	-0.0001788981167999311
1217	-0.0045	-0.000125	0.0045	-0.0001789002001449387	0	-0.0001789002001449387
1218	-0.0045	-0.000125	0.0075	-0.00017889798611645	0	-0.00017889798611645
1219	-0.0045	-0.000125	0.0105	-0.0001790808256164243	0	-0.0001790808256164243
1220	-0.0045	-0.000125	0.0135	-0.0001767422129778854	0	-0.0001767422129778854
1221	-0.0015	-0.000125	-0.0135	-0.0001767433939845852	0	-0.0001767433939845852
1222	-0.0015	-0.000125	-0.0105	-0.0001790784404291145	0	-0.0001790784404291145
1223	-0.0015	-0.000125	-0.0075	-0.0001788959632814002	0	-0.0001788959632814002
1224	-0.0015	-0.000125	-0.0045	-0.0001788981167999267	0	-0.0001788981167999267
1225	-0.0015	-0.000125	-0.0015	-0.0001788960169647223	0	-0.0001788960169647223
1226	-0.0015	-0.000125	0.0015	-0.0001788960169647223	0	-0.0001788960169647223
1227	-0.0015	-0.000125	0.0045	-0.0001788981167999266	0	-0.0001788981167999266
1228	-0.0015	-0.000125	0.0075	-0.0001788959632814016	0	-0.0001788959632814016
1229	-0.0015	-0.000125	0.0105	-0.0001790784404291171	0	-0.0001790784404291171
1230	-0.0015	-0.000125	0.0135	-0.0001767433939846396	0	-0.0001767433939846396
1231	0.0015	-0.000125	-0.0135	-0.0001767433939846395	0	-0.0001767433939846395
1232	0.0015	-0.000125	-0.0105	-0.0001790784404291198	0	-0.0001790784404291198
1233	0.0015	-0.000125	-0.0075	-0.0001788959632814058	0	-0.0001788959632814058
1234	0.0015	-0.000125	-0.0045	-0.0001788981167999346	0	-0.0001788981167999346
1235	0.0015	-0.000125	-0.0015	-0.0001788960169647264	0	-0.0001788960169647264
1236	0.0015	-0.000125	0.0015	-0.0001788960169647265	0	-0.0001788960169647265
1237	0.0015	-0.000125	0.0045	-0.0001788981167999332	0	-0.0001788981167999332
1238	0.0015	-0.000125	0.0075	-0.0001788959632814049	0	-0.0001788959632814049
1239	0.0015	-0.000125	0.0105	-0.000179078440429118	0	-0.000179078440429118
1240	0.0015	-0.000125	0.0135	-0.0001767433939845842	0	-0.0001767433939845842
1241	0.0045	-0.000125	-0.0135	-0.000176742212977884	0	-0.000176742212977884
1242	0.0045	-0.000125	-0.0105	-0.0001790808256164204	0	-0.0001790808256164204
1243	0.0045	-0.000125	-0.0075	-0.0001788979861164487	0	-0.0001788979861164487
1244	0.0045	-0.000125	-0.0045	-0.0001789002001449408	0	-0.0001789002001449408
1245	0.0045	-0.000125	-0.0015	-0.000178898116799929	0	-0.000178898116799929
1246	0.0045	-0.000125	0.0015	-0.0001788981167999308	0	-0.0001788981167999308
1247	0.0045	-0.000125	0.0045	-0.0001789002001449397	0	-0.0001789002001449397
1248	0.0045	-0.000125	0.0075	-0.000178897986116449	0	-0.000178897986116449
1249	0.0045	-0.000125	0.0105	-0.0001790808256164195	0	-0.0001790808256164195
1250	0.0045	-0.000125	0.0135	-0.0001767422129777918	0	-0.0001767422129777918
1251	0.0075	-0.000125	-0.0135	-0.0001767323617574706	0	-0.0001767323617574706
1252	0.0075	-0.000125	-0.0105	-0.0001790791590765957	0	-0.0001790791590765957
1253	0.0075	-0.000125	-0.0075	-0.0001788955125932378	0	-0.0001788955125932378
1254	0.0075	-0.000125	-0.0045	-0.0001788979861164517	0	-0.0001788979861164517
1255	0.0075	-0.000125	-0.0015	-0.000178895963281404	0	-0.000178895963281404
1256	0.0075	-0.000125	0.0015	-0.0001788959632814044	0	-0.0001788959632814044
1257	0.0075	-0.000125	0.0045	-0.0001788979861164512	0	-0.0001788979861164512
1258	0.0075	-0.000125	0.0075	-0.0001788955125932387	0	-0.0001788955125932387
1259	0.0075	-0.000125	0.0105	-0.0001790791590765961	0	-0.0001790791590765961
1260	0.0075	-0.000125	0.0135	-0.0001767323617573964	0	-0.0001767323617573964
1261	0.0105	-0.000125	-0.0135	-0.000176888811992527	0	-0.000176888811992527
1262	0.0105	-0.000125	-0.0105	-0.0001792692936955814	0	-0.0001792692936955814
1263	0.0105	-0.000125	-0.0075	-0.0001790791590765942	0	-0.0001790791590765942
1264	0.0105	-0.000125	-0.0045	-0.0001790808256164201	0	-0.0001790808256164201
1265	0.0105	-0.000125	-0.0015	-0.0001790784404291144	0	-0.0001790784404291144
1266	0.0105	-0.000125	0.0015	-0.0001790784404291181	0	-0.0001790784404291181
1267	0.0105	-0.000125	0.0045	-0.0001790808256164209	0	-0.0001790808256164209
1268	0.0105	-0.000125	0.0075	-0.0001790791590765938	0	-0.0001790791590765938
1269	0.0105	-0.000125	0.0105	-0.0001792692936955892	0	-0.0001792692936955892
1270	0.0105	-0.000125	0.0135	-0.0001768888119926066	0	-0.0001768888119926066
1271	0.0135	-0.000125	-0.0135	-0.0001741502226521126	0	-0.0001741502226521126
1272	0.0135	-0.000125	-0.0105	-0.0001768888119926	0	-0.0001768888119926
1273	0.0135	-0.000125	-0.0075	-0.0001767323617573913	0	-0.0001767323617573913
1274	0.0135	-0.000125	-0.0045	-0.0001767422129777986	0	-0.0001767422129777986
1275	0.0135	-0.000125	-0.0015	-0.0001767433939845863	0	-0.0001767433939845863
1276	0.0135	-0.000125	0.0015	-0.0001767433939846406	0	-0.0001767433939846406
1277	0.0135	-0.000125	0.0045	-0.0001767422129778825	0	-0.0001767422129778825
1278	0.0135	-0.000125	0.0075	-0.0001767323617574648	0	-0.0001767323617574648
1279	0.0135	-0.000125	0.0105	-0.0001768888119925285	0	-0.0001768888119925285
1280	0.0135	-0.000125	0.0135	-0.0001741502226521131	0	-0.0001741502226521131
#NbSystemChargeZero	VSystemChargeZero
1281	1.2335e-11
